#
# There is insufficient memory for the Java Runtime Environment to continue.
# Native memory allocation (mmap) failed to map 65536 bytes for Failed to commit metaspace.
# Possible reasons:
#   The system is out of physical RAM or swap space
#   The process is running with CompressedOops enabled, and the Java Heap may be blocking the growth of the native heap
# Possible solutions:
#   Reduce memory load on the system
#   Increase physical memory or swap space
#   Check if swap backing store is full
#   Decrease Java heap size (-Xmx/-Xms)
#   Decrease number of Java threads
#   Decrease Java thread stack sizes (-Xss)
#   Set larger code cache with -XX:ReservedCodeCacheSize=
#   JVM is running with Unscaled Compressed Oops mode in which the Java heap is
#     placed in the first 4GB address space. The Java Heap base address is the
#     maximum limit for the native heap growth. Please use -XX:HeapBaseMinAddress
#     to set the Java Heap base and to place the Java Heap above 4GB virtual address.
# This output file may be truncated or incomplete.
#
#  Out of Memory Error (virtualSpaceNode.cpp:110), pid=21372, tid=22520
#
# JRE version: Java(TM) SE Runtime Environment (17.0.8+9) (build 17.0.8+9-LTS-211)
# Java VM: Java HotSpot(TM) 64-Bit Server VM (17.0.8+9-LTS-211, mixed mode, sharing, tiered, compressed oops, compressed class ptrs, g1 gc, windows-amd64)
# No core dump will be written. Minidumps are not enabled by default on client versions of Windows
#

---------------  S U M M A R Y ------------

Command Line: C:\Windows\Temp\surefire693786662806615673\surefirebooter13568478832190182998.jar C:\Windows\Temp\surefire693786662806615673 2023-12-08T18-13-23_290-jvmRun1 surefire4095392878392624085tmp surefire_014152360819011598768tmp

Host: Intel(R) Core(TM) i3-6006U CPU @ 2.00GHz, 4 cores, 3G,  Windows 10 , 64 bit Build 19041 (10.0.19041.3636)
Time: Fri Dec  8 18:14:13 2023 India Standard Time elapsed time: 45.954765 seconds (0d 0h 0m 45s)

---------------  T H R E A D  ---------------

Current thread (0x0000022485b07860):  JavaThread "Forwarding newSession on session null to remote" [_thread_in_vm, id=22520, stack(0x0000007f9ed00000,0x0000007f9ee00000)]

Stack: [0x0000007f9ed00000,0x0000007f9ee00000]
Native frames: (J=compiled Java code, j=interpreted, Vv=VM code, C=native code)
V  [jvm.dll+0x677d0a]
V  [jvm.dll+0x7d8c54]
V  [jvm.dll+0x7da3fe]
V  [jvm.dll+0x7daa63]
V  [jvm.dll+0x245c5f]
V  [jvm.dll+0x7d4d5b]
V  [jvm.dll+0x61dcf6]
V  [jvm.dll+0x1c0127]
V  [jvm.dll+0x620650]
V  [jvm.dll+0x61e6b6]
V  [jvm.dll+0x23a29f]
V  [jvm.dll+0x628445]
V  [jvm.dll+0x1e9bdd]
V  [jvm.dll+0x1ea1a5]
V  [jvm.dll+0x1eaaeb]
V  [jvm.dll+0x1e02f1]
V  [jvm.dll+0x53ddbc]
V  [jvm.dll+0x753768]
V  [jvm.dll+0x753854]
V  [jvm.dll+0x40ba4f]
V  [jvm.dll+0x411a69]
C  [java.dll+0x17ec]

Java frames: (J=compiled Java code, j=interpreted, Vv=VM code)
J 1301  java.lang.ClassLoader.defineClass1(Ljava/lang/ClassLoader;Ljava/lang/String;[BIILjava/security/ProtectionDomain;Ljava/lang/String;)Ljava/lang/Class; java.base@17.0.8 (0 bytes) @ 0x0000022494f0d963 [0x0000022494f0d8a0+0x00000000000000c3]
J 1435 c1 java.lang.ClassLoader.defineClass(Ljava/lang/String;[BIILjava/security/ProtectionDomain;)Ljava/lang/Class; java.base@17.0.8 (43 bytes) @ 0x000002248d661754 [0x000002248d661400+0x0000000000000354]
J 1485 c1 java.security.SecureClassLoader.defineClass(Ljava/lang/String;[BIILjava/security/CodeSource;)Ljava/lang/Class; java.base@17.0.8 (16 bytes) @ 0x000002248d67c98c [0x000002248d67c8c0+0x00000000000000cc]
J 1163 c1 jdk.internal.loader.BuiltinClassLoader.defineClass(Ljava/lang/String;Ljdk/internal/loader/Resource;)Ljava/lang/Class; java.base@17.0.8 (121 bytes) @ 0x000002248d5e0764 [0x000002248d5df800+0x0000000000000f64]
J 749 c1 jdk.internal.loader.BuiltinClassLoader.findClassOnClassPathOrNull(Ljava/lang/String;)Ljava/lang/Class; java.base@17.0.8 (64 bytes) @ 0x000002248d51d75c [0x000002248d51c6e0+0x000000000000107c]
J 498 c1 jdk.internal.loader.BuiltinClassLoader.loadClassOrNull(Ljava/lang/String;Z)Ljava/lang/Class; java.base@17.0.8 (143 bytes) @ 0x000002248d4895cc [0x000002248d4886c0+0x0000000000000f0c]
J 705 c1 jdk.internal.loader.ClassLoaders$AppClassLoader.loadClass(Ljava/lang/String;Z)Ljava/lang/Class; java.base@17.0.8 (40 bytes) @ 0x000002248d4fce04 [0x000002248d4fc7e0+0x0000000000000624]
J 689 c1 java.lang.ClassLoader.loadClass(Ljava/lang/String;)Ljava/lang/Class; java.base@17.0.8 (7 bytes) @ 0x000002248d4f4b4c [0x000002248d4f4a40+0x000000000000010c]
v  ~StubRoutines::call_stub
j  com.google.common.net.MediaType.<clinit>()V+17
v  ~StubRoutines::call_stub
j  org.openqa.selenium.remote.http.HttpMessage.getContentEncoding()Ljava/nio/charset/Charset;+16
j  org.openqa.selenium.remote.http.HttpResponse.getContentEncoding()Ljava/nio/charset/Charset;+1
j  org.openqa.selenium.remote.http.Contents.string(Lorg/openqa/selenium/remote/http/HttpMessage;)Ljava/lang/String;+5
j  org.openqa.selenium.remote.ProtocolHandshake.createSession(Lorg/openqa/selenium/remote/http/HttpHandler;Ljava/util/function/Supplier;J)Lorg/openqa/selenium/internal/Either;+75
j  org.openqa.selenium.remote.ProtocolHandshake.createSession(Lorg/openqa/selenium/remote/http/HttpHandler;Lorg/openqa/selenium/remote/NewSessionPayload;)Lorg/openqa/selenium/internal/Either;+78
j  org.openqa.selenium.remote.ProtocolHandshake.createSession(Lorg/openqa/selenium/remote/http/HttpHandler;Lorg/openqa/selenium/remote/Command;)Lorg/openqa/selenium/remote/ProtocolHandshake$Result;+53
j  org.openqa.selenium.remote.HttpCommandExecutor.execute(Lorg/openqa/selenium/remote/Command;)Lorg/openqa/selenium/remote/Response;+122
j  org.openqa.selenium.remote.service.DriverCommandExecutor.invokeExecute(Lorg/openqa/selenium/remote/Command;)Lorg/openqa/selenium/remote/Response;+2
j  org.openqa.selenium.remote.service.DriverCommandExecutor.execute(Lorg/openqa/selenium/remote/Command;)Lorg/openqa/selenium/remote/Response;+195
j  org.openqa.selenium.remote.RemoteWebDriver.execute(Lorg/openqa/selenium/remote/CommandPayload;)Lorg/openqa/selenium/remote/Response;+77
j  org.openqa.selenium.remote.RemoteWebDriver.startSession(Lorg/openqa/selenium/Capabilities;)V+18
j  org.openqa.selenium.remote.RemoteWebDriver.<init>(Lorg/openqa/selenium/remote/CommandExecutor;Lorg/openqa/selenium/Capabilities;)V+88
j  org.openqa.selenium.chromium.ChromiumDriver.<init>(Lorg/openqa/selenium/remote/CommandExecutor;Lorg/openqa/selenium/Capabilities;Ljava/lang/String;)V+3
j  org.openqa.selenium.chrome.ChromeDriver.<init>(Lorg/openqa/selenium/chrome/ChromeDriverService;Lorg/openqa/selenium/chrome/ChromeOptions;Lorg/openqa/selenium/remote/http/ClientConfig;)V+10
j  org.openqa.selenium.chrome.ChromeDriver.<init>(Lorg/openqa/selenium/chrome/ChromeDriverService;Lorg/openqa/selenium/chrome/ChromeOptions;)V+6
j  org.openqa.selenium.chrome.ChromeDriver.<init>(Lorg/openqa/selenium/chrome/ChromeOptions;)V+5
j  day28.LaunchBrowser.lunchBroswer(Ljava/lang/String;Ljava/lang/String;)V+37
v  ~StubRoutines::call_stub
j  jdk.internal.reflect.NativeMethodAccessorImpl.invoke0(Ljava/lang/reflect/Method;Ljava/lang/Object;[Ljava/lang/Object;)Ljava/lang/Object;+0 java.base@17.0.8
j  jdk.internal.reflect.NativeMethodAccessorImpl.invoke(Ljava/lang/Object;[Ljava/lang/Object;)Ljava/lang/Object;+133 java.base@17.0.8
j  jdk.internal.reflect.DelegatingMethodAccessorImpl.invoke(Ljava/lang/Object;[Ljava/lang/Object;)Ljava/lang/Object;+6 java.base@17.0.8
j  java.lang.reflect.Method.invoke(Ljava/lang/Object;[Ljava/lang/Object;)Ljava/lang/Object;+59 java.base@17.0.8
j  org.testng.internal.invokers.MethodInvocationHelper.invokeMethod(Ljava/lang/reflect/Method;Ljava/lang/Object;[Ljava/lang/Object;)Ljava/lang/Object;+198
j  org.testng.internal.invokers.MethodInvocationHelper.invokeMethodConsideringTimeout(Lorg/testng/ITestNGMethod;Lorg/testng/internal/ConstructorOrMethod;Ljava/lang/Object;[Ljava/lang/Object;Lorg/testng/ITestResult;)V+15
j  org.testng.internal.invokers.ConfigInvoker.invokeConfigurationMethod(Ljava/lang/Object;Lorg/testng/ITestNGMethod;[Ljava/lang/Object;Lorg/testng/ITestResult;)V+218
j  org.testng.internal.invokers.ConfigInvoker.invokeConfigurations(Lorg/testng/internal/invokers/ConfigMethodArguments;)V+532
j  org.testng.internal.invokers.TestInvoker.runConfigMethods(Lorg/testng/internal/invokers/TestMethodArguments;Lorg/testng/xml/XmlSuite;Lorg/testng/internal/TestResult;[Lorg/testng/ITestNGMethod;)V+66
j  org.testng.internal.invokers.TestInvoker.invokeMethod(Lorg/testng/internal/invokers/TestMethodArguments;Lorg/testng/xml/XmlSuite;Lorg/testng/internal/invokers/ITestInvoker$FailureContext;)Lorg/testng/ITestResult;+106
j  org.testng.internal.invokers.TestInvoker.invokeTestMethod(Lorg/testng/internal/invokers/TestMethodArguments;Lorg/testng/xml/XmlSuite;Lorg/testng/internal/invokers/ITestInvoker$FailureContext;)Lorg/testng/ITestResult;+16
j  org.testng.internal.invokers.MethodRunner.runInSequence(Lorg/testng/internal/invokers/TestMethodArguments;Lorg/testng/internal/invokers/ITestInvoker;Lorg/testng/ITestContext;Ljava/util/concurrent/atomic/AtomicInteger;Lorg/testng/internal/invokers/ITestInvoker$FailureContext;Ljava/util/Iterator;Z)Ljava/util/List;+127
j  org.testng.internal.invokers.TestInvoker$MethodInvocationAgent.invoke(I)I+384
j  org.testng.internal.invokers.TestInvoker.invokeTestMethods(Lorg/testng/ITestNGMethod;Lorg/testng/internal/ConfigurationGroupMethods;Ljava/lang/Object;Lorg/testng/ITestContext;)Ljava/util/List;+569
j  org.testng.internal.invokers.TestMethodWorker.invokeTestMethods(Lorg/testng/ITestNGMethod;Ljava/lang/Object;)V+14
j  org.testng.internal.invokers.TestMethodWorker.run()V+127
j  org.testng.TestRunner$$Lambda$197+0x00000224a3100250.accept(Ljava/lang/Object;)V+7
j  java.util.ArrayList.forEach(Ljava/util/function/Consumer;)V+46 java.base@17.0.8
j  org.testng.TestRunner.privateRun(Lorg/testng/xml/XmlTest;)V+412
j  org.testng.TestRunner.run()V+25
j  org.testng.SuiteRunner.runTest(Lorg/testng/TestRunner;)V+21
j  org.testng.SuiteRunner.runSequentially()V+31
j  org.testng.SuiteRunner.privateRun()V+340
j  org.testng.SuiteRunner.run()V+6
j  org.testng.SuiteRunnerWorker.runSuite(Lorg/testng/internal/invokers/SuiteRunnerMap;Lorg/testng/xml/XmlSuite;)V+56
j  org.testng.SuiteRunnerWorker.run()V+12
j  org.testng.TestNG.runSuitesSequentially(Lorg/testng/xml/XmlSuite;Lorg/testng/internal/invokers/SuiteRunnerMap;ILjava/lang/String;)V+66
j  org.testng.TestNG.runSuitesLocally()Ljava/util/List;+156
j  org.testng.TestNG.runSuites()Ljava/util/List;+1
j  org.testng.TestNG.run()V+25
j  org.apache.maven.surefire.testng.TestNGExecutor.run(Ljava/util/List;Ljava/lang/String;Ljava/util/Map;Lorg/apache/maven/surefire/api/report/RunListener;Ljava/io/File;I)V+59
j  org.apache.maven.surefire.testng.TestNGXmlTestSuite.execute(Lorg/apache/maven/surefire/api/report/RunListener;)V+43
j  org.apache.maven.surefire.testng.TestNGProvider.invoke(Ljava/lang/Object;)Lorg/apache/maven/surefire/api/suite/RunResult;+85
j  org.apache.maven.surefire.booter.ForkedBooter.runSuitesInProcess()V+12
j  org.apache.maven.surefire.booter.ForkedBooter.execute()V+1
j  org.apache.maven.surefire.booter.ForkedBooter.run(Lorg/apache/maven/surefire/booter/ForkedBooter;[Ljava/lang/String;)V+27
j  org.apache.maven.surefire.booter.ForkedBooter.main([Ljava/lang/String;)V+10
v  ~StubRoutines::call_stub

---------------  P R O C E S S  ---------------

Threads class SMR info:
_java_thread_list=0x00000224a1861c20, length=22, elements={
0x0000022485b07860, 0x0000022485bc3b60, 0x0000022485bc5080, 0x0000022485bd95f0,
0x0000022485bdbfc0, 0x0000022485bdc880, 0x0000022485bdd140, 0x0000022485bddde0,
0x0000022485bdf7a0, 0x0000022485be8880, 0x00000224a16e6ee0, 0x00000224a16ef820,
0x00000224e716f880, 0x00000224e77e6880, 0x00000224e7adb0d0, 0x00000224e783f6d0,
0x00000224e783fba0, 0x00000224e81c3d20, 0x00000224e81c41f0, 0x00000224e81d4d20,
0x00000224e8496700, 0x00000224e8494ef0
}

Java Threads: ( => current thread )
=>0x0000022485b07860 JavaThread "Forwarding newSession on session null to remote" [_thread_in_vm, id=22520, stack(0x0000007f9ed00000,0x0000007f9ee00000)]
  0x0000022485bc3b60 JavaThread "Reference Handler" daemon [_thread_blocked, id=8996, stack(0x0000007f9f400000,0x0000007f9f500000)]
  0x0000022485bc5080 JavaThread "Finalizer" daemon [_thread_blocked, id=21588, stack(0x0000007f9f500000,0x0000007f9f600000)]
  0x0000022485bd95f0 JavaThread "Signal Dispatcher" daemon [_thread_blocked, id=20704, stack(0x0000007f9f600000,0x0000007f9f700000)]
  0x0000022485bdbfc0 JavaThread "Attach Listener" daemon [_thread_blocked, id=13372, stack(0x0000007f9f700000,0x0000007f9f800000)]
  0x0000022485bdc880 JavaThread "Service Thread" daemon [_thread_blocked, id=21052, stack(0x0000007f9f800000,0x0000007f9f900000)]
  0x0000022485bdd140 JavaThread "Monitor Deflation Thread" daemon [_thread_blocked, id=12436, stack(0x0000007f9f900000,0x0000007f9fa00000)]
  0x0000022485bddde0 JavaThread "C2 CompilerThread0" daemon [_thread_in_native, id=22480, stack(0x0000007f9fa00000,0x0000007f9fb00000)]
  0x0000022485bdf7a0 JavaThread "C1 CompilerThread0" daemon [_thread_blocked, id=20388, stack(0x0000007f9fb00000,0x0000007f9fc00000)]
  0x0000022485be8880 JavaThread "Sweeper thread" daemon [_thread_blocked, id=21544, stack(0x0000007f9fc00000,0x0000007f9fd00000)]
  0x00000224a16e6ee0 JavaThread "Notification Thread" daemon [_thread_blocked, id=11704, stack(0x0000007f9fd00000,0x0000007f9fe00000)]
  0x00000224a16ef820 JavaThread "Common-Cleaner" daemon [_thread_blocked, id=3832, stack(0x0000007f9ff00000,0x0000007fa0000000)]
  0x00000224e716f880 JavaThread "surefire-forkedjvm-command-thread" daemon [_thread_in_native, id=20892, stack(0x0000007fa0000000,0x0000007fa0100000)]
  0x00000224e77e6880 JavaThread "ForkJoinPool.commonPool-worker-1" daemon [_thread_blocked, id=17364, stack(0x0000007fa0500000,0x0000007fa0600000)]
  0x00000224e7adb0d0 JavaThread "AsyncHttpClient-1-1" daemon [_thread_in_vm, id=13532, stack(0x0000007fa0600000,0x0000007fa0700000)]
  0x00000224e783f6d0 JavaThread "Exec Default Executor" daemon [_thread_in_native, id=20484, stack(0x0000007fa0700000,0x0000007fa0800000)]
  0x00000224e783fba0 JavaThread "Exec Stream Pumper" daemon [_thread_in_native, id=21528, stack(0x0000007fa0800000,0x0000007fa0900000)]
  0x00000224e81c3d20 JavaThread "Exec Stream Pumper" daemon [_thread_in_native, id=7988, stack(0x0000007fa0900000,0x0000007fa0a00000)]
  0x00000224e81c41f0 JavaThread "Driver Service Executor" daemon [_thread_blocked, id=14848, stack(0x0000007fa0a00000,0x0000007fa0b00000)]
  0x00000224e81d4d20 JavaThread "Driver Service Executor" daemon [_thread_blocked, id=20764, stack(0x0000007fa0b00000,0x0000007fa0c00000)]
  0x00000224e8496700 JavaThread "UrlChecker-2" daemon [_thread_blocked, id=5620, stack(0x0000007fa0c00000,0x0000007fa0d00000)]
  0x00000224e8494ef0 JavaThread "AsyncHttpClient-1-2" daemon [_thread_in_native, id=6668, stack(0x0000007fa0f00000,0x0000007fa1000000)]

Other Threads:
  0x0000022485bbcff0 VMThread "VM Thread" [stack: 0x0000007f9f300000,0x0000007f9f400000] [id=22468]
  0x00000224a16ef3e0 WatcherThread [stack: 0x0000007f9fe00000,0x0000007f9ff00000] [id=11160]
  0x0000022485b44230 GCTaskThread "GC Thread#0" [stack: 0x0000007f9ee00000,0x0000007f9ef00000] [id=6000]
  0x00000224e73d7350 GCTaskThread "GC Thread#1" [stack: 0x0000007fa0100000,0x0000007fa0200000] [id=14952]
  0x00000224e73e5370 GCTaskThread "GC Thread#2" [stack: 0x0000007fa0200000,0x0000007fa0300000] [id=13536]
  0x00000224e73e5620 GCTaskThread "GC Thread#3" [stack: 0x0000007fa0300000,0x0000007fa0400000] [id=18676]
  0x0000022485b4dcd0 ConcurrentGCThread "G1 Main Marker" [stack: 0x0000007f9ef00000,0x0000007f9f000000] [id=15824]
  0x0000022485b4e5f0 ConcurrentGCThread "G1 Conc#0" [stack: 0x0000007f9f000000,0x0000007f9f100000] [id=19220]
  0x0000022485b9b7e0 ConcurrentGCThread "G1 Refine#0" [stack: 0x0000007f9f100000,0x0000007f9f200000] [id=12976]
  0x00000224e73e4fb0 ConcurrentGCThread "G1 Refine#1" [stack: 0x0000007fa0400000,0x0000007fa0500000] [id=10052]
  0x0000022485b9c110 ConcurrentGCThread "G1 Service" [stack: 0x0000007f9f200000,0x0000007f9f300000] [id=9932]

Threads with active compile tasks:
C2 CompilerThread0    46029 2700   !   4       jdk.internal.loader.BuiltinClassLoader::loadClassOrNull (143 bytes)

VM state: not at safepoint (normal execution)

VM Mutex/Monitor currently owned by a thread:  ([mutex/lock_event])
[0x0000022485affe90] Metaspace_lock - owner thread: 0x0000022485b07860

Heap address: 0x00000000c1e00000, size: 994 MB, Compressed Oops mode: 32-bit

CDS archive(s) mapped at: [0x00000224a2000000-0x00000224a2bd0000-0x00000224a2bd0000), size 12386304, SharedBaseAddress: 0x00000224a2000000, ArchiveRelocationMode: 1.
Compressed class space mapped at: 0x00000224a3000000-0x00000224e3000000, reserved size: 1073741824
Narrow klass base: 0x00000224a2000000, Narrow klass shift: 0, Narrow klass range: 0x100000000

GC Precious Log:
 CPUs: 4 total, 4 available
 Memory: 3970M
 Large Page Support: Disabled
 NUMA Support: Disabled
 Compressed Oops: Enabled (32-bit)
 Heap Region Size: 1M
 Heap Min Capacity: 8M
 Heap Initial Capacity: 64M
 Heap Max Capacity: 994M
 Pre-touch: Disabled
 Parallel Workers: 4
 Concurrent Workers: 1
 Concurrent Refinement Workers: 4
 Periodic GC: Disabled

Heap:
 garbage-first heap   total 58368K, used 42313K [0x00000000c1e00000, 0x0000000100000000)
  region size 1024K, 24 young (24576K), 2 survivors (2048K)
 Metaspace       used 27812K, committed 28032K, reserved 1114112K
  class space    used 3430K, committed 3520K, reserved 1048576K

Heap Regions: E=young(eden), S=young(survivor), O=old, HS=humongous(starts), HC=humongous(continues), CS=collection set, F=free, OA=open archive, CA=closed archive, TAMS=top-at-mark-start (previous, next)
|   0|0x00000000c1e00000, 0x00000000c1f00000, 0x00000000c1f00000|100%|HS|  |TAMS 0x00000000c1f00000, 0x00000000c1e00000| Complete 
|   1|0x00000000c1f00000, 0x00000000c2000000, 0x00000000c2000000|100%| O|  |TAMS 0x00000000c2000000, 0x00000000c1f00000| Untracked 
|   2|0x00000000c2000000, 0x00000000c2100000, 0x00000000c2100000|100%|HS|  |TAMS 0x00000000c2100000, 0x00000000c2000000| Complete 
|   3|0x00000000c2100000, 0x00000000c2200000, 0x00000000c2200000|100%| O|  |TAMS 0x00000000c2200000, 0x00000000c2100000| Untracked 
|   4|0x00000000c2200000, 0x00000000c2300000, 0x00000000c2300000|100%| O|  |TAMS 0x00000000c2300000, 0x00000000c2200000| Untracked 
|   5|0x00000000c2300000, 0x00000000c2400000, 0x00000000c2400000|100%| O|  |TAMS 0x00000000c2400000, 0x00000000c2300000| Untracked 
|   6|0x00000000c2400000, 0x00000000c2500000, 0x00000000c2500000|100%| O|  |TAMS 0x00000000c2500000, 0x00000000c2400000| Untracked 
|   7|0x00000000c2500000, 0x00000000c2600000, 0x00000000c2600000|100%| O|  |TAMS 0x00000000c2600000, 0x00000000c2500000| Untracked 
|   8|0x00000000c2600000, 0x00000000c2700000, 0x00000000c2700000|100%| O|  |TAMS 0x00000000c2700000, 0x00000000c2600000| Untracked 
|   9|0x00000000c2700000, 0x00000000c2800000, 0x00000000c2800000|100%| O|  |TAMS 0x00000000c27ec400, 0x00000000c2700000| Untracked 
|  10|0x00000000c2800000, 0x00000000c2900000, 0x00000000c2900000|100%| O|  |TAMS 0x00000000c2800000, 0x00000000c2800000| Untracked 
|  11|0x00000000c2900000, 0x00000000c2a00000, 0x00000000c2a00000|100%| O|  |TAMS 0x00000000c2900000, 0x00000000c2900000| Untracked 
|  12|0x00000000c2a00000, 0x00000000c2b00000, 0x00000000c2b00000|100%| O|  |TAMS 0x00000000c2a00000, 0x00000000c2a00000| Untracked 
|  13|0x00000000c2b00000, 0x00000000c2b52600, 0x00000000c2c00000| 32%| O|  |TAMS 0x00000000c2b00000, 0x00000000c2b00000| Complete 
|  14|0x00000000c2c00000, 0x00000000c2d00000, 0x00000000c2d00000|100%|HS|  |TAMS 0x00000000c2c00000, 0x00000000c2c00000| Complete 
|  15|0x00000000c2d00000, 0x00000000c2e00000, 0x00000000c2e00000|100%|HC|  |TAMS 0x00000000c2d00000, 0x00000000c2d00000| Complete 
|  16|0x00000000c2e00000, 0x00000000c2f00000, 0x00000000c2f00000|100%|HC|  |TAMS 0x00000000c2e00000, 0x00000000c2e00000| Complete 
|  17|0x00000000c2f00000, 0x00000000c3000000, 0x00000000c3000000|100%|HC|  |TAMS 0x00000000c2f00000, 0x00000000c2f00000| Complete 
|  18|0x00000000c3000000, 0x00000000c3100000, 0x00000000c3100000|100%|HC|  |TAMS 0x00000000c3000000, 0x00000000c3000000| Complete 
|  19|0x00000000c3100000, 0x00000000c3100000, 0x00000000c3200000|  0%| F|  |TAMS 0x00000000c3100000, 0x00000000c3100000| Untracked 
|  20|0x00000000c3200000, 0x00000000c3200000, 0x00000000c3300000|  0%| F|  |TAMS 0x00000000c3200000, 0x00000000c3200000| Untracked 
|  21|0x00000000c3300000, 0x00000000c3300000, 0x00000000c3400000|  0%| F|  |TAMS 0x00000000c3300000, 0x00000000c3300000| Untracked 
|  22|0x00000000c3400000, 0x00000000c3400000, 0x00000000c3500000|  0%| F|  |TAMS 0x00000000c3400000, 0x00000000c3400000| Untracked 
|  23|0x00000000c3500000, 0x00000000c3500000, 0x00000000c3600000|  0%| F|  |TAMS 0x00000000c3500000, 0x00000000c3500000| Untracked 
|  24|0x00000000c3600000, 0x00000000c3600000, 0x00000000c3700000|  0%| F|  |TAMS 0x00000000c3600000, 0x00000000c3600000| Untracked 
|  25|0x00000000c3700000, 0x00000000c3700000, 0x00000000c3800000|  0%| F|  |TAMS 0x00000000c3700000, 0x00000000c3700000| Untracked 
|  26|0x00000000c3800000, 0x00000000c3800000, 0x00000000c3900000|  0%| F|  |TAMS 0x00000000c3800000, 0x00000000c3800000| Untracked 
|  27|0x00000000c3900000, 0x00000000c3900000, 0x00000000c3a00000|  0%| F|  |TAMS 0x00000000c3900000, 0x00000000c3900000| Untracked 
|  28|0x00000000c3a00000, 0x00000000c3a00000, 0x00000000c3b00000|  0%| F|  |TAMS 0x00000000c3a00000, 0x00000000c3a00000| Untracked 
|  29|0x00000000c3b00000, 0x00000000c3b00000, 0x00000000c3c00000|  0%| F|  |TAMS 0x00000000c3b00000, 0x00000000c3b00000| Untracked 
|  30|0x00000000c3c00000, 0x00000000c3c00000, 0x00000000c3d00000|  0%| F|  |TAMS 0x00000000c3c00000, 0x00000000c3c00000| Untracked 
|  31|0x00000000c3d00000, 0x00000000c3d00000, 0x00000000c3e00000|  0%| F|  |TAMS 0x00000000c3d00000, 0x00000000c3d00000| Untracked 
|  32|0x00000000c3e00000, 0x00000000c3e00000, 0x00000000c3f00000|  0%| F|  |TAMS 0x00000000c3e00000, 0x00000000c3e00000| Untracked 
|  33|0x00000000c3f00000, 0x00000000c3f80800, 0x00000000c4000000| 50%| E|  |TAMS 0x00000000c3f00000, 0x00000000c3f00000| Complete 
|  34|0x00000000c4000000, 0x00000000c4100000, 0x00000000c4100000|100%| E|CS|TAMS 0x00000000c4000000, 0x00000000c4000000| Complete 
|  35|0x00000000c4100000, 0x00000000c4200000, 0x00000000c4200000|100%| E|CS|TAMS 0x00000000c4100000, 0x00000000c4100000| Complete 
|  36|0x00000000c4200000, 0x00000000c4300000, 0x00000000c4300000|100%| E|CS|TAMS 0x00000000c4200000, 0x00000000c4200000| Complete 
|  37|0x00000000c4300000, 0x00000000c4400000, 0x00000000c4400000|100%| E|CS|TAMS 0x00000000c4300000, 0x00000000c4300000| Complete 
|  38|0x00000000c4400000, 0x00000000c4500000, 0x00000000c4500000|100%| E|CS|TAMS 0x00000000c4400000, 0x00000000c4400000| Complete 
|  39|0x00000000c4500000, 0x00000000c4600000, 0x00000000c4600000|100%| E|CS|TAMS 0x00000000c4500000, 0x00000000c4500000| Complete 
|  40|0x00000000c4600000, 0x00000000c4700000, 0x00000000c4700000|100%| E|CS|TAMS 0x00000000c4600000, 0x00000000c4600000| Complete 
|  41|0x00000000c4700000, 0x00000000c4800000, 0x00000000c4800000|100%| E|CS|TAMS 0x00000000c4700000, 0x00000000c4700000| Complete 
|  42|0x00000000c4800000, 0x00000000c4900000, 0x00000000c4900000|100%| E|CS|TAMS 0x00000000c4800000, 0x00000000c4800000| Complete 
|  43|0x00000000c4900000, 0x00000000c4a00000, 0x00000000c4a00000|100%| E|CS|TAMS 0x00000000c4900000, 0x00000000c4900000| Complete 
|  44|0x00000000c4a00000, 0x00000000c4b00000, 0x00000000c4b00000|100%| E|CS|TAMS 0x00000000c4a00000, 0x00000000c4a00000| Complete 
|  45|0x00000000c4b00000, 0x00000000c4c00000, 0x00000000c4c00000|100%| E|CS|TAMS 0x00000000c4b00000, 0x00000000c4b00000| Complete 
|  46|0x00000000c4c00000, 0x00000000c4d00000, 0x00000000c4d00000|100%| E|CS|TAMS 0x00000000c4c00000, 0x00000000c4c00000| Complete 
|  47|0x00000000c4d00000, 0x00000000c4e00000, 0x00000000c4e00000|100%| E|CS|TAMS 0x00000000c4d00000, 0x00000000c4d00000| Complete 
|  48|0x00000000c4e00000, 0x00000000c4f00000, 0x00000000c4f00000|100%| E|CS|TAMS 0x00000000c4e00000, 0x00000000c4e00000| Complete 
|  49|0x00000000c4f00000, 0x00000000c5000000, 0x00000000c5000000|100%| S|CS|TAMS 0x00000000c4f00000, 0x00000000c4f00000| Complete 
|  50|0x00000000c5000000, 0x00000000c5100000, 0x00000000c5100000|100%| S|CS|TAMS 0x00000000c5000000, 0x00000000c5000000| Complete 
|  51|0x00000000c5100000, 0x00000000c5200000, 0x00000000c5200000|100%| E|CS|TAMS 0x00000000c5100000, 0x00000000c5100000| Complete 
|  52|0x00000000c5200000, 0x00000000c5300000, 0x00000000c5300000|100%| E|CS|TAMS 0x00000000c5200000, 0x00000000c5200000| Complete 
|  53|0x00000000c5300000, 0x00000000c5400000, 0x00000000c5400000|100%| E|CS|TAMS 0x00000000c5300000, 0x00000000c5300000| Complete 
|  54|0x00000000c5400000, 0x00000000c5500000, 0x00000000c5500000|100%| E|CS|TAMS 0x00000000c5400000, 0x00000000c5400000| Complete 
|  55|0x00000000c5500000, 0x00000000c5600000, 0x00000000c5600000|100%| E|CS|TAMS 0x00000000c5500000, 0x00000000c5500000| Complete 
|  63|0x00000000c5d00000, 0x00000000c5e00000, 0x00000000c5e00000|100%| E|CS|TAMS 0x00000000c5d00000, 0x00000000c5d00000| Complete 

Card table byte_map: [0x000002249cbe0000,0x000002249cde0000] _byte_map_base: 0x000002249c5d1000

Marking Bits (Prev, Next): (CMBitMap*) 0x0000022485b44790, (CMBitMap*) 0x0000022485b44750
 Prev Bits: [0x000002249df70000, 0x000002249eef8000)
 Next Bits: [0x000002249cfe0000, 0x000002249df68000)

Polling page: 0x0000022485520000

Metaspace:

Usage:
  Non-class:     23.81 MB used.
      Class:      3.35 MB used.
       Both:     27.16 MB used.

Virtual space:
  Non-class space:       64.00 MB reserved,      23.94 MB ( 37%) committed,  1 nodes.
      Class space:        1.00 GB reserved,       3.44 MB ( <1%) committed,  1 nodes.
             Both:        1.06 GB reserved,      27.38 MB (  3%) committed. 

Chunk freelists:
   Non-Class:  7.73 MB
       Class:  12.56 MB
        Both:  20.30 MB

MaxMetaspaceSize: unlimited
CompressedClassSpaceSize: 1.00 GB
Initial GC threshold: 21.00 MB
Current GC threshold: 35.31 MB
CDS: on
MetaspaceReclaimPolicy: balanced
 - commit_granule_bytes: 65536.
 - commit_granule_words: 8192.
 - virtual_space_node_default_size: 8388608.
 - enlarge_chunks_in_place: 1.
 - new_chunks_are_fully_committed: 0.
 - uncommit_free_chunks: 1.
 - use_allocation_guard: 0.
 - handle_deallocations: 1.


Internal statistics:

num_allocs_failed_limit: 3.
num_arena_births: 318.
num_arena_deaths: 0.
num_vsnodes_births: 2.
num_vsnodes_deaths: 0.
num_space_committed: 438.
num_space_uncommitted: 0.
num_chunks_returned_to_freelist: 3.
num_chunks_taken_from_freelist: 1059.
num_chunk_merges: 0.
num_chunk_splits: 751.
num_chunks_enlarged: 589.
num_purges: 0.
num_inconsistent_stats: 0.

CodeHeap 'non-profiled nmethods': size=120000Kb used=1268Kb max_used=1268Kb free=118731Kb
 bounds [0x0000022494e90000, 0x0000022495100000, 0x000002249c3c0000]
CodeHeap 'profiled nmethods': size=120000Kb used=5495Kb max_used=5495Kb free=114504Kb
 bounds [0x000002248d3c0000, 0x000002248d920000, 0x00000224948f0000]
CodeHeap 'non-nmethods': size=5760Kb used=1292Kb max_used=1320Kb free=4467Kb
 bounds [0x00000224948f0000, 0x0000022494b60000, 0x0000022494e90000]
 total_blobs=3316 nmethods=2702 adapters=526
 compilation: enabled
              stopped_count=0, restarted_count=0
 full_count=0

Compilation events (20 events):
Event: 38.900 Thread 0x0000022485bdf7a0 nmethod 2693 0x0000022494fcb190 code [0x0000022494fcb320, 0x0000022494fcb3f8]
Event: 38.900 Thread 0x0000022485bdf7a0 2694       1       org.apache.maven.surefire.api.util.internal.ImmutableMap$Node::getValue (5 bytes)
Event: 38.900 Thread 0x0000022485bdf7a0 nmethod 2694 0x0000022494fcb490 code [0x0000022494fcb620, 0x0000022494fcb6f8]
Event: 41.883 Thread 0x0000022485bdf7a0 2695       3       io.netty.util.internal.shaded.org.jctools.queues.BaseMpscLinkedArrayQueue::poll (108 bytes)
Event: 41.884 Thread 0x0000022485bdf7a0 nmethod 2695 0x000002248d91a590 code [0x000002248d91a7c0, 0x000002248d91b008]
Event: 43.150 Thread 0x0000022485bdf7a0 2696       3       java.util.concurrent.atomic.AtomicIntegerFieldUpdater$AtomicIntegerFieldUpdaterImpl::accessCheck (17 bytes)
Event: 43.151 Thread 0x0000022485bdf7a0 nmethod 2696 0x000002248d91b390 code [0x000002248d91b540, 0x000002248d91b708]
Event: 45.393 Thread 0x0000022485bdf7a0 2697       3       io.netty.util.internal.PlatformDependent::isWindows (4 bytes)
Event: 45.394 Thread 0x0000022485bdf7a0 nmethod 2697 0x000002248d91b810 code [0x000002248d91b9a0, 0x000002248d91ba98]
Event: 45.621 Thread 0x0000022485bdf7a0 2698       3       java.lang.Character::getType (9 bytes)
Event: 45.621 Thread 0x0000022485bdf7a0 nmethod 2698 0x000002248d91bb10 code [0x000002248d91bcc0, 0x000002248d91beb8]
Event: 45.816 Thread 0x0000022485bddde0 2699       4       jdk.internal.loader.BuiltinClassLoader::findLoadedModule (33 bytes)
Event: 45.822 Thread 0x0000022485bdf7a0 2701       3       io.netty.util.internal.MathUtil::isOutOfBounds (24 bytes)
Event: 45.822 Thread 0x0000022485bdf7a0 nmethod 2701 0x000002248d91bf90 code [0x000002248d91c120, 0x000002248d91c278]
Event: 45.834 Thread 0x0000022485bdf7a0 2702       3       io.netty.util.AsciiString::<init> (131 bytes)
Event: 45.836 Thread 0x0000022485bdf7a0 nmethod 2702 0x000002248d91c310 code [0x000002248d91c620, 0x000002248d91d6b8]
Event: 45.871 Thread 0x0000022485bddde0 nmethod 2699 0x0000022494fcb790 code [0x0000022494fcb960, 0x0000022494fcc6d8]
Event: 45.871 Thread 0x0000022485bddde0 2700   !   4       jdk.internal.loader.BuiltinClassLoader::loadClassOrNull (143 bytes)
Event: 45.880 Thread 0x0000022485bdf7a0 2703       1       io.netty.channel.DefaultChannelPipeline::channel (5 bytes)
Event: 45.880 Thread 0x0000022485bdf7a0 nmethod 2703 0x0000022494fcce10 code [0x0000022494fccfa0, 0x0000022494fcd078]

GC Heap History (10 events):
Event: 2.128 GC heap before
{Heap before GC invocations=0 (full 0):
 garbage-first heap   total 65536K, used 16384K [0x00000000c1e00000, 0x0000000100000000)
  region size 1024K, 13 young (13312K), 0 survivors (0K)
 Metaspace       used 1721K, committed 1856K, reserved 1114112K
  class space    used 156K, committed 192K, reserved 1048576K
}
Event: 2.163 GC heap after
{Heap after GC invocations=1 (full 0):
 garbage-first heap   total 65536K, used 9264K [0x00000000c1e00000, 0x0000000100000000)
  region size 1024K, 2 young (2048K), 2 survivors (2048K)
 Metaspace       used 1721K, committed 1856K, reserved 1114112K
  class space    used 156K, committed 192K, reserved 1048576K
}
Event: 3.442 GC heap before
{Heap before GC invocations=1 (full 0):
 garbage-first heap   total 65536K, used 15408K [0x00000000c1e00000, 0x0000000100000000)
  region size 1024K, 8 young (8192K), 2 survivors (2048K)
 Metaspace       used 4845K, committed 5056K, reserved 1114112K
  class space    used 511K, committed 640K, reserved 1048576K
}
Event: 3.448 GC heap after
{Heap after GC invocations=2 (full 0):
 garbage-first heap   total 65536K, used 10173K [0x00000000c1e00000, 0x0000000100000000)
  region size 1024K, 1 young (1024K), 1 survivors (1024K)
 Metaspace       used 4845K, committed 5056K, reserved 1114112K
  class space    used 511K, committed 640K, reserved 1048576K
}
Event: 5.636 GC heap before
{Heap before GC invocations=2 (full 0):
 garbage-first heap   total 65536K, used 27581K [0x00000000c1e00000, 0x0000000100000000)
  region size 1024K, 18 young (18432K), 1 survivors (1024K)
 Metaspace       used 9571K, committed 9856K, reserved 1114112K
  class space    used 1082K, committed 1216K, reserved 1048576K
}
Event: 5.645 GC heap after
{Heap after GC invocations=3 (full 0):
 garbage-first heap   total 65536K, used 11341K [0x00000000c1e00000, 0x0000000100000000)
  region size 1024K, 3 young (3072K), 3 survivors (3072K)
 Metaspace       used 9571K, committed 9856K, reserved 1114112K
  class space    used 1082K, committed 1216K, reserved 1048576K
}
Event: 23.427 GC heap before
{Heap before GC invocations=3 (full 0):
 garbage-first heap   total 65536K, used 40013K [0x00000000c1e00000, 0x0000000100000000)
  region size 1024K, 31 young (31744K), 3 survivors (3072K)
 Metaspace       used 16952K, committed 17216K, reserved 1114112K
  class space    used 2087K, committed 2176K, reserved 1048576K
}
Event: 23.446 GC heap after
{Heap after GC invocations=4 (full 0):
 garbage-first heap   total 65536K, used 13739K [0x00000000c1e00000, 0x0000000100000000)
  region size 1024K, 4 young (4096K), 4 survivors (4096K)
 Metaspace       used 16952K, committed 17216K, reserved 1114112K
  class space    used 2087K, committed 2176K, reserved 1048576K
}
Event: 24.900 GC heap before
{Heap before GC invocations=4 (full 0):
 garbage-first heap   total 65536K, used 26027K [0x00000000c1e00000, 0x0000000100000000)
  region size 1024K, 17 young (17408K), 4 survivors (4096K)
 Metaspace       used 21209K, committed 21504K, reserved 1114112K
  class space    used 2560K, committed 2752K, reserved 1048576K
}
Event: 24.918 GC heap after
{Heap after GC invocations=5 (full 0):
 garbage-first heap   total 65536K, used 15689K [0x00000000c1e00000, 0x0000000100000000)
  region size 1024K, 2 young (2048K), 2 survivors (2048K)
 Metaspace       used 21209K, committed 21504K, reserved 1114112K
  class space    used 2560K, committed 2752K, reserved 1048576K
}

Deoptimization events (20 events):
Event: 25.200 Thread 0x0000022485b07860 Uncommon trap: trap_request=0xffffffde fr.pc=0x0000022494fb3a48 relative=0x0000000000000128
Event: 25.200 Thread 0x0000022485b07860 Uncommon trap: reason=class_check action=maybe_recompile pc=0x0000022494fb3a48 method=jdk.internal.misc.Unsafe.allocateUninitializedArray(Ljava/lang/Class;I)Ljava/lang/Object; @ 51 c2
Event: 25.201 Thread 0x0000022485b07860 DEOPT PACKING pc=0x0000022494fb3a48 sp=0x0000007f9edfb4b0
Event: 25.201 Thread 0x0000022485b07860 DEOPT UNPACKING pc=0x00000224949423a3 sp=0x0000007f9edfb438 mode 2
Event: 25.201 Thread 0x0000022485b07860 Uncommon trap: trap_request=0xffffffde fr.pc=0x0000022494fb3a48 relative=0x0000000000000128
Event: 25.201 Thread 0x0000022485b07860 Uncommon trap: reason=class_check action=maybe_recompile pc=0x0000022494fb3a48 method=jdk.internal.misc.Unsafe.allocateUninitializedArray(Ljava/lang/Class;I)Ljava/lang/Object; @ 51 c2
Event: 25.201 Thread 0x0000022485b07860 DEOPT PACKING pc=0x0000022494fb3a48 sp=0x0000007f9edfb0b0
Event: 25.201 Thread 0x0000022485b07860 DEOPT UNPACKING pc=0x00000224949423a3 sp=0x0000007f9edfb038 mode 2
Event: 25.202 Thread 0x0000022485b07860 Uncommon trap: trap_request=0xffffffde fr.pc=0x0000022494fb3a48 relative=0x0000000000000128
Event: 25.202 Thread 0x0000022485b07860 Uncommon trap: reason=class_check action=maybe_recompile pc=0x0000022494fb3a48 method=jdk.internal.misc.Unsafe.allocateUninitializedArray(Ljava/lang/Class;I)Ljava/lang/Object; @ 51 c2
Event: 25.202 Thread 0x0000022485b07860 DEOPT PACKING pc=0x0000022494fb3a48 sp=0x0000007f9edfb4b0
Event: 25.202 Thread 0x0000022485b07860 DEOPT UNPACKING pc=0x00000224949423a3 sp=0x0000007f9edfb438 mode 2
Event: 25.202 Thread 0x0000022485b07860 Uncommon trap: trap_request=0xffffffde fr.pc=0x0000022494fb3a48 relative=0x0000000000000128
Event: 25.202 Thread 0x0000022485b07860 Uncommon trap: reason=class_check action=maybe_recompile pc=0x0000022494fb3a48 method=jdk.internal.misc.Unsafe.allocateUninitializedArray(Ljava/lang/Class;I)Ljava/lang/Object; @ 51 c2
Event: 25.202 Thread 0x0000022485b07860 DEOPT PACKING pc=0x0000022494fb3a48 sp=0x0000007f9edfb0b0
Event: 25.202 Thread 0x0000022485b07860 DEOPT UNPACKING pc=0x00000224949423a3 sp=0x0000007f9edfb038 mode 2
Event: 26.364 Thread 0x00000224e8494ef0 Uncommon trap: trap_request=0xffffff45 fr.pc=0x0000022494f06dd4 relative=0x0000000000000054
Event: 26.364 Thread 0x00000224e8494ef0 Uncommon trap: reason=unstable_if action=reinterpret pc=0x0000022494f06dd4 method=java.lang.CharacterData.of(I)Ljava/lang/CharacterData; @ 15 c2
Event: 26.364 Thread 0x00000224e8494ef0 DEOPT PACKING pc=0x0000022494f06dd4 sp=0x0000007fa0ffdce0
Event: 26.364 Thread 0x00000224e8494ef0 DEOPT UNPACKING pc=0x00000224949423a3 sp=0x0000007fa0ffdc68 mode 2

Classes unloaded (0 events):
No events

Classes redefined (0 events):
No events

Internal exceptions (20 events):
Event: 23.590 Thread 0x0000022485b07860 Exception <a 'java/lang/NoClassDefFoundError'{0x00000000c5b47770}: org/apache/logging/log4j/spi/ExtendedLoggerWrapper> (0x00000000c5b47770) 
thrown [s\open\src\hotspot\share\classfile\systemDictionary.cpp, line 245]
Event: 23.594 Thread 0x0000022485b07860 Exception <a 'java/lang/NoClassDefFoundError'{0x00000000c5b56350}: org/apache/log4j/Priority> (0x00000000c5b56350) 
thrown [s\open\src\hotspot\share\classfile\systemDictionary.cpp, line 245]
Event: 24.219 Thread 0x0000022485b07860 Exception <a 'sun/nio/fs/WindowsException'{0x00000000c56e58d8}> (0x00000000c56e58d8) 
thrown [s\open\src\hotspot\share\prims\jni.cpp, line 516]
Event: 24.270 Thread 0x0000022485b07860 Exception <a 'java/lang/NoSuchMethodError'{0x00000000c55070a8}: 'int java.lang.invoke.DirectMethodHandle$Holder.invokeStaticInit(java.lang.Object, java.lang.Object, java.lang.Object, java.lang.Object)'> (0x00000000c55070a8) 
thrown [s\open\src\hotspot\share\interpreter\linkResolver.cpp, line 759]
Event: 25.454 Thread 0x0000022485b07860 Exception <a 'java/lang/NoSuchMethodError'{0x00000000c4ecfb88}: 'java.lang.Object java.lang.invoke.DirectMethodHandle$Holder.invokeInterface(java.lang.Object, java.lang.Object, java.lang.Object)'> (0x00000000c4ecfb88) 
thrown [s\open\src\hotspot\share\interpreter\linkResolver.cpp, line 759]
Event: 25.454 Thread 0x0000022485b07860 Exception <a 'java/lang/IncompatibleClassChangeError'{0x00000000c4ed34f8}: Found class java.lang.Object, but interface was expected> (0x00000000c4ed34f8) 
thrown [s\open\src\hotspot\share\interpreter\linkResolver.cpp, line 826]
Event: 25.457 Thread 0x0000022485b07860 Exception <a 'java/lang/NoSuchMethodError'{0x00000000c4ed9ef8}: 'int java.lang.invoke.DirectMethodHandle$Holder.invokeSpecialIFC(java.lang.Object, java.lang.Object, java.lang.Object, java.lang.Object)'> (0x00000000c4ed9ef8) 
thrown [s\open\src\hotspot\share\interpreter\linkResolver.cpp, line 759]
Event: 25.594 Thread 0x00000224e8496700 Exception <a 'java/net/ConnectException'{0x00000000c4c08648}: Connection refused: no further information> (0x00000000c4c08648) 
thrown [s\open\src\hotspot\share\prims\jni.cpp, line 535]
Event: 25.595 Thread 0x00000224e8496700 Exception <a 'java/net/SocketException'{0x00000000c4c08980}: Socket is not connected: shutdown> (0x00000000c4c08980) 
thrown [s\open\src\hotspot\share\prims\jni.cpp, line 535]
Event: 25.607 Thread 0x00000224e8496700 Exception <a 'java/net/ConnectException'{0x00000000c4c099e8}: Connection refused: no further information> (0x00000000c4c099e8) 
thrown [s\open\src\hotspot\share\prims\jni.cpp, line 535]
Event: 25.607 Thread 0x00000224e8496700 Exception <a 'java/net/SocketException'{0x00000000c4c09d20}: Socket is not connected: shutdown> (0x00000000c4c09d20) 
thrown [s\open\src\hotspot\share\prims\jni.cpp, line 535]
Event: 25.640 Thread 0x00000224e8496700 Exception <a 'java/net/ConnectException'{0x00000000c4c0acb8}: Connection refused: no further information> (0x00000000c4c0acb8) 
thrown [s\open\src\hotspot\share\prims\jni.cpp, line 535]
Event: 25.641 Thread 0x00000224e8496700 Exception <a 'java/net/SocketException'{0x00000000c4c0aff0}: Socket is not connected: shutdown> (0x00000000c4c0aff0) 
thrown [s\open\src\hotspot\share\prims\jni.cpp, line 535]
Event: 25.686 Thread 0x00000224e8496700 Exception <a 'java/net/ConnectException'{0x00000000c4c0bf88}: Connection refused: no further information> (0x00000000c4c0bf88) 
thrown [s\open\src\hotspot\share\prims\jni.cpp, line 535]
Event: 25.687 Thread 0x00000224e8496700 Exception <a 'java/net/SocketException'{0x00000000c4c0c2c0}: Socket is not connected: shutdown> (0x00000000c4c0c2c0) 
thrown [s\open\src\hotspot\share\prims\jni.cpp, line 535]
Event: 25.879 Thread 0x0000022485b07860 Exception <a 'java/lang/NoSuchMethodError'{0x00000000c4ce6750}: 'java.lang.Object java.lang.invoke.DirectMethodHandle$Holder.newInvokeSpecial(java.lang.Object, java.lang.Object, int, int)'> (0x00000000c4ce6750) 
thrown [s\open\src\hotspot\share\interpreter\linkResolver.cpp, line 759]
Event: 25.881 Thread 0x0000022485b07860 Exception <a 'java/lang/NoSuchMethodError'{0x00000000c4cf1498}: 'void java.lang.invoke.DirectMethodHandle$Holder.invokeStatic(java.lang.Object, java.lang.Object, int)'> (0x00000000c4cf1498) 
thrown [s\open\src\hotspot\share\interpreter\linkResolver.cpp, line 759]
Event: 25.985 Thread 0x0000022485b07860 Exception <a 'java/lang/NoSuchMethodError'{0x00000000c4ae70f0}: 'int java.lang.invoke.DirectMethodHandle$Holder.invokeSpecialIFC(java.lang.Object, java.lang.Object, java.lang.Object)'> (0x00000000c4ae70f0) 
thrown [s\open\src\hotspot\share\interpreter\linkResolver.cpp, line 759]
Event: 26.072 Thread 0x0000022485b07860 Exception <a 'java/lang/NoSuchMethodError'{0x00000000c489bf90}: 'java.lang.Object java.lang.invoke.DirectMethodHandle$Holder.invokeVirtual(java.lang.Object, java.lang.Object, java.lang.Object, java.lang.Object)'> (0x00000000c489bf90) 
thrown [s\open\src\hotspot\share\interpreter\linkResolver.cpp, line 759]
Event: 26.137 Thread 0x0000022485b07860 Exception <a 'java/lang/NoSuchMethodError'{0x00000000c47c1758}: 'void java.lang.invoke.DirectMethodHandle$Holder.invokeSpecial(java.lang.Object, java.lang.Object, java.lang.Object, java.lang.Object, java.lang.Object, java.lang.Object)'> (0x00000000c47c1758) 
thrown [s\open\src\hotspot\share\interpreter\linkResolver.cpp, line 759]

VM Operations (20 events):
Event: 24.103 Executing VM operation: HandshakeAllThreads
Event: 24.103 Executing VM operation: HandshakeAllThreads done
Event: 24.177 Executing VM operation: HandshakeAllThreads
Event: 24.177 Executing VM operation: HandshakeAllThreads done
Event: 24.900 Executing VM operation: CollectForMetadataAllocation
Event: 24.918 Executing VM operation: CollectForMetadataAllocation done
Event: 24.944 Executing VM operation: G1Concurrent
Event: 24.950 Executing VM operation: G1Concurrent done
Event: 24.963 Executing VM operation: G1Concurrent
Event: 24.963 Executing VM operation: G1Concurrent done
Event: 25.159 Executing VM operation: HandshakeAllThreads
Event: 25.159 Executing VM operation: HandshakeAllThreads done
Event: 25.790 Executing VM operation: HandshakeAllThreads
Event: 25.790 Executing VM operation: HandshakeAllThreads done
Event: 25.791 Executing VM operation: HandshakeAllThreads
Event: 25.792 Executing VM operation: HandshakeAllThreads done
Event: 25.795 Executing VM operation: HandshakeAllThreads
Event: 25.809 Executing VM operation: HandshakeAllThreads done
Event: 26.810 Executing VM operation: Cleanup
Event: 26.810 Executing VM operation: Cleanup done

Events (20 events):
Event: 26.340 loading class sun/nio/ch/SelectionKeyImpl done
Event: 26.340 loading class java/lang/invoke/ConstantBootstraps
Event: 26.340 loading class java/lang/invoke/ConstantBootstraps done
Event: 26.364 loading class java/lang/CharacterDataUndefined
Event: 26.365 loading class java/lang/CharacterDataUndefined done
Event: 26.430 loading class java/nio/channels/UnsupportedAddressTypeException
Event: 26.430 loading class java/nio/channels/UnsupportedAddressTypeException done
Event: 26.441 loading class java/nio/channels/spi/AbstractSelector$1
Event: 26.441 loading class java/nio/channels/spi/AbstractSelector$1 done
Event: 26.492 loading class java/nio/charset/IllegalCharsetNameException
Event: 26.492 loading class java/nio/charset/IllegalCharsetNameException done
Event: 26.508 loading class sun/nio/ch/IOVecWrapper
Event: 26.508 loading class sun/nio/ch/IOVecWrapper done
Event: 26.508 loading class sun/nio/ch/AllocatedNativeObject
Event: 26.509 loading class sun/nio/ch/NativeObject
Event: 26.509 loading class sun/nio/ch/NativeObject done
Event: 26.509 loading class sun/nio/ch/AllocatedNativeObject done
Event: 26.509 loading class sun/nio/ch/IOVecWrapper$Deallocator
Event: 26.509 loading class sun/nio/ch/IOVecWrapper$Deallocator done
Event: 30.844 Thread 0x00000224e84970a0 Thread exited: 0x00000224e84970a0


Dynamic libraries:
0x00007ff7a3d60000 - 0x00007ff7a3d70000 	C:\Program Files\Java\jdk-17\bin\java.exe
0x00007ff991010000 - 0x00007ff991208000 	C:\WINDOWS\SYSTEM32\ntdll.dll
0x00007ff98f900000 - 0x00007ff98f9bd000 	C:\WINDOWS\System32\KERNEL32.DLL
0x00007ff98e6f0000 - 0x00007ff98e9e6000 	C:\WINDOWS\System32\KERNELBASE.dll
0x00007ff98ec80000 - 0x00007ff98ed80000 	C:\WINDOWS\System32\ucrtbase.dll
0x00007ff970d80000 - 0x00007ff970d99000 	C:\Program Files\Java\jdk-17\bin\jli.dll
0x00007ff98ff30000 - 0x00007ff98ffdf000 	C:\WINDOWS\System32\ADVAPI32.dll
0x00007ff98f9c0000 - 0x00007ff98fa5e000 	C:\WINDOWS\System32\msvcrt.dll
0x00007ff990f20000 - 0x00007ff990fbc000 	C:\WINDOWS\System32\sechost.dll
0x00007ff990b10000 - 0x00007ff990c36000 	C:\WINDOWS\System32\RPCRT4.dll
0x00007ff990750000 - 0x00007ff9908ee000 	C:\WINDOWS\System32\USER32.dll
0x00007ff98ebe0000 - 0x00007ff98ec02000 	C:\WINDOWS\System32\win32u.dll
0x00007ff990c40000 - 0x00007ff990c6c000 	C:\WINDOWS\System32\GDI32.dll
0x00007ff98ea20000 - 0x00007ff98eb3a000 	C:\WINDOWS\System32\gdi32full.dll
0x00007ff970d60000 - 0x00007ff970d7b000 	C:\Program Files\Java\jdk-17\bin\VCRUNTIME140.dll
0x00007ff98eb40000 - 0x00007ff98ebdd000 	C:\WINDOWS\System32\msvcp_win.dll
0x00007ff9772a0000 - 0x00007ff97753a000 	C:\WINDOWS\WinSxS\amd64_microsoft.windows.common-controls_6595b64144ccf1df_6.0.19041.3636_none_60b6a03d71f818d5\COMCTL32.dll
0x00007ff987430000 - 0x00007ff98743a000 	C:\WINDOWS\SYSTEM32\VERSION.dll
0x00007ff9713c0000 - 0x00007ff9713cc000 	C:\Program Files\Java\jdk-17\bin\vcruntime140_1.dll
0x00007ff970c90000 - 0x00007ff970d1e000 	C:\Program Files\Java\jdk-17\bin\msvcp140.dll
0x00007ff9700b0000 - 0x00007ff970c8e000 	C:\Program Files\Java\jdk-17\bin\server\jvm.dll
0x00007ff990b00000 - 0x00007ff990b08000 	C:\WINDOWS\System32\PSAPI.DLL
0x00007ff9700a0000 - 0x00007ff9700a9000 	C:\WINDOWS\SYSTEM32\WSOCK32.dll
0x00007ff98f070000 - 0x00007ff98f0db000 	C:\WINDOWS\System32\WS2_32.dll
0x00007ff970070000 - 0x00007ff970097000 	C:\WINDOWS\SYSTEM32\WINMM.dll
0x00007ff98c5b0000 - 0x00007ff98c5c2000 	C:\WINDOWS\SYSTEM32\kernel.appcore.dll
0x00007ff970050000 - 0x00007ff97005a000 	C:\Program Files\Java\jdk-17\bin\jimage.dll
0x00007ff97b070000 - 0x00007ff97b254000 	C:\WINDOWS\SYSTEM32\DBGHELP.DLL
0x00007ff97ae40000 - 0x00007ff97ae74000 	C:\WINDOWS\SYSTEM32\dbgcore.DLL
0x00007ff98ee80000 - 0x00007ff98ef02000 	C:\WINDOWS\System32\bcryptPrimitives.dll
0x00007ff970020000 - 0x00007ff970045000 	C:\Program Files\Java\jdk-17\bin\java.dll
0x00007ff96fc10000 - 0x00007ff96fce7000 	C:\Program Files\Java\jdk-17\bin\jsvml.dll
0x00007ff98f0e0000 - 0x00007ff98f824000 	C:\WINDOWS\System32\SHELL32.dll
0x00007ff98c7b0000 - 0x00007ff98cf4b000 	C:\WINDOWS\SYSTEM32\windows.storage.dll
0x00007ff9900f0000 - 0x00007ff990444000 	C:\WINDOWS\System32\combase.dll
0x00007ff98e060000 - 0x00007ff98e08d000 	C:\WINDOWS\SYSTEM32\Wldp.dll
0x00007ff990020000 - 0x00007ff9900cd000 	C:\WINDOWS\System32\SHCORE.dll
0x00007ff98fa60000 - 0x00007ff98fab5000 	C:\WINDOWS\System32\shlwapi.dll
0x00007ff98e620000 - 0x00007ff98e645000 	C:\WINDOWS\SYSTEM32\profapi.dll
0x00007ff96f320000 - 0x00007ff96f339000 	C:\Program Files\Java\jdk-17\bin\net.dll
0x00007ff97e880000 - 0x00007ff97e98a000 	C:\WINDOWS\SYSTEM32\WINHTTP.dll
0x00007ff98ddc0000 - 0x00007ff98de2a000 	C:\WINDOWS\system32\mswsock.dll
0x00007ff96ee60000 - 0x00007ff96ee76000 	C:\Program Files\Java\jdk-17\bin\nio.dll
0x00007ff96ee20000 - 0x00007ff96ee38000 	C:\Program Files\Java\jdk-17\bin\zip.dll
0x00007ff96e130000 - 0x00007ff96e13a000 	C:\Program Files\Java\jdk-17\bin\management.dll
0x00007ff96b030000 - 0x00007ff96b03b000 	C:\Program Files\Java\jdk-17\bin\management_ext.dll
0x00007ff98dfb0000 - 0x00007ff98dfc8000 	C:\WINDOWS\SYSTEM32\CRYPTSP.dll
0x00007ff98d6f0000 - 0x00007ff98d724000 	C:\WINDOWS\system32\rsaenh.dll
0x00007ff98e9f0000 - 0x00007ff98ea17000 	C:\WINDOWS\System32\bcrypt.dll
0x00007ff98dfd0000 - 0x00007ff98dfdc000 	C:\WINDOWS\SYSTEM32\CRYPTBASE.dll
0x00007ff98dab0000 - 0x00007ff98daeb000 	C:\WINDOWS\SYSTEM32\IPHLPAPI.DLL
0x00007ff990fc0000 - 0x00007ff990fc8000 	C:\WINDOWS\System32\NSI.dll
0x00007ff97efb0000 - 0x00007ff97efc7000 	C:\WINDOWS\SYSTEM32\dhcpcsvc6.DLL
0x00007ff980850000 - 0x00007ff98086d000 	C:\WINDOWS\SYSTEM32\dhcpcsvc.DLL
0x00007ff98daf0000 - 0x00007ff98dbba000 	C:\WINDOWS\SYSTEM32\DNSAPI.dll
0x00007ff97c930000 - 0x00007ff97c940000 	C:\Program Files\Java\jdk-17\bin\verify.dll
0x00007ff97d840000 - 0x00007ff97d84a000 	C:\Windows\System32\rasadhlp.dll
0x00007ff97d860000 - 0x00007ff97d8e0000 	C:\WINDOWS\System32\fwpuclnt.dll
0x00007ff98c030000 - 0x00007ff98c0c0000 	C:\WINDOWS\system32\apphelp.dll
0x00007ff97c900000 - 0x00007ff97c90e000 	C:\Program Files\Java\jdk-17\bin\sunmscapi.dll
0x00007ff98ef10000 - 0x00007ff98f06d000 	C:\WINDOWS\System32\CRYPT32.dll
0x00007ff98e0d0000 - 0x00007ff98e0f7000 	C:\WINDOWS\SYSTEM32\ncrypt.dll
0x00007ff98e090000 - 0x00007ff98e0cb000 	C:\WINDOWS\SYSTEM32\NTASN1.dll
0x00007ff96e140000 - 0x00007ff96e147000 	C:\WINDOWS\system32\wshunix.dll

dbghelp: loaded successfully - version: 4.0.5 - missing functions: none
symbol engine: initialized successfully - sym options: 0x614 - pdb path: .;C:\Program Files\Java\jdk-17\bin;C:\WINDOWS\SYSTEM32;C:\WINDOWS\WinSxS\amd64_microsoft.windows.common-controls_6595b64144ccf1df_6.0.19041.3636_none_60b6a03d71f818d5;C:\Program Files\Java\jdk-17\bin\server

VM Arguments:
java_command: C:\Windows\Temp\surefire693786662806615673\surefirebooter13568478832190182998.jar C:\Windows\Temp\surefire693786662806615673 2023-12-08T18-13-23_290-jvmRun1 surefire4095392878392624085tmp surefire_014152360819011598768tmp
java_class_path (initial): C:\Windows\Temp\surefire693786662806615673\surefirebooter13568478832190182998.jar
Launcher Type: SUN_STANDARD

[Global flags]
     intx CICompilerCount                          = 3                                         {product} {ergonomic}
     uint ConcGCThreads                            = 1                                         {product} {ergonomic}
     uint G1ConcRefinementThreads                  = 4                                         {product} {ergonomic}
   size_t G1HeapRegionSize                         = 1048576                                   {product} {ergonomic}
    uintx GCDrainStackTargetSize                   = 64                                        {product} {ergonomic}
   size_t InitialHeapSize                          = 67108864                                  {product} {ergonomic}
   size_t MarkStackSize                            = 4194304                                   {product} {ergonomic}
   size_t MaxHeapSize                              = 1042284544                                {product} {ergonomic}
   size_t MaxNewSize                               = 624951296                                 {product} {ergonomic}
   size_t MinHeapDeltaBytes                        = 1048576                                   {product} {ergonomic}
   size_t MinHeapSize                              = 8388608                                   {product} {ergonomic}
    uintx NonNMethodCodeHeapSize                   = 5832780                                {pd product} {ergonomic}
    uintx NonProfiledCodeHeapSize                  = 122912730                              {pd product} {ergonomic}
    uintx ProfiledCodeHeapSize                     = 122912730                              {pd product} {ergonomic}
    uintx ReservedCodeCacheSize                    = 251658240                              {pd product} {ergonomic}
     bool SegmentedCodeCache                       = true                                      {product} {ergonomic}
   size_t SoftMaxHeapSize                          = 1042284544                             {manageable} {ergonomic}
     bool UseCompressedClassPointers               = true                           {product lp64_product} {ergonomic}
     bool UseCompressedOops                        = true                           {product lp64_product} {ergonomic}
     bool UseG1GC                                  = true                                      {product} {ergonomic}
     bool UseLargePagesIndividualAllocation        = false                                  {pd product} {ergonomic}

Logging:
Log output configuration:
 #0: stdout all=warning uptime,level,tags
 #1: stderr all=off uptime,level,tags

Environment Variables:
JAVA_HOME=C:\Program Files\Java\jdk-17
PATH=C:\Maven\apache-maven-3.9.2/bin;C:\Program Files\Java\jdk-17/bin;C:\Program Files\Java\jdk-17/bin;C:\Program Files\Common Files\Oracle\Java\javapath;C:\Program Files (x86)\Common Files\Oracle\Java\javapath;C:\WINDOWS\system32;C:\WINDOWS;C:\WINDOWS\System32\Wbem;C:\WINDOWS\System32\WindowsPowerShell\v1.0\;C:\WINDOWS\System32\OpenSSH\;C:\Program Files\Git\cmd;C:\Maven\apache-maven-3.9.2\bin;C:\Program Files\Java\jdk-17\bin;C:\WINDOWS\system32\config\systemprofile\AppData\Local\Microsoft\WindowsApps
USERNAME=DESKTOP-RFGG51U$
OS=Windows_NT
PROCESSOR_IDENTIFIER=Intel64 Family 6 Model 78 Stepping 3, GenuineIntel



---------------  S Y S T E M  ---------------

OS:
 Windows 10 , 64 bit Build 19041 (10.0.19041.3636)
OS uptime: 13 days 4:14 hours

CPU: total 4 (initial active 4) (2 cores per cpu, 2 threads per core) family 6 model 78 stepping 3 microcode 0xcc, cx8, cmov, fxsr, ht, mmx, 3dnowpref, sse, sse2, sse3, ssse3, sse4.1, sse4.2, popcnt, lzcnt, tsc, tscinvbit, avx, avx2, aes, erms, clmul, bmi1, bmi2, adx, fma, vzeroupper, clflush, clflushopt

Memory: 4k page, system-wide physical 3970M (64M free)
TotalPageFile size 16258M (AvailPageFile size 1M)
current process WorkingSet (physical memory assigned to process): 110M, peak: 138M
current process commit charge ("private bytes"): 185M, peak: 187M

vm_info: Java HotSpot(TM) 64-Bit Server VM (17.0.8+9-LTS-211) for windows-amd64 JRE (17.0.8+9-LTS-211), built on Jun 14 2023 10:34:31 by "mach5one" with MS VC++ 17.1 (VS2022)

END.
