#
# There is insufficient memory for the Java Runtime Environment to continue.
# Native memory allocation (mmap) failed to map 65536 bytes for Failed to commit metaspace.
# Possible reasons:
#   The system is out of physical RAM or swap space
#   The process is running with CompressedOops enabled, and the Java Heap may be blocking the growth of the native heap
# Possible solutions:
#   Reduce memory load on the system
#   Increase physical memory or swap space
#   Check if swap backing store is full
#   Decrease Java heap size (-Xmx/-Xms)
#   Decrease number of Java threads
#   Decrease Java thread stack sizes (-Xss)
#   Set larger code cache with -XX:ReservedCodeCacheSize=
#   JVM is running with Unscaled Compressed Oops mode in which the Java heap is
#     placed in the first 4GB address space. The Java Heap base address is the
#     maximum limit for the native heap growth. Please use -XX:HeapBaseMinAddress
#     to set the Java Heap base and to place the Java Heap above 4GB virtual address.
# This output file may be truncated or incomplete.
#
#  Out of Memory Error (virtualSpaceNode.cpp:110), pid=15624, tid=2880
#
# JRE version: Java(TM) SE Runtime Environment (17.0.8+9) (build 17.0.8+9-LTS-211)
# Java VM: Java HotSpot(TM) 64-Bit Server VM (17.0.8+9-LTS-211, mixed mode, sharing, tiered, compressed oops, compressed class ptrs, g1 gc, windows-amd64)
# No core dump will be written. Minidumps are not enabled by default on client versions of Windows
#

---------------  S U M M A R Y ------------

Command Line: jenkins.maven3.agent.Maven35Main C:\Maven\apache-maven-3.9.2 C:\ProgramData\Jenkins\war\WEB-INF\lib\remoting-3131.vf2b_b_798b_ce99.jar C:\ProgramData\Jenkins\.jenkins\plugins\maven-plugin\WEB-INF\lib\maven35-interceptor-1.14.jar C:\ProgramData\Jenkins\.jenkins\plugins\maven-plugin\WEB-INF\lib\maven3-interceptor-commons-1.14.jar 51810

Host: Intel(R) Core(TM) i3-6006U CPU @ 2.00GHz, 4 cores, 3G,  Windows 10 , 64 bit Build 19041 (10.0.19041.3636)
Time: Thu Dec  7 19:22:22 2023 India Standard Time elapsed time: 16.756911 seconds (0d 0h 0m 16s)

---------------  T H R E A D  ---------------

Current thread (0x000001da849406d0):  JavaThread "ThreadedStreamConsumer" daemon [_thread_in_vm, id=2880, stack(0x000000b739700000,0x000000b739800000)]

Stack: [0x000000b739700000,0x000000b739800000]
Native frames: (J=compiled Java code, j=interpreted, Vv=VM code, C=native code)
V  [jvm.dll+0x677d0a]
V  [jvm.dll+0x7d8c54]
V  [jvm.dll+0x7da3fe]
V  [jvm.dll+0x7daa63]
V  [jvm.dll+0x245c5f]
V  [jvm.dll+0x7d4d5b]
V  [jvm.dll+0x61dcf6]
V  [jvm.dll+0x1c0127]
V  [jvm.dll+0x620650]
V  [jvm.dll+0x61e6b6]
V  [jvm.dll+0x628487]
V  [jvm.dll+0x1e9bdd]
V  [jvm.dll+0x1ea1a5]
V  [jvm.dll+0x1eaaeb]
V  [jvm.dll+0x1e02f1]
V  [jvm.dll+0x53ddbc]
V  [jvm.dll+0x753768]
V  [jvm.dll+0x753854]
V  [jvm.dll+0x40ba4f]
V  [jvm.dll+0x411a69]
C  [java.dll+0x17ec]

Java frames: (J=compiled Java code, j=interpreted, Vv=VM code)
J 1145  java.lang.ClassLoader.defineClass1(Ljava/lang/ClassLoader;Ljava/lang/String;[BIILjava/security/ProtectionDomain;Ljava/lang/String;)Ljava/lang/Class; java.base@17.0.8 (0 bytes) @ 0x000001daf7ed5763 [0x000001daf7ed56a0+0x00000000000000c3]
J 1294 c1 java.lang.ClassLoader.defineClass(Ljava/lang/String;[BIILjava/security/ProtectionDomain;)Ljava/lang/Class; java.base@17.0.8 (43 bytes) @ 0x000001daf0603d54 [0x000001daf0603a00+0x0000000000000354]
J 3080 c1 java.security.SecureClassLoader.defineClass(Ljava/lang/String;[BIILjava/security/CodeSource;)Ljava/lang/Class; java.base@17.0.8 (16 bytes) @ 0x000001daf09c808c [0x000001daf09c7fc0+0x00000000000000cc]
J 4900 c1 java.net.URLClassLoader.defineClass(Ljava/lang/String;Ljdk/internal/loader/Resource;)Ljava/lang/Class; java.base@17.0.8 (224 bytes) @ 0x000001daf0d49ddc [0x000001daf0d48720+0x00000000000016bc]
J 1443 c1 java.net.URLClassLoader$1.run()Ljava/lang/Class; java.base@17.0.8 (81 bytes) @ 0x000001daf06550cc [0x000001daf06544a0+0x0000000000000c2c]
J 1090 c1 java.net.URLClassLoader$1.run()Ljava/lang/Object; java.base@17.0.8 (5 bytes) @ 0x000001daf0593044 [0x000001daf0592fc0+0x0000000000000084]
J 665 c1 java.security.AccessController.doPrivileged(Ljava/security/PrivilegedExceptionAction;Ljava/security/AccessControlContext;)Ljava/lang/Object; java.base@17.0.8 (26 bytes) @ 0x000001daf04bce7c [0x000001daf04bcca0+0x00000000000001dc]
J 1089 c1 java.net.URLClassLoader.findClass(Ljava/lang/String;)Ljava/lang/Class; java.base@17.0.8 (47 bytes) @ 0x000001daf059271c [0x000001daf0592580+0x000000000000019c]
J 1320 c1 org.codehaus.plexus.classworlds.realm.ClassRealm.loadClassFromSelf(Ljava/lang/String;)Ljava/lang/Class; (40 bytes) @ 0x000001daf061350c [0x000001daf0613180+0x000000000000038c]
J 1155 c1 org.codehaus.plexus.classworlds.strategy.SelfFirstStrategy.loadClass(Ljava/lang/String;)Ljava/lang/Class; (50 bytes) @ 0x000001daf05b9604 [0x000001daf05b9220+0x00000000000003e4]
J 730 c1 org.codehaus.plexus.classworlds.realm.ClassRealm.loadClass(Ljava/lang/String;Z)Ljava/lang/Class; (33 bytes) @ 0x000001daf04da4cc [0x000001daf04da360+0x000000000000016c]
J 737 c1 org.codehaus.plexus.classworlds.realm.ClassRealm.loadClass(Ljava/lang/String;)Ljava/lang/Class; (7 bytes) @ 0x000001daf04dc71c [0x000001daf04dc620+0x00000000000000fc]
v  ~StubRoutines::call_stub
j  org.apache.maven.plugin.surefire.extensions.SurefireStatelessReporter.createListener(Lorg/apache/maven/plugin/surefire/extensions/DefaultStatelessReportMojoConfiguration;)Lorg/apache/maven/surefire/extensions/StatelessReportEventListener;+0
j  org.apache.maven.plugin.surefire.StartupReportConfiguration.instantiateStatelessXmlReporter(Ljava/lang/Integer;)Lorg/apache/maven/surefire/extensions/StatelessReportEventListener;+109
j  org.apache.maven.plugin.surefire.report.DefaultReporterFactory.createSimpleXMLReporter()Lorg/apache/maven/surefire/extensions/StatelessReportEventListener;+8
j  org.apache.maven.plugin.surefire.report.DefaultReporterFactory.createReporter()Lorg/apache/maven/surefire/api/report/RunListener;+13
j  org.apache.maven.plugin.surefire.booterclient.output.ForkClient.getTestSetReporter()Lorg/apache/maven/surefire/api/report/RunListener;+12
j  org.apache.maven.plugin.surefire.booterclient.output.ForkClient.access$1900(Lorg/apache/maven/plugin/surefire/booterclient/output/ForkClient;)Lorg/apache/maven/surefire/api/report/RunListener;+1
j  org.apache.maven.plugin.surefire.booterclient.output.ForkClient$TestSetStartingListener.handle(Lorg/apache/maven/surefire/api/report/RunMode;Lorg/apache/maven/surefire/api/report/TestSetReportEntry;)V+4
j  org.apache.maven.plugin.surefire.booterclient.output.ForkClient$TestSetStartingListener.handle(Lorg/apache/maven/surefire/api/report/RunMode;Lorg/apache/maven/surefire/api/report/ReportEntry;)V+6
j  org.apache.maven.plugin.surefire.booterclient.output.ForkedProcessEventNotifier.notifyEvent(Lorg/apache/maven/surefire/api/event/Event;)V+292
j  org.apache.maven.plugin.surefire.booterclient.output.ForkClient.handleEvent(Lorg/apache/maven/surefire/api/event/Event;)V+5
j  org.apache.maven.plugin.surefire.booterclient.output.ForkClient.handleEvent(Ljava/lang/Object;)V+5
j  org.apache.maven.plugin.surefire.booterclient.output.ThreadedStreamConsumer$Pumper.run()V+61
j  java.lang.Thread.run()V+11 java.base@17.0.8
v  ~StubRoutines::call_stub

---------------  P R O C E S S  ---------------

Threads class SMR info:
_java_thread_list=0x000001da8495aa00, length=29, elements={
0x000001dae8ad6790, 0x000001dae8b96450, 0x000001dae8b972c0, 0x000001dae8bacd50,
0x000001dae8bad900, 0x000001dae8baf2c0, 0x000001dae8bafc70, 0x000001da844e63c0,
0x000001da84506e70, 0x000001da84507860, 0x000001da84738200, 0x000001da8473c970,
0x000001da849e26b0, 0x000001daca01ea60, 0x000001da84a70ac0, 0x000001da84a70f90,
0x000001da84a71460, 0x000001daca4b0680, 0x000001da84940ba0, 0x000001da8493f860,
0x000001da84941a10, 0x000001da8493e520, 0x000001da84940200, 0x000001da8493e9f0,
0x000001da8493eec0, 0x000001da849406d0, 0x000001da84941070, 0x000001da84941540,
0x000001da8493f390
}

Java Threads: ( => current thread )
  0x000001dae8ad6790 JavaThread "main" [_thread_blocked, id=21656, stack(0x000000b737300000,0x000000b737400000)]
  0x000001dae8b96450 JavaThread "Reference Handler" daemon [_thread_blocked, id=13544, stack(0x000000b737a00000,0x000000b737b00000)]
  0x000001dae8b972c0 JavaThread "Finalizer" daemon [_thread_blocked, id=1484, stack(0x000000b737b00000,0x000000b737c00000)]
  0x000001dae8bacd50 JavaThread "Signal Dispatcher" daemon [_thread_blocked, id=14452, stack(0x000000b737c00000,0x000000b737d00000)]
  0x000001dae8bad900 JavaThread "Attach Listener" daemon [_thread_blocked, id=9260, stack(0x000000b737d00000,0x000000b737e00000)]
  0x000001dae8baf2c0 JavaThread "Service Thread" daemon [_thread_blocked, id=16812, stack(0x000000b737e00000,0x000000b737f00000)]
  0x000001dae8bafc70 JavaThread "Monitor Deflation Thread" daemon [_thread_blocked, id=16964, stack(0x000000b737f00000,0x000000b738000000)]
  0x000001da844e63c0 JavaThread "C2 CompilerThread0" daemon [_thread_blocked, id=21852, stack(0x000000b738000000,0x000000b738100000)]
  0x000001da84506e70 JavaThread "C1 CompilerThread0" daemon [_thread_blocked, id=20916, stack(0x000000b738100000,0x000000b738200000)]
  0x000001da84507860 JavaThread "Sweeper thread" daemon [_thread_blocked, id=21880, stack(0x000000b738200000,0x000000b738300000)]
  0x000001da84738200 JavaThread "Notification Thread" daemon [_thread_blocked, id=18196, stack(0x000000b738300000,0x000000b738400000)]
  0x000001da8473c970 JavaThread "Common-Cleaner" daemon [_thread_blocked, id=4328, stack(0x000000b738500000,0x000000b738600000)]
  0x000001da849e26b0 JavaThread "RemoteInvocationHandler [#1]" daemon [_thread_blocked, id=10800, stack(0x000000b738600000,0x000000b738700000)]
  0x000001daca01ea60 JavaThread "Channel reader thread: channel" [_thread_in_native, id=20500, stack(0x000000b738700000,0x000000b738800000)]
  0x000001da84a70ac0 JavaThread "pool-1-thread-1" [_thread_blocked, id=11540, stack(0x000000b738800000,0x000000b738900000)]
  0x000001da84a70f90 JavaThread "pool-1-thread-2 for channel id=829" [_thread_in_native, id=22100, stack(0x000000b738900000,0x000000b738a00000)]
  0x000001da84a71460 JavaThread "pool-1-thread-3" [_thread_blocked, id=19856, stack(0x000000b738a00000,0x000000b738b00000)]
  0x000001daca4b0680 JavaThread "pool-1-thread-4" [_thread_blocked, id=15280, stack(0x000000b738f00000,0x000000b739000000)]
  0x000001da84940ba0 JavaThread "resolver-1" daemon [_thread_blocked, id=9648, stack(0x000000b739000000,0x000000b739100000)]
  0x000001da8493f860 JavaThread "resolver-2" daemon [_thread_blocked, id=21144, stack(0x000000b739100000,0x000000b739200000)]
  0x000001da84941a10 JavaThread "resolver-3" daemon [_thread_blocked, id=18824, stack(0x000000b739200000,0x000000b739300000)]
  0x000001da8493e520 JavaThread "resolver-4" daemon [_thread_blocked, id=20040, stack(0x000000b739300000,0x000000b739400000)]
  0x000001da84940200 JavaThread "resolver-5" daemon [_thread_blocked, id=10900, stack(0x000000b739400000,0x000000b739500000)]
  0x000001da8493e9f0 JavaThread "timeout-check-timer" daemon [_thread_blocked, id=3544, stack(0x000000b739500000,0x000000b739600000)]
  0x000001da8493eec0 JavaThread "ping-timer-10s" daemon [_thread_blocked, id=20372, stack(0x000000b739600000,0x000000b739700000)]
=>0x000001da849406d0 JavaThread "ThreadedStreamConsumer" daemon [_thread_in_vm, id=2880, stack(0x000000b739700000,0x000000b739800000)]
  0x000001da84941070 JavaThread "std-in-fork-1" daemon [_thread_blocked, id=18844, stack(0x000000b739800000,0x000000b739900000)]
  0x000001da84941540 JavaThread "fork-1-event-thread" daemon [_thread_in_native, id=22468, stack(0x000000b739900000,0x000000b739a00000)]
  0x000001da8493f390 JavaThread "fork-1-err-thread" daemon [_thread_in_native, id=13136, stack(0x000000b739a00000,0x000000b739b00000)]

Other Threads:
  0x000001dae8b90850 VMThread "VM Thread" [stack: 0x000000b737900000,0x000000b737a00000] [id=1540]
  0x000001da847386d0 WatcherThread [stack: 0x000000b738400000,0x000000b738500000] [id=20568]
  0x000001dae8b134b0 GCTaskThread "GC Thread#0" [stack: 0x000000b737400000,0x000000b737500000] [id=16272]
  0x000001daca496d60 GCTaskThread "GC Thread#1" [stack: 0x000000b738b00000,0x000000b738c00000] [id=19520]
  0x000001daca43d3e0 GCTaskThread "GC Thread#2" [stack: 0x000000b738c00000,0x000000b738d00000] [id=21956]
  0x000001daca43d690 GCTaskThread "GC Thread#3" [stack: 0x000000b738d00000,0x000000b738e00000] [id=20556]
  0x000001dae8b1c030 ConcurrentGCThread "G1 Main Marker" [stack: 0x000000b737500000,0x000000b737600000] [id=7524]
  0x000001dae8b1da50 ConcurrentGCThread "G1 Conc#0" [stack: 0x000000b737600000,0x000000b737700000] [id=13532]
  0x000001dae8b70a40 ConcurrentGCThread "G1 Refine#0" [stack: 0x000000b737700000,0x000000b737800000] [id=18024]
  0x000001daca470110 ConcurrentGCThread "G1 Refine#1" [stack: 0x000000b738e00000,0x000000b738f00000] [id=6996]
  0x000001dae8b71460 ConcurrentGCThread "G1 Service" [stack: 0x000000b737800000,0x000000b737900000] [id=18720]

Threads with active compile tasks:

VM state: not at safepoint (normal execution)

VM Mutex/Monitor currently owned by a thread:  ([mutex/lock_event])
[0x000001dae8ad0390] Metaspace_lock - owner thread: 0x000001da849406d0

Heap address: 0x00000000c1e00000, size: 994 MB, Compressed Oops mode: 32-bit

CDS archive(s) mapped at: [0x000001da85000000-0x000001da85bd0000-0x000001da85bd0000), size 12386304, SharedBaseAddress: 0x000001da85000000, ArchiveRelocationMode: 1.
Compressed class space mapped at: 0x000001da86000000-0x000001dac6000000, reserved size: 1073741824
Narrow klass base: 0x000001da85000000, Narrow klass shift: 0, Narrow klass range: 0x100000000

GC Precious Log:
 CPUs: 4 total, 4 available
 Memory: 3970M
 Large Page Support: Disabled
 NUMA Support: Disabled
 Compressed Oops: Enabled (32-bit)
 Heap Region Size: 1M
 Heap Min Capacity: 8M
 Heap Initial Capacity: 64M
 Heap Max Capacity: 994M
 Pre-touch: Disabled
 Parallel Workers: 4
 Concurrent Workers: 1
 Concurrent Refinement Workers: 4
 Periodic GC: Disabled

Heap:
 garbage-first heap   total 65536K, used 25894K [0x00000000c1e00000, 0x0000000100000000)
  region size 1024K, 6 young (6144K), 3 survivors (3072K)
 Metaspace       used 25547K, committed 25920K, reserved 1114112K
  class space    used 2807K, committed 3008K, reserved 1048576K

Heap Regions: E=young(eden), S=young(survivor), O=old, HS=humongous(starts), HC=humongous(continues), CS=collection set, F=free, OA=open archive, CA=closed archive, TAMS=top-at-mark-start (previous, next)
|   0|0x00000000c1e00000, 0x00000000c1f00000, 0x00000000c1f00000|100%|HS|  |TAMS 0x00000000c1f00000, 0x00000000c1e00000| Complete 
|   1|0x00000000c1f00000, 0x00000000c2000000, 0x00000000c2000000|100%|HC|  |TAMS 0x00000000c2000000, 0x00000000c1f00000| Complete 
|   2|0x00000000c2000000, 0x00000000c2100000, 0x00000000c2100000|100%|HS|  |TAMS 0x00000000c2100000, 0x00000000c2000000| Complete 
|   3|0x00000000c2100000, 0x00000000c2200000, 0x00000000c2200000|100%|HC|  |TAMS 0x00000000c2200000, 0x00000000c2100000| Complete 
|   4|0x00000000c2200000, 0x00000000c2300000, 0x00000000c2300000|100%| O|  |TAMS 0x00000000c2300000, 0x00000000c2200000| Untracked 
|   5|0x00000000c2300000, 0x00000000c2400000, 0x00000000c2400000|100%| O|  |TAMS 0x00000000c2400000, 0x00000000c2300000| Untracked 
|   6|0x00000000c2400000, 0x00000000c2500000, 0x00000000c2500000|100%| O|  |TAMS 0x00000000c2500000, 0x00000000c2400000| Untracked 
|   7|0x00000000c2500000, 0x00000000c2600000, 0x00000000c2600000|100%| O|  |TAMS 0x00000000c2600000, 0x00000000c2500000| Untracked 
|   8|0x00000000c2600000, 0x00000000c2700000, 0x00000000c2700000|100%| O|  |TAMS 0x00000000c2700000, 0x00000000c2600000| Untracked 
|   9|0x00000000c2700000, 0x00000000c2800000, 0x00000000c2800000|100%| O|  |TAMS 0x00000000c2800000, 0x00000000c2700000| Untracked 
|  10|0x00000000c2800000, 0x00000000c2900000, 0x00000000c2900000|100%| O|  |TAMS 0x00000000c2900000, 0x00000000c2800000| Untracked 
|  11|0x00000000c2900000, 0x00000000c2a00000, 0x00000000c2a00000|100%| O|  |TAMS 0x00000000c2a00000, 0x00000000c2900000| Untracked 
|  12|0x00000000c2a00000, 0x00000000c2b00000, 0x00000000c2b00000|100%| O|  |TAMS 0x00000000c2b00000, 0x00000000c2a00000| Untracked 
|  13|0x00000000c2b00000, 0x00000000c2b00000, 0x00000000c2c00000|  0%| F|  |TAMS 0x00000000c2b00000, 0x00000000c2b00000| Untracked 
|  14|0x00000000c2c00000, 0x00000000c2d00000, 0x00000000c2d00000|100%| O|  |TAMS 0x00000000c2d00000, 0x00000000c2c00000| Untracked 
|  15|0x00000000c2d00000, 0x00000000c2e00000, 0x00000000c2e00000|100%| O|  |TAMS 0x00000000c2d5c200, 0x00000000c2d00000| Untracked 
|  16|0x00000000c2e00000, 0x00000000c2f00000, 0x00000000c2f00000|100%| O|  |TAMS 0x00000000c2e00000, 0x00000000c2e00000| Untracked 
|  17|0x00000000c2f00000, 0x00000000c3000000, 0x00000000c3000000|100%| O|  |TAMS 0x00000000c2f00000, 0x00000000c2f00000| Untracked 
|  18|0x00000000c3000000, 0x00000000c3100000, 0x00000000c3100000|100%| O|  |TAMS 0x00000000c3000000, 0x00000000c3000000| Untracked 
|  19|0x00000000c3100000, 0x00000000c3200000, 0x00000000c3200000|100%| O|  |TAMS 0x00000000c3100000, 0x00000000c3100000| Untracked 
|  20|0x00000000c3200000, 0x00000000c3300000, 0x00000000c3300000|100%| O|  |TAMS 0x00000000c3200000, 0x00000000c3200000| Untracked 
|  21|0x00000000c3300000, 0x00000000c3400000, 0x00000000c3400000|100%| O|  |TAMS 0x00000000c3300000, 0x00000000c3300000| Untracked 
|  22|0x00000000c3400000, 0x00000000c3415000, 0x00000000c3500000|  8%| O|  |TAMS 0x00000000c3400000, 0x00000000c3400000| Untracked 
|  23|0x00000000c3500000, 0x00000000c3500000, 0x00000000c3600000|  0%| F|  |TAMS 0x00000000c3500000, 0x00000000c3500000| Untracked 
|  24|0x00000000c3600000, 0x00000000c3600000, 0x00000000c3700000|  0%| F|  |TAMS 0x00000000c3600000, 0x00000000c3600000| Untracked 
|  25|0x00000000c3700000, 0x00000000c3700000, 0x00000000c3800000|  0%| F|  |TAMS 0x00000000c3700000, 0x00000000c3700000| Untracked 
|  26|0x00000000c3800000, 0x00000000c3800000, 0x00000000c3900000|  0%| F|  |TAMS 0x00000000c3800000, 0x00000000c3800000| Untracked 
|  27|0x00000000c3900000, 0x00000000c3900000, 0x00000000c3a00000|  0%| F|  |TAMS 0x00000000c3900000, 0x00000000c3900000| Untracked 
|  28|0x00000000c3a00000, 0x00000000c3a00000, 0x00000000c3b00000|  0%| F|  |TAMS 0x00000000c3a00000, 0x00000000c3a00000| Untracked 
|  29|0x00000000c3b00000, 0x00000000c3b00000, 0x00000000c3c00000|  0%| F|  |TAMS 0x00000000c3b00000, 0x00000000c3b00000| Untracked 
|  30|0x00000000c3c00000, 0x00000000c3c00000, 0x00000000c3d00000|  0%| F|  |TAMS 0x00000000c3c00000, 0x00000000c3c00000| Untracked 
|  31|0x00000000c3d00000, 0x00000000c3d00000, 0x00000000c3e00000|  0%| F|  |TAMS 0x00000000c3d00000, 0x00000000c3d00000| Untracked 
|  32|0x00000000c3e00000, 0x00000000c3e34860, 0x00000000c3f00000| 20%| S|CS|TAMS 0x00000000c3e00000, 0x00000000c3e00000| Complete 
|  33|0x00000000c3f00000, 0x00000000c3f00000, 0x00000000c4000000|  0%| F|  |TAMS 0x00000000c3f00000, 0x00000000c3f00000| Untracked 
|  34|0x00000000c4000000, 0x00000000c4000000, 0x00000000c4100000|  0%| F|  |TAMS 0x00000000c4000000, 0x00000000c4000000| Untracked 
|  35|0x00000000c4100000, 0x00000000c4200000, 0x00000000c4200000|100%| S|CS|TAMS 0x00000000c4100000, 0x00000000c4100000| Complete 
|  36|0x00000000c4200000, 0x00000000c4300000, 0x00000000c4300000|100%| S|CS|TAMS 0x00000000c4200000, 0x00000000c4200000| Complete 
|  37|0x00000000c4300000, 0x00000000c4300000, 0x00000000c4400000|  0%| F|  |TAMS 0x00000000c4300000, 0x00000000c4300000| Untracked 
|  38|0x00000000c4400000, 0x00000000c4400000, 0x00000000c4500000|  0%| F|  |TAMS 0x00000000c4400000, 0x00000000c4400000| Untracked 
|  39|0x00000000c4500000, 0x00000000c4500000, 0x00000000c4600000|  0%| F|  |TAMS 0x00000000c4500000, 0x00000000c4500000| Untracked 
|  40|0x00000000c4600000, 0x00000000c4600000, 0x00000000c4700000|  0%| F|  |TAMS 0x00000000c4600000, 0x00000000c4600000| Untracked 
|  41|0x00000000c4700000, 0x00000000c4700000, 0x00000000c4800000|  0%| F|  |TAMS 0x00000000c4700000, 0x00000000c4700000| Untracked 
|  42|0x00000000c4800000, 0x00000000c4800000, 0x00000000c4900000|  0%| F|  |TAMS 0x00000000c4800000, 0x00000000c4800000| Untracked 
|  43|0x00000000c4900000, 0x00000000c4900000, 0x00000000c4a00000|  0%| F|  |TAMS 0x00000000c4900000, 0x00000000c4900000| Untracked 
|  44|0x00000000c4a00000, 0x00000000c4a00000, 0x00000000c4b00000|  0%| F|  |TAMS 0x00000000c4a00000, 0x00000000c4a00000| Untracked 
|  45|0x00000000c4b00000, 0x00000000c4b00000, 0x00000000c4c00000|  0%| F|  |TAMS 0x00000000c4b00000, 0x00000000c4b00000| Untracked 
|  46|0x00000000c4c00000, 0x00000000c4c00000, 0x00000000c4d00000|  0%| F|  |TAMS 0x00000000c4c00000, 0x00000000c4c00000| Untracked 
|  47|0x00000000c4d00000, 0x00000000c4d00000, 0x00000000c4e00000|  0%| F|  |TAMS 0x00000000c4d00000, 0x00000000c4d00000| Untracked 
|  48|0x00000000c4e00000, 0x00000000c4e00000, 0x00000000c4f00000|  0%| F|  |TAMS 0x00000000c4e00000, 0x00000000c4e00000| Untracked 
|  49|0x00000000c4f00000, 0x00000000c4f00000, 0x00000000c5000000|  0%| F|  |TAMS 0x00000000c4f00000, 0x00000000c4f00000| Untracked 
|  50|0x00000000c5000000, 0x00000000c5000000, 0x00000000c5100000|  0%| F|  |TAMS 0x00000000c5000000, 0x00000000c5000000| Untracked 
|  51|0x00000000c5100000, 0x00000000c5100000, 0x00000000c5200000|  0%| F|  |TAMS 0x00000000c5100000, 0x00000000c5100000| Untracked 
|  52|0x00000000c5200000, 0x00000000c5200000, 0x00000000c5300000|  0%| F|  |TAMS 0x00000000c5200000, 0x00000000c5200000| Untracked 
|  53|0x00000000c5300000, 0x00000000c5300000, 0x00000000c5400000|  0%| F|  |TAMS 0x00000000c5300000, 0x00000000c5300000| Untracked 
|  54|0x00000000c5400000, 0x00000000c5400000, 0x00000000c5500000|  0%| F|  |TAMS 0x00000000c5400000, 0x00000000c5400000| Untracked 
|  55|0x00000000c5500000, 0x00000000c5500000, 0x00000000c5600000|  0%| F|  |TAMS 0x00000000c5500000, 0x00000000c5500000| Untracked 
|  56|0x00000000c5600000, 0x00000000c5600000, 0x00000000c5700000|  0%| F|  |TAMS 0x00000000c5600000, 0x00000000c5600000| Untracked 
|  57|0x00000000c5700000, 0x00000000c5700000, 0x00000000c5800000|  0%| F|  |TAMS 0x00000000c5700000, 0x00000000c5700000| Untracked 
|  58|0x00000000c5800000, 0x00000000c5800000, 0x00000000c5900000|  0%| F|  |TAMS 0x00000000c5800000, 0x00000000c5800000| Untracked 
|  59|0x00000000c5900000, 0x00000000c5900000, 0x00000000c5a00000|  0%| F|  |TAMS 0x00000000c5900000, 0x00000000c5900000| Untracked 
|  60|0x00000000c5a00000, 0x00000000c5a00000, 0x00000000c5b00000|  0%| F|  |TAMS 0x00000000c5a00000, 0x00000000c5a00000| Untracked 
|  61|0x00000000c5b00000, 0x00000000c5b23128, 0x00000000c5c00000| 13%| E|  |TAMS 0x00000000c5b00000, 0x00000000c5b00000| Complete 
|  62|0x00000000c5c00000, 0x00000000c5d00000, 0x00000000c5d00000|100%| E|CS|TAMS 0x00000000c5c00000, 0x00000000c5c00000| Complete 
|  63|0x00000000c5d00000, 0x00000000c5e00000, 0x00000000c5e00000|100%| E|CS|TAMS 0x00000000c5d00000, 0x00000000c5d00000| Complete 

Card table byte_map: [0x000001daffbe0000,0x000001daffde0000] _byte_map_base: 0x000001daff5d1000

Marking Bits (Prev, Next): (CMBitMap*) 0x000001dae8b13b00, (CMBitMap*) 0x000001dae8b13ac0
 Prev Bits: [0x000001da80f90000, 0x000001da81f18000)
 Next Bits: [0x000001da80000000, 0x000001da80f88000)

Polling page: 0x000001daf0390000

Metaspace:

Usage:
  Non-class:     22.21 MB used.
      Class:      2.74 MB used.
       Both:     24.95 MB used.

Virtual space:
  Non-class space:       64.00 MB reserved,      22.38 MB ( 35%) committed,  1 nodes.
      Class space:        1.00 GB reserved,       2.94 MB ( <1%) committed,  1 nodes.
             Both:        1.06 GB reserved,      25.31 MB (  2%) committed. 

Chunk freelists:
   Non-Class:  8.73 MB
       Class:  13.07 MB
        Both:  21.80 MB

MaxMetaspaceSize: unlimited
CompressedClassSpaceSize: 1.00 GB
Initial GC threshold: 21.00 MB
Current GC threshold: 35.25 MB
CDS: on
MetaspaceReclaimPolicy: balanced
 - commit_granule_bytes: 65536.
 - commit_granule_words: 8192.
 - virtual_space_node_default_size: 8388608.
 - enlarge_chunks_in_place: 1.
 - new_chunks_are_fully_committed: 0.
 - uncommit_free_chunks: 1.
 - use_allocation_guard: 0.
 - handle_deallocations: 1.


Internal statistics:

num_allocs_failed_limit: 3.
num_arena_births: 392.
num_arena_deaths: 0.
num_vsnodes_births: 2.
num_vsnodes_deaths: 0.
num_space_committed: 405.
num_space_uncommitted: 0.
num_chunks_returned_to_freelist: 3.
num_chunks_taken_from_freelist: 1412.
num_chunk_merges: 3.
num_chunk_splits: 889.
num_chunks_enlarged: 557.
num_purges: 0.
num_inconsistent_stats: 0.

CodeHeap 'non-profiled nmethods': size=120000Kb used=2308Kb max_used=2701Kb free=117692Kb
 bounds [0x000001daf7e80000, 0x000001daf8130000, 0x000001daff3b0000]
CodeHeap 'profiled nmethods': size=120000Kb used=9696Kb max_used=12176Kb free=110303Kb
 bounds [0x000001daf03b0000, 0x000001daf0fa0000, 0x000001daf78e0000]
CodeHeap 'non-nmethods': size=5760Kb used=1232Kb max_used=1278Kb free=4527Kb
 bounds [0x000001daf78e0000, 0x000001daf7b50000, 0x000001daf7e80000]
 total_blobs=5644 nmethods=5103 adapters=453
 compilation: enabled
              stopped_count=0, restarted_count=0
 full_count=0

Compilation events (20 events):
Event: 15.277 Thread 0x000001da84506e70 nmethod 6018 0x000001daf054c990 code [0x000001daf054cca0, 0x000001daf054dd38]
Event: 15.277 Thread 0x000001da84506e70 6019       3       java.lang.invoke.MethodHandles$Lookup::checkMethod (87 bytes)
Event: 15.278 Thread 0x000001da84506e70 nmethod 6019 0x000001daf04ee590 code [0x000001daf04ee7a0, 0x000001daf04eef18]
Event: 15.278 Thread 0x000001da84506e70 6020       3       java.lang.invoke.MethodHandles$Lookup::maybeBindCaller (72 bytes)
Event: 15.279 Thread 0x000001da84506e70 nmethod 6020 0x000001daf03b0010 code [0x000001daf03b0240, 0x000001daf03b0b08]
Event: 15.279 Thread 0x000001da84506e70 6021       3       java.util.Locale::hashCode (41 bytes)
Event: 15.279 Thread 0x000001da84506e70 nmethod 6021 0x000001daf03ec190 code [0x000001daf03ec340, 0x000001daf03ec558]
Event: 15.281 Thread 0x000001da844e63c0 nmethod 6016 0x000001daf7eb4a10 code [0x000001daf7eb4be0, 0x000001daf7eb50c8]
Event: 15.281 Thread 0x000001da844e63c0 6015       4       org.codehaus.plexus.classworlds.realm.ClassRealm::getClassLoadingLock (38 bytes)
Event: 15.284 Thread 0x000001da844e63c0 nmethod 6015 0x000001daf7f3a910 code [0x000001daf7f3aaa0, 0x000001daf7f3abe8]
Event: 15.990 Thread 0x000001da84506e70 6022       3       java.util.concurrent.ThreadPoolExecutor::runStateAtLeast (11 bytes)
Event: 15.990 Thread 0x000001da844e63c0 6023       4       java.util.concurrent.locks.AbstractQueuedSynchronizer::release (19 bytes)
Event: 15.990 Thread 0x000001da84506e70 nmethod 6022 0x000001daf0530610 code [0x000001daf05307a0, 0x000001daf05308f8]
Event: 16.000 Thread 0x000001da844e63c0 nmethod 6023 0x000001daf7fa3b90 code [0x000001daf7fa3d20, 0x000001daf7fa3f18]
Event: 16.740 Thread 0x000001da84506e70 6024       3       java.nio.HeapByteBuffer::get (14 bytes)
Event: 16.741 Thread 0x000001da84506e70 nmethod 6024 0x000001daf0511590 code [0x000001daf0511760, 0x000001daf0511a48]
Event: 16.741 Thread 0x000001da84506e70 6025       3       java.lang.StringBuilder::toString (35 bytes)
Event: 16.741 Thread 0x000001da84506e70 nmethod 6025 0x000001daf04aae90 code [0x000001daf04ab060, 0x000001daf04ab338]
Event: 16.745 Thread 0x000001da84506e70 6026       3       java.lang.AbstractStringBuilder::append (45 bytes)
Event: 16.746 Thread 0x000001da84506e70 nmethod 6026 0x000001daf0513410 code [0x000001daf05135e0, 0x000001daf0513928]

GC Heap History (20 events):
Event: 6.693 GC heap before
{Heap before GC invocations=3 (full 0):
 garbage-first heap   total 65536K, used 40485K [0x00000000c1e00000, 0x0000000100000000)
  region size 1024K, 34 young (34816K), 3 survivors (3072K)
 Metaspace       used 14580K, committed 14976K, reserved 1114112K
  class space    used 1714K, committed 1920K, reserved 1048576K
}
Event: 6.700 GC heap after
{Heap after GC invocations=4 (full 0):
 garbage-first heap   total 65536K, used 11554K [0x00000000c1e00000, 0x0000000100000000)
  region size 1024K, 5 young (5120K), 5 survivors (5120K)
 Metaspace       used 14580K, committed 14976K, reserved 1114112K
  class space    used 1714K, committed 1920K, reserved 1048576K
}
Event: 8.732 GC heap before
{Heap before GC invocations=4 (full 0):
 garbage-first heap   total 65536K, used 45346K [0x00000000c1e00000, 0x0000000100000000)
  region size 1024K, 38 young (38912K), 5 survivors (5120K)
 Metaspace       used 19095K, committed 19520K, reserved 1114112K
  class space    used 2242K, committed 2496K, reserved 1048576K
}
Event: 8.743 GC heap after
{Heap after GC invocations=5 (full 0):
 garbage-first heap   total 65536K, used 14402K [0x00000000c1e00000, 0x0000000100000000)
  region size 1024K, 5 young (5120K), 5 survivors (5120K)
 Metaspace       used 19095K, committed 19520K, reserved 1114112K
  class space    used 2242K, committed 2496K, reserved 1048576K
}
Event: 9.695 GC heap before
{Heap before GC invocations=5 (full 0):
 garbage-first heap   total 65536K, used 46146K [0x00000000c1e00000, 0x0000000100000000)
  region size 1024K, 36 young (36864K), 5 survivors (5120K)
 Metaspace       used 19420K, committed 19840K, reserved 1114112K
  class space    used 2248K, committed 2496K, reserved 1048576K
}
Event: 9.704 GC heap after
{Heap after GC invocations=6 (full 0):
 garbage-first heap   total 65536K, used 15919K [0x00000000c1e00000, 0x0000000100000000)
  region size 1024K, 2 young (2048K), 2 survivors (2048K)
 Metaspace       used 19420K, committed 19840K, reserved 1114112K
  class space    used 2248K, committed 2496K, reserved 1048576K
}
Event: 10.347 GC heap before
{Heap before GC invocations=6 (full 0):
 garbage-first heap   total 65536K, used 48687K [0x00000000c1e00000, 0x0000000100000000)
  region size 1024K, 34 young (34816K), 2 survivors (2048K)
 Metaspace       used 19707K, committed 20096K, reserved 1114112K
  class space    used 2251K, committed 2496K, reserved 1048576K
}
Event: 10.352 GC heap after
{Heap after GC invocations=7 (full 0):
 garbage-first heap   total 65536K, used 17865K [0x00000000c1e00000, 0x0000000100000000)
  region size 1024K, 4 young (4096K), 4 survivors (4096K)
 Metaspace       used 19707K, committed 20096K, reserved 1114112K
  class space    used 2251K, committed 2496K, reserved 1048576K
}
Event: 10.992 GC heap before
{Heap before GC invocations=7 (full 0):
 garbage-first heap   total 65536K, used 49609K [0x00000000c1e00000, 0x0000000100000000)
  region size 1024K, 35 young (35840K), 4 survivors (4096K)
 Metaspace       used 20211K, committed 20608K, reserved 1114112K
  class space    used 2276K, committed 2496K, reserved 1048576K
}
Event: 11.002 GC heap after
{Heap after GC invocations=8 (full 0):
 garbage-first heap   total 65536K, used 19734K [0x00000000c1e00000, 0x0000000100000000)
  region size 1024K, 4 young (4096K), 4 survivors (4096K)
 Metaspace       used 20211K, committed 20608K, reserved 1114112K
  class space    used 2276K, committed 2496K, reserved 1048576K
}
Event: 11.452 GC heap before
{Heap before GC invocations=8 (full 0):
 garbage-first heap   total 65536K, used 32022K [0x00000000c1e00000, 0x0000000100000000)
  region size 1024K, 17 young (17408K), 4 survivors (4096K)
 Metaspace       used 21125K, committed 21504K, reserved 1114112K
  class space    used 2386K, committed 2624K, reserved 1048576K
}
Event: 11.461 GC heap after
{Heap after GC invocations=9 (full 0):
 garbage-first heap   total 65536K, used 20378K [0x00000000c1e00000, 0x0000000100000000)
  region size 1024K, 3 young (3072K), 3 survivors (3072K)
 Metaspace       used 21125K, committed 21504K, reserved 1114112K
  class space    used 2386K, committed 2624K, reserved 1048576K
}
Event: 13.877 GC heap before
{Heap before GC invocations=10 (full 0):
 garbage-first heap   total 65536K, used 50074K [0x00000000c1e00000, 0x0000000100000000)
  region size 1024K, 32 young (32768K), 3 survivors (3072K)
 Metaspace       used 22419K, committed 22848K, reserved 1114112K
  class space    used 2493K, committed 2752K, reserved 1048576K
}
Event: 13.886 GC heap after
{Heap after GC invocations=11 (full 0):
 garbage-first heap   total 65536K, used 22121K [0x00000000c1e00000, 0x0000000100000000)
  region size 1024K, 3 young (3072K), 3 survivors (3072K)
 Metaspace       used 22419K, committed 22848K, reserved 1114112K
  class space    used 2493K, committed 2752K, reserved 1048576K
}
Event: 13.905 GC heap before
{Heap before GC invocations=11 (full 0):
 garbage-first heap   total 65536K, used 23145K [0x00000000c1e00000, 0x0000000100000000)
  region size 1024K, 4 young (4096K), 3 survivors (3072K)
 Metaspace       used 22419K, committed 22848K, reserved 1114112K
  class space    used 2493K, committed 2752K, reserved 1048576K
}
Event: 13.912 GC heap after
{Heap after GC invocations=12 (full 0):
 garbage-first heap   total 65536K, used 21921K [0x00000000c1e00000, 0x0000000100000000)
  region size 1024K, 1 young (1024K), 1 survivors (1024K)
 Metaspace       used 22419K, committed 22848K, reserved 1114112K
  class space    used 2493K, committed 2752K, reserved 1048576K
}
Event: 14.574 GC heap before
{Heap before GC invocations=12 (full 0):
 garbage-first heap   total 65536K, used 50593K [0x00000000c1e00000, 0x0000000100000000)
  region size 1024K, 29 young (29696K), 1 survivors (1024K)
 Metaspace       used 23895K, committed 24320K, reserved 1114112K
  class space    used 2628K, committed 2816K, reserved 1048576K
}
Event: 14.577 GC heap after
{Heap after GC invocations=13 (full 0):
 garbage-first heap   total 65536K, used 22998K [0x00000000c1e00000, 0x0000000100000000)
  region size 1024K, 2 young (2048K), 2 survivors (2048K)
 Metaspace       used 23895K, committed 24320K, reserved 1114112K
  class space    used 2628K, committed 2816K, reserved 1048576K
}
Event: 15.120 GC heap before
{Heap before GC invocations=13 (full 0):
 garbage-first heap   total 65536K, used 50646K [0x00000000c1e00000, 0x0000000100000000)
  region size 1024K, 29 young (29696K), 2 survivors (2048K)
 Metaspace       used 25140K, committed 25600K, reserved 1114112K
  class space    used 2754K, committed 3008K, reserved 1048576K
}
Event: 15.124 GC heap after
{Heap after GC invocations=14 (full 0):
 garbage-first heap   total 65536K, used 23846K [0x00000000c1e00000, 0x0000000100000000)
  region size 1024K, 3 young (3072K), 3 survivors (3072K)
 Metaspace       used 25140K, committed 25600K, reserved 1114112K
  class space    used 2754K, committed 3008K, reserved 1048576K
}

Deoptimization events (20 events):
Event: 15.278 Thread 0x000001da8493f390 Uncommon trap: trap_request=0xffffff45 fr.pc=0x000001daf7ec5500 relative=0x00000000000004e0
Event: 15.278 Thread 0x000001da8493f390 Uncommon trap: reason=unstable_if action=reinterpret pc=0x000001daf7ec5500 method=java.lang.AbstractStringBuilder.putStringAt(ILjava/lang/String;II)V @ 8 c2
Event: 15.278 Thread 0x000001da8493f390 DEOPT PACKING pc=0x000001daf7ec5500 sp=0x000000b739aff370
Event: 15.278 Thread 0x000001da8493f390 DEOPT UNPACKING pc=0x000001daf79323a3 sp=0x000000b739aff260 mode 2
Event: 15.278 Thread 0x000001da8493f390 Uncommon trap: trap_request=0xffffff45 fr.pc=0x000001daf7ed3630 relative=0x0000000000000410
Event: 15.278 Thread 0x000001da8493f390 Uncommon trap: reason=unstable_if action=reinterpret pc=0x000001daf7ed3630 method=java.lang.AbstractStringBuilder.isLatin1()Z @ 10 c2
Event: 15.278 Thread 0x000001da8493f390 DEOPT PACKING pc=0x000001daf7ed3630 sp=0x000000b739aff3f0
Event: 15.278 Thread 0x000001da8493f390 DEOPT UNPACKING pc=0x000001daf79323a3 sp=0x000000b739aff370 mode 2
Event: 15.278 Thread 0x000001da8493f390 Uncommon trap: trap_request=0xffffff45 fr.pc=0x000001daf8119004 relative=0x0000000000000084
Event: 15.278 Thread 0x000001da8493f390 Uncommon trap: reason=unstable_if action=reinterpret pc=0x000001daf8119004 method=java.lang.String.codePointAt(I)I @ 4 c2
Event: 15.278 Thread 0x000001da8493f390 DEOPT PACKING pc=0x000001daf8119004 sp=0x000000b739aff360
Event: 15.278 Thread 0x000001da8493f390 DEOPT UNPACKING pc=0x000001daf79323a3 sp=0x000000b739aff2f8 mode 2
Event: 15.278 Thread 0x000001da8493f390 Uncommon trap: trap_request=0xffffffc6 fr.pc=0x000001daf7fd6744 relative=0x00000000000002a4
Event: 15.278 Thread 0x000001da8493f390 Uncommon trap: reason=bimorphic_or_optimized_type_check action=maybe_recompile pc=0x000001daf7fd6744 method=java.util.regex.Matcher.getTextLength()I @ 4 c2
Event: 15.278 Thread 0x000001da8493f390 DEOPT PACKING pc=0x000001daf7fd6744 sp=0x000000b739aff450
Event: 15.278 Thread 0x000001da8493f390 DEOPT UNPACKING pc=0x000001daf79323a3 sp=0x000000b739aff380 mode 2
Event: 15.278 Thread 0x000001da8493f390 Uncommon trap: trap_request=0xffffff45 fr.pc=0x000001daf7f39c7c relative=0x000000000000015c
Event: 15.278 Thread 0x000001da8493f390 Uncommon trap: reason=unstable_if action=reinterpret pc=0x000001daf7f39c7c method=java.util.regex.Pattern$Start.match(Ljava/util/regex/Matcher;ILjava/lang/CharSequence;)Z @ 10 c2
Event: 15.278 Thread 0x000001da8493f390 DEOPT PACKING pc=0x000001daf7f39c7c sp=0x000000b739aff440
Event: 15.279 Thread 0x000001da8493f390 DEOPT UNPACKING pc=0x000001daf79323a3 sp=0x000000b739aff3c0 mode 2

Classes unloaded (0 events):
No events

Classes redefined (0 events):
No events

Internal exceptions (20 events):
Event: 11.102 Thread 0x000001da84a70f90 Exception <a 'java/lang/NoSuchMethodError'{0x00000000c5b6f100}: 'java.lang.Object java.lang.invoke.Invokers$Holder.linkToTargetMethod(java.lang.Object, java.lang.Object, java.lang.Object, java.lang.Object, java.lang.Object, java.lang.Object, java.lang.Object)'> (0x00000000c5b6f100) 
thrown [s\open\src\hotspot\share\interpreter\linkResolver.cpp, line 759]
Event: 11.303 Thread 0x000001da84a70f90 Exception <a 'java/lang/NoSuchMethodError'{0x00000000c5487d20}: 'java.lang.Object java.lang.invoke.DirectMethodHandle$Holder.invokeVirtual(java.lang.Object, java.lang.Object, java.lang.Object)'> (0x00000000c5487d20) 
thrown [s\open\src\hotspot\share\interpreter\linkResolver.cpp, line 759]
Event: 11.304 Thread 0x000001da84a70f90 Exception <a 'java/lang/NoSuchMethodError'{0x00000000c548f138}: 'void java.lang.invoke.DirectMethodHandle$Holder.invokeSpecial(java.lang.Object, java.lang.Object, java.lang.Object, java.lang.Object, java.lang.Object, java.lang.Object)'> (0x00000000c548f138) 
thrown [s\open\src\hotspot\share\interpreter\linkResolver.cpp, line 759]
Event: 11.307 Thread 0x000001da84a70f90 Exception <a 'java/lang/NoSuchMethodError'{0x00000000c549a6a8}: 'int java.lang.invoke.DirectMethodHandle$Holder.invokeVirtual(java.lang.Object, java.lang.Object)'> (0x00000000c549a6a8) 
thrown [s\open\src\hotspot\share\interpreter\linkResolver.cpp, line 759]
Event: 11.338 Thread 0x000001da84a70f90 Implicit null exception at 0x000001daf7eb4bd5 to 0x000001daf7eb51e8
Event: 14.123 Thread 0x000001da84a70f90 Exception <a 'java/lang/NoClassDefFoundError'{0x00000000c54bb6b8}: org/sonatype/aether/artifact/ArtifactType> (0x00000000c54bb6b8) 
thrown [s\open\src\hotspot\share\classfile\systemDictionary.cpp, line 245]
Event: 14.129 Thread 0x000001da84a70f90 Exception <a 'java/lang/NoClassDefFoundError'{0x00000000c54ed250}: org/sonatype/aether/installation/InstallationException> (0x00000000c54ed250) 
thrown [s\open\src\hotspot\share\classfile\systemDictionary.cpp, line 245]
Event: 14.130 Thread 0x000001da84a70f90 Exception <a 'java/lang/NoClassDefFoundError'{0x00000000c54fa360}: org/sonatype/aether/resolution/ArtifactDescriptorException> (0x00000000c54fa360) 
thrown [s\open\src\hotspot\share\classfile\systemDictionary.cpp, line 245]
Event: 14.132 Thread 0x000001da84a70f90 Exception <a 'java/lang/NoClassDefFoundError'{0x00000000c530f2c8}: org/sonatype/aether/metadata/Metadata> (0x00000000c530f2c8) 
thrown [s\open\src\hotspot\share\classfile\systemDictionary.cpp, line 245]
Event: 14.143 Thread 0x000001da84a70f90 Exception <a 'java/lang/NoClassDefFoundError'{0x00000000c536ff08}: org/sonatype/aether/artifact/Artifact> (0x00000000c536ff08) 
thrown [s\open\src\hotspot\share\classfile\systemDictionary.cpp, line 245]
Event: 14.153 Thread 0x000001da84a70f90 Exception <a 'java/lang/NoClassDefFoundError'{0x00000000c53ca650}: org/sonatype/aether/deployment/DeploymentException> (0x00000000c53ca650) 
thrown [s\open\src\hotspot\share\classfile\systemDictionary.cpp, line 245]
Event: 14.160 Thread 0x000001da84a70f90 Exception <a 'java/lang/NoClassDefFoundError'{0x00000000c5208a98}: org/sonatype/aether/metadata/Metadata> (0x00000000c5208a98) 
thrown [s\open\src\hotspot\share\classfile\systemDictionary.cpp, line 245]
Event: 14.196 Thread 0x000001da8493f390 Exception <a 'java/lang/NoSuchMethodError'{0x00000000c51c1428}: 'java.lang.Object java.lang.invoke.DirectMethodHandle$Holder.invokeStatic(java.lang.Object, java.lang.Object, long, java.lang.Object)'> (0x00000000c51c1428) 
thrown [s\open\src\hotspot\share\interpreter\linkResolver.cpp, line 759]
Event: 14.197 Thread 0x000001da8493f390 Exception <a 'java/lang/NoSuchMethodError'{0x00000000c51c4ec0}: 'java.lang.Object java.lang.invoke.DirectMethodHandle$Holder.invokeStaticInit(java.lang.Object, java.lang.Object, long, java.lang.Object)'> (0x00000000c51c4ec0) 
thrown [s\open\src\hotspot\share\interpreter\linkResolver.cpp, line 759]
Event: 14.198 Thread 0x000001da8493f390 Exception <a 'java/lang/NoSuchMethodError'{0x00000000c51cb5c8}: 'java.lang.Object java.lang.invoke.DirectMethodHandle$Holder.newInvokeSpecial(java.lang.Object, java.lang.Object, long)'> (0x00000000c51cb5c8) 
thrown [s\open\src\hotspot\share\interpreter\linkResolver.cpp, line 759]
Event: 14.198 Thread 0x000001da8493f390 Exception <a 'java/lang/NoSuchMethodError'{0x00000000c51cf138}: 'java.lang.Object java.lang.invoke.Invokers$Holder.linkToTargetMethod(java.lang.Object, long, java.lang.Object)'> (0x00000000c51cf138) 
thrown [s\open\src\hotspot\share\interpreter\linkResolver.cpp, line 759]
Event: 14.321 Thread 0x000001da84a70f90 Exception <a 'java/lang/NoSuchMethodError'{0x00000000c4e6dc78}: 'java.lang.Object java.lang.invoke.DirectMethodHandle$Holder.invokeStaticInit(java.lang.Object, java.lang.Object, int, int, int, int)'> (0x00000000c4e6dc78) 
thrown [s\open\src\hotspot\share\interpreter\linkResolver.cpp, line 759]
Event: 14.368 Thread 0x000001da84a70f90 Exception <a 'java/lang/NoSuchMethodError'{0x00000000c4ce22c8}: 'int java.lang.invoke.DirectMethodHandle$Holder.invokeSpecialIFC(java.lang.Object, java.lang.Object, java.lang.Object, java.lang.Object)'> (0x00000000c4ce22c8) 
thrown [s\open\src\hotspot\share\interpreter\linkResolver.cpp, line 759]
Event: 15.230 Thread 0x000001da84a70f90 Exception <a 'java/lang/NoSuchMethodError'{0x00000000c5d302e0}: 'void java.lang.invoke.DirectMethodHandle$Holder.invokeStatic(java.lang.Object, long)'> (0x00000000c5d302e0) 
thrown [s\open\src\hotspot\share\interpreter\linkResolver.cpp, line 759]
Event: 15.231 Thread 0x000001da84a70f90 Exception <a 'java/lang/NoSuchMethodError'{0x00000000c5d35bd8}: 'java.lang.Object java.lang.invoke.DirectMethodHandle$Holder.newInvokeSpecial(java.lang.Object, long)'> (0x00000000c5d35bd8) 
thrown [s\open\src\hotspot\share\interpreter\linkResolver.cpp, line 759]

VM Operations (20 events):
Event: 14.992 Executing VM operation: HandshakeAllThreads
Event: 14.992 Executing VM operation: HandshakeAllThreads done
Event: 14.997 Executing VM operation: HandshakeAllThreads
Event: 14.997 Executing VM operation: HandshakeAllThreads done
Event: 14.998 Executing VM operation: HandshakeAllThreads
Event: 14.998 Executing VM operation: HandshakeAllThreads done
Event: 15.025 Executing VM operation: HandshakeAllThreads
Event: 15.025 Executing VM operation: HandshakeAllThreads done
Event: 15.064 Executing VM operation: HandshakeAllThreads
Event: 15.064 Executing VM operation: HandshakeAllThreads done
Event: 15.093 Executing VM operation: HandshakeAllThreads
Event: 15.093 Executing VM operation: HandshakeAllThreads done
Event: 15.120 Executing VM operation: G1CollectForAllocation
Event: 15.125 Executing VM operation: G1CollectForAllocation done
Event: 15.233 Executing VM operation: HandshakeAllThreads
Event: 15.233 Executing VM operation: HandshakeAllThreads done
Event: 15.240 Executing VM operation: HandshakeAllThreads
Event: 15.240 Executing VM operation: HandshakeAllThreads done
Event: 16.241 Executing VM operation: Cleanup
Event: 16.241 Executing VM operation: Cleanup done

Events (20 events):
Event: 15.134 loading class java/lang/ProcessImpl done
Event: 15.231 loading class java/lang/ProcessImpl$2
Event: 15.231 loading class java/lang/ProcessImpl$2 done
Event: 15.232 loading class java/lang/Process$PipeInputStream
Event: 15.232 loading class java/lang/Process$PipeInputStream done
Event: 15.233 loading class jdk/internal/event/ProcessStartEvent
Event: 15.234 loading class jdk/internal/event/ProcessStartEvent done
Event: 15.235 loading class java/nio/channels/ClosedChannelException
Event: 15.235 loading class java/nio/channels/ClosedChannelException done
Event: 15.241 loading class java/nio/channels/NonReadableChannelException
Event: 15.242 loading class java/nio/channels/NonReadableChannelException done
Event: 15.243 loading class java/nio/channels/NonWritableChannelException
Event: 15.243 loading class java/nio/channels/NonWritableChannelException done
Event: 15.244 Thread 0x000001da84941070 Thread added: 0x000001da84941070
Event: 15.268 Thread 0x000001da84941540 Thread added: 0x000001da84941540
Event: 15.271 Thread 0x000001da8493f390 Thread added: 0x000001da8493f390
Event: 15.271 loading class java/util/Scanner
Event: 15.273 loading class java/util/Scanner done
Event: 15.276 loading class java/util/Scanner$PatternLRUCache
Event: 15.277 loading class java/util/Scanner$PatternLRUCache done


Dynamic libraries:
0x00007ff7a3d60000 - 0x00007ff7a3d70000 	C:\Program Files\Java\jdk-17\bin\java.exe
0x00007ff991010000 - 0x00007ff991208000 	C:\WINDOWS\SYSTEM32\ntdll.dll
0x00007ff98f900000 - 0x00007ff98f9bd000 	C:\WINDOWS\System32\KERNEL32.DLL
0x00007ff98e6f0000 - 0x00007ff98e9e6000 	C:\WINDOWS\System32\KERNELBASE.dll
0x00007ff98ec80000 - 0x00007ff98ed80000 	C:\WINDOWS\System32\ucrtbase.dll
0x00007ff970d60000 - 0x00007ff970d7b000 	C:\Program Files\Java\jdk-17\bin\VCRUNTIME140.dll
0x00007ff970d80000 - 0x00007ff970d99000 	C:\Program Files\Java\jdk-17\bin\jli.dll
0x00007ff98ff30000 - 0x00007ff98ffdf000 	C:\WINDOWS\System32\ADVAPI32.dll
0x00007ff98f9c0000 - 0x00007ff98fa5e000 	C:\WINDOWS\System32\msvcrt.dll
0x00007ff990f20000 - 0x00007ff990fbc000 	C:\WINDOWS\System32\sechost.dll
0x00007ff990b10000 - 0x00007ff990c36000 	C:\WINDOWS\System32\RPCRT4.dll
0x00007ff990750000 - 0x00007ff9908ee000 	C:\WINDOWS\System32\USER32.dll
0x00007ff98ebe0000 - 0x00007ff98ec02000 	C:\WINDOWS\System32\win32u.dll
0x00007ff9772a0000 - 0x00007ff97753a000 	C:\WINDOWS\WinSxS\amd64_microsoft.windows.common-controls_6595b64144ccf1df_6.0.19041.3636_none_60b6a03d71f818d5\COMCTL32.dll
0x00007ff990c40000 - 0x00007ff990c6c000 	C:\WINDOWS\System32\GDI32.dll
0x00007ff98ea20000 - 0x00007ff98eb3a000 	C:\WINDOWS\System32\gdi32full.dll
0x00007ff98eb40000 - 0x00007ff98ebdd000 	C:\WINDOWS\System32\msvcp_win.dll
0x00007ff987430000 - 0x00007ff98743a000 	C:\WINDOWS\SYSTEM32\VERSION.dll
0x00007ff9713c0000 - 0x00007ff9713cc000 	C:\Program Files\Java\jdk-17\bin\vcruntime140_1.dll
0x00007ff970c90000 - 0x00007ff970d1e000 	C:\Program Files\Java\jdk-17\bin\msvcp140.dll
0x00007ff9700b0000 - 0x00007ff970c8e000 	C:\Program Files\Java\jdk-17\bin\server\jvm.dll
0x00007ff990b00000 - 0x00007ff990b08000 	C:\WINDOWS\System32\PSAPI.DLL
0x00007ff9700a0000 - 0x00007ff9700a9000 	C:\WINDOWS\SYSTEM32\WSOCK32.dll
0x00007ff970070000 - 0x00007ff970097000 	C:\WINDOWS\SYSTEM32\WINMM.dll
0x00007ff98f070000 - 0x00007ff98f0db000 	C:\WINDOWS\System32\WS2_32.dll
0x00007ff98c5b0000 - 0x00007ff98c5c2000 	C:\WINDOWS\SYSTEM32\kernel.appcore.dll
0x00007ff970050000 - 0x00007ff97005a000 	C:\Program Files\Java\jdk-17\bin\jimage.dll
0x00007ff97b070000 - 0x00007ff97b254000 	C:\WINDOWS\SYSTEM32\DBGHELP.DLL
0x00007ff97ae40000 - 0x00007ff97ae74000 	C:\WINDOWS\SYSTEM32\dbgcore.DLL
0x00007ff98ee80000 - 0x00007ff98ef02000 	C:\WINDOWS\System32\bcryptPrimitives.dll
0x00007ff970020000 - 0x00007ff970045000 	C:\Program Files\Java\jdk-17\bin\java.dll
0x00007ff96fc10000 - 0x00007ff96fce7000 	C:\Program Files\Java\jdk-17\bin\jsvml.dll
0x00007ff98f0e0000 - 0x00007ff98f824000 	C:\WINDOWS\System32\SHELL32.dll
0x00007ff98c7b0000 - 0x00007ff98cf4b000 	C:\WINDOWS\SYSTEM32\windows.storage.dll
0x00007ff9900f0000 - 0x00007ff990444000 	C:\WINDOWS\System32\combase.dll
0x00007ff98e060000 - 0x00007ff98e08d000 	C:\WINDOWS\SYSTEM32\Wldp.dll
0x00007ff990020000 - 0x00007ff9900cd000 	C:\WINDOWS\System32\SHCORE.dll
0x00007ff98fa60000 - 0x00007ff98fab5000 	C:\WINDOWS\System32\shlwapi.dll
0x00007ff98e620000 - 0x00007ff98e645000 	C:\WINDOWS\SYSTEM32\profapi.dll
0x00007ff96f320000 - 0x00007ff96f339000 	C:\Program Files\Java\jdk-17\bin\net.dll
0x00007ff97e880000 - 0x00007ff97e98a000 	C:\WINDOWS\SYSTEM32\WINHTTP.dll
0x00007ff98ddc0000 - 0x00007ff98de2a000 	C:\WINDOWS\system32\mswsock.dll
0x00007ff96ee60000 - 0x00007ff96ee76000 	C:\Program Files\Java\jdk-17\bin\nio.dll
0x00007ff96ee20000 - 0x00007ff96ee38000 	C:\Program Files\Java\jdk-17\bin\zip.dll
0x00007ff98dab0000 - 0x00007ff98daeb000 	C:\WINDOWS\SYSTEM32\IPHLPAPI.DLL
0x00007ff990fc0000 - 0x00007ff990fc8000 	C:\WINDOWS\System32\NSI.dll
0x00007ff97efb0000 - 0x00007ff97efc7000 	C:\WINDOWS\SYSTEM32\dhcpcsvc6.DLL
0x00007ff980850000 - 0x00007ff98086d000 	C:\WINDOWS\SYSTEM32\dhcpcsvc.DLL
0x00007ff98daf0000 - 0x00007ff98dbba000 	C:\WINDOWS\SYSTEM32\DNSAPI.dll
0x00007ff96b1b0000 - 0x00007ff96b341000 	C:\Program Files\Java\jdk-17\bin\awt.dll
0x00007ff98f830000 - 0x00007ff98f8fd000 	C:\WINDOWS\System32\OLEAUT32.dll
0x00007ff98c030000 - 0x00007ff98c0c0000 	C:\WINDOWS\SYSTEM32\apphelp.dll
0x00007ff97c930000 - 0x00007ff97c940000 	C:\Program Files\Java\jdk-17\bin\verify.dll
0x0000000069ac0000 - 0x0000000069ae4000 	C:\Windows\Temp\jansi-2.4.0-9274c14e4a04ab5d-jansi.dll
0x00007ff98dfb0000 - 0x00007ff98dfc8000 	C:\WINDOWS\SYSTEM32\CRYPTSP.dll
0x00007ff98d6f0000 - 0x00007ff98d724000 	C:\WINDOWS\system32\rsaenh.dll
0x00007ff98e9f0000 - 0x00007ff98ea17000 	C:\WINDOWS\System32\bcrypt.dll
0x00007ff98dfd0000 - 0x00007ff98dfdc000 	C:\WINDOWS\SYSTEM32\CRYPTBASE.dll

dbghelp: loaded successfully - version: 4.0.5 - missing functions: none
symbol engine: initialized successfully - sym options: 0x614 - pdb path: .;C:\Program Files\Java\jdk-17\bin;C:\WINDOWS\SYSTEM32;C:\WINDOWS\WinSxS\amd64_microsoft.windows.common-controls_6595b64144ccf1df_6.0.19041.3636_none_60b6a03d71f818d5;C:\Program Files\Java\jdk-17\bin\server;C:\Windows\Temp

VM Arguments:
java_command: jenkins.maven3.agent.Maven35Main C:\Maven\apache-maven-3.9.2 C:\ProgramData\Jenkins\war\WEB-INF\lib\remoting-3131.vf2b_b_798b_ce99.jar C:\ProgramData\Jenkins\.jenkins\plugins\maven-plugin\WEB-INF\lib\maven35-interceptor-1.14.jar C:\ProgramData\Jenkins\.jenkins\plugins\maven-plugin\WEB-INF\lib\maven3-interceptor-commons-1.14.jar 51810
java_class_path (initial): C:\ProgramData\Jenkins\.jenkins\plugins\maven-plugin\WEB-INF\lib\maven35-agent-1.14.jar;C:\Maven\apache-maven-3.9.2\boot\plexus-classworlds-2.7.0.jar;C:\Maven\apache-maven-3.9.2/conf/logging
Launcher Type: SUN_STANDARD

[Global flags]
     intx CICompilerCount                          = 3                                         {product} {ergonomic}
     uint ConcGCThreads                            = 1                                         {product} {ergonomic}
     uint G1ConcRefinementThreads                  = 4                                         {product} {ergonomic}
   size_t G1HeapRegionSize                         = 1048576                                   {product} {ergonomic}
    uintx GCDrainStackTargetSize                   = 64                                        {product} {ergonomic}
   size_t InitialHeapSize                          = 67108864                                  {product} {ergonomic}
   size_t MarkStackSize                            = 4194304                                   {product} {ergonomic}
   size_t MaxHeapSize                              = 1042284544                                {product} {ergonomic}
   size_t MaxNewSize                               = 624951296                                 {product} {ergonomic}
   size_t MinHeapDeltaBytes                        = 1048576                                   {product} {ergonomic}
   size_t MinHeapSize                              = 8388608                                   {product} {ergonomic}
    uintx NonNMethodCodeHeapSize                   = 5832780                                {pd product} {ergonomic}
    uintx NonProfiledCodeHeapSize                  = 122912730                              {pd product} {ergonomic}
    uintx ProfiledCodeHeapSize                     = 122912730                              {pd product} {ergonomic}
    uintx ReservedCodeCacheSize                    = 251658240                              {pd product} {ergonomic}
     bool SegmentedCodeCache                       = true                                      {product} {ergonomic}
   size_t SoftMaxHeapSize                          = 1042284544                             {manageable} {ergonomic}
     bool UseCompressedClassPointers               = true                           {product lp64_product} {ergonomic}
     bool UseCompressedOops                        = true                           {product lp64_product} {ergonomic}
     bool UseG1GC                                  = true                                      {product} {ergonomic}
     bool UseLargePagesIndividualAllocation        = false                                  {pd product} {ergonomic}

Logging:
Log output configuration:
 #0: stdout all=warning uptime,level,tags
 #1: stderr all=off uptime,level,tags

Environment Variables:
JAVA_HOME=C:\Program Files\Java\jdk-17
PATH=C:\Maven\apache-maven-3.9.2/bin;C:\Program Files\Java\jdk-17/bin;C:\Program Files\Java\jdk-17/bin;C:\Program Files\Common Files\Oracle\Java\javapath;C:\Program Files (x86)\Common Files\Oracle\Java\javapath;C:\WINDOWS\system32;C:\WINDOWS;C:\WINDOWS\System32\Wbem;C:\WINDOWS\System32\WindowsPowerShell\v1.0\;C:\WINDOWS\System32\OpenSSH\;C:\Program Files\Git\cmd;C:\Maven\apache-maven-3.9.2\bin;C:\Program Files\Java\jdk-17\bin;C:\WINDOWS\system32\config\systemprofile\AppData\Local\Microsoft\WindowsApps
USERNAME=DESKTOP-RFGG51U$
OS=Windows_NT
PROCESSOR_IDENTIFIER=Intel64 Family 6 Model 78 Stepping 3, GenuineIntel



---------------  S Y S T E M  ---------------

OS:
 Windows 10 , 64 bit Build 19041 (10.0.19041.3636)
OS uptime: 12 days 5:22 hours

CPU: total 4 (initial active 4) (2 cores per cpu, 2 threads per core) family 6 model 78 stepping 3 microcode 0xcc, cx8, cmov, fxsr, ht, mmx, 3dnowpref, sse, sse2, sse3, ssse3, sse4.1, sse4.2, popcnt, lzcnt, tsc, tscinvbit, avx, avx2, aes, erms, clmul, bmi1, bmi2, adx, fma, vzeroupper, clflush, clflushopt

Memory: 4k page, system-wide physical 3970M (265M free)
TotalPageFile size 16258M (AvailPageFile size 0M)
current process WorkingSet (physical memory assigned to process): 155M, peak: 173M
current process commit charge ("private bytes"): 192M, peak: 206M

vm_info: Java HotSpot(TM) 64-Bit Server VM (17.0.8+9-LTS-211) for windows-amd64 JRE (17.0.8+9-LTS-211), built on Jun 14 2023 10:34:31 by "mach5one" with MS VC++ 17.1 (VS2022)

END.
