#
# There is insufficient memory for the Java Runtime Environment to continue.
# Native memory allocation (malloc) failed to allocate 670576 bytes for Chunk::new
# Possible reasons:
#   The system is out of physical RAM or swap space
#   The process is running with CompressedOops enabled, and the Java Heap may be blocking the growth of the native heap
# Possible solutions:
#   Reduce memory load on the system
#   Increase physical memory or swap space
#   Check if swap backing store is full
#   Decrease Java heap size (-Xmx/-Xms)
#   Decrease number of Java threads
#   Decrease Java thread stack sizes (-Xss)
#   Set larger code cache with -XX:ReservedCodeCacheSize=
#   JVM is running with Unscaled Compressed Oops mode in which the Java heap is
#     placed in the first 4GB address space. The Java Heap base address is the
#     maximum limit for the native heap growth. Please use -XX:HeapBaseMinAddress
#     to set the Java Heap base and to place the Java Heap above 4GB virtual address.
# This output file may be truncated or incomplete.
#
#  Out of Memory Error (arena.cpp:189), pid=19864, tid=21676
#
# JRE version: Java(TM) SE Runtime Environment (17.0.8+9) (build 17.0.8+9-LTS-211)
# Java VM: Java HotSpot(TM) 64-Bit Server VM (17.0.8+9-LTS-211, mixed mode, sharing, tiered, compressed oops, compressed class ptrs, g1 gc, windows-amd64)
# No core dump will be written. Minidumps are not enabled by default on client versions of Windows
#

---------------  S U M M A R Y ------------

Command Line: jenkins.maven3.agent.Maven35Main C:\Maven\apache-maven-3.9.2 C:\ProgramData\Jenkins\war\WEB-INF\lib\remoting-3131.vf2b_b_798b_ce99.jar C:\ProgramData\Jenkins\.jenkins\plugins\maven-plugin\WEB-INF\lib\maven35-interceptor-1.14.jar C:\ProgramData\Jenkins\.jenkins\plugins\maven-plugin\WEB-INF\lib\maven3-interceptor-commons-1.14.jar 51297

Host: Intel(R) Core(TM) i3-6006U CPU @ 2.00GHz, 4 cores, 3G,  Windows 10 , 64 bit Build 19041 (10.0.19041.3636)
Time: Thu Dec  7 18:17:49 2023 India Standard Time elapsed time: 23.438088 seconds (0d 0h 0m 23s)

---------------  T H R E A D  ---------------

Current thread (0x000002c1adb2dbc0):  JavaThread "C2 CompilerThread0" daemon [_thread_in_native, id=21676, stack(0x000000d7c2800000,0x000000d7c2900000)]


Current CompileTask:
C2:  23438 2914       4       java.net.URLStreamHandler::parseURL (1201 bytes)

Stack: [0x000000d7c2800000,0x000000d7c2900000]
Native frames: (J=compiled Java code, j=interpreted, Vv=VM code, C=native code)
V  [jvm.dll+0x677d0a]
V  [jvm.dll+0x7d8c54]
V  [jvm.dll+0x7da3fe]
V  [jvm.dll+0x7daa63]
V  [jvm.dll+0x245c5f]
V  [jvm.dll+0xaaa6b]
V  [jvm.dll+0xab00c]
V  [jvm.dll+0x361e3f]
V  [jvm.dll+0x32c551]
V  [jvm.dll+0x32b9ea]
V  [jvm.dll+0x217fff]
V  [jvm.dll+0x217431]
V  [jvm.dll+0x1a3af0]
V  [jvm.dll+0x2270be]
V  [jvm.dll+0x22535b]
V  [jvm.dll+0x78e7bc]
V  [jvm.dll+0x788bba]
V  [jvm.dll+0x676b35]
C  [ucrtbase.dll+0x21bb2]
C  [KERNEL32.DLL+0x17344]
C  [ntdll.dll+0x526b1]


---------------  P R O C E S S  ---------------

Threads class SMR info:
_java_thread_list=0x000002c1c997e010, length=22, elements={
0x000002c1ada56be0, 0x000002c1adb14420, 0x000002c1adb16140, 0x000002c1adb29000,
0x000002c1adb29ac0, 0x000002c1adb2c480, 0x000002c1adb2ce30, 0x000002c1adb2dbc0,
0x000002c1adb3e950, 0x000002c1c946fae0, 0x000002c1c9635300, 0x000002c1c963e490,
0x000002c1c994ce00, 0x000002c1c994dc80, 0x000002c1c9954f10, 0x000002c1c99553e0,
0x000002c1c99558b0, 0x000002c1c9963040, 0x000002c1c9970b80, 0x000002c1c9971460,
0x000002c1c9977de0, 0x000002c1c9978c50
}

Java Threads: ( => current thread )
  0x000002c1ada56be0 JavaThread "main" [_thread_blocked, id=21580, stack(0x000000d7c1b00000,0x000000d7c1c00000)]
  0x000002c1adb14420 JavaThread "Reference Handler" daemon [_thread_blocked, id=21648, stack(0x000000d7c2200000,0x000000d7c2300000)]
  0x000002c1adb16140 JavaThread "Finalizer" daemon [_thread_blocked, id=21652, stack(0x000000d7c2300000,0x000000d7c2400000)]
  0x000002c1adb29000 JavaThread "Signal Dispatcher" daemon [_thread_blocked, id=21660, stack(0x000000d7c2400000,0x000000d7c2500000)]
  0x000002c1adb29ac0 JavaThread "Attach Listener" daemon [_thread_blocked, id=21664, stack(0x000000d7c2500000,0x000000d7c2600000)]
  0x000002c1adb2c480 JavaThread "Service Thread" daemon [_thread_blocked, id=21668, stack(0x000000d7c2600000,0x000000d7c2700000)]
  0x000002c1adb2ce30 JavaThread "Monitor Deflation Thread" daemon [_thread_blocked, id=21672, stack(0x000000d7c2700000,0x000000d7c2800000)]
=>0x000002c1adb2dbc0 JavaThread "C2 CompilerThread0" daemon [_thread_in_native, id=21676, stack(0x000000d7c2800000,0x000000d7c2900000)]
  0x000002c1adb3e950 JavaThread "C1 CompilerThread0" daemon [_thread_blocked, id=21680, stack(0x000000d7c2900000,0x000000d7c2a00000)]
  0x000002c1c946fae0 JavaThread "Sweeper thread" daemon [_thread_blocked, id=21684, stack(0x000000d7c2a00000,0x000000d7c2b00000)]
  0x000002c1c9635300 JavaThread "Notification Thread" daemon [_thread_blocked, id=21720, stack(0x000000d7c2b00000,0x000000d7c2c00000)]
  0x000002c1c963e490 JavaThread "Common-Cleaner" daemon [_thread_blocked, id=21728, stack(0x000000d7c2d00000,0x000000d7c2e00000)]
  0x000002c1c994ce00 JavaThread "RemoteInvocationHandler [#1]" daemon [_thread_blocked, id=21788, stack(0x000000d7c2e00000,0x000000d7c2f00000)]
  0x000002c1c994dc80 JavaThread "Channel reader thread: channel" [_thread_in_native, id=21792, stack(0x000000d7c2f00000,0x000000d7c3000000)]
  0x000002c1c9954f10 JavaThread "pool-1-thread-1" [_thread_blocked, id=21800, stack(0x000000d7c3000000,0x000000d7c3100000)]
  0x000002c1c99553e0 JavaThread "pool-1-thread-2 for channel id=819" [_thread_in_vm, id=21804, stack(0x000000d7c3100000,0x000000d7c3200000)]
  0x000002c1c99558b0 JavaThread "pool-1-thread-3" [_thread_blocked, id=21808, stack(0x000000d7c3200000,0x000000d7c3300000)]
  0x000002c1c9963040 JavaThread "pool-1-thread-4" [_thread_blocked, id=21816, stack(0x000000d7c3300000,0x000000d7c3400000)]
  0x000002c1c9970b80 JavaThread "pool-1-thread-5" [_thread_blocked, id=21820, stack(0x000000d7c3400000,0x000000d7c3500000)]
  0x000002c1c9971460 JavaThread "pool-1-thread-6" [_thread_blocked, id=21824, stack(0x000000d7c3500000,0x000000d7c3600000)]
  0x000002c1c9977de0 JavaThread "pool-1-thread-7" [_thread_blocked, id=21828, stack(0x000000d7c3600000,0x000000d7c3700000)]
  0x000002c1c9978c50 JavaThread "pool-1-thread-8" [_thread_blocked, id=21832, stack(0x000000d7c3700000,0x000000d7c3800000)]

Other Threads:
  0x000002c1adb0d7c0 VMThread "VM Thread" [stack: 0x000000d7c2100000,0x000000d7c2200000] [id=21640]
  0x000002c1c963d7e0 WatcherThread [stack: 0x000000d7c2c00000,0x000000d7c2d00000] [id=21724]
  0x000002c1ada94840 GCTaskThread "GC Thread#0" [stack: 0x000000d7c1c00000,0x000000d7c1d00000] [id=21604]
  0x000002c1c94d56e0 GCTaskThread "GC Thread#1" [stack: 0x000000d7c3800000,0x000000d7c3900000] [id=22492]
  0x000002c1c96e3f10 GCTaskThread "GC Thread#2" [stack: 0x000000d7c3900000,0x000000d7c3a00000] [id=22496]
  0x000002c1c96e41c0 GCTaskThread "GC Thread#3" [stack: 0x000000d7c3a00000,0x000000d7c3b00000] [id=22500]
  0x000002c1ada9d3c0 ConcurrentGCThread "G1 Main Marker" [stack: 0x000000d7c1d00000,0x000000d7c1e00000] [id=21608]
  0x000002c1ada9ede0 ConcurrentGCThread "G1 Conc#0" [stack: 0x000000d7c1e00000,0x000000d7c1f00000] [id=21612]
  0x000002c1adaeb050 ConcurrentGCThread "G1 Refine#0" [stack: 0x000000d7c1f00000,0x000000d7c2000000] [id=21616]
  0x000002c1adaeba70 ConcurrentGCThread "G1 Service" [stack: 0x000000d7c2000000,0x000000d7c2100000] [id=21620]

Threads with active compile tasks:
C2 CompilerThread0    23482 2914       4       java.net.URLStreamHandler::parseURL (1201 bytes)

VM state: not at safepoint (normal execution)

VM Mutex/Monitor currently owned by a thread: None

Heap address: 0x00000000c1e00000, size: 994 MB, Compressed Oops mode: 32-bit

CDS archive(s) mapped at: [0x000002c1ca000000-0x000002c1cabd0000-0x000002c1cabd0000), size 12386304, SharedBaseAddress: 0x000002c1ca000000, ArchiveRelocationMode: 1.
Compressed class space mapped at: 0x000002c1cb000000-0x000002c20b000000, reserved size: 1073741824
Narrow klass base: 0x000002c1ca000000, Narrow klass shift: 0, Narrow klass range: 0x100000000

GC Precious Log:
 CPUs: 4 total, 4 available
 Memory: 3970M
 Large Page Support: Disabled
 NUMA Support: Disabled
 Compressed Oops: Enabled (32-bit)
 Heap Region Size: 1M
 Heap Min Capacity: 8M
 Heap Initial Capacity: 64M
 Heap Max Capacity: 994M
 Pre-touch: Disabled
 Parallel Workers: 4
 Concurrent Workers: 1
 Concurrent Refinement Workers: 4
 Periodic GC: Disabled

Heap:
 garbage-first heap   total 65536K, used 18320K [0x00000000c1e00000, 0x0000000100000000)
  region size 1024K, 12 young (12288K), 5 survivors (5120K)
 Metaspace       used 16134K, committed 16448K, reserved 1114112K
  class space    used 1938K, committed 2112K, reserved 1048576K

Heap Regions: E=young(eden), S=young(survivor), O=old, HS=humongous(starts), HC=humongous(continues), CS=collection set, F=free, OA=open archive, CA=closed archive, TAMS=top-at-mark-start (previous, next)
|   0|0x00000000c1e00000, 0x00000000c1f00000, 0x00000000c1f00000|100%|HS|  |TAMS 0x00000000c1e00000, 0x00000000c1e00000| Complete 
|   1|0x00000000c1f00000, 0x00000000c2000000, 0x00000000c2000000|100%|HC|  |TAMS 0x00000000c1f00000, 0x00000000c1f00000| Complete 
|   2|0x00000000c2000000, 0x00000000c2100000, 0x00000000c2100000|100%|HS|  |TAMS 0x00000000c2000000, 0x00000000c2000000| Complete 
|   3|0x00000000c2100000, 0x00000000c2200000, 0x00000000c2200000|100%|HC|  |TAMS 0x00000000c2100000, 0x00000000c2100000| Complete 
|   4|0x00000000c2200000, 0x00000000c2300000, 0x00000000c2300000|100%| O|  |TAMS 0x00000000c2200000, 0x00000000c2200000| Untracked 
|   5|0x00000000c2300000, 0x00000000c2400000, 0x00000000c2400000|100%| O|  |TAMS 0x00000000c2300000, 0x00000000c2300000| Untracked 
|   6|0x00000000c2400000, 0x00000000c2500000, 0x00000000c2500000|100%| O|  |TAMS 0x00000000c2400000, 0x00000000c2400000| Untracked 
|   7|0x00000000c2500000, 0x00000000c257f400, 0x00000000c2600000| 49%| O|  |TAMS 0x00000000c2500000, 0x00000000c2500000| Untracked 
|   8|0x00000000c2600000, 0x00000000c2600000, 0x00000000c2700000|  0%| F|  |TAMS 0x00000000c2600000, 0x00000000c2600000| Untracked 
|   9|0x00000000c2700000, 0x00000000c2700000, 0x00000000c2800000|  0%| F|  |TAMS 0x00000000c2700000, 0x00000000c2700000| Untracked 
|  10|0x00000000c2800000, 0x00000000c2800000, 0x00000000c2900000|  0%| F|  |TAMS 0x00000000c2800000, 0x00000000c2800000| Untracked 
|  11|0x00000000c2900000, 0x00000000c2900000, 0x00000000c2a00000|  0%| F|  |TAMS 0x00000000c2900000, 0x00000000c2900000| Untracked 
|  12|0x00000000c2a00000, 0x00000000c2a00000, 0x00000000c2b00000|  0%| F|  |TAMS 0x00000000c2a00000, 0x00000000c2a00000| Untracked 
|  13|0x00000000c2b00000, 0x00000000c2b00000, 0x00000000c2c00000|  0%| F|  |TAMS 0x00000000c2b00000, 0x00000000c2b00000| Untracked 
|  14|0x00000000c2c00000, 0x00000000c2c00000, 0x00000000c2d00000|  0%| F|  |TAMS 0x00000000c2c00000, 0x00000000c2c00000| Untracked 
|  15|0x00000000c2d00000, 0x00000000c2d00000, 0x00000000c2e00000|  0%| F|  |TAMS 0x00000000c2d00000, 0x00000000c2d00000| Untracked 
|  16|0x00000000c2e00000, 0x00000000c2e00000, 0x00000000c2f00000|  0%| F|  |TAMS 0x00000000c2e00000, 0x00000000c2e00000| Untracked 
|  17|0x00000000c2f00000, 0x00000000c2f00000, 0x00000000c3000000|  0%| F|  |TAMS 0x00000000c2f00000, 0x00000000c2f00000| Untracked 
|  18|0x00000000c3000000, 0x00000000c3000000, 0x00000000c3100000|  0%| F|  |TAMS 0x00000000c3000000, 0x00000000c3000000| Untracked 
|  19|0x00000000c3100000, 0x00000000c3100000, 0x00000000c3200000|  0%| F|  |TAMS 0x00000000c3100000, 0x00000000c3100000| Untracked 
|  20|0x00000000c3200000, 0x00000000c3200000, 0x00000000c3300000|  0%| F|  |TAMS 0x00000000c3200000, 0x00000000c3200000| Untracked 
|  21|0x00000000c3300000, 0x00000000c3300000, 0x00000000c3400000|  0%| F|  |TAMS 0x00000000c3300000, 0x00000000c3300000| Untracked 
|  22|0x00000000c3400000, 0x00000000c3400000, 0x00000000c3500000|  0%| F|  |TAMS 0x00000000c3400000, 0x00000000c3400000| Untracked 
|  23|0x00000000c3500000, 0x00000000c3564ed8, 0x00000000c3600000| 39%| S|CS|TAMS 0x00000000c3500000, 0x00000000c3500000| Complete 
|  24|0x00000000c3600000, 0x00000000c3700000, 0x00000000c3700000|100%| S|CS|TAMS 0x00000000c3600000, 0x00000000c3600000| Complete 
|  25|0x00000000c3700000, 0x00000000c3800000, 0x00000000c3800000|100%| S|CS|TAMS 0x00000000c3700000, 0x00000000c3700000| Complete 
|  26|0x00000000c3800000, 0x00000000c3900000, 0x00000000c3900000|100%| S|CS|TAMS 0x00000000c3800000, 0x00000000c3800000| Complete 
|  27|0x00000000c3900000, 0x00000000c3a00000, 0x00000000c3a00000|100%| S|CS|TAMS 0x00000000c3900000, 0x00000000c3900000| Complete 
|  28|0x00000000c3a00000, 0x00000000c3a00000, 0x00000000c3b00000|  0%| F|  |TAMS 0x00000000c3a00000, 0x00000000c3a00000| Untracked 
|  29|0x00000000c3b00000, 0x00000000c3b00000, 0x00000000c3c00000|  0%| F|  |TAMS 0x00000000c3b00000, 0x00000000c3b00000| Untracked 
|  30|0x00000000c3c00000, 0x00000000c3c00000, 0x00000000c3d00000|  0%| F|  |TAMS 0x00000000c3c00000, 0x00000000c3c00000| Untracked 
|  31|0x00000000c3d00000, 0x00000000c3d00000, 0x00000000c3e00000|  0%| F|  |TAMS 0x00000000c3d00000, 0x00000000c3d00000| Untracked 
|  32|0x00000000c3e00000, 0x00000000c3e00000, 0x00000000c3f00000|  0%| F|  |TAMS 0x00000000c3e00000, 0x00000000c3e00000| Untracked 
|  33|0x00000000c3f00000, 0x00000000c3f00000, 0x00000000c4000000|  0%| F|  |TAMS 0x00000000c3f00000, 0x00000000c3f00000| Untracked 
|  34|0x00000000c4000000, 0x00000000c4000000, 0x00000000c4100000|  0%| F|  |TAMS 0x00000000c4000000, 0x00000000c4000000| Untracked 
|  35|0x00000000c4100000, 0x00000000c4100000, 0x00000000c4200000|  0%| F|  |TAMS 0x00000000c4100000, 0x00000000c4100000| Untracked 
|  36|0x00000000c4200000, 0x00000000c4200000, 0x00000000c4300000|  0%| F|  |TAMS 0x00000000c4200000, 0x00000000c4200000| Untracked 
|  37|0x00000000c4300000, 0x00000000c4300000, 0x00000000c4400000|  0%| F|  |TAMS 0x00000000c4300000, 0x00000000c4300000| Untracked 
|  38|0x00000000c4400000, 0x00000000c4400000, 0x00000000c4500000|  0%| F|  |TAMS 0x00000000c4400000, 0x00000000c4400000| Untracked 
|  39|0x00000000c4500000, 0x00000000c4500000, 0x00000000c4600000|  0%| F|  |TAMS 0x00000000c4500000, 0x00000000c4500000| Untracked 
|  40|0x00000000c4600000, 0x00000000c4600000, 0x00000000c4700000|  0%| F|  |TAMS 0x00000000c4600000, 0x00000000c4600000| Untracked 
|  41|0x00000000c4700000, 0x00000000c4700000, 0x00000000c4800000|  0%| F|  |TAMS 0x00000000c4700000, 0x00000000c4700000| Untracked 
|  42|0x00000000c4800000, 0x00000000c4800000, 0x00000000c4900000|  0%| F|  |TAMS 0x00000000c4800000, 0x00000000c4800000| Untracked 
|  43|0x00000000c4900000, 0x00000000c4900000, 0x00000000c4a00000|  0%| F|  |TAMS 0x00000000c4900000, 0x00000000c4900000| Untracked 
|  44|0x00000000c4a00000, 0x00000000c4a00000, 0x00000000c4b00000|  0%| F|  |TAMS 0x00000000c4a00000, 0x00000000c4a00000| Untracked 
|  45|0x00000000c4b00000, 0x00000000c4b00000, 0x00000000c4c00000|  0%| F|  |TAMS 0x00000000c4b00000, 0x00000000c4b00000| Untracked 
|  46|0x00000000c4c00000, 0x00000000c4c00000, 0x00000000c4d00000|  0%| F|  |TAMS 0x00000000c4c00000, 0x00000000c4c00000| Untracked 
|  47|0x00000000c4d00000, 0x00000000c4d00000, 0x00000000c4e00000|  0%| F|  |TAMS 0x00000000c4d00000, 0x00000000c4d00000| Untracked 
|  48|0x00000000c4e00000, 0x00000000c4e00000, 0x00000000c4f00000|  0%| F|  |TAMS 0x00000000c4e00000, 0x00000000c4e00000| Untracked 
|  49|0x00000000c4f00000, 0x00000000c4f00000, 0x00000000c5000000|  0%| F|  |TAMS 0x00000000c4f00000, 0x00000000c4f00000| Untracked 
|  50|0x00000000c5000000, 0x00000000c5000000, 0x00000000c5100000|  0%| F|  |TAMS 0x00000000c5000000, 0x00000000c5000000| Untracked 
|  51|0x00000000c5100000, 0x00000000c5100000, 0x00000000c5200000|  0%| F|  |TAMS 0x00000000c5100000, 0x00000000c5100000| Untracked 
|  52|0x00000000c5200000, 0x00000000c5200000, 0x00000000c5300000|  0%| F|  |TAMS 0x00000000c5200000, 0x00000000c5200000| Untracked 
|  53|0x00000000c5300000, 0x00000000c5300000, 0x00000000c5400000|  0%| F|  |TAMS 0x00000000c5300000, 0x00000000c5300000| Untracked 
|  54|0x00000000c5400000, 0x00000000c5400000, 0x00000000c5500000|  0%| F|  |TAMS 0x00000000c5400000, 0x00000000c5400000| Untracked 
|  55|0x00000000c5500000, 0x00000000c5500000, 0x00000000c5600000|  0%| F|  |TAMS 0x00000000c5500000, 0x00000000c5500000| Untracked 
|  56|0x00000000c5600000, 0x00000000c5680800, 0x00000000c5700000| 50%| E|  |TAMS 0x00000000c5600000, 0x00000000c5600000| Complete 
|  57|0x00000000c5700000, 0x00000000c5800000, 0x00000000c5800000|100%| E|CS|TAMS 0x00000000c5700000, 0x00000000c5700000| Complete 
|  58|0x00000000c5800000, 0x00000000c5900000, 0x00000000c5900000|100%| E|CS|TAMS 0x00000000c5800000, 0x00000000c5800000| Complete 
|  59|0x00000000c5900000, 0x00000000c5a00000, 0x00000000c5a00000|100%| E|CS|TAMS 0x00000000c5900000, 0x00000000c5900000| Complete 
|  60|0x00000000c5a00000, 0x00000000c5b00000, 0x00000000c5b00000|100%| E|CS|TAMS 0x00000000c5a00000, 0x00000000c5a00000| Complete 
|  61|0x00000000c5b00000, 0x00000000c5c00000, 0x00000000c5c00000|100%| E|CS|TAMS 0x00000000c5b00000, 0x00000000c5b00000| Complete 
|  62|0x00000000c5c00000, 0x00000000c5d00000, 0x00000000c5d00000|100%| E|CS|TAMS 0x00000000c5c00000, 0x00000000c5c00000| Complete 
|  63|0x00000000c5d00000, 0x00000000c5e00000, 0x00000000c5e00000|100%| E|CS|TAMS 0x00000000c5d00000, 0x00000000c5d00000| Complete 

Card table byte_map: [0x000002c1c4b30000,0x000002c1c4d30000] _byte_map_base: 0x000002c1c4521000

Marking Bits (Prev, Next): (CMBitMap*) 0x000002c1ada94e50, (CMBitMap*) 0x000002c1ada94e90
 Prev Bits: [0x000002c1c4f30000, 0x000002c1c5eb8000)
 Next Bits: [0x000002c1c5ec0000, 0x000002c1c6e48000)

Polling page: 0x000002c1ad580000

Metaspace:

Usage:
  Non-class:     13.87 MB used.
      Class:      1.89 MB used.
       Both:     15.77 MB used.

Virtual space:
  Non-class space:       64.00 MB reserved,      14.00 MB ( 22%) committed,  1 nodes.
      Class space:        1.00 GB reserved,       2.06 MB ( <1%) committed,  1 nodes.
             Both:        1.06 GB reserved,      16.06 MB (  1%) committed. 

Chunk freelists:
   Non-Class:  2.01 MB
       Class:  13.95 MB
        Both:  15.96 MB

MaxMetaspaceSize: unlimited
CompressedClassSpaceSize: 1.00 GB
Initial GC threshold: 21.00 MB
Current GC threshold: 21.00 MB
CDS: on
MetaspaceReclaimPolicy: balanced
 - commit_granule_bytes: 65536.
 - commit_granule_words: 8192.
 - virtual_space_node_default_size: 8388608.
 - enlarge_chunks_in_place: 1.
 - new_chunks_are_fully_committed: 0.
 - uncommit_free_chunks: 1.
 - use_allocation_guard: 0.
 - handle_deallocations: 1.


Internal statistics:

num_allocs_failed_limit: 0.
num_arena_births: 290.
num_arena_deaths: 0.
num_vsnodes_births: 2.
num_vsnodes_deaths: 0.
num_space_committed: 257.
num_space_uncommitted: 0.
num_chunks_returned_to_freelist: 0.
num_chunks_taken_from_freelist: 948.
num_chunk_merges: 0.
num_chunk_splits: 581.
num_chunks_enlarged: 343.
num_purges: 0.
num_inconsistent_stats: 0.

CodeHeap 'non-profiled nmethods': size=120000Kb used=1190Kb max_used=1190Kb free=118809Kb
 bounds [0x000002c1bcde0000, 0x000002c1bd050000, 0x000002c1c4310000]
CodeHeap 'profiled nmethods': size=120000Kb used=6115Kb max_used=6115Kb free=113884Kb
 bounds [0x000002c1b5310000, 0x000002c1b5910000, 0x000002c1bc840000]
CodeHeap 'non-nmethods': size=5760Kb used=1178Kb max_used=1234Kb free=4581Kb
 bounds [0x000002c1bc840000, 0x000002c1bcab0000, 0x000002c1bcde0000]
 total_blobs=3461 nmethods=2990 adapters=383
 compilation: enabled
              stopped_count=0, restarted_count=0
 full_count=0

Compilation events (20 events):
Event: 23.199 Thread 0x000002c1adb3e950 2955       3       com.google.common.collect.AbstractMultimap$Values::contains (9 bytes)
Event: 23.199 Thread 0x000002c1adb3e950 nmethod 2955 0x000002c1b58f8110 code [0x000002c1b58f82c0, 0x000002c1b58f8488]
Event: 23.199 Thread 0x000002c1adb3e950 2956       3       com.google.common.collect.LinkedHashMultimap::containsValue (6 bytes)
Event: 23.200 Thread 0x000002c1adb3e950 nmethod 2956 0x000002c1b58f8590 code [0x000002c1b58f8720, 0x000002c1b58f8868]
Event: 23.200 Thread 0x000002c1adb3e950 2958       3       com.google.common.collect.Maps$ViewCachingAbstractMap::values (23 bytes)
Event: 23.200 Thread 0x000002c1adb3e950 nmethod 2958 0x000002c1b58f8910 code [0x000002c1b58f8ae0, 0x000002c1b58f8ff8]
Event: 23.200 Thread 0x000002c1adb3e950 2959       3       com.google.common.collect.Maps$Values::iterator (18 bytes)
Event: 23.201 Thread 0x000002c1adb3e950 nmethod 2959 0x000002c1b58f9190 code [0x000002c1b58f93a0, 0x000002c1b58f9b08]
Event: 23.201 Thread 0x000002c1adb3e950 2963       3       com.google.inject.spi.Dependency::<init> (34 bytes)
Event: 23.202 Thread 0x000002c1adb3e950 nmethod 2963 0x000002c1b58f9d90 code [0x000002c1b58f9f60, 0x000002c1b58fa408]
Event: 23.202 Thread 0x000002c1adb3e950 2964       3       com.google.inject.internal.InternalInjectorCreator::isEagerSingleton (62 bytes)
Event: 23.203 Thread 0x000002c1adb3e950 nmethod 2964 0x000002c1b58fa610 code [0x000002c1b58fa820, 0x000002c1b58fb178]
Event: 23.203 Thread 0x000002c1adb3e950 2965       3       com.google.inject.internal.Scoping::isEagerSingleton (38 bytes)
Event: 23.203 Thread 0x000002c1adb3e950 nmethod 2965 0x000002c1b58fb410 code [0x000002c1b58fb5c0, 0x000002c1b58fb858]
Event: 23.203 Thread 0x000002c1adb3e950 2962       3       com.google.inject.internal.Scoping::isNoScope (16 bytes)
Event: 23.203 Thread 0x000002c1adb3e950 nmethod 2962 0x000002c1b58fb910 code [0x000002c1b58fbac0, 0x000002c1b58fbce8]
Event: 23.203 Thread 0x000002c1adb3e950 2961       3       com.google.inject.internal.Scoping$1::getScopeInstance (4 bytes)
Event: 23.203 Thread 0x000002c1adb3e950 nmethod 2961 0x000002c1b58fbd90 code [0x000002c1b58fbf20, 0x000002c1b58fc038]
Event: 23.203 Thread 0x000002c1adb3e950 2960       3       com.google.inject.internal.ConstructionContext::<init> (5 bytes)
Event: 23.204 Thread 0x000002c1adb3e950 nmethod 2960 0x000002c1b58fc110 code [0x000002c1b58fc2a0, 0x000002c1b58fc3f8]

GC Heap History (8 events):
Event: 14.228 GC heap before
{Heap before GC invocations=0 (full 0):
 garbage-first heap   total 65536K, used 17408K [0x00000000c1e00000, 0x0000000100000000)
  region size 1024K, 13 young (13312K), 0 survivors (0K)
 Metaspace       used 4119K, committed 4352K, reserved 1114112K
  class space    used 430K, committed 576K, reserved 1048576K
}
Event: 14.273 GC heap after
{Heap after GC invocations=1 (full 0):
 garbage-first heap   total 65536K, used 7408K [0x00000000c1e00000, 0x0000000100000000)
  region size 1024K, 2 young (2048K), 2 survivors (2048K)
 Metaspace       used 4119K, committed 4352K, reserved 1114112K
  class space    used 430K, committed 576K, reserved 1048576K
}
Event: 17.772 GC heap before
{Heap before GC invocations=1 (full 0):
 garbage-first heap   total 65536K, used 18672K [0x00000000c1e00000, 0x0000000100000000)
  region size 1024K, 14 young (14336K), 2 survivors (2048K)
 Metaspace       used 5517K, committed 5760K, reserved 1114112K
  class space    used 552K, committed 640K, reserved 1048576K
}
Event: 17.777 GC heap after
{Heap after GC invocations=2 (full 0):
 garbage-first heap   total 65536K, used 8343K [0x00000000c1e00000, 0x0000000100000000)
  region size 1024K, 1 young (1024K), 1 survivors (1024K)
 Metaspace       used 5517K, committed 5760K, reserved 1114112K
  class space    used 552K, committed 640K, reserved 1048576K
}
Event: 19.564 GC heap before
{Heap before GC invocations=2 (full 0):
 garbage-first heap   total 65536K, used 30871K [0x00000000c1e00000, 0x0000000100000000)
  region size 1024K, 24 young (24576K), 1 survivors (1024K)
 Metaspace       used 9561K, committed 9856K, reserved 1114112K
  class space    used 1072K, committed 1216K, reserved 1048576K
}
Event: 19.569 GC heap after
{Heap after GC invocations=3 (full 0):
 garbage-first heap   total 65536K, used 10031K [0x00000000c1e00000, 0x0000000100000000)
  region size 1024K, 3 young (3072K), 3 survivors (3072K)
 Metaspace       used 9561K, committed 9856K, reserved 1114112K
  class space    used 1072K, committed 1216K, reserved 1048576K
}
Event: 22.490 GC heap before
{Heap before GC invocations=3 (full 0):
 garbage-first heap   total 65536K, used 43823K [0x00000000c1e00000, 0x0000000100000000)
  region size 1024K, 36 young (36864K), 3 survivors (3072K)
 Metaspace       used 14909K, committed 15232K, reserved 1114112K
  class space    used 1757K, committed 1920K, reserved 1048576K
}
Event: 22.498 GC heap after
{Heap after GC invocations=4 (full 0):
 garbage-first heap   total 65536K, used 12176K [0x00000000c1e00000, 0x0000000100000000)
  region size 1024K, 5 young (5120K), 5 survivors (5120K)
 Metaspace       used 14909K, committed 15232K, reserved 1114112K
  class space    used 1757K, committed 1920K, reserved 1048576K
}

Deoptimization events (20 events):
Event: 22.958 Thread 0x000002c1c99553e0 Uncommon trap: trap_request=0xffffffd6 fr.pc=0x000002c1bcefde10 relative=0x0000000000000170
Event: 22.958 Thread 0x000002c1c99553e0 Uncommon trap: reason=array_check action=maybe_recompile pc=0x000002c1bcefde10 method=java.util.stream.Nodes$FixedNodeBuilder.accept(Ljava/lang/Object;)V @ 28 c2
Event: 22.958 Thread 0x000002c1c99553e0 DEOPT PACKING pc=0x000002c1bcefde10 sp=0x000000d7c31fbb10
Event: 22.958 Thread 0x000002c1c99553e0 DEOPT UNPACKING pc=0x000002c1bc8923a3 sp=0x000000d7c31fbac0 mode 2
Event: 23.093 Thread 0x000002c1c99553e0 Uncommon trap: trap_request=0xffffffbe fr.pc=0x000002c1bcf04b2c relative=0x00000000000002ec
Event: 23.094 Thread 0x000002c1c99553e0 Uncommon trap: reason=profile_predicate action=maybe_recompile pc=0x000002c1bcf04b2c method=com.google.inject.internal.aop.ImmutableStringTrie.nextPivotColumn([Ljava/lang/String;III)I @ 21 c2
Event: 23.094 Thread 0x000002c1c99553e0 DEOPT PACKING pc=0x000002c1bcf04b2c sp=0x000000d7c31fc250
Event: 23.094 Thread 0x000002c1c99553e0 DEOPT UNPACKING pc=0x000002c1bc8923a3 sp=0x000000d7c31fc1e0 mode 2
Event: 23.100 Thread 0x000002c1c99553e0 Uncommon trap: trap_request=0xffffffbe fr.pc=0x000002c1bcf04b2c relative=0x00000000000002ec
Event: 23.100 Thread 0x000002c1c99553e0 Uncommon trap: reason=profile_predicate action=maybe_recompile pc=0x000002c1bcf04b2c method=com.google.inject.internal.aop.ImmutableStringTrie.nextPivotColumn([Ljava/lang/String;III)I @ 21 c2
Event: 23.100 Thread 0x000002c1c99553e0 DEOPT PACKING pc=0x000002c1bcf04b2c sp=0x000000d7c31fc010
Event: 23.100 Thread 0x000002c1c99553e0 DEOPT UNPACKING pc=0x000002c1bc8923a3 sp=0x000000d7c31fbfa0 mode 2
Event: 23.116 Thread 0x000002c1c99553e0 Uncommon trap: trap_request=0xffffffbe fr.pc=0x000002c1bcf04b2c relative=0x00000000000002ec
Event: 23.116 Thread 0x000002c1c99553e0 Uncommon trap: reason=profile_predicate action=maybe_recompile pc=0x000002c1bcf04b2c method=com.google.inject.internal.aop.ImmutableStringTrie.nextPivotColumn([Ljava/lang/String;III)I @ 21 c2
Event: 23.116 Thread 0x000002c1c99553e0 DEOPT PACKING pc=0x000002c1bcf04b2c sp=0x000000d7c31fc330
Event: 23.116 Thread 0x000002c1c99553e0 DEOPT UNPACKING pc=0x000002c1bc8923a3 sp=0x000000d7c31fc2c0 mode 2
Event: 23.121 Thread 0x000002c1c99553e0 Uncommon trap: trap_request=0xffffffbe fr.pc=0x000002c1bcf04b2c relative=0x00000000000002ec
Event: 23.121 Thread 0x000002c1c99553e0 Uncommon trap: reason=profile_predicate action=maybe_recompile pc=0x000002c1bcf04b2c method=com.google.inject.internal.aop.ImmutableStringTrie.nextPivotColumn([Ljava/lang/String;III)I @ 21 c2
Event: 23.121 Thread 0x000002c1c99553e0 DEOPT PACKING pc=0x000002c1bcf04b2c sp=0x000000d7c31fb630
Event: 23.121 Thread 0x000002c1c99553e0 DEOPT UNPACKING pc=0x000002c1bc8923a3 sp=0x000000d7c31fb5c0 mode 2

Classes unloaded (0 events):
No events

Classes redefined (0 events):
No events

Internal exceptions (20 events):
Event: 11.588 Thread 0x000002c1c99553e0 Exception <a 'java/lang/NoSuchMethodError'{0x00000000c54d1d90}: 'java.lang.Object java.lang.invoke.DirectMethodHandle$Holder.newInvokeSpecial(java.lang.Object, long, long)'> (0x00000000c54d1d90) 
thrown [s\open\src\hotspot\share\interpreter\linkResolver.cpp, line 759]
Event: 11.603 Thread 0x000002c1c99553e0 Exception <a 'java/lang/NoSuchMethodError'{0x00000000c54e52d8}: static [Ljava/lang/StackTraceElement;.<clinit>()V> (0x00000000c54e52d8) 
thrown [s\open\src\hotspot\share\prims\jni.cpp, line 1107]
Event: 11.612 Thread 0x000002c1c99553e0 Exception <a 'java/lang/NoSuchMethodError'{0x00000000c54efcb0}: static [B.<clinit>()V> (0x00000000c54efcb0) 
thrown [s\open\src\hotspot\share\prims\jni.cpp, line 1107]
Event: 16.765 Thread 0x000002c1c99553e0 Exception <a 'java/lang/ClassNotFoundException'{0x00000000c568d400}: sun/awt/resources/spi/awtProvider> (0x00000000c568d400) 
thrown [s\open\src\hotspot\share\classfile\systemDictionary.cpp, line 256]
Event: 16.804 Thread 0x000002c1c99553e0 Exception <a 'java/io/FileNotFoundException'{0x00000000c569e728}> (0x00000000c569e728) 
thrown [s\open\src\hotspot\share\prims\jni.cpp, line 516]
Event: 16.811 Thread 0x000002c1c99553e0 Exception <a 'java/io/FileNotFoundException'{0x00000000c56c76a8}> (0x00000000c56c76a8) 
thrown [s\open\src\hotspot\share\prims\jni.cpp, line 516]
Event: 18.505 Thread 0x000002c1c99553e0 Exception <a 'java/lang/NoSuchMethodError'{0x00000000c572bed0}: 'int java.lang.invoke.DirectMethodHandle$Holder.invokeStatic(java.lang.Object, java.lang.Object, int)'> (0x00000000c572bed0) 
thrown [s\open\src\hotspot\share\interpreter\linkResolver.cpp, line 759]
Event: 18.913 Thread 0x000002c1c99553e0 Exception <a 'java/lang/NoSuchMethodError'{0x00000000c528f470}: 'void java.lang.invoke.DirectMethodHandle$Holder.invokeSpecial(java.lang.Object, java.lang.Object, java.lang.Object)'> (0x00000000c528f470) 
thrown [s\open\src\hotspot\share\interpreter\linkResolver.cpp, line 759]
Event: 18.999 Thread 0x000002c1c99553e0 Exception <a 'java/lang/NoSuchMethodError'{0x00000000c50eec20}: 'java.lang.Object java.lang.invoke.DirectMethodHandle$Holder.invokeInterface(java.lang.Object, java.lang.Object)'> (0x00000000c50eec20) 
thrown [s\open\src\hotspot\share\interpreter\linkResolver.cpp, line 759]
Event: 19.038 Thread 0x000002c1c99553e0 Exception <a 'java/lang/NoSuchMethodError'{0x00000000c4f957b8}: 'int java.lang.invoke.DirectMethodHandle$Holder.invokeStatic(java.lang.Object, java.lang.Object, java.lang.Object, java.lang.Object)'> (0x00000000c4f957b8) 
thrown [s\open\src\hotspot\share\interpreter\linkResolver.cpp, line 759]
Event: 19.039 Thread 0x000002c1c99553e0 Exception <a 'java/lang/NoSuchMethodError'{0x00000000c4f995d8}: 'java.lang.Object java.lang.invoke.Invokers$Holder.invokeExact_MT(java.lang.Object, java.lang.Object, java.lang.Object, java.lang.Object, java.lang.Object, java.lang.Object)'> (0x00000000c4f995d8) 
thrown [s\open\src\hotspot\share\interpreter\linkResolver.cpp, line 759]
Event: 19.043 Thread 0x000002c1c99553e0 Exception <a 'java/lang/NoSuchMethodError'{0x00000000c4faaad0}: 'int java.lang.invoke.DirectMethodHandle$Holder.invokeSpecialIFC(java.lang.Object, java.lang.Object, java.lang.Object, java.lang.Object, java.lang.Object)'> (0x00000000c4faaad0) 
thrown [s\open\src\hotspot\share\interpreter\linkResolver.cpp, line 759]
Event: 19.164 Thread 0x000002c1c99553e0 Exception <a 'java/lang/NoSuchMethodError'{0x00000000c4d2e3e8}: 'java.lang.Object java.lang.invoke.DirectMethodHandle$Holder.newInvokeSpecial(java.lang.Object, java.lang.Object, java.lang.Object, java.lang.Object, java.lang.Object)'> (0x00000000c4d2e3e8) 
thrown [s\open\src\hotspot\share\interpreter\linkResolver.cpp, line 759]
Event: 19.236 Thread 0x000002c1c99553e0 Exception <a 'java/lang/NoSuchMethodError'{0x00000000c4c258f8}: 'int java.lang.invoke.DirectMethodHandle$Holder.invokeStaticInit(java.lang.Object, java.lang.Object)'> (0x00000000c4c258f8) 
thrown [s\open\src\hotspot\share\interpreter\linkResolver.cpp, line 759]
Event: 19.255 Thread 0x000002c1c99553e0 Exception <a 'java/lang/NoClassDefFoundError'{0x00000000c4c5e7e8}: javax/enterprise/inject/Typed> (0x00000000c4c5e7e8) 
thrown [s\open\src\hotspot\share\classfile\systemDictionary.cpp, line 245]
Event: 22.113 Thread 0x000002c1c99553e0 Exception <a 'java/lang/NoSuchMethodError'{0x00000000c3db3bf8}: 'void java.lang.invoke.DirectMethodHandle$Holder.invokeStaticInit(java.lang.Object, java.lang.Object, java.lang.Object)'> (0x00000000c3db3bf8) 
thrown [s\open\src\hotspot\share\interpreter\linkResolver.cpp, line 759]
Event: 22.122 Thread 0x000002c1c99553e0 Exception <a 'java/lang/ExceptionInInitializerError'{0x00000000c3dd6a20}> (0x00000000c3dd6a20) 
thrown [s\open\src\hotspot\share\oops\instanceKlass.cpp, line 1216]
Event: 22.252 Thread 0x000002c1c99553e0 Implicit null exception at 0x000002c1bce8042f to 0x000002c1bce8058c
Event: 22.257 Thread 0x000002c1c99553e0 Exception <a 'java/lang/NoSuchMethodError'{0x00000000c3ce3628}: 'java.lang.Object java.lang.invoke.Invokers$Holder.invokeExact_MT(java.lang.Object, int, java.lang.Object)'> (0x00000000c3ce3628) 
thrown [s\open\src\hotspot\share\interpreter\linkResolver.cpp, line 759]
Event: 22.279 Thread 0x000002c1c99553e0 Exception <a 'java/lang/NoSuchMethodError'{0x00000000c3b51530}: 'int java.lang.invoke.DirectMethodHandle$Holder.invokeSpecial(java.lang.Object, java.lang.Object, java.lang.Object, java.lang.Object)'> (0x00000000c3b51530) 
thrown [s\open\src\hotspot\share\interpreter\linkResolver.cpp, line 759]

VM Operations (20 events):
Event: 18.408 Executing VM operation: HandshakeAllThreads
Event: 18.408 Executing VM operation: HandshakeAllThreads done
Event: 18.592 Executing VM operation: HandshakeAllThreads
Event: 18.592 Executing VM operation: HandshakeAllThreads done
Event: 19.564 Executing VM operation: G1CollectForAllocation
Event: 19.569 Executing VM operation: G1CollectForAllocation done
Event: 21.044 Executing VM operation: HandshakeAllThreads
Event: 21.044 Executing VM operation: HandshakeAllThreads done
Event: 21.044 Executing VM operation: Cleanup
Event: 21.044 Executing VM operation: Cleanup done
Event: 22.416 Executing VM operation: HandshakeAllThreads
Event: 22.416 Executing VM operation: HandshakeAllThreads done
Event: 22.416 Executing VM operation: Cleanup
Event: 22.417 Executing VM operation: Cleanup done
Event: 22.421 Executing VM operation: HandshakeAllThreads
Event: 22.421 Executing VM operation: HandshakeAllThreads done
Event: 22.490 Executing VM operation: G1CollectForAllocation
Event: 22.498 Executing VM operation: G1CollectForAllocation done
Event: 22.648 Executing VM operation: HandshakeAllThreads
Event: 22.648 Executing VM operation: HandshakeAllThreads done

Events (20 events):
Event: 21.919 loading class java/nio/channels/SeekableByteChannel done
Event: 21.919 loading class java/nio/channels/GatheringByteChannel
Event: 21.919 loading class java/nio/channels/GatheringByteChannel done
Event: 21.919 loading class java/nio/channels/ScatteringByteChannel
Event: 21.919 loading class java/nio/channels/ScatteringByteChannel done
Event: 21.920 loading class java/nio/channels/spi/AbstractInterruptibleChannel
Event: 21.920 loading class java/nio/channels/InterruptibleChannel
Event: 21.920 loading class java/nio/channels/InterruptibleChannel done
Event: 21.920 loading class java/nio/channels/spi/AbstractInterruptibleChannel done
Event: 21.920 loading class java/nio/channels/FileChannel done
Event: 22.125 loading class jdk/internal/vm/annotation/ForceInline
Event: 22.125 loading class jdk/internal/vm/annotation/ForceInline done
Event: 22.644 loading class sun/reflect/generics/scope/MethodScope
Event: 22.644 loading class sun/reflect/generics/scope/MethodScope done
Event: 22.644 loading class sun/reflect/generics/repository/MethodRepository
Event: 22.644 loading class sun/reflect/generics/repository/MethodRepository done
Event: 23.168 loading class java/util/ConcurrentModificationException
Event: 23.168 loading class java/util/ConcurrentModificationException done
Event: 23.175 loading class jdk/internal/reflect/UnsafeObjectFieldAccessorImpl
Event: 23.176 loading class jdk/internal/reflect/UnsafeObjectFieldAccessorImpl done


Dynamic libraries:
0x00007ff7a3d60000 - 0x00007ff7a3d70000 	C:\Program Files\Java\jdk-17\bin\java.exe
0x00007ff991010000 - 0x00007ff991208000 	C:\WINDOWS\SYSTEM32\ntdll.dll
0x00007ff98f900000 - 0x00007ff98f9bd000 	C:\WINDOWS\System32\KERNEL32.DLL
0x00007ff98e6f0000 - 0x00007ff98e9e6000 	C:\WINDOWS\System32\KERNELBASE.dll
0x00007ff98ec80000 - 0x00007ff98ed80000 	C:\WINDOWS\System32\ucrtbase.dll
0x00007ff970d80000 - 0x00007ff970d99000 	C:\Program Files\Java\jdk-17\bin\jli.dll
0x00007ff98ff30000 - 0x00007ff98ffdf000 	C:\WINDOWS\System32\ADVAPI32.dll
0x00007ff98f9c0000 - 0x00007ff98fa5e000 	C:\WINDOWS\System32\msvcrt.dll
0x00007ff990f20000 - 0x00007ff990fbc000 	C:\WINDOWS\System32\sechost.dll
0x00007ff990b10000 - 0x00007ff990c36000 	C:\WINDOWS\System32\RPCRT4.dll
0x00007ff990750000 - 0x00007ff9908ee000 	C:\WINDOWS\System32\USER32.dll
0x00007ff98ebe0000 - 0x00007ff98ec02000 	C:\WINDOWS\System32\win32u.dll
0x00007ff990c40000 - 0x00007ff990c6c000 	C:\WINDOWS\System32\GDI32.dll
0x00007ff98ea20000 - 0x00007ff98eb3a000 	C:\WINDOWS\System32\gdi32full.dll
0x00007ff98eb40000 - 0x00007ff98ebdd000 	C:\WINDOWS\System32\msvcp_win.dll
0x00007ff970d60000 - 0x00007ff970d7b000 	C:\Program Files\Java\jdk-17\bin\VCRUNTIME140.dll
0x00007ff9772a0000 - 0x00007ff97753a000 	C:\WINDOWS\WinSxS\amd64_microsoft.windows.common-controls_6595b64144ccf1df_6.0.19041.3636_none_60b6a03d71f818d5\COMCTL32.dll
0x00007ff987430000 - 0x00007ff98743a000 	C:\WINDOWS\SYSTEM32\VERSION.dll
0x00007ff9713c0000 - 0x00007ff9713cc000 	C:\Program Files\Java\jdk-17\bin\vcruntime140_1.dll
0x00007ff970c90000 - 0x00007ff970d1e000 	C:\Program Files\Java\jdk-17\bin\msvcp140.dll
0x00007ff9700b0000 - 0x00007ff970c8e000 	C:\Program Files\Java\jdk-17\bin\server\jvm.dll
0x00007ff990b00000 - 0x00007ff990b08000 	C:\WINDOWS\System32\PSAPI.DLL
0x00007ff9700a0000 - 0x00007ff9700a9000 	C:\WINDOWS\SYSTEM32\WSOCK32.dll
0x00007ff98f070000 - 0x00007ff98f0db000 	C:\WINDOWS\System32\WS2_32.dll
0x00007ff970070000 - 0x00007ff970097000 	C:\WINDOWS\SYSTEM32\WINMM.dll
0x00007ff98c5b0000 - 0x00007ff98c5c2000 	C:\WINDOWS\SYSTEM32\kernel.appcore.dll
0x00007ff970050000 - 0x00007ff97005a000 	C:\Program Files\Java\jdk-17\bin\jimage.dll
0x00007ff97b070000 - 0x00007ff97b254000 	C:\WINDOWS\SYSTEM32\DBGHELP.DLL
0x00007ff97ae40000 - 0x00007ff97ae74000 	C:\WINDOWS\SYSTEM32\dbgcore.DLL
0x00007ff98ee80000 - 0x00007ff98ef02000 	C:\WINDOWS\System32\bcryptPrimitives.dll
0x00007ff970020000 - 0x00007ff970045000 	C:\Program Files\Java\jdk-17\bin\java.dll
0x00007ff96fc10000 - 0x00007ff96fce7000 	C:\Program Files\Java\jdk-17\bin\jsvml.dll
0x00007ff98f0e0000 - 0x00007ff98f824000 	C:\WINDOWS\System32\SHELL32.dll
0x00007ff98c7b0000 - 0x00007ff98cf4b000 	C:\WINDOWS\SYSTEM32\windows.storage.dll
0x00007ff9900f0000 - 0x00007ff990444000 	C:\WINDOWS\System32\combase.dll
0x00007ff98e060000 - 0x00007ff98e08d000 	C:\WINDOWS\SYSTEM32\Wldp.dll
0x00007ff990020000 - 0x00007ff9900cd000 	C:\WINDOWS\System32\SHCORE.dll
0x00007ff98fa60000 - 0x00007ff98fab5000 	C:\WINDOWS\System32\shlwapi.dll
0x00007ff98e620000 - 0x00007ff98e645000 	C:\WINDOWS\SYSTEM32\profapi.dll
0x00007ff96f320000 - 0x00007ff96f339000 	C:\Program Files\Java\jdk-17\bin\net.dll
0x00007ff97e880000 - 0x00007ff97e98a000 	C:\WINDOWS\SYSTEM32\WINHTTP.dll
0x00007ff98ddc0000 - 0x00007ff98de2a000 	C:\WINDOWS\system32\mswsock.dll
0x00007ff96ee60000 - 0x00007ff96ee76000 	C:\Program Files\Java\jdk-17\bin\nio.dll
0x00007ff96ee20000 - 0x00007ff96ee38000 	C:\Program Files\Java\jdk-17\bin\zip.dll
0x00007ff98dab0000 - 0x00007ff98daeb000 	C:\WINDOWS\SYSTEM32\IPHLPAPI.DLL
0x00007ff990fc0000 - 0x00007ff990fc8000 	C:\WINDOWS\System32\NSI.dll
0x00007ff97efb0000 - 0x00007ff97efc7000 	C:\WINDOWS\SYSTEM32\dhcpcsvc6.DLL
0x00007ff980850000 - 0x00007ff98086d000 	C:\WINDOWS\SYSTEM32\dhcpcsvc.DLL
0x00007ff98daf0000 - 0x00007ff98dbba000 	C:\WINDOWS\SYSTEM32\DNSAPI.dll
0x00007ff96b1b0000 - 0x00007ff96b341000 	C:\Program Files\Java\jdk-17\bin\awt.dll
0x00007ff98f830000 - 0x00007ff98f8fd000 	C:\WINDOWS\System32\OLEAUT32.dll
0x00007ff98c030000 - 0x00007ff98c0c0000 	C:\WINDOWS\SYSTEM32\apphelp.dll
0x00007ff97c930000 - 0x00007ff97c940000 	C:\Program Files\Java\jdk-17\bin\verify.dll

dbghelp: loaded successfully - version: 4.0.5 - missing functions: none
symbol engine: initialized successfully - sym options: 0x614 - pdb path: .;C:\Program Files\Java\jdk-17\bin;C:\WINDOWS\SYSTEM32;C:\WINDOWS\WinSxS\amd64_microsoft.windows.common-controls_6595b64144ccf1df_6.0.19041.3636_none_60b6a03d71f818d5;C:\Program Files\Java\jdk-17\bin\server

VM Arguments:
java_command: jenkins.maven3.agent.Maven35Main C:\Maven\apache-maven-3.9.2 C:\ProgramData\Jenkins\war\WEB-INF\lib\remoting-3131.vf2b_b_798b_ce99.jar C:\ProgramData\Jenkins\.jenkins\plugins\maven-plugin\WEB-INF\lib\maven35-interceptor-1.14.jar C:\ProgramData\Jenkins\.jenkins\plugins\maven-plugin\WEB-INF\lib\maven3-interceptor-commons-1.14.jar 51297
java_class_path (initial): C:\ProgramData\Jenkins\.jenkins\plugins\maven-plugin\WEB-INF\lib\maven35-agent-1.14.jar;C:\Maven\apache-maven-3.9.2\boot\plexus-classworlds-2.7.0.jar;C:\Maven\apache-maven-3.9.2/conf/logging
Launcher Type: SUN_STANDARD

[Global flags]
     intx CICompilerCount                          = 3                                         {product} {ergonomic}
     uint ConcGCThreads                            = 1                                         {product} {ergonomic}
     uint G1ConcRefinementThreads                  = 4                                         {product} {ergonomic}
   size_t G1HeapRegionSize                         = 1048576                                   {product} {ergonomic}
    uintx GCDrainStackTargetSize                   = 64                                        {product} {ergonomic}
   size_t InitialHeapSize                          = 67108864                                  {product} {ergonomic}
   size_t MarkStackSize                            = 4194304                                   {product} {ergonomic}
   size_t MaxHeapSize                              = 1042284544                                {product} {ergonomic}
   size_t MaxNewSize                               = 624951296                                 {product} {ergonomic}
   size_t MinHeapDeltaBytes                        = 1048576                                   {product} {ergonomic}
   size_t MinHeapSize                              = 8388608                                   {product} {ergonomic}
    uintx NonNMethodCodeHeapSize                   = 5832780                                {pd product} {ergonomic}
    uintx NonProfiledCodeHeapSize                  = 122912730                              {pd product} {ergonomic}
    uintx ProfiledCodeHeapSize                     = 122912730                              {pd product} {ergonomic}
    uintx ReservedCodeCacheSize                    = 251658240                              {pd product} {ergonomic}
     bool SegmentedCodeCache                       = true                                      {product} {ergonomic}
   size_t SoftMaxHeapSize                          = 1042284544                             {manageable} {ergonomic}
     bool UseCompressedClassPointers               = true                           {product lp64_product} {ergonomic}
     bool UseCompressedOops                        = true                           {product lp64_product} {ergonomic}
     bool UseG1GC                                  = true                                      {product} {ergonomic}
     bool UseLargePagesIndividualAllocation        = false                                  {pd product} {ergonomic}

Logging:
Log output configuration:
 #0: stdout all=warning uptime,level,tags
 #1: stderr all=off uptime,level,tags

Environment Variables:
JAVA_HOME=C:\Program Files\Java\jdk-17
PATH=C:\Maven\apache-maven-3.9.2/bin;C:\Program Files\Java\jdk-17/bin;C:\Program Files\Java\jdk-17/bin;C:\Program Files\Common Files\Oracle\Java\javapath;C:\Program Files (x86)\Common Files\Oracle\Java\javapath;C:\WINDOWS\system32;C:\WINDOWS;C:\WINDOWS\System32\Wbem;C:\WINDOWS\System32\WindowsPowerShell\v1.0\;C:\WINDOWS\System32\OpenSSH\;C:\Program Files\Git\cmd;C:\Maven\apache-maven-3.9.2\bin;C:\Program Files\Java\jdk-17\bin;C:\WINDOWS\system32\config\systemprofile\AppData\Local\Microsoft\WindowsApps
USERNAME=DESKTOP-RFGG51U$
OS=Windows_NT
PROCESSOR_IDENTIFIER=Intel64 Family 6 Model 78 Stepping 3, GenuineIntel



---------------  S Y S T E M  ---------------

OS:
 Windows 10 , 64 bit Build 19041 (10.0.19041.3636)
OS uptime: 12 days 4:18 hours

CPU: total 4 (initial active 4) (2 cores per cpu, 2 threads per core) family 6 model 78 stepping 3 microcode 0xcc, cx8, cmov, fxsr, ht, mmx, 3dnowpref, sse, sse2, sse3, ssse3, sse4.1, sse4.2, popcnt, lzcnt, tsc, tscinvbit, avx, avx2, aes, erms, clmul, bmi1, bmi2, adx, fma, vzeroupper, clflush, clflushopt

Memory: 4k page, system-wide physical 3970M (70M free)
TotalPageFile size 16258M (AvailPageFile size 0M)
current process WorkingSet (physical memory assigned to process): 126M, peak: 126M
current process commit charge ("private bytes"): 180M, peak: 181M

vm_info: Java HotSpot(TM) 64-Bit Server VM (17.0.8+9-LTS-211) for windows-amd64 JRE (17.0.8+9-LTS-211), built on Jun 14 2023 10:34:31 by "mach5one" with MS VC++ 17.1 (VS2022)

END.
