#
# There is insufficient memory for the Java Runtime Environment to continue.
# Native memory allocation (malloc) failed to allocate 32744 bytes for ChunkPool::allocate
# Possible reasons:
#   The system is out of physical RAM or swap space
#   The process is running with CompressedOops enabled, and the Java Heap may be blocking the growth of the native heap
# Possible solutions:
#   Reduce memory load on the system
#   Increase physical memory or swap space
#   Check if swap backing store is full
#   Decrease Java heap size (-Xmx/-Xms)
#   Decrease number of Java threads
#   Decrease Java thread stack sizes (-Xss)
#   Set larger code cache with -XX:ReservedCodeCacheSize=
#   JVM is running with Unscaled Compressed Oops mode in which the Java heap is
#     placed in the first 4GB address space. The Java Heap base address is the
#     maximum limit for the native heap growth. Please use -XX:HeapBaseMinAddress
#     to set the Java Heap base and to place the Java Heap above 4GB virtual address.
# This output file may be truncated or incomplete.
#
#  Out of Memory Error (arena.cpp:78), pid=22460, tid=11552
#
# JRE version: Java(TM) SE Runtime Environment (17.0.8+9) (build 17.0.8+9-LTS-211)
# Java VM: Java HotSpot(TM) 64-Bit Server VM (17.0.8+9-LTS-211, mixed mode, sharing, tiered, compressed oops, compressed class ptrs, g1 gc, windows-amd64)
# No core dump will be written. Minidumps are not enabled by default on client versions of Windows
#

---------------  S U M M A R Y ------------

Command Line: -Dfile.encoding=UTF-8 -Dstdout.encoding=UTF-8 -Dstderr.encoding=UTF-8 -XX:+ShowCodeDetailsInExceptionMessages day27.SalesForce

Host: Intel(R) Core(TM) i3-6006U CPU @ 2.00GHz, 4 cores, 3G,  Windows 10 , 64 bit Build 19041 (10.0.19041.3570)
Time: Mon Oct 30 19:15:35 2023 India Standard Time elapsed time: 13.668631 seconds (0d 0h 0m 13s)

---------------  T H R E A D  ---------------

Current thread (0x000002c0b433c080):  JavaThread "C2 CompilerThread0" daemon [_thread_in_native, id=11552, stack(0x000000f240200000,0x000000f240300000)]


Current CompileTask:
C2:  13668 1661   !   4       jdk.internal.loader.URLClassPath$JarLoader::getResource (354 bytes)

Stack: [0x000000f240200000,0x000000f240300000]
Native frames: (J=compiled Java code, j=interpreted, Vv=VM code, C=native code)
V  [jvm.dll+0x677d0a]
V  [jvm.dll+0x7d8c54]
V  [jvm.dll+0x7da3fe]
V  [jvm.dll+0x7daa63]
V  [jvm.dll+0x245c5f]
V  [jvm.dll+0xaacc0]
V  [jvm.dll+0xab00c]
V  [jvm.dll+0x367119]
V  [jvm.dll+0x5624f8]
V  [jvm.dll+0x561535]
V  [jvm.dll+0x56211b]
V  [jvm.dll+0x32c580]
V  [jvm.dll+0x32b9ea]
V  [jvm.dll+0x217fff]
V  [jvm.dll+0x217431]
V  [jvm.dll+0x1a3af0]
V  [jvm.dll+0x2270be]
V  [jvm.dll+0x22535b]
V  [jvm.dll+0x78e7bc]
V  [jvm.dll+0x788bba]
V  [jvm.dll+0x676b35]
C  [ucrtbase.dll+0x21bb2]
C  [KERNEL32.DLL+0x17344]
C  [ntdll.dll+0x526b1]


---------------  P R O C E S S  ---------------

Threads class SMR info:
_java_thread_list=0x000002c0b46d5dc0, length=23, elements={
0x000002c09911aed0, 0x000002c0991da4d0, 0x000002c0991db190, 0x000002c0991e9400,
0x000002c0991e9da0, 0x000002c0991e80c0, 0x000002c0991ea740, 0x000002c0b433c080,
0x000002c0b433ea40, 0x000002c0b4349340, 0x000002c0991e8590, 0x000002c0991e8a60,
0x000002c0991eba80, 0x000002c0991e8f30, 0x000002c0991ea270, 0x000002c0991e98d0,
0x000002c0991eb0e0, 0x000002c0991eac10, 0x000002c0991eb5b0, 0x000002c0fa4d91d0,
0x000002c0fa4da040, 0x000002c0fa4d4e70, 0x000002c0fa4da510
}

Java Threads: ( => current thread )
  0x000002c09911aed0 JavaThread "Forwarding maximizeCurrentWindow on session 671fb2ccdc7ecc1837f786d46196f684 to remote" [_thread_blocked, id=6552, stack(0x000000f23f500000,0x000000f23f600000)]
  0x000002c0991da4d0 JavaThread "Reference Handler" daemon [_thread_blocked, id=23540, stack(0x000000f23fc00000,0x000000f23fd00000)]
  0x000002c0991db190 JavaThread "Finalizer" daemon [_thread_blocked, id=23944, stack(0x000000f23fd00000,0x000000f23fe00000)]
  0x000002c0991e9400 JavaThread "Signal Dispatcher" daemon [_thread_blocked, id=22728, stack(0x000000f23fe00000,0x000000f23ff00000)]
  0x000002c0991e9da0 JavaThread "Attach Listener" daemon [_thread_blocked, id=22264, stack(0x000000f23ff00000,0x000000f240000000)]
  0x000002c0991e80c0 JavaThread "Service Thread" daemon [_thread_blocked, id=20856, stack(0x000000f240000000,0x000000f240100000)]
  0x000002c0991ea740 JavaThread "Monitor Deflation Thread" daemon [_thread_blocked, id=24588, stack(0x000000f240100000,0x000000f240200000)]
=>0x000002c0b433c080 JavaThread "C2 CompilerThread0" daemon [_thread_in_native, id=11552, stack(0x000000f240200000,0x000000f240300000)]
  0x000002c0b433ea40 JavaThread "C1 CompilerThread0" daemon [_thread_blocked, id=6180, stack(0x000000f240300000,0x000000f240400000)]
  0x000002c0b4349340 JavaThread "Sweeper thread" daemon [_thread_blocked, id=11532, stack(0x000000f240400000,0x000000f240500000)]
  0x000002c0991e8590 JavaThread "Notification Thread" daemon [_thread_blocked, id=8716, stack(0x000000f240500000,0x000000f240600000)]
  0x000002c0991e8a60 JavaThread "Common-Cleaner" daemon [_thread_blocked, id=10456, stack(0x000000f240700000,0x000000f240800000)]
  0x000002c0991eba80 JavaThread "ForkJoinPool.commonPool-worker-1" daemon [_thread_blocked, id=19048, stack(0x000000f240b00000,0x000000f240c00000)]
  0x000002c0991e8f30 JavaThread "AsyncHttpClient-1-1" daemon [_thread_blocked, id=22440, stack(0x000000f240c00000,0x000000f240d00000)]
  0x000002c0991ea270 JavaThread "Exec Default Executor" daemon [_thread_in_native, id=21856, stack(0x000000f240d00000,0x000000f240e00000)]
  0x000002c0991e98d0 JavaThread "Exec Stream Pumper" daemon [_thread_in_native, id=12484, stack(0x000000f240e00000,0x000000f240f00000)]
  0x000002c0991eb0e0 JavaThread "Exec Stream Pumper" daemon [_thread_in_native, id=19208, stack(0x000000f240f00000,0x000000f241000000)]
  0x000002c0991eac10 JavaThread "Driver Service Executor" daemon [_thread_blocked, id=1936, stack(0x000000f241000000,0x000000f241100000)]
  0x000002c0991eb5b0 JavaThread "Driver Service Executor" daemon [_thread_blocked, id=23732, stack(0x000000f241100000,0x000000f241200000)]
  0x000002c0fa4d91d0 JavaThread "UrlChecker-2" daemon [_thread_blocked, id=7216, stack(0x000000f241200000,0x000000f241300000)]
  0x000002c0fa4da040 JavaThread "AsyncHttpClient-1-2" daemon [_thread_in_native, id=20432, stack(0x000000f241500000,0x000000f241600000)]
  0x000002c0fa4d4e70 JavaThread "AsyncHttpClient-1-3" daemon [_thread_in_native, id=21044, stack(0x000000f241400000,0x000000f241500000)]
  0x000002c0fa4da510 JavaThread "AsyncHttpClient-1-4" daemon [_thread_in_native, id=21844, stack(0x000000f241600000,0x000000f241700000)]

Other Threads:
  0x000002c0991d5200 VMThread "VM Thread" [stack: 0x000000f23fb00000,0x000000f23fc00000] [id=20252]
  0x000002c0b4576030 WatcherThread [stack: 0x000000f240600000,0x000000f240700000] [id=14388]
  0x000002c099157540 GCTaskThread "GC Thread#0" [stack: 0x000000f23f600000,0x000000f23f700000] [id=23092]
  0x000002c0fa564530 GCTaskThread "GC Thread#1" [stack: 0x000000f240800000,0x000000f240900000] [id=16200]
  0x000002c0fa5a2f20 GCTaskThread "GC Thread#2" [stack: 0x000000f240900000,0x000000f240a00000] [id=2440]
  0x000002c0fa56dc60 GCTaskThread "GC Thread#3" [stack: 0x000000f240a00000,0x000000f240b00000] [id=24560]
  0x000002c099161780 ConcurrentGCThread "G1 Main Marker" [stack: 0x000000f23f700000,0x000000f23f800000] [id=4732]
  0x000002c0991630b0 ConcurrentGCThread "G1 Conc#0" [stack: 0x000000f23f800000,0x000000f23f900000] [id=17052]
  0x000002c0991b42a0 ConcurrentGCThread "G1 Refine#0" [stack: 0x000000f23f900000,0x000000f23fa00000] [id=4492]
  0x000002c0991b6ae0 ConcurrentGCThread "G1 Service" [stack: 0x000000f23fa00000,0x000000f23fb00000] [id=5512]

Threads with active compile tasks:
C2 CompilerThread0    13751 1661   !   4       jdk.internal.loader.URLClassPath$JarLoader::getResource (354 bytes)

VM state: not at safepoint (normal execution)

VM Mutex/Monitor currently owned by a thread: None

Heap address: 0x00000000c1e00000, size: 994 MB, Compressed Oops mode: 32-bit

CDS archive(s) mapped at: [0x000002c0b5000000-0x000002c0b5bd0000-0x000002c0b5bd0000), size 12386304, SharedBaseAddress: 0x000002c0b5000000, ArchiveRelocationMode: 1.
Compressed class space mapped at: 0x000002c0b6000000-0x000002c0f6000000, reserved size: 1073741824
Narrow klass base: 0x000002c0b5000000, Narrow klass shift: 0, Narrow klass range: 0x100000000

GC Precious Log:
 CPUs: 4 total, 4 available
 Memory: 3970M
 Large Page Support: Disabled
 NUMA Support: Disabled
 Compressed Oops: Enabled (32-bit)
 Heap Region Size: 1M
 Heap Min Capacity: 8M
 Heap Initial Capacity: 64M
 Heap Max Capacity: 994M
 Pre-touch: Disabled
 Parallel Workers: 4
 Concurrent Workers: 1
 Concurrent Refinement Workers: 4
 Periodic GC: Disabled

Heap:
 garbage-first heap   total 65536K, used 23384K [0x00000000c1e00000, 0x0000000100000000)
  region size 1024K, 13 young (13312K), 3 survivors (3072K)
 Metaspace       used 17412K, committed 17600K, reserved 1114112K
  class space    used 2156K, committed 2240K, reserved 1048576K

Heap Regions: E=young(eden), S=young(survivor), O=old, HS=humongous(starts), HC=humongous(continues), CS=collection set, F=free, OA=open archive, CA=closed archive, TAMS=top-at-mark-start (previous, next)
|   0|0x00000000c1e00000, 0x00000000c1f00000, 0x00000000c1f00000|100%|HS|  |TAMS 0x00000000c1e00000, 0x00000000c1e00000| Complete 
|   1|0x00000000c1f00000, 0x00000000c2000000, 0x00000000c2000000|100%| O|  |TAMS 0x00000000c1f00000, 0x00000000c1f00000| Untracked 
|   2|0x00000000c2000000, 0x00000000c2100000, 0x00000000c2100000|100%| O|  |TAMS 0x00000000c2000000, 0x00000000c2000000| Untracked 
|   3|0x00000000c2100000, 0x00000000c2200000, 0x00000000c2200000|100%| O|  |TAMS 0x00000000c2100000, 0x00000000c2100000| Untracked 
|   4|0x00000000c2200000, 0x00000000c2300000, 0x00000000c2300000|100%| O|  |TAMS 0x00000000c2200000, 0x00000000c2200000| Untracked 
|   5|0x00000000c2300000, 0x00000000c23d6200, 0x00000000c2400000| 83%| O|  |TAMS 0x00000000c2300000, 0x00000000c2300000| Untracked 
|   6|0x00000000c2400000, 0x00000000c2500000, 0x00000000c2500000|100%|HS|  |TAMS 0x00000000c2400000, 0x00000000c2400000| Complete 
|   7|0x00000000c2500000, 0x00000000c2600000, 0x00000000c2600000|100%|HC|  |TAMS 0x00000000c2500000, 0x00000000c2500000| Complete 
|   8|0x00000000c2600000, 0x00000000c2700000, 0x00000000c2700000|100%|HC|  |TAMS 0x00000000c2600000, 0x00000000c2600000| Complete 
|   9|0x00000000c2700000, 0x00000000c2800000, 0x00000000c2800000|100%|HC|  |TAMS 0x00000000c2700000, 0x00000000c2700000| Complete 
|  10|0x00000000c2800000, 0x00000000c2900000, 0x00000000c2900000|100%|HC|  |TAMS 0x00000000c2800000, 0x00000000c2800000| Complete 
|  11|0x00000000c2900000, 0x00000000c2900000, 0x00000000c2a00000|  0%| F|  |TAMS 0x00000000c2900000, 0x00000000c2900000| Untracked 
|  12|0x00000000c2a00000, 0x00000000c2a00000, 0x00000000c2b00000|  0%| F|  |TAMS 0x00000000c2a00000, 0x00000000c2a00000| Untracked 
|  13|0x00000000c2b00000, 0x00000000c2b00000, 0x00000000c2c00000|  0%| F|  |TAMS 0x00000000c2b00000, 0x00000000c2b00000| Untracked 
|  14|0x00000000c2c00000, 0x00000000c2c00000, 0x00000000c2d00000|  0%| F|  |TAMS 0x00000000c2c00000, 0x00000000c2c00000| Untracked 
|  15|0x00000000c2d00000, 0x00000000c2d00000, 0x00000000c2e00000|  0%| F|  |TAMS 0x00000000c2d00000, 0x00000000c2d00000| Untracked 
|  16|0x00000000c2e00000, 0x00000000c2e00000, 0x00000000c2f00000|  0%| F|  |TAMS 0x00000000c2e00000, 0x00000000c2e00000| Untracked 
|  17|0x00000000c2f00000, 0x00000000c2f00000, 0x00000000c3000000|  0%| F|  |TAMS 0x00000000c2f00000, 0x00000000c2f00000| Untracked 
|  18|0x00000000c3000000, 0x00000000c3000000, 0x00000000c3100000|  0%| F|  |TAMS 0x00000000c3000000, 0x00000000c3000000| Untracked 
|  19|0x00000000c3100000, 0x00000000c3100000, 0x00000000c3200000|  0%| F|  |TAMS 0x00000000c3100000, 0x00000000c3100000| Untracked 
|  20|0x00000000c3200000, 0x00000000c3200000, 0x00000000c3300000|  0%| F|  |TAMS 0x00000000c3200000, 0x00000000c3200000| Untracked 
|  21|0x00000000c3300000, 0x00000000c3300000, 0x00000000c3400000|  0%| F|  |TAMS 0x00000000c3300000, 0x00000000c3300000| Untracked 
|  22|0x00000000c3400000, 0x00000000c3400000, 0x00000000c3500000|  0%| F|  |TAMS 0x00000000c3400000, 0x00000000c3400000| Untracked 
|  23|0x00000000c3500000, 0x00000000c3500000, 0x00000000c3600000|  0%| F|  |TAMS 0x00000000c3500000, 0x00000000c3500000| Untracked 
|  24|0x00000000c3600000, 0x00000000c3600000, 0x00000000c3700000|  0%| F|  |TAMS 0x00000000c3600000, 0x00000000c3600000| Untracked 
|  25|0x00000000c3700000, 0x00000000c3700000, 0x00000000c3800000|  0%| F|  |TAMS 0x00000000c3700000, 0x00000000c3700000| Untracked 
|  26|0x00000000c3800000, 0x00000000c3800000, 0x00000000c3900000|  0%| F|  |TAMS 0x00000000c3800000, 0x00000000c3800000| Untracked 
|  27|0x00000000c3900000, 0x00000000c3900000, 0x00000000c3a00000|  0%| F|  |TAMS 0x00000000c3900000, 0x00000000c3900000| Untracked 
|  28|0x00000000c3a00000, 0x00000000c3a00000, 0x00000000c3b00000|  0%| F|  |TAMS 0x00000000c3a00000, 0x00000000c3a00000| Untracked 
|  29|0x00000000c3b00000, 0x00000000c3b00000, 0x00000000c3c00000|  0%| F|  |TAMS 0x00000000c3b00000, 0x00000000c3b00000| Untracked 
|  30|0x00000000c3c00000, 0x00000000c3c00000, 0x00000000c3d00000|  0%| F|  |TAMS 0x00000000c3c00000, 0x00000000c3c00000| Untracked 
|  31|0x00000000c3d00000, 0x00000000c3d00000, 0x00000000c3e00000|  0%| F|  |TAMS 0x00000000c3d00000, 0x00000000c3d00000| Untracked 
|  32|0x00000000c3e00000, 0x00000000c3e00000, 0x00000000c3f00000|  0%| F|  |TAMS 0x00000000c3e00000, 0x00000000c3e00000| Untracked 
|  33|0x00000000c3f00000, 0x00000000c3f00000, 0x00000000c4000000|  0%| F|  |TAMS 0x00000000c3f00000, 0x00000000c3f00000| Untracked 
|  34|0x00000000c4000000, 0x00000000c4000000, 0x00000000c4100000|  0%| F|  |TAMS 0x00000000c4000000, 0x00000000c4000000| Untracked 
|  35|0x00000000c4100000, 0x00000000c4100000, 0x00000000c4200000|  0%| F|  |TAMS 0x00000000c4100000, 0x00000000c4100000| Untracked 
|  36|0x00000000c4200000, 0x00000000c4200000, 0x00000000c4300000|  0%| F|  |TAMS 0x00000000c4200000, 0x00000000c4200000| Untracked 
|  37|0x00000000c4300000, 0x00000000c4300000, 0x00000000c4400000|  0%| F|  |TAMS 0x00000000c4300000, 0x00000000c4300000| Untracked 
|  38|0x00000000c4400000, 0x00000000c4500000, 0x00000000c4500000|100%| S|CS|TAMS 0x00000000c4400000, 0x00000000c4400000| Complete 
|  39|0x00000000c4500000, 0x00000000c4600000, 0x00000000c4600000|100%| S|CS|TAMS 0x00000000c4500000, 0x00000000c4500000| Complete 
|  40|0x00000000c4600000, 0x00000000c4700000, 0x00000000c4700000|100%| S|CS|TAMS 0x00000000c4600000, 0x00000000c4600000| Complete 
|  41|0x00000000c4700000, 0x00000000c4700000, 0x00000000c4800000|  0%| F|  |TAMS 0x00000000c4700000, 0x00000000c4700000| Untracked 
|  42|0x00000000c4800000, 0x00000000c4800000, 0x00000000c4900000|  0%| F|  |TAMS 0x00000000c4800000, 0x00000000c4800000| Untracked 
|  43|0x00000000c4900000, 0x00000000c4900000, 0x00000000c4a00000|  0%| F|  |TAMS 0x00000000c4900000, 0x00000000c4900000| Untracked 
|  44|0x00000000c4a00000, 0x00000000c4a00000, 0x00000000c4b00000|  0%| F|  |TAMS 0x00000000c4a00000, 0x00000000c4a00000| Untracked 
|  45|0x00000000c4b00000, 0x00000000c4b00000, 0x00000000c4c00000|  0%| F|  |TAMS 0x00000000c4b00000, 0x00000000c4b00000| Untracked 
|  46|0x00000000c4c00000, 0x00000000c4c00000, 0x00000000c4d00000|  0%| F|  |TAMS 0x00000000c4c00000, 0x00000000c4c00000| Untracked 
|  47|0x00000000c4d00000, 0x00000000c4d00000, 0x00000000c4e00000|  0%| F|  |TAMS 0x00000000c4d00000, 0x00000000c4d00000| Untracked 
|  48|0x00000000c4e00000, 0x00000000c4e00000, 0x00000000c4f00000|  0%| F|  |TAMS 0x00000000c4e00000, 0x00000000c4e00000| Untracked 
|  49|0x00000000c4f00000, 0x00000000c4f00000, 0x00000000c5000000|  0%| F|  |TAMS 0x00000000c4f00000, 0x00000000c4f00000| Untracked 
|  50|0x00000000c5000000, 0x00000000c5000000, 0x00000000c5100000|  0%| F|  |TAMS 0x00000000c5000000, 0x00000000c5000000| Untracked 
|  51|0x00000000c5100000, 0x00000000c5100000, 0x00000000c5200000|  0%| F|  |TAMS 0x00000000c5100000, 0x00000000c5100000| Untracked 
|  52|0x00000000c5200000, 0x00000000c5200000, 0x00000000c5300000|  0%| F|  |TAMS 0x00000000c5200000, 0x00000000c5200000| Untracked 
|  53|0x00000000c5300000, 0x00000000c5300000, 0x00000000c5400000|  0%| F|  |TAMS 0x00000000c5300000, 0x00000000c5300000| Untracked 
|  54|0x00000000c5400000, 0x00000000c5480800, 0x00000000c5500000| 50%| E|  |TAMS 0x00000000c5400000, 0x00000000c5400000| Complete 
|  55|0x00000000c5500000, 0x00000000c5600000, 0x00000000c5600000|100%| E|CS|TAMS 0x00000000c5500000, 0x00000000c5500000| Complete 
|  56|0x00000000c5600000, 0x00000000c5700000, 0x00000000c5700000|100%| E|CS|TAMS 0x00000000c5600000, 0x00000000c5600000| Complete 
|  57|0x00000000c5700000, 0x00000000c5800000, 0x00000000c5800000|100%| E|CS|TAMS 0x00000000c5700000, 0x00000000c5700000| Complete 
|  58|0x00000000c5800000, 0x00000000c5900000, 0x00000000c5900000|100%| E|CS|TAMS 0x00000000c5800000, 0x00000000c5800000| Complete 
|  59|0x00000000c5900000, 0x00000000c5a00000, 0x00000000c5a00000|100%| E|CS|TAMS 0x00000000c5900000, 0x00000000c5900000| Complete 
|  60|0x00000000c5a00000, 0x00000000c5b00000, 0x00000000c5b00000|100%| E|CS|TAMS 0x00000000c5a00000, 0x00000000c5a00000| Complete 
|  61|0x00000000c5b00000, 0x00000000c5c00000, 0x00000000c5c00000|100%| E|CS|TAMS 0x00000000c5b00000, 0x00000000c5b00000| Complete 
|  62|0x00000000c5c00000, 0x00000000c5d00000, 0x00000000c5d00000|100%| E|CS|TAMS 0x00000000c5c00000, 0x00000000c5c00000| Complete 
|  63|0x00000000c5d00000, 0x00000000c5e00000, 0x00000000c5e00000|100%| E|CS|TAMS 0x00000000c5d00000, 0x00000000c5d00000| Complete 

Card table byte_map: [0x000002c0afbc0000,0x000002c0afdc0000] _byte_map_base: 0x000002c0af5b1000

Marking Bits (Prev, Next): (CMBitMap*) 0x000002c099158a70, (CMBitMap*) 0x000002c099158ab0
 Prev Bits: [0x000002c0affc0000, 0x000002c0b0f48000)
 Next Bits: [0x000002c0b0f50000, 0x000002c0b1ed8000)

Polling page: 0x000002c096f30000

Metaspace:

Usage:
  Non-class:     14.90 MB used.
      Class:      2.11 MB used.
       Both:     17.00 MB used.

Virtual space:
  Non-class space:       64.00 MB reserved,      15.00 MB ( 23%) committed,  1 nodes.
      Class space:        1.00 GB reserved,       2.19 MB ( <1%) committed,  1 nodes.
             Both:        1.06 GB reserved,      17.19 MB (  2%) committed. 

Chunk freelists:
   Non-Class:  848.00 KB
       Class:  13.62 MB
        Both:  14.45 MB

MaxMetaspaceSize: unlimited
CompressedClassSpaceSize: 1.00 GB
Initial GC threshold: 21.00 MB
Current GC threshold: 21.00 MB
CDS: on
MetaspaceReclaimPolicy: balanced
 - commit_granule_bytes: 65536.
 - commit_granule_words: 8192.
 - virtual_space_node_default_size: 8388608.
 - enlarge_chunks_in_place: 1.
 - new_chunks_are_fully_committed: 0.
 - uncommit_free_chunks: 1.
 - use_allocation_guard: 0.
 - handle_deallocations: 1.


Internal statistics:

num_allocs_failed_limit: 0.
num_arena_births: 134.
num_arena_deaths: 0.
num_vsnodes_births: 2.
num_vsnodes_deaths: 0.
num_space_committed: 275.
num_space_uncommitted: 0.
num_chunks_returned_to_freelist: 0.
num_chunks_taken_from_freelist: 567.
num_chunk_merges: 0.
num_chunk_splits: 374.
num_chunks_enlarged: 310.
num_purges: 0.
num_inconsistent_stats: 0.

CodeHeap 'non-profiled nmethods': size=120000Kb used=608Kb max_used=608Kb free=119391Kb
 bounds [0x000002c0a8490000, 0x000002c0a8700000, 0x000002c0af9c0000]
CodeHeap 'profiled nmethods': size=120000Kb used=3312Kb max_used=3312Kb free=116687Kb
 bounds [0x000002c0a09c0000, 0x000002c0a0d00000, 0x000002c0a7ef0000]
CodeHeap 'non-nmethods': size=5760Kb used=1256Kb max_used=1264Kb free=4503Kb
 bounds [0x000002c0a7ef0000, 0x000002c0a8160000, 0x000002c0a8490000]
 total_blobs=2310 nmethods=1747 adapters=475
 compilation: enabled
              stopped_count=0, restarted_count=0
 full_count=0

Compilation events (20 events):
Event: 13.331 Thread 0x000002c0b433ea40 1742       1       java.util.stream.Collectors$CollectorImpl::characteristics (5 bytes)
Event: 13.332 Thread 0x000002c0b433ea40 nmethod 1742 0x000002c0a8527f10 code [0x000002c0a85280a0, 0x000002c0a8528178]
Event: 13.332 Thread 0x000002c0b433ea40 1743       3       java.util.TreeMap::fixAfterInsertion (267 bytes)
Event: 13.337 Thread 0x000002c0b433ea40 nmethod 1743 0x000002c0a0cf6110 code [0x000002c0a0cf65c0, 0x000002c0a0cf8c98]
Event: 13.337 Thread 0x000002c0b433ea40 1744       3       org.openqa.selenium.SharedCapabilitiesMethods$$Lambda$334/0x000002c0b621d538::compare (12 bytes)
Event: 13.337 Thread 0x000002c0b433ea40 nmethod 1744 0x000002c0a0cf9910 code [0x000002c0a0cf9ac0, 0x000002c0a0cf9e08]
Event: 13.368 Thread 0x000002c0b433ea40 1746       3       java.util.stream.AbstractPipeline::wrapSink (37 bytes)
Event: 13.369 Thread 0x000002c0b433ea40 nmethod 1746 0x000002c0a0cf9f10 code [0x000002c0a0cfa0e0, 0x000002c0a0cfa4f8]
Event: 13.369 Thread 0x000002c0b433ea40 1745       3       java.util.stream.AbstractPipeline::wrapAndCopyInto (18 bytes)
Event: 13.369 Thread 0x000002c0b433ea40 nmethod 1745 0x000002c0a0cfa690 code [0x000002c0a0cfa860, 0x000002c0a0cfac68]
Event: 13.370 Thread 0x000002c0b433ea40 1747       3       java.util.stream.Sink::end (1 bytes)
Event: 13.370 Thread 0x000002c0b433ea40 nmethod 1747 0x000002c0a0cfae10 code [0x000002c0a0cfafa0, 0x000002c0a0cfb0b8]
Event: 13.373 Thread 0x000002c0b433ea40 1748       3       sun.misc.Unsafe::getInt (9 bytes)
Event: 13.374 Thread 0x000002c0b433ea40 nmethod 1748 0x000002c0a0cfb190 code [0x000002c0a0cfb320, 0x000002c0a0cfb438]
Event: 13.374 Thread 0x000002c0b433ea40 1749       3       io.netty.buffer.UnsafeByteBufUtil::setByte (7 bytes)
Event: 13.374 Thread 0x000002c0b433ea40 nmethod 1749 0x000002c0a0cfb510 code [0x000002c0a0cfb6c0, 0x000002c0a0cfb958]
Event: 13.374 Thread 0x000002c0b433ea40 1750       3       io.netty.util.internal.PlatformDependent::putByte (6 bytes)
Event: 13.374 Thread 0x000002c0b433ea40 nmethod 1750 0x000002c0a0cfba90 code [0x000002c0a0cfbc40, 0x000002c0a0cfbe78]
Event: 13.560 Thread 0x000002c0b433ea40 1751       3       io.netty.util.internal.shaded.org.jctools.queues.LinkedArrayQueueUtil::modifiedCalcCircularRefElementOffset (14 bytes)
Event: 13.561 Thread 0x000002c0b433ea40 nmethod 1751 0x000002c0a0cfbf90 code [0x000002c0a0cfc120, 0x000002c0a0cfc218]

GC Heap History (6 events):
Event: 5.104 GC heap before
{Heap before GC invocations=0 (full 0):
 garbage-first heap   total 65536K, used 14336K [0x00000000c1e00000, 0x0000000100000000)
  region size 1024K, 13 young (13312K), 0 survivors (0K)
 Metaspace       used 3317K, committed 3456K, reserved 1114112K
  class space    used 384K, committed 448K, reserved 1048576K
}
Event: 5.116 GC heap after
{Heap after GC invocations=1 (full 0):
 garbage-first heap   total 65536K, used 5555K [0x00000000c1e00000, 0x0000000100000000)
  region size 1024K, 2 young (2048K), 2 survivors (2048K)
 Metaspace       used 3317K, committed 3456K, reserved 1114112K
  class space    used 384K, committed 448K, reserved 1048576K
}
Event: 5.756 GC heap before
{Heap before GC invocations=1 (full 0):
 garbage-first heap   total 65536K, used 15795K [0x00000000c1e00000, 0x0000000100000000)
  region size 1024K, 12 young (12288K), 2 survivors (2048K)
 Metaspace       used 7116K, committed 7360K, reserved 1114112K
  class space    used 864K, committed 960K, reserved 1048576K
}
Event: 5.768 GC heap after
{Heap after GC invocations=2 (full 0):
 garbage-first heap   total 65536K, used 7011K [0x00000000c1e00000, 0x0000000100000000)
  region size 1024K, 2 young (2048K), 2 survivors (2048K)
 Metaspace       used 7116K, committed 7360K, reserved 1114112K
  class space    used 864K, committed 960K, reserved 1048576K
}
Event: 7.302 GC heap before
{Heap before GC invocations=2 (full 0):
 garbage-first heap   total 65536K, used 28515K [0x00000000c1e00000, 0x0000000100000000)
  region size 1024K, 23 young (23552K), 2 survivors (2048K)
 Metaspace       used 15003K, committed 15232K, reserved 1114112K
  class space    used 1821K, committed 1920K, reserved 1048576K
}
Event: 7.315 GC heap after
{Heap after GC invocations=3 (full 0):
 garbage-first heap   total 65536K, used 9048K [0x00000000c1e00000, 0x0000000100000000)
  region size 1024K, 3 young (3072K), 3 survivors (3072K)
 Metaspace       used 15003K, committed 15232K, reserved 1114112K
  class space    used 1821K, committed 1920K, reserved 1048576K
}

Deoptimization events (20 events):
Event: 12.796 Thread 0x000002c09911aed0 Uncommon trap: trap_request=0xffffffde fr.pc=0x000002c0a850f648 relative=0x0000000000000128
Event: 12.797 Thread 0x000002c09911aed0 Uncommon trap: reason=class_check action=maybe_recompile pc=0x000002c0a850f648 method=org.openqa.selenium.json.Input.fill()Z @ 85 c2
Event: 12.797 Thread 0x000002c09911aed0 DEOPT PACKING pc=0x000002c0a850f648 sp=0x000000f23f5fe810
Event: 12.797 Thread 0x000002c09911aed0 DEOPT UNPACKING pc=0x000002c0a7f423a3 sp=0x000000f23f5fe790 mode 2
Event: 12.849 Thread 0x000002c09911aed0 Uncommon trap: trap_request=0xffffffde fr.pc=0x000002c0a84ef22c relative=0x000000000000082c
Event: 12.849 Thread 0x000002c09911aed0 Uncommon trap: reason=class_check action=maybe_recompile pc=0x000002c0a84ef22c method=java.util.HashMap.putVal(ILjava/lang/Object;Ljava/lang/Object;ZZ)Ljava/lang/Object; @ 253 c2
Event: 12.849 Thread 0x000002c09911aed0 DEOPT PACKING pc=0x000002c0a84ef22c sp=0x000000f23f5fe460
Event: 12.849 Thread 0x000002c09911aed0 DEOPT UNPACKING pc=0x000002c0a7f423a3 sp=0x000000f23f5fe398 mode 2
Event: 12.931 Thread 0x000002c09911aed0 Uncommon trap: trap_request=0xffffff45 fr.pc=0x000002c0a84ed238 relative=0x0000000000000f98
Event: 12.931 Thread 0x000002c09911aed0 Uncommon trap: reason=unstable_if action=reinterpret pc=0x000002c0a84ed238 method=java.util.concurrent.ConcurrentHashMap.putVal(Ljava/lang/Object;Ljava/lang/Object;Z)Ljava/lang/Object; @ 231 c2
Event: 12.931 Thread 0x000002c09911aed0 DEOPT PACKING pc=0x000002c0a84ed238 sp=0x000000f23f5febb0
Event: 12.933 Thread 0x000002c09911aed0 DEOPT UNPACKING pc=0x000002c0a7f423a3 sp=0x000000f23f5feb20 mode 2
Event: 13.050 Thread 0x000002c0fa4d4e70 Uncommon trap: trap_request=0xffffffde fr.pc=0x000002c0a84f1444 relative=0x0000000000000944
Event: 13.050 Thread 0x000002c0fa4d4e70 Uncommon trap: reason=class_check action=maybe_recompile pc=0x000002c0a84f1444 method=java.util.HashMap.putVal(ILjava/lang/Object;Ljava/lang/Object;ZZ)Ljava/lang/Object; @ 91 c2
Event: 13.050 Thread 0x000002c0fa4d4e70 DEOPT PACKING pc=0x000002c0a84f1444 sp=0x000000f2414fece0
Event: 13.050 Thread 0x000002c0fa4d4e70 DEOPT UNPACKING pc=0x000002c0a7f423a3 sp=0x000000f2414feca0 mode 2
Event: 13.054 Thread 0x000002c09911aed0 Uncommon trap: trap_request=0xffffffde fr.pc=0x000002c0a850f648 relative=0x0000000000000128
Event: 13.054 Thread 0x000002c09911aed0 Uncommon trap: reason=class_check action=maybe_recompile pc=0x000002c0a850f648 method=org.openqa.selenium.json.Input.fill()Z @ 85 c2
Event: 13.054 Thread 0x000002c09911aed0 DEOPT PACKING pc=0x000002c0a850f648 sp=0x000000f23f5febb0
Event: 13.055 Thread 0x000002c09911aed0 DEOPT UNPACKING pc=0x000002c0a7f423a3 sp=0x000000f23f5feb30 mode 2

Classes unloaded (0 events):
No events

Classes redefined (0 events):
No events

Internal exceptions (20 events):
Event: 5.784 Thread 0x000002c09911aed0 Exception <a 'java/lang/NoSuchMethodError'{0x00000000c5d0df20}: 'int java.lang.invoke.DirectMethodHandle$Holder.invokeStaticInit(java.lang.Object, java.lang.Object, java.lang.Object, java.lang.Object)'> (0x00000000c5d0df20) 
thrown [s\open\src\hotspot\share\interpreter\linkResolver.cpp, line 759]
Event: 5.786 Thread 0x000002c09911aed0 Exception <a 'java/lang/NoSuchMethodError'{0x00000000c5d17490}: 'java.lang.Object java.lang.invoke.DirectMethodHandle$Holder.invokeInterface(java.lang.Object, java.lang.Object)'> (0x00000000c5d17490) 
thrown [s\open\src\hotspot\share\interpreter\linkResolver.cpp, line 759]
Event: 5.787 Thread 0x000002c09911aed0 Exception <a 'java/lang/IncompatibleClassChangeError'{0x00000000c5d1ac88}: Found class java.lang.Object, but interface was expected> (0x00000000c5d1ac88) 
thrown [s\open\src\hotspot\share\interpreter\linkResolver.cpp, line 826]
Event: 6.435 Thread 0x000002c09911aed0 Exception <a 'java/lang/NoSuchMethodError'{0x00000000c51b53f8}: 'java.lang.Object java.lang.invoke.DirectMethodHandle$Holder.invokeInterface(java.lang.Object, java.lang.Object, java.lang.Object)'> (0x00000000c51b53f8) 
thrown [s\open\src\hotspot\share\interpreter\linkResolver.cpp, line 759]
Event: 6.435 Thread 0x000002c09911aed0 Exception <a 'java/lang/IncompatibleClassChangeError'{0x00000000c51b8ac0}: Found class java.lang.Object, but interface was expected> (0x00000000c51b8ac0) 
thrown [s\open\src\hotspot\share\interpreter\linkResolver.cpp, line 826]
Event: 6.438 Thread 0x000002c09911aed0 Exception <a 'java/lang/NoSuchMethodError'{0x00000000c51c1020}: 'int java.lang.invoke.DirectMethodHandle$Holder.invokeSpecialIFC(java.lang.Object, java.lang.Object, java.lang.Object, java.lang.Object)'> (0x00000000c51c1020) 
thrown [s\open\src\hotspot\share\interpreter\linkResolver.cpp, line 759]
Event: 6.521 Thread 0x000002c0fa4d91d0 Exception <a 'java/net/ConnectException'{0x00000000c50989f0}: Connection refused: no further information> (0x00000000c50989f0) 
thrown [s\open\src\hotspot\share\prims\jni.cpp, line 535]
Event: 6.521 Thread 0x000002c0fa4d91d0 Exception <a 'java/net/SocketException'{0x00000000c5098d28}: Socket is not connected: shutdown> (0x00000000c5098d28) 
thrown [s\open\src\hotspot\share\prims\jni.cpp, line 535]
Event: 6.544 Thread 0x000002c0fa4d91d0 Exception <a 'java/net/ConnectException'{0x00000000c5099d90}: Connection refused: no further information> (0x00000000c5099d90) 
thrown [s\open\src\hotspot\share\prims\jni.cpp, line 535]
Event: 6.544 Thread 0x000002c0fa4d91d0 Exception <a 'java/net/SocketException'{0x00000000c509a0c8}: Socket is not connected: shutdown> (0x00000000c509a0c8) 
thrown [s\open\src\hotspot\share\prims\jni.cpp, line 535]
Event: 6.575 Thread 0x000002c0fa4d91d0 Exception <a 'java/net/ConnectException'{0x00000000c509b060}: Connection refused: no further information> (0x00000000c509b060) 
thrown [s\open\src\hotspot\share\prims\jni.cpp, line 535]
Event: 6.575 Thread 0x000002c0fa4d91d0 Exception <a 'java/net/SocketException'{0x00000000c509b398}: Socket is not connected: shutdown> (0x00000000c509b398) 
thrown [s\open\src\hotspot\share\prims\jni.cpp, line 535]
Event: 6.825 Thread 0x000002c09911aed0 Exception <a 'java/lang/NoSuchMethodError'{0x00000000c4fd41b0}: 'java.lang.Object java.lang.invoke.DirectMethodHandle$Holder.newInvokeSpecial(java.lang.Object, java.lang.Object, int, int)'> (0x00000000c4fd41b0) 
thrown [s\open\src\hotspot\share\interpreter\linkResolver.cpp, line 759]
Event: 6.830 Thread 0x000002c09911aed0 Exception <a 'java/lang/NoSuchMethodError'{0x00000000c4fdf068}: 'void java.lang.invoke.DirectMethodHandle$Holder.invokeStatic(java.lang.Object, java.lang.Object, int)'> (0x00000000c4fdf068) 
thrown [s\open\src\hotspot\share\interpreter\linkResolver.cpp, line 759]
Event: 6.887 Thread 0x000002c09911aed0 Exception <a 'java/lang/NoSuchMethodError'{0x00000000c4e7df00}: 'java.lang.Object java.lang.invoke.DirectMethodHandle$Holder.newInvokeSpecial(java.lang.Object, java.lang.Object, java.lang.Object, java.lang.Object, java.lang.Object)'> (0x00000000c4e7df00) 
thrown [s\open\src\hotspot\share\interpreter\linkResolver.cpp, line 759]
Event: 6.959 Thread 0x000002c09911aed0 Exception <a 'java/lang/NoSuchMethodError'{0x00000000c4dba090}: 'int java.lang.invoke.DirectMethodHandle$Holder.invokeSpecialIFC(java.lang.Object, java.lang.Object, java.lang.Object)'> (0x00000000c4dba090) 
thrown [s\open\src\hotspot\share\interpreter\linkResolver.cpp, line 759]
Event: 7.041 Thread 0x000002c09911aed0 Exception <a 'java/lang/NoSuchMethodError'{0x00000000c4b56178}: 'java.lang.Object java.lang.invoke.DirectMethodHandle$Holder.invokeVirtual(java.lang.Object, java.lang.Object, java.lang.Object, java.lang.Object)'> (0x00000000c4b56178) 
thrown [s\open\src\hotspot\share\interpreter\linkResolver.cpp, line 759]
Event: 12.819 Thread 0x000002c09911aed0 Exception <a 'java/lang/NoSuchMethodError'{0x00000000c5933068}: 'java.lang.Object java.lang.invoke.DirectMethodHandle$Holder.invokeSpecialIFC(java.lang.Object, java.lang.Object, java.lang.Object)'> (0x00000000c5933068) 
thrown [s\open\src\hotspot\share\interpreter\linkResolver.cpp, line 759]
Event: 12.990 Thread 0x000002c09911aed0 Exception <a 'java/lang/NoSuchMethodError'{0x00000000c585a8d0}: 'void java.lang.invoke.DirectMethodHandle$Holder.invokeSpecial(java.lang.Object, java.lang.Object, java.lang.Object, java.lang.Object, java.lang.Object)'> (0x00000000c585a8d0) 
thrown [s\open\src\hotspot\share\interpreter\linkResolver.cpp, line 759]
Event: 13.302 Thread 0x000002c09911aed0 Exception <a 'java/lang/ClassNotFoundException'{0x00000000c55ba110}: sun/util/logging/resources/spi/loggingProvider> (0x00000000c55ba110) 
thrown [s\open\src\hotspot\share\classfile\systemDictionary.cpp, line 256]

VM Operations (20 events):
Event: 5.756 Executing VM operation: G1CollectForAllocation
Event: 5.768 Executing VM operation: G1CollectForAllocation done
Event: 6.241 Executing VM operation: HandshakeAllThreads
Event: 6.241 Executing VM operation: HandshakeAllThreads done
Event: 6.270 Executing VM operation: HandshakeAllThreads
Event: 6.270 Executing VM operation: HandshakeAllThreads done
Event: 6.631 Executing VM operation: HandshakeAllThreads
Event: 6.631 Executing VM operation: HandshakeAllThreads done
Event: 6.632 Executing VM operation: HandshakeAllThreads
Event: 6.632 Executing VM operation: HandshakeAllThreads done
Event: 6.636 Executing VM operation: HandshakeAllThreads
Event: 6.636 Executing VM operation: HandshakeAllThreads done
Event: 7.301 Executing VM operation: G1CollectForAllocation
Event: 7.315 Executing VM operation: G1CollectForAllocation done
Event: 8.323 Executing VM operation: Cleanup
Event: 8.323 Executing VM operation: Cleanup done
Event: 13.247 Executing VM operation: HandshakeAllThreads
Event: 13.247 Executing VM operation: HandshakeAllThreads done
Event: 13.247 Executing VM operation: Cleanup
Event: 13.247 Executing VM operation: Cleanup done

Events (20 events):
Event: 13.301 loading class java/util/ResourceBundle$CacheKeyReference done
Event: 13.301 loading class java/util/ResourceBundle$KeyElementReference done
Event: 13.301 loading class java/util/ResourceBundle$3
Event: 13.302 loading class java/util/ResourceBundle$3 done
Event: 13.303 loading class sun/util/logging/resources/logging
Event: 13.303 loading class sun/util/logging/resources/logging done
Event: 13.303 loading class java/util/ResourceBundle$BundleReference
Event: 13.303 loading class java/util/ResourceBundle$BundleReference done
Event: 13.303 loading class sun/util/logging/resources/logging_en
Event: 13.303 loading class sun/util/logging/resources/logging_en done
Event: 13.304 loading class sun/util/logging/resources/logging_en
Event: 13.304 loading class sun/util/logging/resources/logging_en done
Event: 13.307 loading class sun/util/logging/resources/logging_en_IN
Event: 13.307 loading class sun/util/logging/resources/logging_en_IN done
Event: 13.307 loading class sun/util/logging/resources/logging_en_IN
Event: 13.307 loading class sun/util/logging/resources/logging_en_IN done
Event: 13.308 loading class java/util/Formatter$DateTime
Event: 13.308 loading class java/util/Formatter$DateTime done
Event: 13.309 loading class java/time/ZonedDateTime$1
Event: 13.310 loading class java/time/ZonedDateTime$1 done


Dynamic libraries:
0x00007ff7cdcf0000 - 0x00007ff7cdd00000 	C:\Program Files\Java\jdk-17\bin\javaw.exe
0x00007ffbec1d0000 - 0x00007ffbec3c7000 	C:\WINDOWS\SYSTEM32\ntdll.dll
0x00007ffbeb460000 - 0x00007ffbeb51d000 	C:\WINDOWS\System32\KERNEL32.DLL
0x00007ffbe9aa0000 - 0x00007ffbe9d96000 	C:\WINDOWS\System32\KERNELBASE.dll
0x00007ffbea010000 - 0x00007ffbea110000 	C:\WINDOWS\System32\ucrtbase.dll
0x00007ffbe5250000 - 0x00007ffbe5269000 	C:\Program Files\Java\jdk-17\bin\jli.dll
0x00007ffbeb1e0000 - 0x00007ffbeb28e000 	C:\WINDOWS\System32\ADVAPI32.dll
0x00007ffbeae70000 - 0x00007ffbeaf0e000 	C:\WINDOWS\System32\msvcrt.dll
0x00007ffbeaf10000 - 0x00007ffbeafac000 	C:\WINDOWS\System32\sechost.dll
0x00007ffbeb720000 - 0x00007ffbeb846000 	C:\WINDOWS\System32\RPCRT4.dll
0x00007ffbe52d0000 - 0x00007ffbe52eb000 	C:\Program Files\Java\jdk-17\bin\VCRUNTIME140.dll
0x00007ffbeafb0000 - 0x00007ffbeb14e000 	C:\WINDOWS\System32\USER32.dll
0x00007ffbea110000 - 0x00007ffbea132000 	C:\WINDOWS\System32\win32u.dll
0x00007ffbea730000 - 0x00007ffbea75c000 	C:\WINDOWS\System32\GDI32.dll
0x00007ffbd79d0000 - 0x00007ffbd7c6a000 	C:\WINDOWS\WinSxS\amd64_microsoft.windows.common-controls_6595b64144ccf1df_6.0.19041.3570_none_60bb2a3971f3e41a\COMCTL32.dll
0x00007ffbe9e80000 - 0x00007ffbe9f9a000 	C:\WINDOWS\System32\gdi32full.dll
0x00007ffbea190000 - 0x00007ffbea22d000 	C:\WINDOWS\System32\msvcp_win.dll
0x00007ffbe0d30000 - 0x00007ffbe0d3a000 	C:\WINDOWS\SYSTEM32\VERSION.dll
0x00007ffbeb150000 - 0x00007ffbeb180000 	C:\WINDOWS\System32\IMM32.DLL
0x00007ffbe5350000 - 0x00007ffbe535c000 	C:\Program Files\Java\jdk-17\bin\vcruntime140_1.dll
0x00007ffbd53e0000 - 0x00007ffbd546e000 	C:\Program Files\Java\jdk-17\bin\msvcp140.dll
0x00007ffbb44e0000 - 0x00007ffbb50be000 	C:\Program Files\Java\jdk-17\bin\server\jvm.dll
0x00007ffbea9f0000 - 0x00007ffbea9f8000 	C:\WINDOWS\System32\PSAPI.DLL
0x00007ffb93dd0000 - 0x00007ffb93dd9000 	C:\WINDOWS\SYSTEM32\WSOCK32.dll
0x00007ffbca6d0000 - 0x00007ffbca6f7000 	C:\WINDOWS\SYSTEM32\WINMM.dll
0x00007ffbeb310000 - 0x00007ffbeb37b000 	C:\WINDOWS\System32\WS2_32.dll
0x00007ffbe7750000 - 0x00007ffbe7762000 	C:\WINDOWS\SYSTEM32\kernel.appcore.dll
0x00007ffbe5330000 - 0x00007ffbe533a000 	C:\Program Files\Java\jdk-17\bin\jimage.dll
0x00007ffbd3e30000 - 0x00007ffbd4014000 	C:\WINDOWS\SYSTEM32\DBGHELP.DLL
0x00007ffbd3c60000 - 0x00007ffbd3c94000 	C:\WINDOWS\SYSTEM32\dbgcore.DLL
0x00007ffbe9a10000 - 0x00007ffbe9a92000 	C:\WINDOWS\System32\bcryptPrimitives.dll
0x00007ffbe1a60000 - 0x00007ffbe1a85000 	C:\Program Files\Java\jdk-17\bin\java.dll
0x00007ffbc7b60000 - 0x00007ffbc7c37000 	C:\Program Files\Java\jdk-17\bin\jsvml.dll
0x00007ffbeb850000 - 0x00007ffbebf94000 	C:\WINDOWS\System32\SHELL32.dll
0x00007ffbe7950000 - 0x00007ffbe80eb000 	C:\WINDOWS\SYSTEM32\windows.storage.dll
0x00007ffbea340000 - 0x00007ffbea694000 	C:\WINDOWS\System32\combase.dll
0x00007ffbe9220000 - 0x00007ffbe924d000 	C:\WINDOWS\SYSTEM32\Wldp.dll
0x00007ffbea230000 - 0x00007ffbea2dd000 	C:\WINDOWS\System32\SHCORE.dll
0x00007ffbeb180000 - 0x00007ffbeb1d5000 	C:\WINDOWS\System32\shlwapi.dll
0x00007ffbe97e0000 - 0x00007ffbe9805000 	C:\WINDOWS\SYSTEM32\profapi.dll
0x00007ffbe4610000 - 0x00007ffbe4629000 	C:\Program Files\Java\jdk-17\bin\net.dll
0x00007ffbdaa50000 - 0x00007ffbdab5a000 	C:\WINDOWS\SYSTEM32\WINHTTP.dll
0x00007ffbe8f80000 - 0x00007ffbe8fea000 	C:\WINDOWS\system32\mswsock.dll
0x00007ffbe3a20000 - 0x00007ffbe3a36000 	C:\Program Files\Java\jdk-17\bin\nio.dll
0x00007ffbe3750000 - 0x00007ffbe3768000 	C:\Program Files\Java\jdk-17\bin\zip.dll
0x00007ffbe8cb0000 - 0x00007ffbe8d7a000 	C:\WINDOWS\SYSTEM32\DNSAPI.dll
0x00007ffbe8c70000 - 0x00007ffbe8cab000 	C:\WINDOWS\SYSTEM32\IPHLPAPI.DLL
0x00007ffbeb640000 - 0x00007ffbeb648000 	C:\WINDOWS\System32\NSI.dll
0x00007ffbe0d40000 - 0x00007ffbe0d4a000 	C:\Windows\System32\rasadhlp.dll
0x00007ffbd6d50000 - 0x00007ffbd6dd2000 	C:\WINDOWS\System32\fwpuclnt.dll
0x00007ffbe9e50000 - 0x00007ffbe9e77000 	C:\WINDOWS\System32\bcrypt.dll
0x00007ffbe9170000 - 0x00007ffbe9188000 	C:\WINDOWS\SYSTEM32\CRYPTSP.dll
0x00007ffbe8890000 - 0x00007ffbe88c4000 	C:\WINDOWS\system32\rsaenh.dll
0x00007ffbe97a0000 - 0x00007ffbe97ce000 	C:\WINDOWS\SYSTEM32\USERENV.dll
0x00007ffbe9190000 - 0x00007ffbe919c000 	C:\WINDOWS\SYSTEM32\CRYPTBASE.dll
0x00007ffbdf6e0000 - 0x00007ffbdf6f7000 	C:\WINDOWS\SYSTEM32\dhcpcsvc6.DLL
0x00007ffbdf7d0000 - 0x00007ffbdf7ed000 	C:\WINDOWS\SYSTEM32\dhcpcsvc.DLL
0x00007ffbe5300000 - 0x00007ffbe5310000 	C:\Program Files\Java\jdk-17\bin\verify.dll
0x00007ffbe7180000 - 0x00007ffbe7210000 	C:\WINDOWS\system32\apphelp.dll
0x00007ffbe19d0000 - 0x00007ffbe19da000 	C:\Program Files\Java\jdk-17\bin\management.dll
0x00007ffbe19c0000 - 0x00007ffbe19cb000 	C:\Program Files\Java\jdk-17\bin\management_ext.dll
0x00007ffbe52b0000 - 0x00007ffbe52be000 	C:\Program Files\Java\jdk-17\bin\sunmscapi.dll
0x00007ffbe98b0000 - 0x00007ffbe9a0d000 	C:\WINDOWS\System32\CRYPT32.dll
0x00007ffbe9290000 - 0x00007ffbe92b7000 	C:\WINDOWS\SYSTEM32\ncrypt.dll
0x00007ffbe9250000 - 0x00007ffbe928b000 	C:\WINDOWS\SYSTEM32\NTASN1.dll
0x00007ffbe6ee0000 - 0x00007ffbe6ee7000 	C:\WINDOWS\system32\wshunix.dll

dbghelp: loaded successfully - version: 4.0.5 - missing functions: none
symbol engine: initialized successfully - sym options: 0x614 - pdb path: .;C:\Program Files\Java\jdk-17\bin;C:\WINDOWS\SYSTEM32;C:\WINDOWS\WinSxS\amd64_microsoft.windows.common-controls_6595b64144ccf1df_6.0.19041.3570_none_60bb2a3971f3e41a;C:\Program Files\Java\jdk-17\bin\server

VM Arguments:
jvm_args: -Dfile.encoding=UTF-8 -Dstdout.encoding=UTF-8 -Dstderr.encoding=UTF-8 -XX:+ShowCodeDetailsInExceptionMessages 
java_command: day27.SalesForce
java_class_path (initial): D:\EclipseClass\Selenium\target\classes;C:\Users\Admin\.m2\repository\org\seleniumhq\selenium\selenium-java\4.12.1\selenium-java-4.12.1.jar;C:\Users\Admin\.m2\repository\org\seleniumhq\selenium\selenium-api\4.12.1\selenium-api-4.12.1.jar;C:\Users\Admin\.m2\repository\org\seleniumhq\selenium\selenium-chrome-driver\4.12.1\selenium-chrome-driver-4.12.1.jar;C:\Users\Admin\.m2\repository\com\google\auto\service\auto-service-annotations\1.1.1\auto-service-annotations-1.1.1.jar;C:\Users\Admin\.m2\repository\com\google\guava\guava\32.1.2-jre\guava-32.1.2-jre.jar;C:\Users\Admin\.m2\repository\com\google\guava\failureaccess\1.0.1\failureaccess-1.0.1.jar;C:\Users\Admin\.m2\repository\com\google\guava\listenablefuture\9999.0-empty-to-avoid-conflict-with-guava\listenablefuture-9999.0-empty-to-avoid-conflict-with-guava.jar;C:\Users\Admin\.m2\repository\com\google\code\findbugs\jsr305\3.0.2\jsr305-3.0.2.jar;C:\Users\Admin\.m2\repository\org\checkerframework\checker-qual\3.33.0\checker-qual-3.33.0.jar;C:\Users\Admin\.m2\repository\com\google\errorprone\error_prone_annotations\2.18.0\error_prone_annotations-2.18.0.jar;C:\Users\Admin\.m2\repository\com\google\j2objc\j2objc-annotations\2.8\j2objc-annotations-2.8.jar;C:\Users\Admin\.m2\repository\org\seleniumhq\selenium\selenium-chromium-driver\4.12.1\selenium-chromium-driver-4.12.1.jar;C:\Users\Admin\.m2\repository\org\seleniumhq\selenium\selenium-json\4.12.1\selenium-json-4.12.1.jar;C:\Users\Admin\.m2\repository\org\seleniumhq\selenium\selenium-manager\4.12.1\selenium-manager-4.12.1.jar;C:\Users\Admin\.m2\repository\org\seleniumhq\selenium\selenium-devtools-v114\4.12.1\selenium-devtools-v114-4.12.1.jar;C:\Users\Admin\.m2\repository\org\seleniumhq\selenium\selenium-devtools-v115\4.12.1\selenium-devtools-v115-4.12.1.jar;C:\Users\Admin\.m2\repository\org\seleniumhq\selenium\selenium-devtools-v116\4.12.1\selenium-devtools-v116-4.12.1.jar;C:\Users\Admin\.m2\repository\org\seleniumhq\selenium\selenium-devtools-
Launcher Type: SUN_STANDARD

[Global flags]
     intx CICompilerCount                          = 3                                         {product} {ergonomic}
     uint ConcGCThreads                            = 1                                         {product} {ergonomic}
     uint G1ConcRefinementThreads                  = 4                                         {product} {ergonomic}
   size_t G1HeapRegionSize                         = 1048576                                   {product} {ergonomic}
    uintx GCDrainStackTargetSize                   = 64                                        {product} {ergonomic}
   size_t InitialHeapSize                          = 67108864                                  {product} {ergonomic}
   size_t MarkStackSize                            = 4194304                                   {product} {ergonomic}
   size_t MaxHeapSize                              = 1042284544                                {product} {ergonomic}
   size_t MaxNewSize                               = 624951296                                 {product} {ergonomic}
   size_t MinHeapDeltaBytes                        = 1048576                                   {product} {ergonomic}
   size_t MinHeapSize                              = 8388608                                   {product} {ergonomic}
    uintx NonNMethodCodeHeapSize                   = 5832780                                {pd product} {ergonomic}
    uintx NonProfiledCodeHeapSize                  = 122912730                              {pd product} {ergonomic}
    uintx ProfiledCodeHeapSize                     = 122912730                              {pd product} {ergonomic}
    uintx ReservedCodeCacheSize                    = 251658240                              {pd product} {ergonomic}
     bool SegmentedCodeCache                       = true                                      {product} {ergonomic}
     bool ShowCodeDetailsInExceptionMessages       = true                                   {manageable} {command line}
   size_t SoftMaxHeapSize                          = 1042284544                             {manageable} {ergonomic}
     bool UseCompressedClassPointers               = true                           {product lp64_product} {ergonomic}
     bool UseCompressedOops                        = true                           {product lp64_product} {ergonomic}
     bool UseG1GC                                  = true                                      {product} {ergonomic}
     bool UseLargePagesIndividualAllocation        = false                                  {pd product} {ergonomic}

Logging:
Log output configuration:
 #0: stdout all=warning uptime,level,tags
 #1: stderr all=off uptime,level,tags

Environment Variables:
PATH=C:\Program Files\Common Files\Oracle\Java\javapath;C:\Program Files (x86)\Common Files\Oracle\Java\javapath;C:\WINDOWS\system32;C:\WINDOWS;C:\WINDOWS\System32\Wbem;C:\WINDOWS\System32\WindowsPowerShell\v1.0\;C:\WINDOWS\System32\OpenSSH\;C:\Program Files\Git\cmd;C:\Maven\apache-maven-3.9.2\bin;C:\Program Files\Java\jdk-17\bin;C:\Program Files\MySQL\MySQL Shell 8.0\bin\;C:\Users\Admin\AppData\Local\Microsoft\WindowsApps;C:\Program Files\Git\bin\;C:\Program Files\Git\cmd\;C:\Users\Admin\AppData\Local\GitHubDesktop\bin
USERNAME=Admin
OS=Windows_NT
PROCESSOR_IDENTIFIER=Intel64 Family 6 Model 78 Stepping 3, GenuineIntel



---------------  S Y S T E M  ---------------

OS:
 Windows 10 , 64 bit Build 19041 (10.0.19041.3570)
OS uptime: 15 days 22:06 hours

CPU: total 4 (initial active 4) (2 cores per cpu, 2 threads per core) family 6 model 78 stepping 3 microcode 0xcc, cx8, cmov, fxsr, ht, mmx, 3dnowpref, sse, sse2, sse3, ssse3, sse4.1, sse4.2, popcnt, lzcnt, tsc, tscinvbit, avx, avx2, aes, erms, clmul, bmi1, bmi2, adx, fma, vzeroupper, clflush, clflushopt

Memory: 4k page, system-wide physical 3970M (40M free)
TotalPageFile size 16258M (AvailPageFile size 0M)
current process WorkingSet (physical memory assigned to process): 137M, peak: 137M
current process commit charge ("private bytes"): 200M, peak: 200M

vm_info: Java HotSpot(TM) 64-Bit Server VM (17.0.8+9-LTS-211) for windows-amd64 JRE (17.0.8+9-LTS-211), built on Jun 14 2023 10:34:31 by "mach5one" with MS VC++ 17.1 (VS2022)

END.
