#
# There is insufficient memory for the Java Runtime Environment to continue.
# Native memory allocation (mmap) failed to map 67108864 bytes for G1 virtual space
# Possible reasons:
#   The system is out of physical RAM or swap space
#   The process is running with CompressedOops enabled, and the Java Heap may be blocking the growth of the native heap
# Possible solutions:
#   Reduce memory load on the system
#   Increase physical memory or swap space
#   Check if swap backing store is full
#   Decrease Java heap size (-Xmx/-Xms)
#   Decrease number of Java threads
#   Decrease Java thread stack sizes (-Xss)
#   Set larger code cache with -XX:ReservedCodeCacheSize=
#   JVM is running with Unscaled Compressed Oops mode in which the Java heap is
#     placed in the first 4GB address space. The Java Heap base address is the
#     maximum limit for the native heap growth. Please use -XX:HeapBaseMinAddress
#     to set the Java Heap base and to place the Java Heap above 4GB virtual address.
# This output file may be truncated or incomplete.
#
#  Out of Memory Error (os_windows.cpp:3550), pid=25392, tid=16448
#
# JRE version:  (17.0.8+9) (build )
# Java VM: Java HotSpot(TM) 64-Bit Server VM (17.0.8+9-LTS-211, mixed mode, sharing, tiered, compressed oops, compressed class ptrs, g1 gc, windows-amd64)
# No core dump will be written. Minidumps are not enabled by default on client versions of Windows
#

---------------  S U M M A R Y ------------

Command Line: -ea -Dfile.encoding=UTF-8 -Dstdout.encoding=UTF-8 -Dstderr.encoding=UTF-8 -XX:+ShowCodeDetailsInExceptionMessages org.testng.remote.RemoteTestNG -serport 57995 -protocol json -d D:\EclipseClass\Selenium\test-output C:\Users\Admin\AppData\Local\Temp\testng-eclipse-1224786578\testng-customsuite.xml

Host: Intel(R) Core(TM) i3-6006U CPU @ 2.00GHz, 4 cores, 3G,  Windows 10 , 64 bit Build 19041 (10.0.19041.3570)
Time: Wed Nov  1 11:51:10 2023 India Standard Time elapsed time: 0.644630 seconds (0d 0h 0m 0s)

---------------  T H R E A D  ---------------

Current thread (0x0000021cf772c6e0):  JavaThread "Unknown thread" [_thread_in_vm, id=16448, stack(0x000000cc7c000000,0x000000cc7c100000)]

Stack: [0x000000cc7c000000,0x000000cc7c100000]
Native frames: (J=compiled Java code, j=interpreted, Vv=VM code, C=native code)
V  [jvm.dll+0x677d0a]
V  [jvm.dll+0x7d8c54]
V  [jvm.dll+0x7da3fe]
V  [jvm.dll+0x7daa63]
V  [jvm.dll+0x245c5f]
V  [jvm.dll+0x674bb9]
V  [jvm.dll+0x6694f2]
V  [jvm.dll+0x3031d6]
V  [jvm.dll+0x30a756]
V  [jvm.dll+0x359f9e]
V  [jvm.dll+0x35a1cf]
V  [jvm.dll+0x2da3e8]
V  [jvm.dll+0x2db354]
V  [jvm.dll+0x7aa711]
V  [jvm.dll+0x367b51]
V  [jvm.dll+0x789979]
V  [jvm.dll+0x3eb05f]
V  [jvm.dll+0x3ecae1]
C  [jli.dll+0x5297]
C  [ucrtbase.dll+0x21bb2]
C  [KERNEL32.DLL+0x17344]
C  [ntdll.dll+0x526b1]


---------------  P R O C E S S  ---------------

Threads class SMR info:
_java_thread_list=0x00007ffbb4f959d8, length=0, elements={
}

Java Threads: ( => current thread )

Other Threads:
  0x0000021cf77690c0 GCTaskThread "GC Thread#0" [stack: 0x000000cc7c100000,0x000000cc7c200000] [id=26048]
  0x0000021cf7772b60 ConcurrentGCThread "G1 Main Marker" [stack: 0x000000cc7c200000,0x000000cc7c300000] [id=22068]
  0x0000021cf7773c20 ConcurrentGCThread "G1 Conc#0" [stack: 0x000000cc7c300000,0x000000cc7c400000] [id=27532]

[error occurred during error reporting (printing all threads), id 0xc0000005, EXCEPTION_ACCESS_VIOLATION (0xc0000005) at pc=0x00007ffbb47cb047]

VM state: not at safepoint (not fully initialized)

VM Mutex/Monitor currently owned by a thread:  ([mutex/lock_event])
[0x0000021cf7727f20] Heap_lock - owner thread: 0x0000021cf772c6e0

Heap address: 0x00000000c1e00000, size: 994 MB, Compressed Oops mode: 32-bit

CDS archive(s) mapped at: [0x0000000000000000-0x0000000000000000-0x0000000000000000), size 0, SharedBaseAddress: 0x0000000800000000, ArchiveRelocationMode: 1.
Narrow klass base: 0x0000000000000000, Narrow klass shift: 0, Narrow klass range: 0x0

GC Precious Log:
<Empty>

Heap:
 garbage-first heap   total 0K, used 0K [0x00000000c1e00000, 0x0000000100000000)
  region size 1024K, 0 young (0K), 0 survivors (0K)

[error occurred during error reporting (printing heap information), id 0xc0000005, EXCEPTION_ACCESS_VIOLATION (0xc0000005) at pc=0x00007ffbb4bb1499]

GC Heap History (0 events):
No events

Deoptimization events (0 events):
No events

Classes unloaded (0 events):
No events

Classes redefined (0 events):
No events

Internal exceptions (0 events):
No events

VM Operations (0 events):
No events

Events (1 events):
Event: 0.027 Loaded shared library C:\Program Files\Java\jdk-17\bin\java.dll


Dynamic libraries:
0x00007ff7cdcf0000 - 0x00007ff7cdd00000 	C:\Program Files\Java\jdk-17\bin\javaw.exe
0x00007ffbec1d0000 - 0x00007ffbec3c7000 	C:\WINDOWS\SYSTEM32\ntdll.dll
0x00007ffbeb460000 - 0x00007ffbeb51d000 	C:\WINDOWS\System32\KERNEL32.DLL
0x00007ffbe9aa0000 - 0x00007ffbe9d96000 	C:\WINDOWS\System32\KERNELBASE.dll
0x00007ffbea010000 - 0x00007ffbea110000 	C:\WINDOWS\System32\ucrtbase.dll
0x00007ffbe5250000 - 0x00007ffbe5269000 	C:\Program Files\Java\jdk-17\bin\jli.dll
0x00007ffbeb1e0000 - 0x00007ffbeb28e000 	C:\WINDOWS\System32\ADVAPI32.dll
0x00007ffbeae70000 - 0x00007ffbeaf0e000 	C:\WINDOWS\System32\msvcrt.dll
0x00007ffbeaf10000 - 0x00007ffbeafac000 	C:\WINDOWS\System32\sechost.dll
0x00007ffbeb720000 - 0x00007ffbeb846000 	C:\WINDOWS\System32\RPCRT4.dll
0x00007ffbe52d0000 - 0x00007ffbe52eb000 	C:\Program Files\Java\jdk-17\bin\VCRUNTIME140.dll
0x00007ffbeafb0000 - 0x00007ffbeb14e000 	C:\WINDOWS\System32\USER32.dll
0x00007ffbea110000 - 0x00007ffbea132000 	C:\WINDOWS\System32\win32u.dll
0x00007ffbea730000 - 0x00007ffbea75c000 	C:\WINDOWS\System32\GDI32.dll
0x00007ffbd79d0000 - 0x00007ffbd7c6a000 	C:\WINDOWS\WinSxS\amd64_microsoft.windows.common-controls_6595b64144ccf1df_6.0.19041.3570_none_60bb2a3971f3e41a\COMCTL32.dll
0x00007ffbe9e80000 - 0x00007ffbe9f9a000 	C:\WINDOWS\System32\gdi32full.dll
0x00007ffbea190000 - 0x00007ffbea22d000 	C:\WINDOWS\System32\msvcp_win.dll
0x00007ffbe0d30000 - 0x00007ffbe0d3a000 	C:\WINDOWS\SYSTEM32\VERSION.dll
0x00007ffbeb150000 - 0x00007ffbeb180000 	C:\WINDOWS\System32\IMM32.DLL
0x00007ffbe5350000 - 0x00007ffbe535c000 	C:\Program Files\Java\jdk-17\bin\vcruntime140_1.dll
0x00007ffbd53e0000 - 0x00007ffbd546e000 	C:\Program Files\Java\jdk-17\bin\msvcp140.dll
0x00007ffbb44e0000 - 0x00007ffbb50be000 	C:\Program Files\Java\jdk-17\bin\server\jvm.dll
0x00007ffbea9f0000 - 0x00007ffbea9f8000 	C:\WINDOWS\System32\PSAPI.DLL
0x00007ffb93dd0000 - 0x00007ffb93dd9000 	C:\WINDOWS\SYSTEM32\WSOCK32.dll
0x00007ffbca6d0000 - 0x00007ffbca6f7000 	C:\WINDOWS\SYSTEM32\WINMM.dll
0x00007ffbeb310000 - 0x00007ffbeb37b000 	C:\WINDOWS\System32\WS2_32.dll
0x00007ffbe7750000 - 0x00007ffbe7762000 	C:\WINDOWS\SYSTEM32\kernel.appcore.dll
0x00007ffbe5330000 - 0x00007ffbe533a000 	C:\Program Files\Java\jdk-17\bin\jimage.dll
0x00007ffbd3e30000 - 0x00007ffbd4014000 	C:\WINDOWS\SYSTEM32\DBGHELP.DLL
0x00007ffbd3c60000 - 0x00007ffbd3c94000 	C:\WINDOWS\SYSTEM32\dbgcore.DLL
0x00007ffbe9a10000 - 0x00007ffbe9a92000 	C:\WINDOWS\System32\bcryptPrimitives.dll
0x00007ffbe1a60000 - 0x00007ffbe1a85000 	C:\Program Files\Java\jdk-17\bin\java.dll

dbghelp: loaded successfully - version: 4.0.5 - missing functions: none
symbol engine: initialized successfully - sym options: 0x614 - pdb path: .;C:\Program Files\Java\jdk-17\bin;C:\WINDOWS\SYSTEM32;C:\WINDOWS\WinSxS\amd64_microsoft.windows.common-controls_6595b64144ccf1df_6.0.19041.3570_none_60bb2a3971f3e41a;C:\Program Files\Java\jdk-17\bin\server

VM Arguments:
jvm_args: -ea -Dfile.encoding=UTF-8 -Dstdout.encoding=UTF-8 -Dstderr.encoding=UTF-8 -XX:+ShowCodeDetailsInExceptionMessages 
java_command: org.testng.remote.RemoteTestNG -serport 57995 -protocol json -d D:\EclipseClass\Selenium\test-output C:\Users\Admin\AppData\Local\Temp\testng-eclipse-1224786578\testng-customsuite.xml
java_class_path (initial): C:\Users\Admin\eclipse\jee-2023-092\eclipse\configuration\org.eclipse.osgi\987\0\.cp\lib\testng-remote.jar;D:\EclipseClass\Selenium\target\test-classes;D:\EclipseClass\Selenium\target\classes;C:\Users\Admin\.m2\repository\org\seleniumhq\selenium\selenium-java\4.12.1\selenium-java-4.12.1.jar;C:\Users\Admin\.m2\repository\org\seleniumhq\selenium\selenium-api\4.12.1\selenium-api-4.12.1.jar;C:\Users\Admin\.m2\repository\org\seleniumhq\selenium\selenium-chrome-driver\4.12.1\selenium-chrome-driver-4.12.1.jar;C:\Users\Admin\.m2\repository\com\google\auto\service\auto-service-annotations\1.1.1\auto-service-annotations-1.1.1.jar;C:\Users\Admin\.m2\repository\com\google\guava\guava\32.1.2-jre\guava-32.1.2-jre.jar;C:\Users\Admin\.m2\repository\com\google\guava\failureaccess\1.0.1\failureaccess-1.0.1.jar;C:\Users\Admin\.m2\repository\com\google\guava\listenablefuture\9999.0-empty-to-avoid-conflict-with-guava\listenablefuture-9999.0-empty-to-avoid-conflict-with-guava.jar;C:\Users\Admin\.m2\repository\com\google\code\findbugs\jsr305\3.0.2\jsr305-3.0.2.jar;C:\Users\Admin\.m2\repository\org\checkerframework\checker-qual\3.33.0\checker-qual-3.33.0.jar;C:\Users\Admin\.m2\repository\com\google\errorprone\error_prone_annotations\2.18.0\error_prone_annotations-2.18.0.jar;C:\Users\Admin\.m2\repository\com\google\j2objc\j2objc-annotations\2.8\j2objc-annotations-2.8.jar;C:\Users\Admin\.m2\repository\org\seleniumhq\selenium\selenium-chromium-driver\4.12.1\selenium-chromium-driver-4.12.1.jar;C:\Users\Admin\.m2\repository\org\seleniumhq\selenium\selenium-json\4.12.1\selenium-json-4.12.1.jar;C:\Users\Admin\.m2\repository\org\seleniumhq\selenium\selenium-manager\4.12.1\selenium-manager-4.12.1.jar;C:\Users\Admin\.m2\repository\org\seleniumhq\selenium\selenium-devtools-v114\4.12.1\selenium-devtools-v114-4.12.1.jar;C:\Users\Admin\.m2\repository\org\seleniumhq\selenium\selenium-devtools-v115\4.12.1\selenium-devtools-v115-4.12.1.jar;C:\Users\Admin\.m2\repository\org\sele
Launcher Type: SUN_STANDARD

[Global flags]
     intx CICompilerCount                          = 3                                         {product} {ergonomic}
     uint ConcGCThreads                            = 1                                         {product} {ergonomic}
     uint G1ConcRefinementThreads                  = 4                                         {product} {ergonomic}
   size_t G1HeapRegionSize                         = 1048576                                   {product} {ergonomic}
    uintx GCDrainStackTargetSize                   = 64                                        {product} {ergonomic}
   size_t InitialHeapSize                          = 67108864                                  {product} {ergonomic}
   size_t MarkStackSize                            = 4194304                                   {product} {ergonomic}
   size_t MaxHeapSize                              = 1042284544                                {product} {ergonomic}
   size_t MinHeapDeltaBytes                        = 1048576                                   {product} {ergonomic}
   size_t MinHeapSize                              = 8388608                                   {product} {ergonomic}
    uintx NonNMethodCodeHeapSize                   = 5832780                                {pd product} {ergonomic}
    uintx NonProfiledCodeHeapSize                  = 122912730                              {pd product} {ergonomic}
    uintx ProfiledCodeHeapSize                     = 122912730                              {pd product} {ergonomic}
    uintx ReservedCodeCacheSize                    = 251658240                              {pd product} {ergonomic}
     bool SegmentedCodeCache                       = true                                      {product} {ergonomic}
     bool ShowCodeDetailsInExceptionMessages       = true                                   {manageable} {command line}
   size_t SoftMaxHeapSize                          = 1042284544                             {manageable} {ergonomic}
     bool UseCompressedClassPointers               = true                           {product lp64_product} {ergonomic}
     bool UseCompressedOops                        = true                           {product lp64_product} {ergonomic}
     bool UseG1GC                                  = true                                      {product} {ergonomic}
     bool UseLargePagesIndividualAllocation        = false                                  {pd product} {ergonomic}

Logging:
Log output configuration:
 #0: stdout all=warning uptime,level,tags
 #1: stderr all=off uptime,level,tags

Environment Variables:
PATH=C:\Program Files\Common Files\Oracle\Java\javapath;C:\Program Files (x86)\Common Files\Oracle\Java\javapath;C:\WINDOWS\system32;C:\WINDOWS;C:\WINDOWS\System32\Wbem;C:\WINDOWS\System32\WindowsPowerShell\v1.0\;C:\WINDOWS\System32\OpenSSH\;C:\Program Files\Git\cmd;C:\Maven\apache-maven-3.9.2\bin;C:\Program Files\Java\jdk-17\bin;C:\Program Files\MySQL\MySQL Shell 8.0\bin\;C:\Users\Admin\AppData\Local\Microsoft\WindowsApps;C:\Program Files\Git\bin\;C:\Program Files\Git\cmd\;C:\Users\Admin\AppData\Local\GitHubDesktop\bin
USERNAME=Admin
OS=Windows_NT
PROCESSOR_IDENTIFIER=Intel64 Family 6 Model 78 Stepping 3, GenuineIntel



---------------  S Y S T E M  ---------------

OS:
 Windows 10 , 64 bit Build 19041 (10.0.19041.3570)
OS uptime: 17 days 14:41 hours

CPU: total 4 (initial active 4) (2 cores per cpu, 2 threads per core) family 6 model 78 stepping 3 microcode 0xcc, cx8, cmov, fxsr, ht, mmx, 3dnowpref, sse, sse2, sse3, ssse3, sse4.1, sse4.2, popcnt, lzcnt, tsc, tscinvbit, avx, avx2, aes, erms, clmul, bmi1, bmi2, adx, fma, vzeroupper, clflush, clflushopt

Memory: 4k page, system-wide physical 3970M (133M free)
TotalPageFile size 16258M (AvailPageFile size 13M)
current process WorkingSet (physical memory assigned to process): 9M, peak: 9M
current process commit charge ("private bytes"): 51M, peak: 115M

vm_info: Java HotSpot(TM) 64-Bit Server VM (17.0.8+9-LTS-211) for windows-amd64 JRE (17.0.8+9-LTS-211), built on Jun 14 2023 10:34:31 by "mach5one" with MS VC++ 17.1 (VS2022)

END.
