#
# There is insufficient memory for the Java Runtime Environment to continue.
# Native memory allocation (malloc) failed to allocate 877696 bytes for Chunk::new
# Possible reasons:
#   The system is out of physical RAM or swap space
#   The process is running with CompressedOops enabled, and the Java Heap may be blocking the growth of the native heap
# Possible solutions:
#   Reduce memory load on the system
#   Increase physical memory or swap space
#   Check if swap backing store is full
#   Decrease Java heap size (-Xmx/-Xms)
#   Decrease number of Java threads
#   Decrease Java thread stack sizes (-Xss)
#   Set larger code cache with -XX:ReservedCodeCacheSize=
#   JVM is running with Unscaled Compressed Oops mode in which the Java heap is
#     placed in the first 4GB address space. The Java Heap base address is the
#     maximum limit for the native heap growth. Please use -XX:HeapBaseMinAddress
#     to set the Java Heap base and to place the Java Heap above 4GB virtual address.
# This output file may be truncated or incomplete.
#
#  Out of Memory Error (arena.cpp:189), pid=11540, tid=16560
#
# JRE version: Java(TM) SE Runtime Environment (17.0.8+9) (build 17.0.8+9-LTS-211)
# Java VM: Java HotSpot(TM) 64-Bit Server VM (17.0.8+9-LTS-211, mixed mode, sharing, tiered, compressed oops, compressed class ptrs, g1 gc, windows-amd64)
# No core dump will be written. Minidumps are not enabled by default on client versions of Windows
#

---------------  S U M M A R Y ------------

Command Line: C:\Windows\Temp\surefire10361473468098096480\surefirebooter9765058988383699355.jar C:\Windows\Temp\surefire10361473468098096480 2023-12-05T17-23-11_589-jvmRun1 surefire14233940434742942188tmp surefire_011355354160277967756tmp

Host: Intel(R) Core(TM) i3-6006U CPU @ 2.00GHz, 4 cores, 3G,  Windows 10 , 64 bit Build 19041 (10.0.19041.3636)
Time: Tue Dec  5 17:23:22 2023 India Standard Time elapsed time: 9.110077 seconds (0d 0h 0m 9s)

---------------  T H R E A D  ---------------

Current thread (0x000001cd9bd367a0):  JavaThread "C2 CompilerThread0" daemon [_thread_in_native, id=16560, stack(0x00000085c9e00000,0x00000085c9f00000)]


Current CompileTask:
C2:   9111 2236       4       java.lang.invoke.MethodType::makeImpl (109 bytes)

Stack: [0x00000085c9e00000,0x00000085c9f00000]
Native frames: (J=compiled Java code, j=interpreted, Vv=VM code, C=native code)
V  [jvm.dll+0x677d0a]
V  [jvm.dll+0x7d8c54]
V  [jvm.dll+0x7da3fe]
V  [jvm.dll+0x7daa63]
V  [jvm.dll+0x245c5f]
V  [jvm.dll+0xaaa6b]
V  [jvm.dll+0xab00c]
V  [jvm.dll+0x2ab5cf]
V  [jvm.dll+0x580435]
V  [jvm.dll+0x220b22]
V  [jvm.dll+0x219bfd]
V  [jvm.dll+0x217329]
V  [jvm.dll+0x1a3af0]
V  [jvm.dll+0x2270be]
V  [jvm.dll+0x22535b]
V  [jvm.dll+0x78e7bc]
V  [jvm.dll+0x788bba]
V  [jvm.dll+0x676b35]
C  [ucrtbase.dll+0x21bb2]
C  [KERNEL32.DLL+0x17344]
C  [ntdll.dll+0x526b1]


---------------  P R O C E S S  ---------------

Threads class SMR info:
_java_thread_list=0x000001cdfc9d7650, length=13, elements={
0x000001cd9bc588a0, 0x000001cd9bd16e20, 0x000001cd9bd17c90, 0x000001cd9bd2d2d0,
0x000001cd9bd2fd90, 0x000001cd9bd30740, 0x000001cd9bd32510, 0x000001cd9bd367a0,
0x000001cdb6e96440, 0x000001cd9bd3cdd0, 0x000001cdfc14ec50, 0x000001cdfc14ff90,
0x000001cdfc1517a0
}

Java Threads: ( => current thread )
  0x000001cd9bc588a0 JavaThread "main" [_thread_in_native, id=19228, stack(0x00000085c9100000,0x00000085c9200000)]
  0x000001cd9bd16e20 JavaThread "Reference Handler" daemon [_thread_blocked, id=18504, stack(0x00000085c9800000,0x00000085c9900000)]
  0x000001cd9bd17c90 JavaThread "Finalizer" daemon [_thread_blocked, id=19120, stack(0x00000085c9900000,0x00000085c9a00000)]
  0x000001cd9bd2d2d0 JavaThread "Signal Dispatcher" daemon [_thread_blocked, id=1960, stack(0x00000085c9a00000,0x00000085c9b00000)]
  0x000001cd9bd2fd90 JavaThread "Attach Listener" daemon [_thread_blocked, id=18796, stack(0x00000085c9b00000,0x00000085c9c00000)]
  0x000001cd9bd30740 JavaThread "Service Thread" daemon [_thread_blocked, id=8948, stack(0x00000085c9c00000,0x00000085c9d00000)]
  0x000001cd9bd32510 JavaThread "Monitor Deflation Thread" daemon [_thread_blocked, id=9172, stack(0x00000085c9d00000,0x00000085c9e00000)]
=>0x000001cd9bd367a0 JavaThread "C2 CompilerThread0" daemon [_thread_in_native, id=16560, stack(0x00000085c9e00000,0x00000085c9f00000)]
  0x000001cdb6e96440 JavaThread "C1 CompilerThread0" daemon [_thread_blocked, id=7160, stack(0x00000085c9f00000,0x00000085ca000000)]
  0x000001cd9bd3cdd0 JavaThread "Sweeper thread" daemon [_thread_blocked, id=9780, stack(0x00000085ca000000,0x00000085ca100000)]
  0x000001cdfc14ec50 JavaThread "Notification Thread" daemon [_thread_blocked, id=14240, stack(0x00000085ca100000,0x00000085ca200000)]
  0x000001cdfc14ff90 JavaThread "Common-Cleaner" daemon [_thread_blocked, id=10052, stack(0x00000085ca300000,0x00000085ca400000)]
  0x000001cdfc1517a0 JavaThread "surefire-forkedjvm-command-thread" daemon [_thread_in_native, id=17200, stack(0x00000085ca400000,0x00000085ca500000)]

Other Threads:
  0x000001cd9bd12200 VMThread "VM Thread" [stack: 0x00000085c9700000,0x00000085c9800000] [id=13580]
  0x000001cdfc156760 WatcherThread [stack: 0x00000085ca200000,0x00000085ca300000] [id=6788]
  0x000001cd9bc93380 GCTaskThread "GC Thread#0" [stack: 0x00000085c9200000,0x00000085c9300000] [id=10732]
  0x000001cdfc8e0630 GCTaskThread "GC Thread#1" [stack: 0x00000085ca500000,0x00000085ca600000] [id=2468]
  0x000001cdfc88b290 GCTaskThread "GC Thread#2" [stack: 0x00000085ca600000,0x00000085ca700000] [id=11628]
  0x000001cdfc88b540 GCTaskThread "GC Thread#3" [stack: 0x00000085ca700000,0x00000085ca800000] [id=17844]
  0x000001cd9bc9bf00 ConcurrentGCThread "G1 Main Marker" [stack: 0x00000085c9300000,0x00000085c9400000] [id=11052]
  0x000001cd9bc9e0c0 ConcurrentGCThread "G1 Conc#0" [stack: 0x00000085c9400000,0x00000085c9500000] [id=8732]
  0x000001cd9bced600 ConcurrentGCThread "G1 Refine#0" [stack: 0x00000085c9500000,0x00000085c9600000] [id=15692]
  0x000001cdfc8e08e0 ConcurrentGCThread "G1 Refine#1" [stack: 0x00000085ca800000,0x00000085ca900000] [id=12356]
  0x000001cd9bcee020 ConcurrentGCThread "G1 Service" [stack: 0x00000085c9600000,0x00000085c9700000] [id=13712]

Threads with active compile tasks:
C2 CompilerThread0     9222 2236       4       java.lang.invoke.MethodType::makeImpl (109 bytes)

VM state: not at safepoint (normal execution)

VM Mutex/Monitor currently owned by a thread: None

Heap address: 0x00000000c1e00000, size: 994 MB, Compressed Oops mode: 32-bit

CDS archive(s) mapped at: [0x000001cdb7000000-0x000001cdb7bd0000-0x000001cdb7bd0000), size 12386304, SharedBaseAddress: 0x000001cdb7000000, ArchiveRelocationMode: 1.
Compressed class space mapped at: 0x000001cdb8000000-0x000001cdf8000000, reserved size: 1073741824
Narrow klass base: 0x000001cdb7000000, Narrow klass shift: 0, Narrow klass range: 0x100000000

GC Precious Log:
 CPUs: 4 total, 4 available
 Memory: 3970M
 Large Page Support: Disabled
 NUMA Support: Disabled
 Compressed Oops: Enabled (32-bit)
 Heap Region Size: 1M
 Heap Min Capacity: 8M
 Heap Initial Capacity: 64M
 Heap Max Capacity: 994M
 Pre-touch: Disabled
 Parallel Workers: 4
 Concurrent Workers: 1
 Concurrent Refinement Workers: 4
 Periodic GC: Disabled

Heap:
 garbage-first heap   total 65536K, used 38020K [0x00000000c1e00000, 0x0000000100000000)
  region size 1024K, 30 young (30720K), 3 survivors (3072K)
 Metaspace       used 16759K, committed 17088K, reserved 1114112K
  class space    used 2015K, committed 2176K, reserved 1048576K

Heap Regions: E=young(eden), S=young(survivor), O=old, HS=humongous(starts), HC=humongous(continues), CS=collection set, F=free, OA=open archive, CA=closed archive, TAMS=top-at-mark-start (previous, next)
|   0|0x00000000c1e00000, 0x00000000c1f00000, 0x00000000c1f00000|100%|HS|  |TAMS 0x00000000c1e00000, 0x00000000c1e00000| Complete 
|   1|0x00000000c1f00000, 0x00000000c2000000, 0x00000000c2000000|100%| O|  |TAMS 0x00000000c1f00000, 0x00000000c1f00000| Untracked 
|   2|0x00000000c2000000, 0x00000000c2100000, 0x00000000c2100000|100%|HS|  |TAMS 0x00000000c2000000, 0x00000000c2000000| Complete 
|   3|0x00000000c2100000, 0x00000000c2200000, 0x00000000c2200000|100%| O|  |TAMS 0x00000000c2100000, 0x00000000c2100000| Untracked 
|   4|0x00000000c2200000, 0x00000000c2300000, 0x00000000c2300000|100%| O|  |TAMS 0x00000000c2200000, 0x00000000c2200000| Untracked 
|   5|0x00000000c2300000, 0x00000000c2400000, 0x00000000c2400000|100%| O|  |TAMS 0x00000000c2300000, 0x00000000c2300000| Untracked 
|   6|0x00000000c2400000, 0x00000000c2500000, 0x00000000c2500000|100%| O|  |TAMS 0x00000000c2400000, 0x00000000c2400000| Untracked 
|   7|0x00000000c2500000, 0x00000000c2600000, 0x00000000c2600000|100%| O|  |TAMS 0x00000000c2500000, 0x00000000c2500000| Untracked 
|   8|0x00000000c2600000, 0x00000000c26f9a00, 0x00000000c2700000| 97%| O|  |TAMS 0x00000000c2600000, 0x00000000c2600000| Untracked 
|   9|0x00000000c2700000, 0x00000000c2700000, 0x00000000c2800000|  0%| F|  |TAMS 0x00000000c2700000, 0x00000000c2700000| Untracked 
|  10|0x00000000c2800000, 0x00000000c2800000, 0x00000000c2900000|  0%| F|  |TAMS 0x00000000c2800000, 0x00000000c2800000| Untracked 
|  11|0x00000000c2900000, 0x00000000c2900000, 0x00000000c2a00000|  0%| F|  |TAMS 0x00000000c2900000, 0x00000000c2900000| Untracked 
|  12|0x00000000c2a00000, 0x00000000c2a00000, 0x00000000c2b00000|  0%| F|  |TAMS 0x00000000c2a00000, 0x00000000c2a00000| Untracked 
|  13|0x00000000c2b00000, 0x00000000c2b00000, 0x00000000c2c00000|  0%| F|  |TAMS 0x00000000c2b00000, 0x00000000c2b00000| Untracked 
|  14|0x00000000c2c00000, 0x00000000c2c00000, 0x00000000c2d00000|  0%| F|  |TAMS 0x00000000c2c00000, 0x00000000c2c00000| Untracked 
|  15|0x00000000c2d00000, 0x00000000c2d00000, 0x00000000c2e00000|  0%| F|  |TAMS 0x00000000c2d00000, 0x00000000c2d00000| Untracked 
|  16|0x00000000c2e00000, 0x00000000c2e00000, 0x00000000c2f00000|  0%| F|  |TAMS 0x00000000c2e00000, 0x00000000c2e00000| Untracked 
|  17|0x00000000c2f00000, 0x00000000c2f00000, 0x00000000c3000000|  0%| F|  |TAMS 0x00000000c2f00000, 0x00000000c2f00000| Untracked 
|  18|0x00000000c3000000, 0x00000000c3000000, 0x00000000c3100000|  0%| F|  |TAMS 0x00000000c3000000, 0x00000000c3000000| Untracked 
|  19|0x00000000c3100000, 0x00000000c3100000, 0x00000000c3200000|  0%| F|  |TAMS 0x00000000c3100000, 0x00000000c3100000| Untracked 
|  20|0x00000000c3200000, 0x00000000c3200000, 0x00000000c3300000|  0%| F|  |TAMS 0x00000000c3200000, 0x00000000c3200000| Untracked 
|  21|0x00000000c3300000, 0x00000000c3300000, 0x00000000c3400000|  0%| F|  |TAMS 0x00000000c3300000, 0x00000000c3300000| Untracked 
|  22|0x00000000c3400000, 0x00000000c3400000, 0x00000000c3500000|  0%| F|  |TAMS 0x00000000c3400000, 0x00000000c3400000| Untracked 
|  23|0x00000000c3500000, 0x00000000c3500000, 0x00000000c3600000|  0%| F|  |TAMS 0x00000000c3500000, 0x00000000c3500000| Untracked 
|  24|0x00000000c3600000, 0x00000000c3600000, 0x00000000c3700000|  0%| F|  |TAMS 0x00000000c3600000, 0x00000000c3600000| Untracked 
|  25|0x00000000c3700000, 0x00000000c3700000, 0x00000000c3800000|  0%| F|  |TAMS 0x00000000c3700000, 0x00000000c3700000| Untracked 
|  26|0x00000000c3800000, 0x00000000c3800000, 0x00000000c3900000|  0%| F|  |TAMS 0x00000000c3800000, 0x00000000c3800000| Untracked 
|  27|0x00000000c3900000, 0x00000000c3900000, 0x00000000c3a00000|  0%| F|  |TAMS 0x00000000c3900000, 0x00000000c3900000| Untracked 
|  28|0x00000000c3a00000, 0x00000000c3a00000, 0x00000000c3b00000|  0%| F|  |TAMS 0x00000000c3a00000, 0x00000000c3a00000| Untracked 
|  29|0x00000000c3b00000, 0x00000000c3b00000, 0x00000000c3c00000|  0%| F|  |TAMS 0x00000000c3b00000, 0x00000000c3b00000| Untracked 
|  30|0x00000000c3c00000, 0x00000000c3c00000, 0x00000000c3d00000|  0%| F|  |TAMS 0x00000000c3c00000, 0x00000000c3c00000| Untracked 
|  31|0x00000000c3d00000, 0x00000000c3d00000, 0x00000000c3e00000|  0%| F|  |TAMS 0x00000000c3d00000, 0x00000000c3d00000| Untracked 
|  32|0x00000000c3e00000, 0x00000000c3e00000, 0x00000000c3f00000|  0%| F|  |TAMS 0x00000000c3e00000, 0x00000000c3e00000| Untracked 
|  33|0x00000000c3f00000, 0x00000000c3f00000, 0x00000000c4000000|  0%| F|  |TAMS 0x00000000c3f00000, 0x00000000c3f00000| Untracked 
|  34|0x00000000c4000000, 0x00000000c4100000, 0x00000000c4100000|100%| E|  |TAMS 0x00000000c4000000, 0x00000000c4000000| Complete 
|  35|0x00000000c4100000, 0x00000000c4200000, 0x00000000c4200000|100%| E|CS|TAMS 0x00000000c4100000, 0x00000000c4100000| Complete 
|  36|0x00000000c4200000, 0x00000000c4300000, 0x00000000c4300000|100%| E|CS|TAMS 0x00000000c4200000, 0x00000000c4200000| Complete 
|  37|0x00000000c4300000, 0x00000000c4400000, 0x00000000c4400000|100%| E|CS|TAMS 0x00000000c4300000, 0x00000000c4300000| Complete 
|  38|0x00000000c4400000, 0x00000000c4500000, 0x00000000c4500000|100%| E|CS|TAMS 0x00000000c4400000, 0x00000000c4400000| Complete 
|  39|0x00000000c4500000, 0x00000000c4600000, 0x00000000c4600000|100%| E|CS|TAMS 0x00000000c4500000, 0x00000000c4500000| Complete 
|  40|0x00000000c4600000, 0x00000000c4700000, 0x00000000c4700000|100%| E|CS|TAMS 0x00000000c4600000, 0x00000000c4600000| Complete 
|  41|0x00000000c4700000, 0x00000000c4800000, 0x00000000c4800000|100%| E|CS|TAMS 0x00000000c4700000, 0x00000000c4700000| Complete 
|  42|0x00000000c4800000, 0x00000000c4827950, 0x00000000c4900000| 15%| S|CS|TAMS 0x00000000c4800000, 0x00000000c4800000| Complete 
|  43|0x00000000c4900000, 0x00000000c4a00000, 0x00000000c4a00000|100%| S|CS|TAMS 0x00000000c4900000, 0x00000000c4900000| Complete 
|  44|0x00000000c4a00000, 0x00000000c4b00000, 0x00000000c4b00000|100%| S|CS|TAMS 0x00000000c4a00000, 0x00000000c4a00000| Complete 
|  45|0x00000000c4b00000, 0x00000000c4c00000, 0x00000000c4c00000|100%| E|CS|TAMS 0x00000000c4b00000, 0x00000000c4b00000| Complete 
|  46|0x00000000c4c00000, 0x00000000c4d00000, 0x00000000c4d00000|100%| E|CS|TAMS 0x00000000c4c00000, 0x00000000c4c00000| Complete 
|  47|0x00000000c4d00000, 0x00000000c4e00000, 0x00000000c4e00000|100%| E|CS|TAMS 0x00000000c4d00000, 0x00000000c4d00000| Complete 
|  48|0x00000000c4e00000, 0x00000000c4f00000, 0x00000000c4f00000|100%| E|CS|TAMS 0x00000000c4e00000, 0x00000000c4e00000| Complete 
|  49|0x00000000c4f00000, 0x00000000c5000000, 0x00000000c5000000|100%| E|CS|TAMS 0x00000000c4f00000, 0x00000000c4f00000| Complete 
|  50|0x00000000c5000000, 0x00000000c5100000, 0x00000000c5100000|100%| E|CS|TAMS 0x00000000c5000000, 0x00000000c5000000| Complete 
|  51|0x00000000c5100000, 0x00000000c5200000, 0x00000000c5200000|100%| E|CS|TAMS 0x00000000c5100000, 0x00000000c5100000| Complete 
|  52|0x00000000c5200000, 0x00000000c5300000, 0x00000000c5300000|100%| E|CS|TAMS 0x00000000c5200000, 0x00000000c5200000| Complete 
|  53|0x00000000c5300000, 0x00000000c5400000, 0x00000000c5400000|100%| E|CS|TAMS 0x00000000c5300000, 0x00000000c5300000| Complete 
|  54|0x00000000c5400000, 0x00000000c5500000, 0x00000000c5500000|100%| E|CS|TAMS 0x00000000c5400000, 0x00000000c5400000| Complete 
|  55|0x00000000c5500000, 0x00000000c5600000, 0x00000000c5600000|100%| E|CS|TAMS 0x00000000c5500000, 0x00000000c5500000| Complete 
|  56|0x00000000c5600000, 0x00000000c5700000, 0x00000000c5700000|100%| E|CS|TAMS 0x00000000c5600000, 0x00000000c5600000| Complete 
|  57|0x00000000c5700000, 0x00000000c5800000, 0x00000000c5800000|100%| E|CS|TAMS 0x00000000c5700000, 0x00000000c5700000| Complete 
|  58|0x00000000c5800000, 0x00000000c5900000, 0x00000000c5900000|100%| E|CS|TAMS 0x00000000c5800000, 0x00000000c5800000| Complete 
|  59|0x00000000c5900000, 0x00000000c5a00000, 0x00000000c5a00000|100%| E|CS|TAMS 0x00000000c5900000, 0x00000000c5900000| Complete 
|  60|0x00000000c5a00000, 0x00000000c5b00000, 0x00000000c5b00000|100%| E|CS|TAMS 0x00000000c5a00000, 0x00000000c5a00000| Complete 
|  61|0x00000000c5b00000, 0x00000000c5c00000, 0x00000000c5c00000|100%| E|CS|TAMS 0x00000000c5b00000, 0x00000000c5b00000| Complete 
|  62|0x00000000c5c00000, 0x00000000c5d00000, 0x00000000c5d00000|100%| E|CS|TAMS 0x00000000c5c00000, 0x00000000c5c00000| Complete 
|  63|0x00000000c5d00000, 0x00000000c5e00000, 0x00000000c5e00000|100%| E|CS|TAMS 0x00000000c5d00000, 0x00000000c5d00000| Complete 

Card table byte_map: [0x000001cdb2710000,0x000001cdb2910000] _byte_map_base: 0x000001cdb2101000

Marking Bits (Prev, Next): (CMBitMap*) 0x000001cd9bc93990, (CMBitMap*) 0x000001cd9bc939d0
 Prev Bits: [0x000001cdb2b10000, 0x000001cdb3a98000)
 Next Bits: [0x000001cdb3aa0000, 0x000001cdb4a28000)

Polling page: 0x000001cd9ade0000

Metaspace:

Usage:
  Non-class:     14.40 MB used.
      Class:      1.97 MB used.
       Both:     16.37 MB used.

Virtual space:
  Non-class space:       64.00 MB reserved,      14.56 MB ( 23%) committed,  1 nodes.
      Class space:        1.00 GB reserved,       2.12 MB ( <1%) committed,  1 nodes.
             Both:        1.06 GB reserved,      16.69 MB (  2%) committed. 

Chunk freelists:
   Non-Class:  1.37 MB
       Class:  13.83 MB
        Both:  15.20 MB

MaxMetaspaceSize: unlimited
CompressedClassSpaceSize: 1.00 GB
Initial GC threshold: 21.00 MB
Current GC threshold: 21.00 MB
CDS: on
MetaspaceReclaimPolicy: balanced
 - commit_granule_bytes: 65536.
 - commit_granule_words: 8192.
 - virtual_space_node_default_size: 8388608.
 - enlarge_chunks_in_place: 1.
 - new_chunks_are_fully_committed: 0.
 - uncommit_free_chunks: 1.
 - use_allocation_guard: 0.
 - handle_deallocations: 1.


Internal statistics:

num_allocs_failed_limit: 0.
num_arena_births: 272.
num_arena_deaths: 0.
num_vsnodes_births: 2.
num_vsnodes_deaths: 0.
num_space_committed: 267.
num_space_uncommitted: 0.
num_chunks_returned_to_freelist: 0.
num_chunks_taken_from_freelist: 720.
num_chunk_merges: 0.
num_chunk_splits: 501.
num_chunks_enlarged: 369.
num_purges: 0.
num_inconsistent_stats: 0.

CodeHeap 'non-profiled nmethods': size=120000Kb used=1013Kb max_used=1013Kb free=118986Kb
 bounds [0x000001cdaafe0000, 0x000001cdab250000, 0x000001cdb2510000]
CodeHeap 'profiled nmethods': size=120000Kb used=4579Kb max_used=4579Kb free=115420Kb
 bounds [0x000001cda3510000, 0x000001cda3990000, 0x000001cdaaa40000]
CodeHeap 'non-nmethods': size=5760Kb used=1223Kb max_used=1257Kb free=4536Kb
 bounds [0x000001cdaaa40000, 0x000001cdaacb0000, 0x000001cdaafe0000]
 total_blobs=2798 nmethods=2264 adapters=446
 compilation: enabled
              stopped_count=0, restarted_count=0
 full_count=0

Compilation events (20 events):
Event: 8.906 Thread 0x000001cdb6e96440 2253       3       java.util.StringJoiner::add (110 bytes)
Event: 8.907 Thread 0x000001cdb6e96440 nmethod 2253 0x000001cda397db90 code [0x000001cda397dde0, 0x000001cda397e898]
Event: 8.907 Thread 0x000001cdb6e96440 2254       3       java.lang.Character::valueOf (21 bytes)
Event: 8.908 Thread 0x000001cdb6e96440 nmethod 2254 0x000001cda397ec10 code [0x000001cda397edc0, 0x000001cda397f058]
Event: 8.908 Thread 0x000001cdb6e96440 2255       3       java.lang.Character::hashCode (8 bytes)
Event: 8.908 Thread 0x000001cdb6e96440 nmethod 2255 0x000001cda397f190 code [0x000001cda397f320, 0x000001cda397f478]
Event: 8.908 Thread 0x000001cdb6e96440 2256       3       java.lang.Character::hashCode (2 bytes)
Event: 8.908 Thread 0x000001cdb6e96440 nmethod 2256 0x000001cda397f510 code [0x000001cda397f6a0, 0x000001cda397f798]
Event: 8.914 Thread 0x000001cdb6e96440 2257       3       java.io.PrintWriter::write (11 bytes)
Event: 8.914 Thread 0x000001cdb6e96440 nmethod 2257 0x000001cda397f810 code [0x000001cda397f9c0, 0x000001cda397fc28]
Event: 8.914 Thread 0x000001cdb6e96440 2258   !   3       java.io.PrintWriter::write (58 bytes)
Event: 8.915 Thread 0x000001cdb6e96440 nmethod 2258 0x000001cda397fd90 code [0x000001cda397ffa0, 0x000001cda3980588]
Event: 8.915 Thread 0x000001cdb6e96440 2259       3       java.lang.String::trim (35 bytes)
Event: 8.916 Thread 0x000001cdb6e96440 nmethod 2259 0x000001cda3980890 code [0x000001cda3980a60, 0x000001cda3980d58]
Event: 8.916 Thread 0x000001cdb6e96440 2260       3       java.lang.StringLatin1::trim (76 bytes)
Event: 8.917 Thread 0x000001cdb6e96440 nmethod 2260 0x000001cda3980e10 code [0x000001cda3980fe0, 0x000001cda39813c8]
Event: 8.919 Thread 0x000001cdb6e96440 2262  s    3       java.lang.StringBuffer::append (13 bytes)
Event: 8.919 Thread 0x000001cdb6e96440 nmethod 2262 0x000001cda3981510 code [0x000001cda39816c0, 0x000001cda39818e8]
Event: 8.919 Thread 0x000001cdb6e96440 2264       3       java.nio.CharBuffer::position (6 bytes)
Event: 8.919 Thread 0x000001cdb6e96440 nmethod 2264 0x000001cda3981990 code [0x000001cda3981b40, 0x000001cda3981ce8]

GC Heap History (6 events):
Event: 2.857 GC heap before
{Heap before GC invocations=0 (full 0):
 garbage-first heap   total 65536K, used 16384K [0x00000000c1e00000, 0x0000000100000000)
  region size 1024K, 13 young (13312K), 0 survivors (0K)
 Metaspace       used 1681K, committed 1792K, reserved 1114112K
  class space    used 153K, committed 192K, reserved 1048576K
}
Event: 2.868 GC heap after
{Heap after GC invocations=1 (full 0):
 garbage-first heap   total 65536K, used 9179K [0x00000000c1e00000, 0x0000000100000000)
  region size 1024K, 2 young (2048K), 2 survivors (2048K)
 Metaspace       used 1681K, committed 1792K, reserved 1114112K
  class space    used 153K, committed 192K, reserved 1048576K
}
Event: 3.745 GC heap before
{Heap before GC invocations=1 (full 0):
 garbage-first heap   total 65536K, used 15323K [0x00000000c1e00000, 0x0000000100000000)
  region size 1024K, 9 young (9216K), 2 survivors (2048K)
 Metaspace       used 5018K, committed 5248K, reserved 1114112K
  class space    used 528K, committed 640K, reserved 1048576K
}
Event: 3.753 GC heap after
{Heap after GC invocations=2 (full 0):
 garbage-first heap   total 65536K, used 10297K [0x00000000c1e00000, 0x0000000100000000)
  region size 1024K, 2 young (2048K), 2 survivors (2048K)
 Metaspace       used 5018K, committed 5248K, reserved 1114112K
  class space    used 528K, committed 640K, reserved 1048576K
}
Event: 4.862 GC heap before
{Heap before GC invocations=2 (full 0):
 garbage-first heap   total 65536K, used 27705K [0x00000000c1e00000, 0x0000000100000000)
  region size 1024K, 19 young (19456K), 2 survivors (2048K)
 Metaspace       used 9744K, committed 10048K, reserved 1114112K
  class space    used 1096K, committed 1280K, reserved 1048576K
}
Event: 4.872 GC heap after
{Heap after GC invocations=3 (full 0):
 garbage-first heap   total 65536K, used 11396K [0x00000000c1e00000, 0x0000000100000000)
  region size 1024K, 3 young (3072K), 3 survivors (3072K)
 Metaspace       used 9744K, committed 10048K, reserved 1114112K
  class space    used 1096K, committed 1280K, reserved 1048576K
}

Deoptimization events (20 events):
Event: 7.967 Thread 0x000001cd9bc588a0 DEOPT PACKING pc=0x000001cdab0a4a34 sp=0x00000085c91fc670
Event: 7.967 Thread 0x000001cd9bc588a0 DEOPT UNPACKING pc=0x000001cdaaa923a3 sp=0x00000085c91fc5a0 mode 2
Event: 7.967 Thread 0x000001cd9bc588a0 Uncommon trap: trap_request=0xffffffc6 fr.pc=0x000001cdab0a4a34 relative=0x0000000000001574
Event: 7.967 Thread 0x000001cd9bc588a0 Uncommon trap: reason=bimorphic_or_optimized_type_check action=maybe_recompile pc=0x000001cdab0a4a34 method=java.util.HashMap.putVal(ILjava/lang/Object;Ljava/lang/Object;ZZ)Ljava/lang/Object; @ 56 c2
Event: 7.967 Thread 0x000001cd9bc588a0 DEOPT PACKING pc=0x000001cdab0a4a34 sp=0x00000085c91fc670
Event: 7.968 Thread 0x000001cd9bc588a0 DEOPT UNPACKING pc=0x000001cdaaa923a3 sp=0x00000085c91fc5a0 mode 2
Event: 7.968 Thread 0x000001cd9bc588a0 Uncommon trap: trap_request=0xffffffc6 fr.pc=0x000001cdab0a4a34 relative=0x0000000000001574
Event: 7.968 Thread 0x000001cd9bc588a0 Uncommon trap: reason=bimorphic_or_optimized_type_check action=maybe_recompile pc=0x000001cdab0a4a34 method=java.util.HashMap.putVal(ILjava/lang/Object;Ljava/lang/Object;ZZ)Ljava/lang/Object; @ 56 c2
Event: 7.968 Thread 0x000001cd9bc588a0 DEOPT PACKING pc=0x000001cdab0a4a34 sp=0x00000085c91fc670
Event: 7.968 Thread 0x000001cd9bc588a0 DEOPT UNPACKING pc=0x000001cdaaa923a3 sp=0x00000085c91fc5a0 mode 2
Event: 7.968 Thread 0x000001cd9bc588a0 Uncommon trap: trap_request=0xffffffc6 fr.pc=0x000001cdab0a718c relative=0x000000000000144c
Event: 7.968 Thread 0x000001cd9bc588a0 Uncommon trap: reason=bimorphic_or_optimized_type_check action=maybe_recompile pc=0x000001cdab0a718c method=java.util.HashMap.putVal(ILjava/lang/Object;Ljava/lang/Object;ZZ)Ljava/lang/Object; @ 152 c2
Event: 7.968 Thread 0x000001cd9bc588a0 DEOPT PACKING pc=0x000001cdab0a718c sp=0x00000085c91fc5e0
Event: 7.968 Thread 0x000001cd9bc588a0 DEOPT UNPACKING pc=0x000001cdaaa923a3 sp=0x00000085c91fc5a0 mode 2
Event: 7.968 Thread 0x000001cd9bc588a0 Uncommon trap: trap_request=0xffffffc6 fr.pc=0x000001cdab0a7160 relative=0x0000000000001420
Event: 7.968 Thread 0x000001cd9bc588a0 Uncommon trap: reason=bimorphic_or_optimized_type_check action=maybe_recompile pc=0x000001cdab0a7160 method=java.util.HashMap.putVal(ILjava/lang/Object;Ljava/lang/Object;ZZ)Ljava/lang/Object; @ 56 c2
Event: 7.968 Thread 0x000001cd9bc588a0 DEOPT PACKING pc=0x000001cdab0a7160 sp=0x00000085c91fc5e0
Event: 7.968 Thread 0x000001cd9bc588a0 DEOPT UNPACKING pc=0x000001cdaaa923a3 sp=0x00000085c91fc598 mode 2
Event: 8.588 Thread 0x000001cd9bc588a0 DEOPT PACKING pc=0x000001cda3913456 sp=0x00000085c91fdf90
Event: 8.588 Thread 0x000001cd9bc588a0 DEOPT UNPACKING pc=0x000001cdaaa92b43 sp=0x00000085c91fd440 mode 0

Classes unloaded (0 events):
No events

Classes redefined (0 events):
No events

Internal exceptions (20 events):
Event: 4.274 Thread 0x000001cd9bc588a0 Exception <a 'java/lang/NoSuchMethodError'{0x00000000c5486c00}: 'int java.lang.invoke.DirectMethodHandle$Holder.invokeSpecial(java.lang.Object, java.lang.Object, java.lang.Object, java.lang.Object, java.lang.Object)'> (0x00000000c5486c00) 
thrown [s\open\src\hotspot\share\interpreter\linkResolver.cpp, line 759]
Event: 4.333 Thread 0x000001cd9bc588a0 Exception <a 'java/lang/NoSuchMethodError'{0x00000000c5391668}: 'void java.lang.invoke.DirectMethodHandle$Holder.invokeInterface(java.lang.Object, java.lang.Object)'> (0x00000000c5391668) 
thrown [s\open\src\hotspot\share\interpreter\linkResolver.cpp, line 759]
Event: 4.598 Thread 0x000001cd9bc588a0 Exception <a 'java/lang/NoSuchMethodError'{0x00000000c4e2dfa0}: 'void java.lang.invoke.DirectMethodHandle$Holder.invokeVirtual(java.lang.Object, java.lang.Object, java.lang.Object, java.lang.Object)'> (0x00000000c4e2dfa0) 
thrown [s\open\src\hotspot\share\interpreter\linkResolver.cpp, line 759]
Event: 4.623 Thread 0x000001cd9bc588a0 Exception <a 'java/lang/NoSuchMethodError'{0x00000000c4e60588}: 'void java.lang.invoke.DirectMethodHandle$Holder.invokeStatic(java.lang.Object, java.lang.Object, java.lang.Object, int)'> (0x00000000c4e60588) 
thrown [s\open\src\hotspot\share\interpreter\linkResolver.cpp, line 759]
Event: 4.624 Thread 0x000001cd9bc588a0 Exception <a 'java/lang/NoSuchMethodError'{0x00000000c4e63f98}: 'void java.lang.invoke.DirectMethodHandle$Holder.invokeStaticInit(java.lang.Object, java.lang.Object, java.lang.Object, int)'> (0x00000000c4e63f98) 
thrown [s\open\src\hotspot\share\interpreter\linkResolver.cpp, line 759]
Event: 4.686 Thread 0x000001cd9bc588a0 Exception <a 'java/lang/NoSuchMethodError'{0x00000000c4edc150}: 'void java.lang.invoke.DirectMethodHandle$Holder.invokeInterface(java.lang.Object, java.lang.Object, java.lang.Object)'> (0x00000000c4edc150) 
thrown [s\open\src\hotspot\share\interpreter\linkResolver.cpp, line 759]
Event: 5.122 Thread 0x000001cd9bc588a0 Implicit null exception at 0x000001cdab06dd20 to 0x000001cdab06f31c
Event: 6.721 Thread 0x000001cd9bc588a0 Exception <a 'java/lang/ClassNotFoundException'{0x00000000c4b08f70}: com/sun/org/apache/xml/internal/serializer/spi/XMLEntitiesProvider> (0x00000000c4b08f70) 
thrown [s\open\src\hotspot\share\classfile\systemDictionary.cpp, line 256]
Event: 6.974 Thread 0x000001cd9bc588a0 Exception <a 'java/lang/NoSuchMethodError'{0x00000000c47a4c30}: 'java.lang.Object java.lang.invoke.Invokers$Holder.invoke_MT(java.lang.Object, java.lang.Object, java.lang.Object)'> (0x00000000c47a4c30) 
thrown [s\open\src\hotspot\share\interpreter\linkResolver.cpp, line 759]
Event: 7.540 Thread 0x000001cd9bc588a0 Exception <a 'java/net/SocketException'{0x00000000c45b8218}: Socket is not connected: shutdown> (0x00000000c45b8218) 
thrown [s\open\src\hotspot\share\prims\jni.cpp, line 535]
Event: 7.541 Thread 0x000001cd9bc588a0 Exception <a 'java/net/SocketException'{0x00000000c45b8b38}: Socket is not connected: shutdown> (0x00000000c45b8b38) 
thrown [s\open\src\hotspot\share\prims\jni.cpp, line 535]
Event: 7.609 Thread 0x000001cd9bc588a0 Exception <a 'java/lang/NoSuchMethodError'{0x00000000c4485380}: 'void java.lang.invoke.DirectMethodHandle$Holder.invokeStaticInit(java.lang.Object, java.lang.Object)'> (0x00000000c4485380) 
thrown [s\open\src\hotspot\share\interpreter\linkResolver.cpp, line 759]
Event: 7.666 Thread 0x000001cd9bc588a0 Exception <a 'sun/nio/fs/WindowsException'{0x00000000c44f7750}> (0x00000000c44f7750) 
thrown [s\open\src\hotspot\share\prims\jni.cpp, line 516]
Event: 7.901 Thread 0x000001cd9bc588a0 Exception <a 'java/lang/NoSuchMethodError'{0x00000000c44fe5c8}: 'java.lang.Object java.lang.invoke.DirectMethodHandle$Holder.invokeInterface(java.lang.Object, java.lang.Object, java.lang.Object, java.lang.Object)'> (0x00000000c44fe5c8) 
thrown [s\open\src\hotspot\share\interpreter\linkResolver.cpp, line 759]
Event: 8.132 Thread 0x000001cdfc14f120 Exception <a 'java/lang/NoSuchMethodError'{0x00000000c4215f20}: 'void java.lang.invoke.DirectMethodHandle$Holder.invokeStatic(java.lang.Object, long)'> (0x00000000c4215f20) 
thrown [s\open\src\hotspot\share\interpreter\linkResolver.cpp, line 759]
Event: 8.134 Thread 0x000001cdfc14f120 Exception <a 'java/lang/NoSuchMethodError'{0x00000000c421b2c8}: 'java.lang.Object java.lang.invoke.DirectMethodHandle$Holder.newInvokeSpecial(java.lang.Object, long)'> (0x00000000c421b2c8) 
thrown [s\open\src\hotspot\share\interpreter\linkResolver.cpp, line 759]
Event: 8.138 Thread 0x000001cdfc14f120 Exception <a 'java/lang/NoSuchMethodError'{0x00000000c4221df0}: 'java.lang.Object java.lang.invoke.DirectMethodHandle$Holder.invokeStatic(java.lang.Object, java.lang.Object, long, java.lang.Object)'> (0x00000000c4221df0) 
thrown [s\open\src\hotspot\share\interpreter\linkResolver.cpp, line 759]
Event: 8.139 Thread 0x000001cdfc14f120 Exception <a 'java/lang/NoSuchMethodError'{0x00000000c42255e0}: 'java.lang.Object java.lang.invoke.DirectMethodHandle$Holder.invokeStaticInit(java.lang.Object, java.lang.Object, long, java.lang.Object)'> (0x00000000c42255e0) 
thrown [s\open\src\hotspot\share\interpreter\linkResolver.cpp, line 759]
Event: 8.141 Thread 0x000001cdfc14f120 Exception <a 'java/lang/NoSuchMethodError'{0x00000000c422b668}: 'java.lang.Object java.lang.invoke.DirectMethodHandle$Holder.newInvokeSpecial(java.lang.Object, java.lang.Object, long)'> (0x00000000c422b668) 
thrown [s\open\src\hotspot\share\interpreter\linkResolver.cpp, line 759]
Event: 8.543 Thread 0x000001cd9bc588a0 Exception <a 'java/lang/reflect/InvocationTargetException'{0x00000000c43ee6a0}> (0x00000000c43ee6a0) 
thrown [s\open\src\hotspot\share\runtime\reflection.cpp, line 1121]

VM Operations (20 events):
Event: 4.290 Executing VM operation: HandshakeAllThreads
Event: 4.290 Executing VM operation: HandshakeAllThreads done
Event: 4.427 Executing VM operation: HandshakeAllThreads
Event: 4.427 Executing VM operation: HandshakeAllThreads done
Event: 4.862 Executing VM operation: G1CollectForAllocation
Event: 4.872 Executing VM operation: G1CollectForAllocation done
Event: 5.880 Executing VM operation: Cleanup
Event: 5.883 Executing VM operation: Cleanup done
Event: 6.499 Executing VM operation: HandshakeAllThreads
Event: 6.499 Executing VM operation: HandshakeAllThreads done
Event: 6.501 Executing VM operation: HandshakeAllThreads
Event: 6.501 Executing VM operation: HandshakeAllThreads done
Event: 7.502 Executing VM operation: Cleanup
Event: 7.502 Executing VM operation: Cleanup done
Event: 7.899 Executing VM operation: HandshakeAllThreads
Event: 7.899 Executing VM operation: HandshakeAllThreads done
Event: 7.966 Executing VM operation: HandshakeAllThreads
Event: 7.967 Executing VM operation: HandshakeAllThreads done
Event: 8.149 Executing VM operation: HandshakeAllThreads
Event: 8.149 Executing VM operation: HandshakeAllThreads done

Events (20 events):
Event: 8.800 loading class sun/util/resources/TimeZoneNames
Event: 8.801 loading class sun/util/resources/TimeZoneNames done
Event: 8.801 loading class sun/util/resources/TimeZoneNames_en
Event: 8.801 loading class sun/util/resources/TimeZoneNames_en done
Event: 8.806 loading class java/text/StringCharacterIterator
Event: 8.807 loading class java/text/CharacterIterator
Event: 8.807 loading class java/text/CharacterIterator done
Event: 8.807 loading class java/text/StringCharacterIterator done
Event: 8.808 loading class java/util/concurrent/ConcurrentLinkedDeque$Itr
Event: 8.808 loading class java/util/concurrent/ConcurrentLinkedDeque$AbstractItr
Event: 8.809 loading class java/util/concurrent/ConcurrentLinkedDeque$AbstractItr done
Event: 8.809 loading class java/util/concurrent/ConcurrentLinkedDeque$Itr done
Event: 8.816 loading class java/io/PrintWriter
Event: 8.817 loading class java/io/PrintWriter done
Event: 8.817 loading class java/lang/Throwable$WrappedPrintWriter
Event: 8.818 loading class java/lang/Throwable$PrintStreamOrWriter
Event: 8.818 loading class java/lang/Throwable$PrintStreamOrWriter done
Event: 8.818 loading class java/lang/Throwable$WrappedPrintWriter done
Event: 8.903 loading class sun/util/resources/cldr/TimeZoneNames_en_US
Event: 8.903 loading class sun/util/resources/cldr/TimeZoneNames_en_US done


Dynamic libraries:
0x00007ff7a3d60000 - 0x00007ff7a3d70000 	C:\Program Files\Java\jdk-17\bin\java.exe
0x00007ff991010000 - 0x00007ff991208000 	C:\WINDOWS\SYSTEM32\ntdll.dll
0x00007ff98f900000 - 0x00007ff98f9bd000 	C:\WINDOWS\System32\KERNEL32.DLL
0x00007ff98e6f0000 - 0x00007ff98e9e6000 	C:\WINDOWS\System32\KERNELBASE.dll
0x00007ff98ec80000 - 0x00007ff98ed80000 	C:\WINDOWS\System32\ucrtbase.dll
0x00007ff970d80000 - 0x00007ff970d99000 	C:\Program Files\Java\jdk-17\bin\jli.dll
0x00007ff970d60000 - 0x00007ff970d7b000 	C:\Program Files\Java\jdk-17\bin\VCRUNTIME140.dll
0x00007ff98ff30000 - 0x00007ff98ffdf000 	C:\WINDOWS\System32\ADVAPI32.dll
0x00007ff98f9c0000 - 0x00007ff98fa5e000 	C:\WINDOWS\System32\msvcrt.dll
0x00007ff990f20000 - 0x00007ff990fbc000 	C:\WINDOWS\System32\sechost.dll
0x00007ff990b10000 - 0x00007ff990c36000 	C:\WINDOWS\System32\RPCRT4.dll
0x00007ff990750000 - 0x00007ff9908ee000 	C:\WINDOWS\System32\USER32.dll
0x00007ff9772a0000 - 0x00007ff97753a000 	C:\WINDOWS\WinSxS\amd64_microsoft.windows.common-controls_6595b64144ccf1df_6.0.19041.3636_none_60b6a03d71f818d5\COMCTL32.dll
0x00007ff98ebe0000 - 0x00007ff98ec02000 	C:\WINDOWS\System32\win32u.dll
0x00007ff990c40000 - 0x00007ff990c6c000 	C:\WINDOWS\System32\GDI32.dll
0x00007ff98ea20000 - 0x00007ff98eb3a000 	C:\WINDOWS\System32\gdi32full.dll
0x00007ff98eb40000 - 0x00007ff98ebdd000 	C:\WINDOWS\System32\msvcp_win.dll
0x00007ff987430000 - 0x00007ff98743a000 	C:\WINDOWS\SYSTEM32\VERSION.dll
0x00007ff9713c0000 - 0x00007ff9713cc000 	C:\Program Files\Java\jdk-17\bin\vcruntime140_1.dll
0x00007ff970c90000 - 0x00007ff970d1e000 	C:\Program Files\Java\jdk-17\bin\msvcp140.dll
0x00007ff9700b0000 - 0x00007ff970c8e000 	C:\Program Files\Java\jdk-17\bin\server\jvm.dll
0x00007ff990b00000 - 0x00007ff990b08000 	C:\WINDOWS\System32\PSAPI.DLL
0x00007ff9700a0000 - 0x00007ff9700a9000 	C:\WINDOWS\SYSTEM32\WSOCK32.dll
0x00007ff970070000 - 0x00007ff970097000 	C:\WINDOWS\SYSTEM32\WINMM.dll
0x00007ff98f070000 - 0x00007ff98f0db000 	C:\WINDOWS\System32\WS2_32.dll
0x00007ff98c5b0000 - 0x00007ff98c5c2000 	C:\WINDOWS\SYSTEM32\kernel.appcore.dll
0x00007ff970050000 - 0x00007ff97005a000 	C:\Program Files\Java\jdk-17\bin\jimage.dll
0x00007ff97b070000 - 0x00007ff97b254000 	C:\WINDOWS\SYSTEM32\DBGHELP.DLL
0x00007ff97ae40000 - 0x00007ff97ae74000 	C:\WINDOWS\SYSTEM32\dbgcore.DLL
0x00007ff98ee80000 - 0x00007ff98ef02000 	C:\WINDOWS\System32\bcryptPrimitives.dll
0x00007ff970020000 - 0x00007ff970045000 	C:\Program Files\Java\jdk-17\bin\java.dll
0x00007ff96fc10000 - 0x00007ff96fce7000 	C:\Program Files\Java\jdk-17\bin\jsvml.dll
0x00007ff98f0e0000 - 0x00007ff98f824000 	C:\WINDOWS\System32\SHELL32.dll
0x00007ff98c7b0000 - 0x00007ff98cf4b000 	C:\WINDOWS\SYSTEM32\windows.storage.dll
0x00007ff9900f0000 - 0x00007ff990444000 	C:\WINDOWS\System32\combase.dll
0x00007ff98e060000 - 0x00007ff98e08d000 	C:\WINDOWS\SYSTEM32\Wldp.dll
0x00007ff990020000 - 0x00007ff9900cd000 	C:\WINDOWS\System32\SHCORE.dll
0x00007ff98fa60000 - 0x00007ff98fab5000 	C:\WINDOWS\System32\shlwapi.dll
0x00007ff98e620000 - 0x00007ff98e645000 	C:\WINDOWS\SYSTEM32\profapi.dll
0x00007ff96f320000 - 0x00007ff96f339000 	C:\Program Files\Java\jdk-17\bin\net.dll
0x00007ff97e880000 - 0x00007ff97e98a000 	C:\WINDOWS\SYSTEM32\WINHTTP.dll
0x00007ff98ddc0000 - 0x00007ff98de2a000 	C:\WINDOWS\system32\mswsock.dll
0x00007ff96ee60000 - 0x00007ff96ee76000 	C:\Program Files\Java\jdk-17\bin\nio.dll
0x00007ff96ee20000 - 0x00007ff96ee38000 	C:\Program Files\Java\jdk-17\bin\zip.dll
0x00007ff96e130000 - 0x00007ff96e13a000 	C:\Program Files\Java\jdk-17\bin\management.dll
0x00007ff96b030000 - 0x00007ff96b03b000 	C:\Program Files\Java\jdk-17\bin\management_ext.dll
0x00007ff98dfb0000 - 0x00007ff98dfc8000 	C:\WINDOWS\SYSTEM32\CRYPTSP.dll
0x00007ff98d6f0000 - 0x00007ff98d724000 	C:\WINDOWS\system32\rsaenh.dll
0x00007ff98e9f0000 - 0x00007ff98ea17000 	C:\WINDOWS\System32\bcrypt.dll
0x00007ff98dfd0000 - 0x00007ff98dfdc000 	C:\WINDOWS\SYSTEM32\CRYPTBASE.dll
0x00007ff98dab0000 - 0x00007ff98daeb000 	C:\WINDOWS\SYSTEM32\IPHLPAPI.DLL
0x00007ff990fc0000 - 0x00007ff990fc8000 	C:\WINDOWS\System32\NSI.dll
0x00007ff97efb0000 - 0x00007ff97efc7000 	C:\WINDOWS\SYSTEM32\dhcpcsvc6.DLL
0x00007ff980850000 - 0x00007ff98086d000 	C:\WINDOWS\SYSTEM32\dhcpcsvc.DLL
0x00007ff98daf0000 - 0x00007ff98dbba000 	C:\WINDOWS\SYSTEM32\DNSAPI.dll
0x00007ff97c930000 - 0x00007ff97c940000 	C:\Program Files\Java\jdk-17\bin\verify.dll
0x00007ff97d840000 - 0x00007ff97d84a000 	C:\Windows\System32\rasadhlp.dll
0x00007ff97d860000 - 0x00007ff97d8e0000 	C:\WINDOWS\System32\fwpuclnt.dll
0x00007ff98c030000 - 0x00007ff98c0c0000 	C:\WINDOWS\system32\apphelp.dll
0x00007ff972270000 - 0x00007ff972287000 	C:\WINDOWS\system32\napinsp.dll
0x00007ff972250000 - 0x00007ff97226b000 	C:\WINDOWS\system32\pnrpnsp.dll
0x00007ff972230000 - 0x00007ff972245000 	C:\WINDOWS\system32\wshbth.dll
0x00007ff98a090000 - 0x00007ff98a0ad000 	C:\WINDOWS\system32\NLAapi.dll
0x00007ff972210000 - 0x00007ff972222000 	C:\WINDOWS\System32\winrnr.dll

dbghelp: loaded successfully - version: 4.0.5 - missing functions: none
symbol engine: initialized successfully - sym options: 0x614 - pdb path: .;C:\Program Files\Java\jdk-17\bin;C:\WINDOWS\SYSTEM32;C:\WINDOWS\WinSxS\amd64_microsoft.windows.common-controls_6595b64144ccf1df_6.0.19041.3636_none_60b6a03d71f818d5;C:\Program Files\Java\jdk-17\bin\server

VM Arguments:
java_command: C:\Windows\Temp\surefire10361473468098096480\surefirebooter9765058988383699355.jar C:\Windows\Temp\surefire10361473468098096480 2023-12-05T17-23-11_589-jvmRun1 surefire14233940434742942188tmp surefire_011355354160277967756tmp
java_class_path (initial): C:\Windows\Temp\surefire10361473468098096480\surefirebooter9765058988383699355.jar
Launcher Type: SUN_STANDARD

[Global flags]
     intx CICompilerCount                          = 3                                         {product} {ergonomic}
     uint ConcGCThreads                            = 1                                         {product} {ergonomic}
     uint G1ConcRefinementThreads                  = 4                                         {product} {ergonomic}
   size_t G1HeapRegionSize                         = 1048576                                   {product} {ergonomic}
    uintx GCDrainStackTargetSize                   = 64                                        {product} {ergonomic}
   size_t InitialHeapSize                          = 67108864                                  {product} {ergonomic}
   size_t MarkStackSize                            = 4194304                                   {product} {ergonomic}
   size_t MaxHeapSize                              = 1042284544                                {product} {ergonomic}
   size_t MaxNewSize                               = 624951296                                 {product} {ergonomic}
   size_t MinHeapDeltaBytes                        = 1048576                                   {product} {ergonomic}
   size_t MinHeapSize                              = 8388608                                   {product} {ergonomic}
    uintx NonNMethodCodeHeapSize                   = 5832780                                {pd product} {ergonomic}
    uintx NonProfiledCodeHeapSize                  = 122912730                              {pd product} {ergonomic}
    uintx ProfiledCodeHeapSize                     = 122912730                              {pd product} {ergonomic}
    uintx ReservedCodeCacheSize                    = 251658240                              {pd product} {ergonomic}
     bool SegmentedCodeCache                       = true                                      {product} {ergonomic}
   size_t SoftMaxHeapSize                          = 1042284544                             {manageable} {ergonomic}
     bool UseCompressedClassPointers               = true                           {product lp64_product} {ergonomic}
     bool UseCompressedOops                        = true                           {product lp64_product} {ergonomic}
     bool UseG1GC                                  = true                                      {product} {ergonomic}
     bool UseLargePagesIndividualAllocation        = false                                  {pd product} {ergonomic}

Logging:
Log output configuration:
 #0: stdout all=warning uptime,level,tags
 #1: stderr all=off uptime,level,tags

Environment Variables:
JAVA_HOME=C:\Program Files\Java\jdk-17
PATH=C:\Maven\apache-maven-3.9.2/bin;C:\Program Files\Java\jdk-17/bin;C:\Program Files\Java\jdk-17/bin;C:\Program Files\Common Files\Oracle\Java\javapath;C:\Program Files (x86)\Common Files\Oracle\Java\javapath;C:\WINDOWS\system32;C:\WINDOWS;C:\WINDOWS\System32\Wbem;C:\WINDOWS\System32\WindowsPowerShell\v1.0\;C:\WINDOWS\System32\OpenSSH\;C:\Program Files\Git\cmd;C:\Maven\apache-maven-3.9.2\bin;C:\Program Files\Java\jdk-17\bin;C:\WINDOWS\system32\config\systemprofile\AppData\Local\Microsoft\WindowsApps
USERNAME=DESKTOP-RFGG51U$
OS=Windows_NT
PROCESSOR_IDENTIFIER=Intel64 Family 6 Model 78 Stepping 3, GenuineIntel



---------------  S Y S T E M  ---------------

OS:
 Windows 10 , 64 bit Build 19041 (10.0.19041.3636)
OS uptime: 10 days 3:23 hours

CPU: total 4 (initial active 4) (2 cores per cpu, 2 threads per core) family 6 model 78 stepping 3 microcode 0xcc, cx8, cmov, fxsr, ht, mmx, 3dnowpref, sse, sse2, sse3, ssse3, sse4.1, sse4.2, popcnt, lzcnt, tsc, tscinvbit, avx, avx2, aes, erms, clmul, bmi1, bmi2, adx, fma, vzeroupper, clflush, clflushopt

Memory: 4k page, system-wide physical 3970M (121M free)
TotalPageFile size 16258M (AvailPageFile size 1M)
current process WorkingSet (physical memory assigned to process): 114M, peak: 115M
current process commit charge ("private bytes"): 175M, peak: 177M

vm_info: Java HotSpot(TM) 64-Bit Server VM (17.0.8+9-LTS-211) for windows-amd64 JRE (17.0.8+9-LTS-211), built on Jun 14 2023 10:34:31 by "mach5one" with MS VC++ 17.1 (VS2022)

END.
