#
# There is insufficient memory for the Java Runtime Environment to continue.
# Native memory allocation (malloc) failed to allocate 32784 bytes for Chunk::new
# Possible reasons:
#   The system is out of physical RAM or swap space
#   The process is running with CompressedOops enabled, and the Java Heap may be blocking the growth of the native heap
# Possible solutions:
#   Reduce memory load on the system
#   Increase physical memory or swap space
#   Check if swap backing store is full
#   Decrease Java heap size (-Xmx/-Xms)
#   Decrease number of Java threads
#   Decrease Java thread stack sizes (-Xss)
#   Set larger code cache with -XX:ReservedCodeCacheSize=
#   JVM is running with Unscaled Compressed Oops mode in which the Java heap is
#     placed in the first 4GB address space. The Java Heap base address is the
#     maximum limit for the native heap growth. Please use -XX:HeapBaseMinAddress
#     to set the Java Heap base and to place the Java Heap above 4GB virtual address.
# This output file may be truncated or incomplete.
#
#  Out of Memory Error (arena.cpp:189), pid=14612, tid=1624
#
# JRE version: Java(TM) SE Runtime Environment (17.0.8+9) (build 17.0.8+9-LTS-211)
# Java VM: Java HotSpot(TM) 64-Bit Server VM (17.0.8+9-LTS-211, mixed mode, sharing, tiered, compressed oops, compressed class ptrs, g1 gc, windows-amd64)
# No core dump will be written. Minidumps are not enabled by default on client versions of Windows
#

---------------  S U M M A R Y ------------

Command Line: jenkins.maven3.agent.Maven35Main C:\Maven\apache-maven-3.9.2 C:\ProgramData\Jenkins\war\WEB-INF\lib\remoting-3131.vf2b_b_798b_ce99.jar C:\ProgramData\Jenkins\.jenkins\plugins\maven-plugin\WEB-INF\lib\maven35-interceptor-1.14.jar C:\ProgramData\Jenkins\.jenkins\plugins\maven-plugin\WEB-INF\lib\maven3-interceptor-commons-1.14.jar 51984

Host: Intel(R) Core(TM) i3-6006U CPU @ 2.00GHz, 4 cores, 3G,  Windows 10 , 64 bit Build 19041 (10.0.19041.3636)
Time: Thu Dec  7 22:31:34 2023 India Standard Time elapsed time: 25.334990 seconds (0d 0h 0m 25s)

---------------  T H R E A D  ---------------

Current thread (0x00000223f0b5fea0):  JavaThread "C2 CompilerThread0" daemon [_thread_in_native, id=1624, stack(0x000000e00b100000,0x000000e00b200000)]


Current CompileTask:
C2:  25335 6259   !   4       java.io.ObjectOutputStream::writeObject0 (620 bytes)

Stack: [0x000000e00b100000,0x000000e00b200000]
Native frames: (J=compiled Java code, j=interpreted, Vv=VM code, C=native code)
V  [jvm.dll+0x677d0a]
V  [jvm.dll+0x7d8c54]
V  [jvm.dll+0x7da3fe]
V  [jvm.dll+0x7daa63]
V  [jvm.dll+0x245c5f]
V  [jvm.dll+0xaaa6b]
V  [jvm.dll+0xab00c]
V  [jvm.dll+0xb801d]
V  [jvm.dll+0x570b6e]
V  [jvm.dll+0x56ed10]
V  [jvm.dll+0x56f6d0]
V  [jvm.dll+0x56eb20]
V  [jvm.dll+0x56eb34]
V  [jvm.dll+0x56eb34]
V  [jvm.dll+0x56eb34]
V  [jvm.dll+0x56eb34]
V  [jvm.dll+0x56eb34]
V  [jvm.dll+0x56eb34]
V  [jvm.dll+0x56eb34]
V  [jvm.dll+0x580c48]
V  [jvm.dll+0x220b22]
V  [jvm.dll+0x220eff]
V  [jvm.dll+0x219e56]
V  [jvm.dll+0x217329]
V  [jvm.dll+0x1a3af0]
V  [jvm.dll+0x2270be]
V  [jvm.dll+0x22535b]
V  [jvm.dll+0x78e7bc]
V  [jvm.dll+0x788bba]
V  [jvm.dll+0x676b35]
C  [ucrtbase.dll+0x21bb2]
C  [KERNEL32.DLL+0x17344]
C  [ntdll.dll+0x526b1]


---------------  P R O C E S S  ---------------

Threads class SMR info:
_java_thread_list=0x00000223fe7432e0, length=24, elements={
0x00000223f0a86ea0, 0x00000223f0b446b0, 0x00000223f0b45520, 0x00000223f0b5a1e0,
0x00000223f0b5ad90, 0x00000223f0b5d750, 0x00000223f0b5e100, 0x00000223f0b5fea0,
0x00000223f0b67cd0, 0x00000223f0b6d650, 0x00000223fd66ae10, 0x00000223fd671310,
0x00000223fd8861c0, 0x00000223fd817900, 0x00000223fd9a8c50, 0x00000223fd9a9120,
0x00000223fda19ba0, 0x00000223fd9c3270, 0x00000223fde33860, 0x00000223fe5573c0,
0x00000223fe557890, 0x00000223fe556080, 0x00000223fe556ef0, 0x00000223fe558230
}

Java Threads: ( => current thread )
  0x00000223f0a86ea0 JavaThread "main" [_thread_blocked, id=20964, stack(0x000000e00a400000,0x000000e00a500000)]
  0x00000223f0b446b0 JavaThread "Reference Handler" daemon [_thread_blocked, id=20268, stack(0x000000e00ab00000,0x000000e00ac00000)]
  0x00000223f0b45520 JavaThread "Finalizer" daemon [_thread_blocked, id=22004, stack(0x000000e00ac00000,0x000000e00ad00000)]
  0x00000223f0b5a1e0 JavaThread "Signal Dispatcher" daemon [_thread_blocked, id=1260, stack(0x000000e00ad00000,0x000000e00ae00000)]
  0x00000223f0b5ad90 JavaThread "Attach Listener" daemon [_thread_blocked, id=16640, stack(0x000000e00ae00000,0x000000e00af00000)]
  0x00000223f0b5d750 JavaThread "Service Thread" daemon [_thread_blocked, id=7976, stack(0x000000e00af00000,0x000000e00b000000)]
  0x00000223f0b5e100 JavaThread "Monitor Deflation Thread" daemon [_thread_blocked, id=12036, stack(0x000000e00b000000,0x000000e00b100000)]
=>0x00000223f0b5fea0 JavaThread "C2 CompilerThread0" daemon [_thread_in_native, id=1624, stack(0x000000e00b100000,0x000000e00b200000)]
  0x00000223f0b67cd0 JavaThread "C1 CompilerThread0" daemon [_thread_blocked, id=20344, stack(0x000000e00b200000,0x000000e00b300000)]
  0x00000223f0b6d650 JavaThread "Sweeper thread" daemon [_thread_blocked, id=9092, stack(0x000000e00b300000,0x000000e00b400000)]
  0x00000223fd66ae10 JavaThread "Notification Thread" daemon [_thread_blocked, id=984, stack(0x000000e00b400000,0x000000e00b500000)]
  0x00000223fd671310 JavaThread "Common-Cleaner" daemon [_thread_blocked, id=17008, stack(0x000000e00b600000,0x000000e00b700000)]
  0x00000223fd8861c0 JavaThread "RemoteInvocationHandler [#1]" daemon [_thread_blocked, id=17140, stack(0x000000e00b700000,0x000000e00b800000)]
  0x00000223fd817900 JavaThread "Channel reader thread: channel" [_thread_in_native, id=4384, stack(0x000000e00b800000,0x000000e00b900000)]
  0x00000223fd9a8c50 JavaThread "pool-1-thread-1" [_thread_blocked, id=3800, stack(0x000000e00b900000,0x000000e00ba00000)]
  0x00000223fd9a9120 JavaThread "pool-1-thread-2" [_thread_blocked, id=21276, stack(0x000000e00ba00000,0x000000e00bb00000)]
  0x00000223fda19ba0 JavaThread "pool-1-thread-3" [_thread_blocked, id=22012, stack(0x000000e00bb00000,0x000000e00bc00000)]
  0x00000223fd9c3270 JavaThread "pool-1-thread-4" [_thread_blocked, id=11212, stack(0x000000e00bc00000,0x000000e00bd00000)]
  0x00000223fde33860 JavaThread "pool-1-thread-5 for channel id=834 for channel id=221" [_thread_blocked, id=13964, stack(0x000000e00bd00000,0x000000e00be00000)]
  0x00000223fe5573c0 JavaThread "resolver-1" daemon [_thread_blocked, id=18168, stack(0x000000e00c100000,0x000000e00c200000)]
  0x00000223fe557890 JavaThread "resolver-2" daemon [_thread_blocked, id=7024, stack(0x000000e00c200000,0x000000e00c300000)]
  0x00000223fe556080 JavaThread "resolver-3" daemon [_thread_blocked, id=13180, stack(0x000000e00c300000,0x000000e00c400000)]
  0x00000223fe556ef0 JavaThread "resolver-4" daemon [_thread_blocked, id=19424, stack(0x000000e00c400000,0x000000e00c500000)]
  0x00000223fe558230 JavaThread "resolver-5" daemon [_thread_blocked, id=16516, stack(0x000000e00c500000,0x000000e00c600000)]

Other Threads:
  0x00000223f0b3da50 VMThread "VM Thread" [stack: 0x000000e00aa00000,0x000000e00ab00000] [id=9548]
  0x00000223fd51ecf0 WatcherThread [stack: 0x000000e00b500000,0x000000e00b600000] [id=15368]
  0x00000223f0ac4b00 GCTaskThread "GC Thread#0" [stack: 0x000000e00a500000,0x000000e00a600000] [id=21952]
  0x00000223fde35580 GCTaskThread "GC Thread#1" [stack: 0x000000e00be00000,0x000000e00bf00000] [id=20000]
  0x00000223fde35830 GCTaskThread "GC Thread#2" [stack: 0x000000e00bf00000,0x000000e00c000000] [id=15508]
  0x00000223fde94270 GCTaskThread "GC Thread#3" [stack: 0x000000e00c000000,0x000000e00c100000] [id=12832]
  0x00000223f0acd680 ConcurrentGCThread "G1 Main Marker" [stack: 0x000000e00a600000,0x000000e00a700000] [id=8996]
  0x00000223f0acf0a0 ConcurrentGCThread "G1 Conc#0" [stack: 0x000000e00a700000,0x000000e00a800000] [id=16220]
  0x00000223f0b1b300 ConcurrentGCThread "G1 Refine#0" [stack: 0x000000e00a800000,0x000000e00a900000] [id=17112]
  0x00000223f0b1bd20 ConcurrentGCThread "G1 Service" [stack: 0x000000e00a900000,0x000000e00aa00000] [id=20668]

Threads with active compile tasks:
C2 CompilerThread0    25392 6259   !   4       java.io.ObjectOutputStream::writeObject0 (620 bytes)

VM state: not at safepoint (normal execution)

VM Mutex/Monitor currently owned by a thread: None

Heap address: 0x00000000c1e00000, size: 994 MB, Compressed Oops mode: 32-bit

CDS archive(s) mapped at: [0x000002238f000000-0x000002238fbd0000-0x000002238fbd0000), size 12386304, SharedBaseAddress: 0x000002238f000000, ArchiveRelocationMode: 1.
Compressed class space mapped at: 0x0000022390000000-0x00000223d0000000, reserved size: 1073741824
Narrow klass base: 0x000002238f000000, Narrow klass shift: 0, Narrow klass range: 0x100000000

GC Precious Log:
 CPUs: 4 total, 4 available
 Memory: 3970M
 Large Page Support: Disabled
 NUMA Support: Disabled
 Compressed Oops: Enabled (32-bit)
 Heap Region Size: 1M
 Heap Min Capacity: 8M
 Heap Initial Capacity: 64M
 Heap Max Capacity: 994M
 Pre-touch: Disabled
 Parallel Workers: 4
 Concurrent Workers: 1
 Concurrent Refinement Workers: 4
 Periodic GC: Disabled

Heap:
 garbage-first heap   total 65536K, used 42077K [0x00000000c1e00000, 0x0000000100000000)
  region size 1024K, 21 young (21504K), 3 survivors (3072K)
 Metaspace       used 26704K, committed 27136K, reserved 1114112K
  class space    used 2940K, committed 3136K, reserved 1048576K

Heap Regions: E=young(eden), S=young(survivor), O=old, HS=humongous(starts), HC=humongous(continues), CS=collection set, F=free, OA=open archive, CA=closed archive, TAMS=top-at-mark-start (previous, next)
|   0|0x00000000c1e00000, 0x00000000c1f00000, 0x00000000c1f00000|100%|HS|  |TAMS 0x00000000c1f00000, 0x00000000c1e00000| Complete 
|   1|0x00000000c1f00000, 0x00000000c2000000, 0x00000000c2000000|100%|HC|  |TAMS 0x00000000c2000000, 0x00000000c1f00000| Complete 
|   2|0x00000000c2000000, 0x00000000c2100000, 0x00000000c2100000|100%|HS|  |TAMS 0x00000000c2100000, 0x00000000c2000000| Complete 
|   3|0x00000000c2100000, 0x00000000c2200000, 0x00000000c2200000|100%|HC|  |TAMS 0x00000000c2200000, 0x00000000c2100000| Complete 
|   4|0x00000000c2200000, 0x00000000c2300000, 0x00000000c2300000|100%| O|  |TAMS 0x00000000c2300000, 0x00000000c2200000| Untracked 
|   5|0x00000000c2300000, 0x00000000c2400000, 0x00000000c2400000|100%| O|  |TAMS 0x00000000c2400000, 0x00000000c2300000| Untracked 
|   6|0x00000000c2400000, 0x00000000c2500000, 0x00000000c2500000|100%| O|  |TAMS 0x00000000c2500000, 0x00000000c2400000| Untracked 
|   7|0x00000000c2500000, 0x00000000c2600000, 0x00000000c2600000|100%| O|  |TAMS 0x00000000c2600000, 0x00000000c2500000| Untracked 
|   8|0x00000000c2600000, 0x00000000c2700000, 0x00000000c2700000|100%| O|  |TAMS 0x00000000c2700000, 0x00000000c2600000| Untracked 
|   9|0x00000000c2700000, 0x00000000c2800000, 0x00000000c2800000|100%| O|  |TAMS 0x00000000c2800000, 0x00000000c2700000| Untracked 
|  10|0x00000000c2800000, 0x00000000c2900000, 0x00000000c2900000|100%| O|  |TAMS 0x00000000c2900000, 0x00000000c2800000| Untracked 
|  11|0x00000000c2900000, 0x00000000c2a00000, 0x00000000c2a00000|100%| O|  |TAMS 0x00000000c2a00000, 0x00000000c2900000| Untracked 
|  12|0x00000000c2a00000, 0x00000000c2b00000, 0x00000000c2b00000|100%| O|  |TAMS 0x00000000c2b00000, 0x00000000c2a00000| Untracked 
|  13|0x00000000c2b00000, 0x00000000c2c00000, 0x00000000c2c00000|100%| O|  |TAMS 0x00000000c2c00000, 0x00000000c2b00000| Untracked 
|  14|0x00000000c2c00000, 0x00000000c2c00000, 0x00000000c2d00000|  0%| F|  |TAMS 0x00000000c2c00000, 0x00000000c2c00000| Untracked 
|  15|0x00000000c2d00000, 0x00000000c2e00000, 0x00000000c2e00000|100%| O|  |TAMS 0x00000000c2e00000, 0x00000000c2d00000| Untracked 
|  16|0x00000000c2e00000, 0x00000000c2f00000, 0x00000000c2f00000|100%| O|  |TAMS 0x00000000c2e1ce00, 0x00000000c2e00000| Untracked 
|  17|0x00000000c2f00000, 0x00000000c3000000, 0x00000000c3000000|100%| O|  |TAMS 0x00000000c2f00000, 0x00000000c2f00000| Untracked 
|  18|0x00000000c3000000, 0x00000000c3100000, 0x00000000c3100000|100%| O|  |TAMS 0x00000000c3000000, 0x00000000c3000000| Untracked 
|  19|0x00000000c3100000, 0x00000000c3200000, 0x00000000c3200000|100%| O|  |TAMS 0x00000000c3100000, 0x00000000c3100000| Untracked 
|  20|0x00000000c3200000, 0x00000000c3300000, 0x00000000c3300000|100%| O|  |TAMS 0x00000000c3200000, 0x00000000c3200000| Untracked 
|  21|0x00000000c3300000, 0x00000000c3400000, 0x00000000c3400000|100%| O|  |TAMS 0x00000000c3300000, 0x00000000c3300000| Untracked 
|  22|0x00000000c3400000, 0x00000000c34bd200, 0x00000000c3500000| 73%| O|  |TAMS 0x00000000c3400000, 0x00000000c3400000| Untracked 
|  23|0x00000000c3500000, 0x00000000c3500000, 0x00000000c3600000|  0%| F|  |TAMS 0x00000000c3500000, 0x00000000c3500000| Untracked 
|  24|0x00000000c3600000, 0x00000000c3600000, 0x00000000c3700000|  0%| F|  |TAMS 0x00000000c3600000, 0x00000000c3600000| Untracked 
|  25|0x00000000c3700000, 0x00000000c3700000, 0x00000000c3800000|  0%| F|  |TAMS 0x00000000c3700000, 0x00000000c3700000| Untracked 
|  26|0x00000000c3800000, 0x00000000c3800000, 0x00000000c3900000|  0%| F|  |TAMS 0x00000000c3800000, 0x00000000c3800000| Untracked 
|  27|0x00000000c3900000, 0x00000000c3900000, 0x00000000c3a00000|  0%| F|  |TAMS 0x00000000c3900000, 0x00000000c3900000| Untracked 
|  28|0x00000000c3a00000, 0x00000000c3a00000, 0x00000000c3b00000|  0%| F|  |TAMS 0x00000000c3a00000, 0x00000000c3a00000| Untracked 
|  29|0x00000000c3b00000, 0x00000000c3b00000, 0x00000000c3c00000|  0%| F|  |TAMS 0x00000000c3b00000, 0x00000000c3b00000| Untracked 
|  30|0x00000000c3c00000, 0x00000000c3c00000, 0x00000000c3d00000|  0%| F|  |TAMS 0x00000000c3c00000, 0x00000000c3c00000| Untracked 
|  31|0x00000000c3d00000, 0x00000000c3d5a5d0, 0x00000000c3e00000| 35%| S|CS|TAMS 0x00000000c3d00000, 0x00000000c3d00000| Complete 
|  32|0x00000000c3e00000, 0x00000000c3f00000, 0x00000000c3f00000|100%| S|CS|TAMS 0x00000000c3e00000, 0x00000000c3e00000| Complete 
|  33|0x00000000c3f00000, 0x00000000c3f00000, 0x00000000c4000000|  0%| F|  |TAMS 0x00000000c3f00000, 0x00000000c3f00000| Untracked 
|  34|0x00000000c4000000, 0x00000000c4000000, 0x00000000c4100000|  0%| F|  |TAMS 0x00000000c4000000, 0x00000000c4000000| Untracked 
|  35|0x00000000c4100000, 0x00000000c4200000, 0x00000000c4200000|100%| S|CS|TAMS 0x00000000c4100000, 0x00000000c4100000| Complete 
|  36|0x00000000c4200000, 0x00000000c4200000, 0x00000000c4300000|  0%| F|  |TAMS 0x00000000c4200000, 0x00000000c4200000| Untracked 
|  37|0x00000000c4300000, 0x00000000c4300000, 0x00000000c4400000|  0%| F|  |TAMS 0x00000000c4300000, 0x00000000c4300000| Untracked 
|  38|0x00000000c4400000, 0x00000000c4400000, 0x00000000c4500000|  0%| F|  |TAMS 0x00000000c4400000, 0x00000000c4400000| Untracked 
|  39|0x00000000c4500000, 0x00000000c4500000, 0x00000000c4600000|  0%| F|  |TAMS 0x00000000c4500000, 0x00000000c4500000| Untracked 
|  40|0x00000000c4600000, 0x00000000c4600000, 0x00000000c4700000|  0%| F|  |TAMS 0x00000000c4600000, 0x00000000c4600000| Untracked 
|  41|0x00000000c4700000, 0x00000000c4700000, 0x00000000c4800000|  0%| F|  |TAMS 0x00000000c4700000, 0x00000000c4700000| Untracked 
|  42|0x00000000c4800000, 0x00000000c4800000, 0x00000000c4900000|  0%| F|  |TAMS 0x00000000c4800000, 0x00000000c4800000| Untracked 
|  43|0x00000000c4900000, 0x00000000c4900000, 0x00000000c4a00000|  0%| F|  |TAMS 0x00000000c4900000, 0x00000000c4900000| Untracked 
|  44|0x00000000c4a00000, 0x00000000c4a00000, 0x00000000c4b00000|  0%| F|  |TAMS 0x00000000c4a00000, 0x00000000c4a00000| Untracked 
|  45|0x00000000c4b00000, 0x00000000c4b00000, 0x00000000c4c00000|  0%| F|  |TAMS 0x00000000c4b00000, 0x00000000c4b00000| Untracked 
|  46|0x00000000c4c00000, 0x00000000c4c3f370, 0x00000000c4d00000| 24%| E|  |TAMS 0x00000000c4c00000, 0x00000000c4c00000| Complete 
|  47|0x00000000c4d00000, 0x00000000c4e00000, 0x00000000c4e00000|100%| E|CS|TAMS 0x00000000c4d00000, 0x00000000c4d00000| Complete 
|  48|0x00000000c4e00000, 0x00000000c4f00000, 0x00000000c4f00000|100%| E|CS|TAMS 0x00000000c4e00000, 0x00000000c4e00000| Complete 
|  49|0x00000000c4f00000, 0x00000000c5000000, 0x00000000c5000000|100%| E|CS|TAMS 0x00000000c4f00000, 0x00000000c4f00000| Complete 
|  50|0x00000000c5000000, 0x00000000c5100000, 0x00000000c5100000|100%| E|CS|TAMS 0x00000000c5000000, 0x00000000c5000000| Complete 
|  51|0x00000000c5100000, 0x00000000c5200000, 0x00000000c5200000|100%| E|CS|TAMS 0x00000000c5100000, 0x00000000c5100000| Complete 
|  52|0x00000000c5200000, 0x00000000c5300000, 0x00000000c5300000|100%| E|CS|TAMS 0x00000000c5200000, 0x00000000c5200000| Complete 
|  53|0x00000000c5300000, 0x00000000c5400000, 0x00000000c5400000|100%| E|CS|TAMS 0x00000000c5300000, 0x00000000c5300000| Complete 
|  54|0x00000000c5400000, 0x00000000c5500000, 0x00000000c5500000|100%| E|CS|TAMS 0x00000000c5400000, 0x00000000c5400000| Complete 
|  55|0x00000000c5500000, 0x00000000c5600000, 0x00000000c5600000|100%| E|CS|TAMS 0x00000000c5500000, 0x00000000c5500000| Complete 
|  56|0x00000000c5600000, 0x00000000c5700000, 0x00000000c5700000|100%| E|CS|TAMS 0x00000000c5600000, 0x00000000c5600000| Complete 
|  57|0x00000000c5700000, 0x00000000c5800000, 0x00000000c5800000|100%| E|CS|TAMS 0x00000000c5700000, 0x00000000c5700000| Complete 
|  58|0x00000000c5800000, 0x00000000c5900000, 0x00000000c5900000|100%| E|CS|TAMS 0x00000000c5800000, 0x00000000c5800000| Complete 
|  59|0x00000000c5900000, 0x00000000c5a00000, 0x00000000c5a00000|100%| E|CS|TAMS 0x00000000c5900000, 0x00000000c5900000| Complete 
|  60|0x00000000c5a00000, 0x00000000c5b00000, 0x00000000c5b00000|100%| E|CS|TAMS 0x00000000c5a00000, 0x00000000c5a00000| Complete 
|  61|0x00000000c5b00000, 0x00000000c5c00000, 0x00000000c5c00000|100%| E|CS|TAMS 0x00000000c5b00000, 0x00000000c5b00000| Complete 
|  62|0x00000000c5c00000, 0x00000000c5d00000, 0x00000000c5d00000|100%| E|CS|TAMS 0x00000000c5c00000, 0x00000000c5c00000| Complete 
|  63|0x00000000c5d00000, 0x00000000c5e00000, 0x00000000c5e00000|100%| E|CS|TAMS 0x00000000c5d00000, 0x00000000c5d00000| Complete 

Card table byte_map: [0x00000223f8b60000,0x00000223f8d60000] _byte_map_base: 0x00000223f8551000

Marking Bits (Prev, Next): (CMBitMap*) 0x00000223f0ac5150, (CMBitMap*) 0x00000223f0ac5110
 Prev Bits: [0x00000223f9ef0000, 0x00000223fae78000)
 Next Bits: [0x00000223f8f60000, 0x00000223f9ee8000)

Polling page: 0x00000223f04b0000

Metaspace:

Usage:
  Non-class:     23.21 MB used.
      Class:      2.87 MB used.
       Both:     26.08 MB used.

Virtual space:
  Non-class space:       64.00 MB reserved,      23.44 MB ( 37%) committed,  1 nodes.
      Class space:        1.00 GB reserved,       3.06 MB ( <1%) committed,  1 nodes.
             Both:        1.06 GB reserved,      26.50 MB (  2%) committed. 

Chunk freelists:
   Non-Class:  7.88 MB
       Class:  12.94 MB
        Both:  20.82 MB

MaxMetaspaceSize: unlimited
CompressedClassSpaceSize: 1.00 GB
Initial GC threshold: 21.00 MB
Current GC threshold: 35.12 MB
CDS: on
MetaspaceReclaimPolicy: balanced
 - commit_granule_bytes: 65536.
 - commit_granule_words: 8192.
 - virtual_space_node_default_size: 8388608.
 - enlarge_chunks_in_place: 1.
 - new_chunks_are_fully_committed: 0.
 - uncommit_free_chunks: 1.
 - use_allocation_guard: 0.
 - handle_deallocations: 1.


Internal statistics:

num_allocs_failed_limit: 3.
num_arena_births: 456.
num_arena_deaths: 0.
num_vsnodes_births: 2.
num_vsnodes_deaths: 0.
num_space_committed: 424.
num_space_uncommitted: 0.
num_chunks_returned_to_freelist: 3.
num_chunks_taken_from_freelist: 1570.
num_chunk_merges: 3.
num_chunk_splits: 959.
num_chunks_enlarged: 582.
num_purges: 0.
num_inconsistent_stats: 0.

CodeHeap 'non-profiled nmethods': size=120000Kb used=2648Kb max_used=2779Kb free=117351Kb
 bounds [0x0000022387ad0000, 0x0000022387d90000, 0x000002238f000000]
CodeHeap 'profiled nmethods': size=120000Kb used=10534Kb max_used=12284Kb free=109465Kb
 bounds [0x0000022380000000, 0x0000022380c00000, 0x0000022387530000]
CodeHeap 'non-nmethods': size=5760Kb used=1239Kb max_used=1301Kb free=4521Kb
 bounds [0x0000022387530000, 0x00000223877a0000, 0x0000022387ad0000]
 total_blobs=5900 nmethods=5351 adapters=461
 compilation: enabled
              stopped_count=0, restarted_count=0
 full_count=0

Compilation events (20 events):
Event: 24.951 Thread 0x00000223f0b67cd0 6261       3       org.eclipse.sisu.inject.RankedSequence$Itr::hasNext (116 bytes)
Event: 24.952 Thread 0x00000223f0b67cd0 nmethod 6261 0x00000223803ba410 code [0x00000223803ba600, 0x00000223803bac88]
Event: 24.952 Thread 0x00000223f0b67cd0 6262       3       org.eclipse.sisu.inject.InjectorBindings::subscribe (46 bytes)
Event: 24.953 Thread 0x00000223f0b67cd0 nmethod 6262 0x00000223808fe990 code [0x00000223808feb60, 0x00000223808fee68]
Event: 24.967 Thread 0x00000223f0b67cd0 6263       3       hudson.remoting.RemoteInvocationHandler$RPCRequest::<init> (88 bytes)
Event: 24.968 Thread 0x00000223f0b67cd0 nmethod 6263 0x0000022380028090 code [0x00000223800282e0, 0x0000022380028dd8]
Event: 24.968 Thread 0x00000223f0b67cd0 6265       3       hudson.remoting.ChunkHeader::pack (31 bytes)
Event: 24.968 Thread 0x00000223f0b67cd0 nmethod 6265 0x0000022380787c10 code [0x0000022380787da0, 0x0000022380787f98]
Event: 24.968 Thread 0x00000223f0b67cd0 6264       3       hudson.remoting.RemoteInvocationHandler::channelOrFail (51 bytes)
Event: 24.969 Thread 0x00000223f0b67cd0 nmethod 6264 0x00000223805de610 code [0x00000223805de7e0, 0x00000223805deb88]
Event: 24.972 Thread 0x00000223f0b67cd0 6266       3       java.security.AccessController::doPrivileged (17 bytes)
Event: 24.973 Thread 0x00000223f0b67cd0 nmethod 6266 0x0000022380603c10 code [0x0000022380603e00, 0x00000223806041b8]
Event: 25.096 Thread 0x00000223f0b5fea0 nmethod 6255 0x0000022387b7f790 code [0x0000022387b7fa40, 0x0000022387b82ae0]
Event: 25.097 Thread 0x00000223f0b5fea0 6259   !   4       java.io.ObjectOutputStream::writeObject0 (620 bytes)
Event: 25.217 Thread 0x00000223f0b67cd0 6267       3       java.util.Properties$LineReader::readLine (584 bytes)
Event: 25.221 Thread 0x00000223f0b67cd0 nmethod 6267 0x0000022380023e90 code [0x0000022380024260, 0x0000022380026dd8]
Event: 25.221 Thread 0x00000223f0b67cd0 6268       3       java.util.Properties::loadConvert (540 bytes)
Event: 25.223 Thread 0x00000223f0b67cd0 nmethod 6268 0x0000022380056c10 code [0x0000022380056f00, 0x0000022380058338]
Event: 25.223 Thread 0x00000223f0b67cd0 6269       3       hudson.remoting.ChunkHeader::parse (15 bytes)
Event: 25.223 Thread 0x00000223f0b67cd0 nmethod 6269 0x0000022380486d90 code [0x0000022380486f20, 0x0000022380487018]

GC Heap History (20 events):
Event: 9.180 GC heap before
{Heap before GC invocations=3 (full 0):
 garbage-first heap   total 65536K, used 44782K [0x00000000c1e00000, 0x0000000100000000)
  region size 1024K, 37 young (37888K), 3 survivors (3072K)
 Metaspace       used 15270K, committed 15616K, reserved 1114112K
  class space    used 1805K, committed 1984K, reserved 1048576K
}
Event: 9.187 GC heap after
{Heap after GC invocations=4 (full 0):
 garbage-first heap   total 65536K, used 12203K [0x00000000c1e00000, 0x0000000100000000)
  region size 1024K, 5 young (5120K), 5 survivors (5120K)
 Metaspace       used 15270K, committed 15616K, reserved 1114112K
  class space    used 1805K, committed 1984K, reserved 1048576K
}
Event: 11.213 GC heap before
{Heap before GC invocations=4 (full 0):
 garbage-first heap   total 65536K, used 45995K [0x00000000c1e00000, 0x0000000100000000)
  region size 1024K, 38 young (38912K), 5 survivors (5120K)
 Metaspace       used 19206K, committed 19520K, reserved 1114112K
  class space    used 2242K, committed 2368K, reserved 1048576K
}
Event: 11.224 GC heap after
{Heap after GC invocations=5 (full 0):
 garbage-first heap   total 65536K, used 14825K [0x00000000c1e00000, 0x0000000100000000)
  region size 1024K, 5 young (5120K), 5 survivors (5120K)
 Metaspace       used 19206K, committed 19520K, reserved 1114112K
  class space    used 2242K, committed 2368K, reserved 1048576K
}
Event: 12.043 GC heap before
{Heap before GC invocations=5 (full 0):
 garbage-first heap   total 65536K, used 47593K [0x00000000c1e00000, 0x0000000100000000)
  region size 1024K, 37 young (37888K), 5 survivors (5120K)
 Metaspace       used 19568K, committed 19968K, reserved 1114112K
  class space    used 2248K, committed 2432K, reserved 1048576K
}
Event: 12.056 GC heap after
{Heap after GC invocations=6 (full 0):
 garbage-first heap   total 65536K, used 16665K [0x00000000c1e00000, 0x0000000100000000)
  region size 1024K, 5 young (5120K), 5 survivors (5120K)
 Metaspace       used 19568K, committed 19968K, reserved 1114112K
  class space    used 2248K, committed 2432K, reserved 1048576K
}
Event: 13.061 GC heap before
{Heap before GC invocations=6 (full 0):
 garbage-first heap   total 65536K, used 49433K [0x00000000c1e00000, 0x0000000100000000)
  region size 1024K, 37 young (37888K), 5 survivors (5120K)
 Metaspace       used 19789K, committed 20096K, reserved 1114112K
  class space    used 2250K, committed 2432K, reserved 1048576K
}
Event: 13.070 GC heap after
{Heap after GC invocations=7 (full 0):
 garbage-first heap   total 65536K, used 18643K [0x00000000c1e00000, 0x0000000100000000)
  region size 1024K, 4 young (4096K), 4 survivors (4096K)
 Metaspace       used 19789K, committed 20096K, reserved 1114112K
  class space    used 2250K, committed 2432K, reserved 1048576K
}
Event: 14.458 GC heap before
{Heap before GC invocations=7 (full 0):
 garbage-first heap   total 65536K, used 49363K [0x00000000c1e00000, 0x0000000100000000)
  region size 1024K, 34 young (34816K), 4 survivors (4096K)
 Metaspace       used 20497K, committed 20864K, reserved 1114112K
  class space    used 2307K, committed 2496K, reserved 1048576K
}
Event: 14.465 GC heap after
{Heap after GC invocations=8 (full 0):
 garbage-first heap   total 65536K, used 20473K [0x00000000c1e00000, 0x0000000100000000)
  region size 1024K, 4 young (4096K), 4 survivors (4096K)
 Metaspace       used 20497K, committed 20864K, reserved 1114112K
  class space    used 2307K, committed 2496K, reserved 1048576K
}
Event: 14.827 GC heap before
{Heap before GC invocations=8 (full 0):
 garbage-first heap   total 65536K, used 28665K [0x00000000c1e00000, 0x0000000100000000)
  region size 1024K, 13 young (13312K), 4 survivors (4096K)
 Metaspace       used 21181K, committed 21504K, reserved 1114112K
  class space    used 2381K, committed 2560K, reserved 1048576K
}
Event: 14.835 GC heap after
{Heap after GC invocations=9 (full 0):
 garbage-first heap   total 65536K, used 21113K [0x00000000c1e00000, 0x0000000100000000)
  region size 1024K, 3 young (3072K), 3 survivors (3072K)
 Metaspace       used 21181K, committed 21504K, reserved 1114112K
  class space    used 2381K, committed 2560K, reserved 1048576K
}
Event: 20.745 GC heap before
{Heap before GC invocations=10 (full 0):
 garbage-first heap   total 65536K, used 50809K [0x00000000c1e00000, 0x0000000100000000)
  region size 1024K, 32 young (32768K), 3 survivors (3072K)
 Metaspace       used 22451K, committed 22848K, reserved 1114112K
  class space    used 2492K, committed 2688K, reserved 1048576K
}
Event: 20.751 GC heap after
{Heap after GC invocations=11 (full 0):
 garbage-first heap   total 65536K, used 22783K [0x00000000c1e00000, 0x0000000100000000)
  region size 1024K, 3 young (3072K), 3 survivors (3072K)
 Metaspace       used 22451K, committed 22848K, reserved 1114112K
  class space    used 2492K, committed 2688K, reserved 1048576K
}
Event: 20.775 GC heap before
{Heap before GC invocations=11 (full 0):
 garbage-first heap   total 65536K, used 22783K [0x00000000c1e00000, 0x0000000100000000)
  region size 1024K, 4 young (4096K), 3 survivors (3072K)
 Metaspace       used 22451K, committed 22848K, reserved 1114112K
  class space    used 2492K, committed 2688K, reserved 1048576K
}
Event: 20.780 GC heap after
{Heap after GC invocations=12 (full 0):
 garbage-first heap   total 65536K, used 22654K [0x00000000c1e00000, 0x0000000100000000)
  region size 1024K, 1 young (1024K), 1 survivors (1024K)
 Metaspace       used 22451K, committed 22848K, reserved 1114112K
  class space    used 2492K, committed 2688K, reserved 1048576K
}
Event: 21.560 GC heap before
{Heap before GC invocations=12 (full 0):
 garbage-first heap   total 65536K, used 51326K [0x00000000c1e00000, 0x0000000100000000)
  region size 1024K, 29 young (29696K), 1 survivors (1024K)
 Metaspace       used 23876K, committed 24256K, reserved 1114112K
  class space    used 2629K, committed 2816K, reserved 1048576K
}
Event: 21.564 GC heap after
{Heap after GC invocations=13 (full 0):
 garbage-first heap   total 65536K, used 23674K [0x00000000c1e00000, 0x0000000100000000)
  region size 1024K, 2 young (2048K), 2 survivors (2048K)
 Metaspace       used 23876K, committed 24256K, reserved 1114112K
  class space    used 2629K, committed 2816K, reserved 1048576K
}
Event: 22.345 GC heap before
{Heap before GC invocations=13 (full 0):
 garbage-first heap   total 65536K, used 51322K [0x00000000c1e00000, 0x0000000100000000)
  region size 1024K, 30 young (30720K), 2 survivors (2048K)
 Metaspace       used 25368K, committed 25856K, reserved 1114112K
  class space    used 2795K, committed 3008K, reserved 1048576K
}
Event: 22.349 GC heap after
{Heap after GC invocations=14 (full 0):
 garbage-first heap   total 65536K, used 24669K [0x00000000c1e00000, 0x0000000100000000)
  region size 1024K, 3 young (3072K), 3 survivors (3072K)
 Metaspace       used 25368K, committed 25856K, reserved 1114112K
  class space    used 2795K, committed 3008K, reserved 1048576K
}

Deoptimization events (20 events):
Event: 23.322 Thread 0x00000223fde33860 DEOPT PACKING pc=0x000002238047012c sp=0x000000e00bdfc6d0
Event: 23.322 Thread 0x00000223fde33860 DEOPT UNPACKING pc=0x0000022387582b43 sp=0x000000e00bdfbbc0 mode 0
Event: 23.456 Thread 0x00000223fde33860 DEOPT PACKING pc=0x0000022380b8743c sp=0x000000e00bdf79f0
Event: 23.457 Thread 0x00000223fde33860 DEOPT UNPACKING pc=0x0000022387582b43 sp=0x000000e00bdf6f70 mode 0
Event: 23.689 Thread 0x00000223fd817900 Uncommon trap: trap_request=0xffffffcc fr.pc=0x0000022387c1a854 relative=0x0000000000004a54
Event: 23.689 Thread 0x00000223fd817900 Uncommon trap: reason=intrinsic_or_type_checked_inlining action=make_not_entrant pc=0x0000022387c1a854 method=java.util.ArrayList.toArray([Ljava/lang/Object;)[Ljava/lang/Object; @ 36 c2
Event: 23.689 Thread 0x00000223fd817900 DEOPT PACKING pc=0x0000022387c1a854 sp=0x000000e00b8fef90
Event: 23.689 Thread 0x00000223fd817900 DEOPT UNPACKING pc=0x00000223875823a3 sp=0x000000e00b8fee00 mode 2
Event: 24.239 Thread 0x00000223fde33860 Uncommon trap: trap_request=0xffffff45 fr.pc=0x0000022387b30014 relative=0x0000000000003b94
Event: 24.239 Thread 0x00000223fde33860 Uncommon trap: reason=unstable_if action=reinterpret pc=0x0000022387b30014 method=java.io.ObjectOutputStream.writeObject0(Ljava/lang/Object;Z)V @ 477 c2
Event: 24.239 Thread 0x00000223fde33860 DEOPT PACKING pc=0x0000022387b30014 sp=0x000000e00bdfc440
Event: 24.239 Thread 0x00000223fde33860 DEOPT UNPACKING pc=0x00000223875823a3 sp=0x000000e00bdfc410 mode 2
Event: 24.398 Thread 0x00000223fde33860 Uncommon trap: trap_request=0xffffff45 fr.pc=0x0000022387cfde74 relative=0x00000000000005b4
Event: 24.398 Thread 0x00000223fde33860 Uncommon trap: reason=unstable_if action=reinterpret pc=0x0000022387cfde74 method=java.io.ObjectOutputStream$BlockDataOutputStream.writeBytes(Ljava/lang/String;)V @ 22 c2
Event: 24.398 Thread 0x00000223fde33860 DEOPT PACKING pc=0x0000022387cfde74 sp=0x000000e00bdfc390
Event: 24.399 Thread 0x00000223fde33860 DEOPT UNPACKING pc=0x00000223875823a3 sp=0x000000e00bdfc2a0 mode 2
Event: 25.217 Thread 0x00000223fde33860 Uncommon trap: trap_request=0xffffff45 fr.pc=0x0000022387cdf4a0 relative=0x0000000000000560
Event: 25.217 Thread 0x00000223fde33860 Uncommon trap: reason=unstable_if action=reinterpret pc=0x0000022387cdf4a0 method=java.util.Properties.loadConvert([CIILjava/lang/StringBuilder;)Ljava/lang/String; @ 26 c2
Event: 25.217 Thread 0x00000223fde33860 DEOPT PACKING pc=0x0000022387cdf4a0 sp=0x000000e00bdfe6e0
Event: 25.217 Thread 0x00000223fde33860 DEOPT UNPACKING pc=0x00000223875823a3 sp=0x000000e00bdfe678 mode 2

Classes unloaded (0 events):
No events

Classes redefined (0 events):
No events

Internal exceptions (20 events):
Event: 21.080 Thread 0x00000223fde33860 Exception <a 'java/lang/NoClassDefFoundError'{0x00000000c53cfb88}: org/sonatype/aether/collection/DependencyCollectionException> (0x00000000c53cfb88) 
thrown [s\open\src\hotspot\share\classfile\systemDictionary.cpp, line 245]
Event: 21.089 Thread 0x00000223fde33860 Exception <a 'java/lang/NoClassDefFoundError'{0x00000000c5206780}: org/sonatype/aether/deployment/DeploymentException> (0x00000000c5206780) 
thrown [s\open\src\hotspot\share\classfile\systemDictionary.cpp, line 245]
Event: 21.162 Thread 0x00000223fe559570 Exception <a 'java/lang/NoSuchMethodError'{0x00000000c4f91688}: 'java.lang.Object java.lang.invoke.DirectMethodHandle$Holder.invokeStatic(java.lang.Object, java.lang.Object, long, java.lang.Object)'> (0x00000000c4f91688) 
thrown [s\open\src\hotspot\share\interpreter\linkResolver.cpp, line 759]
Event: 21.163 Thread 0x00000223fe559570 Exception <a 'java/lang/NoSuchMethodError'{0x00000000c4f95120}: 'java.lang.Object java.lang.invoke.DirectMethodHandle$Holder.invokeStaticInit(java.lang.Object, java.lang.Object, long, java.lang.Object)'> (0x00000000c4f95120) 
thrown [s\open\src\hotspot\share\interpreter\linkResolver.cpp, line 759]
Event: 21.165 Thread 0x00000223fe559570 Exception <a 'java/lang/NoSuchMethodError'{0x00000000c4f9b828}: 'java.lang.Object java.lang.invoke.DirectMethodHandle$Holder.newInvokeSpecial(java.lang.Object, java.lang.Object, long)'> (0x00000000c4f9b828) 
thrown [s\open\src\hotspot\share\interpreter\linkResolver.cpp, line 759]
Event: 21.166 Thread 0x00000223fe559570 Exception <a 'java/lang/NoSuchMethodError'{0x00000000c4f9f398}: 'java.lang.Object java.lang.invoke.Invokers$Holder.linkToTargetMethod(java.lang.Object, long, java.lang.Object)'> (0x00000000c4f9f398) 
thrown [s\open\src\hotspot\share\interpreter\linkResolver.cpp, line 759]
Event: 21.335 Thread 0x00000223fde33860 Exception <a 'java/lang/NoSuchMethodError'{0x00000000c4e80490}: 'java.lang.Object java.lang.invoke.DirectMethodHandle$Holder.invokeStaticInit(java.lang.Object, java.lang.Object, int, int, int, int)'> (0x00000000c4e80490) 
thrown [s\open\src\hotspot\share\interpreter\linkResolver.cpp, line 759]
Event: 21.406 Thread 0x00000223fde33860 Exception <a 'java/lang/NoSuchMethodError'{0x00000000c4cf2638}: 'int java.lang.invoke.DirectMethodHandle$Holder.invokeSpecialIFC(java.lang.Object, java.lang.Object, java.lang.Object, java.lang.Object)'> (0x00000000c4cf2638) 
thrown [s\open\src\hotspot\share\interpreter\linkResolver.cpp, line 759]
Event: 22.298 Thread 0x00000223fde33860 Exception <a 'java/lang/NoSuchMethodError'{0x00000000c43cfd58}: 'void java.lang.invoke.DirectMethodHandle$Holder.invokeStatic(java.lang.Object, long)'> (0x00000000c43cfd58) 
thrown [s\open\src\hotspot\share\interpreter\linkResolver.cpp, line 759]
Event: 22.300 Thread 0x00000223fde33860 Exception <a 'java/lang/NoSuchMethodError'{0x00000000c43d5650}: 'java.lang.Object java.lang.invoke.DirectMethodHandle$Holder.newInvokeSpecial(java.lang.Object, long)'> (0x00000000c43d5650) 
thrown [s\open\src\hotspot\share\interpreter\linkResolver.cpp, line 759]
Event: 22.770 Thread 0x00000223fde33860 Exception <a 'sun/nio/fs/WindowsException'{0x00000000c5d4f178}> (0x00000000c5d4f178) 
thrown [s\open\src\hotspot\share\prims\jni.cpp, line 516]
Event: 22.770 Thread 0x00000223fde33860 Exception <a 'java/lang/reflect/InvocationTargetException'{0x00000000c5d4f7b0}> (0x00000000c5d4f7b0) 
thrown [s\open\src\hotspot\share\runtime\reflection.cpp, line 1121]
Event: 23.250 Thread 0x00000223fde33860 Exception <a 'java/lang/NoSuchMethodError'{0x00000000c5846348}: 'void java.lang.invoke.DirectMethodHandle$Holder.invokeStatic(java.lang.Object, java.lang.Object, java.lang.Object, java.lang.Object)'> (0x00000000c5846348) 
thrown [s\open\src\hotspot\share\interpreter\linkResolver.cpp, line 759]
Event: 23.303 Thread 0x00000223fde33860 Exception <a 'java/lang/NoSuchMethodError'{0x00000000c58f17a8}: 'java.lang.Object java.lang.invoke.DirectMethodHandle$Holder.invokeStaticInit(java.lang.Object, java.lang.Object, java.lang.Object, java.lang.Object)'> (0x00000000c58f17a8) 
thrown [s\open\src\hotspot\share\interpreter\linkResolver.cpp, line 759]
Event: 23.334 Thread 0x00000223fde33860 Exception <a 'java/lang/NoSuchMethodError'{0x00000000c576a650}: 'void java.lang.invoke.DirectMethodHandle$Holder.invokeInterface(java.lang.Object, java.lang.Object, java.lang.Object)'> (0x00000000c576a650) 
thrown [s\open\src\hotspot\share\interpreter\linkResolver.cpp, line 759]
Event: 23.432 Thread 0x00000223fde33860 Exception <a 'java/lang/NoSuchMethodError'{0x00000000c563b1c0}: 'int java.lang.invoke.DirectMethodHandle$Holder.invokeSpecial(java.lang.Object, java.lang.Object, java.lang.Object, java.lang.Object, java.lang.Object)'> (0x00000000c563b1c0) 
thrown [s\open\src\hotspot\share\interpreter\linkResolver.cpp, line 759]
Event: 23.893 Thread 0x00000223fde33860 Exception <a 'java/lang/NoSuchMethodError'{0x00000000c52b6418}: static Lhudson/tasks/test/MetaTabulatedResult;.<clinit>()V> (0x00000000c52b6418) 
thrown [s\open\src\hotspot\share\prims\jni.cpp, line 1107]
Event: 23.894 Thread 0x00000223fde33860 Exception <a 'java/lang/NoSuchMethodError'{0x00000000c52b7a20}: static Lhudson/tasks/test/TabulatedResult;.<clinit>()V> (0x00000000c52b7a20) 
thrown [s\open\src\hotspot\share\prims\jni.cpp, line 1107]
Event: 23.895 Thread 0x00000223fde33860 Exception <a 'java/lang/NoSuchMethodError'{0x00000000c52bad90}: static Lhudson/tasks/test/TestResult;.<clinit>()V> (0x00000000c52bad90) 
thrown [s\open\src\hotspot\share\prims\jni.cpp, line 1107]
Event: 23.897 Thread 0x00000223fde33860 Exception <a 'java/lang/NoSuchMethodError'{0x00000000c52bfde8}: static Lhudson/tasks/junit/TestObject;.<clinit>()V> (0x00000000c52bfde8) 
thrown [s\open\src\hotspot\share\prims\jni.cpp, line 1107]

VM Operations (20 events):
Event: 22.141 Executing VM operation: HandshakeAllThreads
Event: 22.141 Executing VM operation: HandshakeAllThreads done
Event: 22.147 Executing VM operation: HandshakeAllThreads
Event: 22.147 Executing VM operation: HandshakeAllThreads done
Event: 22.148 Executing VM operation: HandshakeAllThreads
Event: 22.148 Executing VM operation: HandshakeAllThreads done
Event: 22.303 Executing VM operation: HandshakeAllThreads
Event: 22.303 Executing VM operation: HandshakeAllThreads done
Event: 22.313 Executing VM operation: HandshakeAllThreads
Event: 22.313 Executing VM operation: HandshakeAllThreads done
Event: 22.345 Executing VM operation: G1CollectForAllocation
Event: 22.349 Executing VM operation: G1CollectForAllocation done
Event: 22.966 Executing VM operation: HandshakeAllThreads
Event: 22.966 Executing VM operation: HandshakeAllThreads done
Event: 23.322 Executing VM operation: HandshakeAllThreads
Event: 23.322 Executing VM operation: HandshakeAllThreads done
Event: 24.322 Executing VM operation: Cleanup
Event: 24.322 Executing VM operation: Cleanup done
Event: 25.322 Executing VM operation: Cleanup
Event: 25.322 Executing VM operation: Cleanup done

Events (20 events):
Event: 23.227 loading class java/util/EventListener
Event: 23.227 loading class java/util/EventListener done
Event: 23.301 loading class java/text/ParsePosition
Event: 23.301 loading class java/text/ParsePosition done
Event: 23.317 loading class java/util/Hashtable$ValueCollection
Event: 23.317 loading class java/util/Hashtable$ValueCollection done
Event: 23.320 loading class java/util/stream/Nodes$SpinedNodeBuilder
Event: 23.320 loading class java/util/stream/SpinedBuffer
Event: 23.321 loading class java/util/stream/AbstractSpinedBuffer
Event: 23.321 loading class java/util/stream/AbstractSpinedBuffer done
Event: 23.321 loading class java/util/stream/SpinedBuffer done
Event: 23.321 loading class java/util/stream/Nodes$SpinedNodeBuilder done
Event: 23.332 loading class java/util/stream/StreamSpliterators$WrappingSpliterator
Event: 23.332 loading class java/util/stream/StreamSpliterators$AbstractWrappingSpliterator
Event: 23.333 loading class java/util/stream/StreamSpliterators$AbstractWrappingSpliterator done
Event: 23.333 loading class java/util/stream/StreamSpliterators$WrappingSpliterator done
Event: 23.335 loading class java/util/stream/StreamSpliterators
Event: 23.335 loading class java/util/stream/StreamSpliterators done
Event: 23.428 loading class java/util/function/BooleanSupplier
Event: 23.429 loading class java/util/function/BooleanSupplier done


Dynamic libraries:
0x00007ff7a3d60000 - 0x00007ff7a3d70000 	C:\Program Files\Java\jdk-17\bin\java.exe
0x00007ff991010000 - 0x00007ff991208000 	C:\WINDOWS\SYSTEM32\ntdll.dll
0x00007ff98f900000 - 0x00007ff98f9bd000 	C:\WINDOWS\System32\KERNEL32.DLL
0x00007ff98e6f0000 - 0x00007ff98e9e6000 	C:\WINDOWS\System32\KERNELBASE.dll
0x00007ff98ec80000 - 0x00007ff98ed80000 	C:\WINDOWS\System32\ucrtbase.dll
0x00007ff970d80000 - 0x00007ff970d99000 	C:\Program Files\Java\jdk-17\bin\jli.dll
0x00007ff98ff30000 - 0x00007ff98ffdf000 	C:\WINDOWS\System32\ADVAPI32.dll
0x00007ff98f9c0000 - 0x00007ff98fa5e000 	C:\WINDOWS\System32\msvcrt.dll
0x00007ff990f20000 - 0x00007ff990fbc000 	C:\WINDOWS\System32\sechost.dll
0x00007ff990b10000 - 0x00007ff990c36000 	C:\WINDOWS\System32\RPCRT4.dll
0x00007ff970d60000 - 0x00007ff970d7b000 	C:\Program Files\Java\jdk-17\bin\VCRUNTIME140.dll
0x00007ff990750000 - 0x00007ff9908ee000 	C:\WINDOWS\System32\USER32.dll
0x00007ff98ebe0000 - 0x00007ff98ec02000 	C:\WINDOWS\System32\win32u.dll
0x00007ff990c40000 - 0x00007ff990c6c000 	C:\WINDOWS\System32\GDI32.dll
0x00007ff98ea20000 - 0x00007ff98eb3a000 	C:\WINDOWS\System32\gdi32full.dll
0x00007ff98eb40000 - 0x00007ff98ebdd000 	C:\WINDOWS\System32\msvcp_win.dll
0x00007ff9772a0000 - 0x00007ff97753a000 	C:\WINDOWS\WinSxS\amd64_microsoft.windows.common-controls_6595b64144ccf1df_6.0.19041.3636_none_60b6a03d71f818d5\COMCTL32.dll
0x00007ff987430000 - 0x00007ff98743a000 	C:\WINDOWS\SYSTEM32\VERSION.dll
0x00007ff9713c0000 - 0x00007ff9713cc000 	C:\Program Files\Java\jdk-17\bin\vcruntime140_1.dll
0x00007ff970c90000 - 0x00007ff970d1e000 	C:\Program Files\Java\jdk-17\bin\msvcp140.dll
0x00007ff9700b0000 - 0x00007ff970c8e000 	C:\Program Files\Java\jdk-17\bin\server\jvm.dll
0x00007ff990b00000 - 0x00007ff990b08000 	C:\WINDOWS\System32\PSAPI.DLL
0x00007ff9700a0000 - 0x00007ff9700a9000 	C:\WINDOWS\SYSTEM32\WSOCK32.dll
0x00007ff98f070000 - 0x00007ff98f0db000 	C:\WINDOWS\System32\WS2_32.dll
0x00007ff970070000 - 0x00007ff970097000 	C:\WINDOWS\SYSTEM32\WINMM.dll
0x00007ff98c5b0000 - 0x00007ff98c5c2000 	C:\WINDOWS\SYSTEM32\kernel.appcore.dll
0x00007ff970050000 - 0x00007ff97005a000 	C:\Program Files\Java\jdk-17\bin\jimage.dll
0x00007ff97b070000 - 0x00007ff97b254000 	C:\WINDOWS\SYSTEM32\DBGHELP.DLL
0x00007ff97ae40000 - 0x00007ff97ae74000 	C:\WINDOWS\SYSTEM32\dbgcore.DLL
0x00007ff98ee80000 - 0x00007ff98ef02000 	C:\WINDOWS\System32\bcryptPrimitives.dll
0x00007ff970020000 - 0x00007ff970045000 	C:\Program Files\Java\jdk-17\bin\java.dll
0x00007ff96fc10000 - 0x00007ff96fce7000 	C:\Program Files\Java\jdk-17\bin\jsvml.dll
0x00007ff98f0e0000 - 0x00007ff98f824000 	C:\WINDOWS\System32\SHELL32.dll
0x00007ff98c7b0000 - 0x00007ff98cf4b000 	C:\WINDOWS\SYSTEM32\windows.storage.dll
0x00007ff9900f0000 - 0x00007ff990444000 	C:\WINDOWS\System32\combase.dll
0x00007ff98e060000 - 0x00007ff98e08d000 	C:\WINDOWS\SYSTEM32\Wldp.dll
0x00007ff990020000 - 0x00007ff9900cd000 	C:\WINDOWS\System32\SHCORE.dll
0x00007ff98fa60000 - 0x00007ff98fab5000 	C:\WINDOWS\System32\shlwapi.dll
0x00007ff98e620000 - 0x00007ff98e645000 	C:\WINDOWS\SYSTEM32\profapi.dll
0x00007ff96f320000 - 0x00007ff96f339000 	C:\Program Files\Java\jdk-17\bin\net.dll
0x00007ff97e880000 - 0x00007ff97e98a000 	C:\WINDOWS\SYSTEM32\WINHTTP.dll
0x00007ff98ddc0000 - 0x00007ff98de2a000 	C:\WINDOWS\system32\mswsock.dll
0x00007ff96ee60000 - 0x00007ff96ee76000 	C:\Program Files\Java\jdk-17\bin\nio.dll
0x00007ff96ee20000 - 0x00007ff96ee38000 	C:\Program Files\Java\jdk-17\bin\zip.dll
0x00007ff98dab0000 - 0x00007ff98daeb000 	C:\WINDOWS\SYSTEM32\IPHLPAPI.DLL
0x00007ff990fc0000 - 0x00007ff990fc8000 	C:\WINDOWS\System32\NSI.dll
0x00007ff97efb0000 - 0x00007ff97efc7000 	C:\WINDOWS\SYSTEM32\dhcpcsvc6.DLL
0x00007ff980850000 - 0x00007ff98086d000 	C:\WINDOWS\SYSTEM32\dhcpcsvc.DLL
0x00007ff98daf0000 - 0x00007ff98dbba000 	C:\WINDOWS\SYSTEM32\DNSAPI.dll
0x00007ff96b1b0000 - 0x00007ff96b341000 	C:\Program Files\Java\jdk-17\bin\awt.dll
0x00007ff98f830000 - 0x00007ff98f8fd000 	C:\WINDOWS\System32\OLEAUT32.dll
0x00007ff98c030000 - 0x00007ff98c0c0000 	C:\WINDOWS\SYSTEM32\apphelp.dll
0x00007ff97c930000 - 0x00007ff97c940000 	C:\Program Files\Java\jdk-17\bin\verify.dll
0x0000000069ac0000 - 0x0000000069ae4000 	C:\Windows\Temp\jansi-2.4.0-d396ad2df89e30e6-jansi.dll
0x00007ff98dfb0000 - 0x00007ff98dfc8000 	C:\WINDOWS\SYSTEM32\CRYPTSP.dll
0x00007ff98d6f0000 - 0x00007ff98d724000 	C:\WINDOWS\system32\rsaenh.dll
0x00007ff98e9f0000 - 0x00007ff98ea17000 	C:\WINDOWS\System32\bcrypt.dll
0x00007ff98dfd0000 - 0x00007ff98dfdc000 	C:\WINDOWS\SYSTEM32\CRYPTBASE.dll

dbghelp: loaded successfully - version: 4.0.5 - missing functions: none
symbol engine: initialized successfully - sym options: 0x614 - pdb path: .;C:\Program Files\Java\jdk-17\bin;C:\WINDOWS\SYSTEM32;C:\WINDOWS\WinSxS\amd64_microsoft.windows.common-controls_6595b64144ccf1df_6.0.19041.3636_none_60b6a03d71f818d5;C:\Program Files\Java\jdk-17\bin\server;C:\Windows\Temp

VM Arguments:
java_command: jenkins.maven3.agent.Maven35Main C:\Maven\apache-maven-3.9.2 C:\ProgramData\Jenkins\war\WEB-INF\lib\remoting-3131.vf2b_b_798b_ce99.jar C:\ProgramData\Jenkins\.jenkins\plugins\maven-plugin\WEB-INF\lib\maven35-interceptor-1.14.jar C:\ProgramData\Jenkins\.jenkins\plugins\maven-plugin\WEB-INF\lib\maven3-interceptor-commons-1.14.jar 51984
java_class_path (initial): C:\ProgramData\Jenkins\.jenkins\plugins\maven-plugin\WEB-INF\lib\maven35-agent-1.14.jar;C:\Maven\apache-maven-3.9.2\boot\plexus-classworlds-2.7.0.jar;C:\Maven\apache-maven-3.9.2/conf/logging
Launcher Type: SUN_STANDARD

[Global flags]
     intx CICompilerCount                          = 3                                         {product} {ergonomic}
     uint ConcGCThreads                            = 1                                         {product} {ergonomic}
     uint G1ConcRefinementThreads                  = 4                                         {product} {ergonomic}
   size_t G1HeapRegionSize                         = 1048576                                   {product} {ergonomic}
    uintx GCDrainStackTargetSize                   = 64                                        {product} {ergonomic}
   size_t InitialHeapSize                          = 67108864                                  {product} {ergonomic}
   size_t MarkStackSize                            = 4194304                                   {product} {ergonomic}
   size_t MaxHeapSize                              = 1042284544                                {product} {ergonomic}
   size_t MaxNewSize                               = 624951296                                 {product} {ergonomic}
   size_t MinHeapDeltaBytes                        = 1048576                                   {product} {ergonomic}
   size_t MinHeapSize                              = 8388608                                   {product} {ergonomic}
    uintx NonNMethodCodeHeapSize                   = 5832780                                {pd product} {ergonomic}
    uintx NonProfiledCodeHeapSize                  = 122912730                              {pd product} {ergonomic}
    uintx ProfiledCodeHeapSize                     = 122912730                              {pd product} {ergonomic}
    uintx ReservedCodeCacheSize                    = 251658240                              {pd product} {ergonomic}
     bool SegmentedCodeCache                       = true                                      {product} {ergonomic}
   size_t SoftMaxHeapSize                          = 1042284544                             {manageable} {ergonomic}
     bool UseCompressedClassPointers               = true                           {product lp64_product} {ergonomic}
     bool UseCompressedOops                        = true                           {product lp64_product} {ergonomic}
     bool UseG1GC                                  = true                                      {product} {ergonomic}
     bool UseLargePagesIndividualAllocation        = false                                  {pd product} {ergonomic}

Logging:
Log output configuration:
 #0: stdout all=warning uptime,level,tags
 #1: stderr all=off uptime,level,tags

Environment Variables:
JAVA_HOME=C:\Program Files\Java\jdk-17
PATH=C:\Maven\apache-maven-3.9.2/bin;C:\Program Files\Java\jdk-17/bin;C:\Program Files\Java\jdk-17/bin;C:\Program Files\Common Files\Oracle\Java\javapath;C:\Program Files (x86)\Common Files\Oracle\Java\javapath;C:\WINDOWS\system32;C:\WINDOWS;C:\WINDOWS\System32\Wbem;C:\WINDOWS\System32\WindowsPowerShell\v1.0\;C:\WINDOWS\System32\OpenSSH\;C:\Program Files\Git\cmd;C:\Maven\apache-maven-3.9.2\bin;C:\Program Files\Java\jdk-17\bin;C:\WINDOWS\system32\config\systemprofile\AppData\Local\Microsoft\WindowsApps
USERNAME=DESKTOP-RFGG51U$
OS=Windows_NT
PROCESSOR_IDENTIFIER=Intel64 Family 6 Model 78 Stepping 3, GenuineIntel



---------------  S Y S T E M  ---------------

OS:
 Windows 10 , 64 bit Build 19041 (10.0.19041.3636)
OS uptime: 12 days 8:31 hours

CPU: total 4 (initial active 4) (2 cores per cpu, 2 threads per core) family 6 model 78 stepping 3 microcode 0xcc, cx8, cmov, fxsr, ht, mmx, 3dnowpref, sse, sse2, sse3, ssse3, sse4.1, sse4.2, popcnt, lzcnt, tsc, tscinvbit, avx, avx2, aes, erms, clmul, bmi1, bmi2, adx, fma, vzeroupper, clflush, clflushopt

Memory: 4k page, system-wide physical 3970M (117M free)
TotalPageFile size 16258M (AvailPageFile size 4M)
current process WorkingSet (physical memory assigned to process): 172M, peak: 175M
current process commit charge ("private bytes"): 208M, peak: 211M

vm_info: Java HotSpot(TM) 64-Bit Server VM (17.0.8+9-LTS-211) for windows-amd64 JRE (17.0.8+9-LTS-211), built on Jun 14 2023 10:34:31 by "mach5one" with MS VC++ 17.1 (VS2022)

END.
