#
# There is insufficient memory for the Java Runtime Environment to continue.
# Native memory allocation (malloc) failed to allocate 1032336 bytes for Chunk::new
# Possible reasons:
#   The system is out of physical RAM or swap space
#   The process is running with CompressedOops enabled, and the Java Heap may be blocking the growth of the native heap
# Possible solutions:
#   Reduce memory load on the system
#   Increase physical memory or swap space
#   Check if swap backing store is full
#   Decrease Java heap size (-Xmx/-Xms)
#   Decrease number of Java threads
#   Decrease Java thread stack sizes (-Xss)
#   Set larger code cache with -XX:ReservedCodeCacheSize=
#   JVM is running with Unscaled Compressed Oops mode in which the Java heap is
#     placed in the first 4GB address space. The Java Heap base address is the
#     maximum limit for the native heap growth. Please use -XX:HeapBaseMinAddress
#     to set the Java Heap base and to place the Java Heap above 4GB virtual address.
# This output file may be truncated or incomplete.
#
#  Out of Memory Error (arena.cpp:189), pid=19968, tid=21044
#
# JRE version: Java(TM) SE Runtime Environment (17.0.8+9) (build 17.0.8+9-LTS-211)
# Java VM: Java HotSpot(TM) 64-Bit Server VM (17.0.8+9-LTS-211, mixed mode, sharing, tiered, compressed oops, compressed class ptrs, g1 gc, windows-amd64)
# No core dump will be written. Minidumps are not enabled by default on client versions of Windows
#

---------------  S U M M A R Y ------------

Command Line: C:\Windows\Temp\surefire10698252466603956418\surefirebooter7498697799341990457.jar C:\Windows\Temp\surefire10698252466603956418 2023-12-07T16-22-20_229-jvmRun1 surefire16868999677127341712tmp surefire_03743311539846772484tmp

Host: Intel(R) Core(TM) i3-6006U CPU @ 2.00GHz, 4 cores, 3G,  Windows 10 , 64 bit Build 19041 (10.0.19041.3636)
Time: Thu Dec  7 16:22:39 2023 India Standard Time elapsed time: 17.704624 seconds (0d 0h 0m 17s)

---------------  T H R E A D  ---------------

Current thread (0x000002dd96e64db0):  JavaThread "C2 CompilerThread0" daemon [_thread_in_native, id=21044, stack(0x000000ff53500000,0x000000ff53600000)]


Current CompileTask:
C2:  17704 2658   !   4       jdk.internal.loader.BuiltinClassLoader::loadClassOrNull (143 bytes)

Stack: [0x000000ff53500000,0x000000ff53600000]
Native frames: (J=compiled Java code, j=interpreted, Vv=VM code, C=native code)
V  [jvm.dll+0x677d0a]
V  [jvm.dll+0x7d8c54]
V  [jvm.dll+0x7da3fe]
V  [jvm.dll+0x7daa63]
V  [jvm.dll+0x245c5f]
V  [jvm.dll+0xaaa6b]
V  [jvm.dll+0xab00c]
V  [jvm.dll+0x2ab5cf]
V  [jvm.dll+0x580435]
V  [jvm.dll+0x220b22]
V  [jvm.dll+0x220eff]
V  [jvm.dll+0x219e56]
V  [jvm.dll+0x217329]
V  [jvm.dll+0x1a3af0]
V  [jvm.dll+0x2270be]
V  [jvm.dll+0x22535b]
V  [jvm.dll+0x78e7bc]
V  [jvm.dll+0x788bba]
V  [jvm.dll+0x676b35]
C  [ucrtbase.dll+0x21bb2]
C  [KERNEL32.DLL+0x17344]
C  [ntdll.dll+0x526b1]


---------------  P R O C E S S  ---------------

Threads class SMR info:
_java_thread_list=0x000002ddf86a1ee0, length=23, elements={
0x000002dd96d87450, 0x000002dd96e485e0, 0x000002dd96e49450, 0x000002dd96e5cdf0,
0x000002dd96e5f7c0, 0x000002dd96e60170, 0x000002dd96e60b20, 0x000002dd96e64db0,
0x000002dd96e67860, 0x000002ddb2745fe0, 0x000002ddb296e840, 0x000002ddb2971130,
0x000002ddf81b78f0, 0x000002ddf95c9530, 0x000002ddf93808d0, 0x000002ddf8622520,
0x000002ddf9012560, 0x000002ddf8448010, 0x000002ddf942f040, 0x000002ddf86f5ad0,
0x000002ddf8ae8af0, 0x000002ddf8ae9e30, 0x000002ddf8ae8fc0
}

Java Threads: ( => current thread )
  0x000002dd96d87450 JavaThread "main" [_thread_in_Java, id=17968, stack(0x000000ff52800000,0x000000ff52900000)]
  0x000002dd96e485e0 JavaThread "Reference Handler" daemon [_thread_blocked, id=19324, stack(0x000000ff52f00000,0x000000ff53000000)]
  0x000002dd96e49450 JavaThread "Finalizer" daemon [_thread_blocked, id=19228, stack(0x000000ff53000000,0x000000ff53100000)]
  0x000002dd96e5cdf0 JavaThread "Signal Dispatcher" daemon [_thread_blocked, id=16084, stack(0x000000ff53100000,0x000000ff53200000)]
  0x000002dd96e5f7c0 JavaThread "Attach Listener" daemon [_thread_blocked, id=8324, stack(0x000000ff53200000,0x000000ff53300000)]
  0x000002dd96e60170 JavaThread "Service Thread" daemon [_thread_blocked, id=18612, stack(0x000000ff53300000,0x000000ff53400000)]
  0x000002dd96e60b20 JavaThread "Monitor Deflation Thread" daemon [_thread_blocked, id=3524, stack(0x000000ff53400000,0x000000ff53500000)]
=>0x000002dd96e64db0 JavaThread "C2 CompilerThread0" daemon [_thread_in_native, id=21044, stack(0x000000ff53500000,0x000000ff53600000)]
  0x000002dd96e67860 JavaThread "C1 CompilerThread0" daemon [_thread_blocked, id=1092, stack(0x000000ff53600000,0x000000ff53700000)]
  0x000002ddb2745fe0 JavaThread "Sweeper thread" daemon [_thread_blocked, id=11608, stack(0x000000ff53700000,0x000000ff53800000)]
  0x000002ddb296e840 JavaThread "Notification Thread" daemon [_thread_blocked, id=1200, stack(0x000000ff53800000,0x000000ff53900000)]
  0x000002ddb2971130 JavaThread "Common-Cleaner" daemon [_thread_blocked, id=4112, stack(0x000000ff53a00000,0x000000ff53b00000)]
  0x000002ddf81b78f0 JavaThread "surefire-forkedjvm-command-thread" daemon [_thread_in_native, id=11528, stack(0x000000ff53b00000,0x000000ff53c00000)]
  0x000002ddf95c9530 JavaThread "ForkJoinPool.commonPool-worker-1" daemon [_thread_blocked, id=18172, stack(0x000000ff54000000,0x000000ff54100000)]
  0x000002ddf93808d0 JavaThread "AsyncHttpClient-1-1" daemon [_thread_blocked, id=1508, stack(0x000000ff54100000,0x000000ff54200000)]
  0x000002ddf8622520 JavaThread "Exec Default Executor" daemon [_thread_in_native, id=14344, stack(0x000000ff54200000,0x000000ff54300000)]
  0x000002ddf9012560 JavaThread "Exec Stream Pumper" daemon [_thread_in_native, id=19604, stack(0x000000ff54300000,0x000000ff54400000)]
  0x000002ddf8448010 JavaThread "Exec Stream Pumper" daemon [_thread_in_native, id=16876, stack(0x000000ff54400000,0x000000ff54500000)]
  0x000002ddf942f040 JavaThread "Driver Service Executor" daemon [_thread_blocked, id=14752, stack(0x000000ff54500000,0x000000ff54600000)]
  0x000002ddf86f5ad0 JavaThread "Driver Service Executor" daemon [_thread_blocked, id=17444, stack(0x000000ff54600000,0x000000ff54700000)]
  0x000002ddf8ae8af0 JavaThread "UrlChecker-2" daemon [_thread_blocked, id=11972, stack(0x000000ff54700000,0x000000ff54800000)]
  0x000002ddf8ae9e30 JavaThread "AsyncHttpClient-1-2" daemon [_thread_in_native, id=18676, stack(0x000000ff54a00000,0x000000ff54b00000)]
  0x000002ddf8ae8fc0 JavaThread "AsyncHttpClient-1-3" daemon [_thread_in_native, id=20708, stack(0x000000ff54900000,0x000000ff54a00000)]

Other Threads:
  0x000002dd96e429e0 VMThread "VM Thread" [stack: 0x000000ff52e00000,0x000000ff52f00000] [id=19216]
  0x000002dd96dd4bb0 WatcherThread [stack: 0x000000ff53900000,0x000000ff53a00000] [id=7696]
  0x000002dd96dc3f80 GCTaskThread "GC Thread#0" [stack: 0x000000ff52900000,0x000000ff52a00000] [id=21036]
  0x000002ddf8123e30 GCTaskThread "GC Thread#1" [stack: 0x000000ff53c00000,0x000000ff53d00000] [id=12812]
  0x000002ddf8255570 GCTaskThread "GC Thread#2" [stack: 0x000000ff53d00000,0x000000ff53e00000] [id=3060]
  0x000002ddb2bc5810 GCTaskThread "GC Thread#3" [stack: 0x000000ff53e00000,0x000000ff53f00000] [id=17344]
  0x000002dd96dcdb10 ConcurrentGCThread "G1 Main Marker" [stack: 0x000000ff52a00000,0x000000ff52b00000] [id=3412]
  0x000002dd96dcecc0 ConcurrentGCThread "G1 Conc#0" [stack: 0x000000ff52b00000,0x000000ff52c00000] [id=14612]
  0x000002dd96e1e440 ConcurrentGCThread "G1 Refine#0" [stack: 0x000000ff52c00000,0x000000ff52d00000] [id=14764]
  0x000002ddf82e4120 ConcurrentGCThread "G1 Refine#1" [stack: 0x000000ff53f00000,0x000000ff54000000] [id=19792]
  0x000002dd96e1ee60 ConcurrentGCThread "G1 Service" [stack: 0x000000ff52d00000,0x000000ff52e00000] [id=18424]

Threads with active compile tasks:
C2 CompilerThread0    17739 2658   !   4       jdk.internal.loader.BuiltinClassLoader::loadClassOrNull (143 bytes)

VM state: not at safepoint (normal execution)

VM Mutex/Monitor currently owned by a thread: None

Heap address: 0x00000000c1e00000, size: 994 MB, Compressed Oops mode: 32-bit

CDS archive(s) mapped at: [0x000002ddb3000000-0x000002ddb3bd0000-0x000002ddb3bd0000), size 12386304, SharedBaseAddress: 0x000002ddb3000000, ArchiveRelocationMode: 1.
Compressed class space mapped at: 0x000002ddb4000000-0x000002ddf4000000, reserved size: 1073741824
Narrow klass base: 0x000002ddb3000000, Narrow klass shift: 0, Narrow klass range: 0x100000000

GC Precious Log:
 CPUs: 4 total, 4 available
 Memory: 3970M
 Large Page Support: Disabled
 NUMA Support: Disabled
 Compressed Oops: Enabled (32-bit)
 Heap Region Size: 1M
 Heap Min Capacity: 8M
 Heap Initial Capacity: 64M
 Heap Max Capacity: 994M
 Pre-touch: Disabled
 Parallel Workers: 4
 Concurrent Workers: 1
 Concurrent Refinement Workers: 4
 Periodic GC: Disabled

Heap:
 garbage-first heap   total 58368K, used 45433K [0x00000000c1e00000, 0x0000000100000000)
  region size 1024K, 28 young (28672K), 2 survivors (2048K)
 Metaspace       used 28722K, committed 29056K, reserved 1114112K
  class space    used 3557K, committed 3712K, reserved 1048576K

Heap Regions: E=young(eden), S=young(survivor), O=old, HS=humongous(starts), HC=humongous(continues), CS=collection set, F=free, OA=open archive, CA=closed archive, TAMS=top-at-mark-start (previous, next)
|   0|0x00000000c1e00000, 0x00000000c1f00000, 0x00000000c1f00000|100%|HS|  |TAMS 0x00000000c1f00000, 0x00000000c1e00000| Complete 
|   1|0x00000000c1f00000, 0x00000000c2000000, 0x00000000c2000000|100%| O|  |TAMS 0x00000000c2000000, 0x00000000c1f00000| Untracked 
|   2|0x00000000c2000000, 0x00000000c2100000, 0x00000000c2100000|100%|HS|  |TAMS 0x00000000c2100000, 0x00000000c2000000| Complete 
|   3|0x00000000c2100000, 0x00000000c2200000, 0x00000000c2200000|100%| O|  |TAMS 0x00000000c2200000, 0x00000000c2100000| Untracked 
|   4|0x00000000c2200000, 0x00000000c2300000, 0x00000000c2300000|100%| O|  |TAMS 0x00000000c2300000, 0x00000000c2200000| Untracked 
|   5|0x00000000c2300000, 0x00000000c2400000, 0x00000000c2400000|100%| O|  |TAMS 0x00000000c2400000, 0x00000000c2300000| Untracked 
|   6|0x00000000c2400000, 0x00000000c2500000, 0x00000000c2500000|100%| O|  |TAMS 0x00000000c2500000, 0x00000000c2400000| Untracked 
|   7|0x00000000c2500000, 0x00000000c2600000, 0x00000000c2600000|100%| O|  |TAMS 0x00000000c2600000, 0x00000000c2500000| Untracked 
|   8|0x00000000c2600000, 0x00000000c2700000, 0x00000000c2700000|100%| O|  |TAMS 0x00000000c2700000, 0x00000000c2600000| Untracked 
|   9|0x00000000c2700000, 0x00000000c2800000, 0x00000000c2800000|100%| O|  |TAMS 0x00000000c2800000, 0x00000000c2700000| Untracked 
|  10|0x00000000c2800000, 0x00000000c2900000, 0x00000000c2900000|100%| O|  |TAMS 0x00000000c280c200, 0x00000000c2800000| Untracked 
|  11|0x00000000c2900000, 0x00000000c2a00000, 0x00000000c2a00000|100%| O|  |TAMS 0x00000000c2900000, 0x00000000c2900000| Untracked 
|  12|0x00000000c2a00000, 0x00000000c2b00000, 0x00000000c2b00000|100%| O|  |TAMS 0x00000000c2a00000, 0x00000000c2a00000| Untracked 
|  13|0x00000000c2b00000, 0x00000000c2b7ae00, 0x00000000c2c00000| 47%| O|  |TAMS 0x00000000c2b00000, 0x00000000c2b00000| Untracked 
|  14|0x00000000c2c00000, 0x00000000c2d00000, 0x00000000c2d00000|100%|HS|  |TAMS 0x00000000c2c00000, 0x00000000c2c00000| Complete 
|  15|0x00000000c2d00000, 0x00000000c2e00000, 0x00000000c2e00000|100%|HC|  |TAMS 0x00000000c2d00000, 0x00000000c2d00000| Complete 
|  16|0x00000000c2e00000, 0x00000000c2f00000, 0x00000000c2f00000|100%|HC|  |TAMS 0x00000000c2e00000, 0x00000000c2e00000| Complete 
|  17|0x00000000c2f00000, 0x00000000c3000000, 0x00000000c3000000|100%|HC|  |TAMS 0x00000000c2f00000, 0x00000000c2f00000| Complete 
|  18|0x00000000c3000000, 0x00000000c3100000, 0x00000000c3100000|100%|HC|  |TAMS 0x00000000c3000000, 0x00000000c3000000| Complete 
|  19|0x00000000c3100000, 0x00000000c3100000, 0x00000000c3200000|  0%| F|  |TAMS 0x00000000c3100000, 0x00000000c3100000| Untracked 
|  20|0x00000000c3200000, 0x00000000c3200000, 0x00000000c3300000|  0%| F|  |TAMS 0x00000000c3200000, 0x00000000c3200000| Untracked 
|  21|0x00000000c3300000, 0x00000000c3300000, 0x00000000c3400000|  0%| F|  |TAMS 0x00000000c3300000, 0x00000000c3300000| Untracked 
|  22|0x00000000c3400000, 0x00000000c3400000, 0x00000000c3500000|  0%| F|  |TAMS 0x00000000c3400000, 0x00000000c3400000| Untracked 
|  23|0x00000000c3500000, 0x00000000c3500000, 0x00000000c3600000|  0%| F|  |TAMS 0x00000000c3500000, 0x00000000c3500000| Untracked 
|  24|0x00000000c3600000, 0x00000000c3600000, 0x00000000c3700000|  0%| F|  |TAMS 0x00000000c3600000, 0x00000000c3600000| Untracked 
|  25|0x00000000c3700000, 0x00000000c3700000, 0x00000000c3800000|  0%| F|  |TAMS 0x00000000c3700000, 0x00000000c3700000| Untracked 
|  26|0x00000000c3800000, 0x00000000c3800000, 0x00000000c3900000|  0%| F|  |TAMS 0x00000000c3800000, 0x00000000c3800000| Untracked 
|  27|0x00000000c3900000, 0x00000000c3900000, 0x00000000c3a00000|  0%| F|  |TAMS 0x00000000c3900000, 0x00000000c3900000| Untracked 
|  28|0x00000000c3a00000, 0x00000000c3a00000, 0x00000000c3b00000|  0%| F|  |TAMS 0x00000000c3a00000, 0x00000000c3a00000| Untracked 
|  29|0x00000000c3b00000, 0x00000000c3b7d4f8, 0x00000000c3c00000| 48%| E|  |TAMS 0x00000000c3b00000, 0x00000000c3b00000| Complete 
|  30|0x00000000c3c00000, 0x00000000c3d00000, 0x00000000c3d00000|100%| E|CS|TAMS 0x00000000c3c00000, 0x00000000c3c00000| Complete 
|  31|0x00000000c3d00000, 0x00000000c3e00000, 0x00000000c3e00000|100%| E|CS|TAMS 0x00000000c3d00000, 0x00000000c3d00000| Complete 
|  32|0x00000000c3e00000, 0x00000000c3f00000, 0x00000000c3f00000|100%| E|CS|TAMS 0x00000000c3e00000, 0x00000000c3e00000| Complete 
|  33|0x00000000c3f00000, 0x00000000c4000000, 0x00000000c4000000|100%| E|CS|TAMS 0x00000000c3f00000, 0x00000000c3f00000| Complete 
|  34|0x00000000c4000000, 0x00000000c4100000, 0x00000000c4100000|100%| E|CS|TAMS 0x00000000c4000000, 0x00000000c4000000| Complete 
|  35|0x00000000c4100000, 0x00000000c4200000, 0x00000000c4200000|100%| E|CS|TAMS 0x00000000c4100000, 0x00000000c4100000| Complete 
|  36|0x00000000c4200000, 0x00000000c4300000, 0x00000000c4300000|100%| E|CS|TAMS 0x00000000c4200000, 0x00000000c4200000| Complete 
|  37|0x00000000c4300000, 0x00000000c4400000, 0x00000000c4400000|100%| E|CS|TAMS 0x00000000c4300000, 0x00000000c4300000| Complete 
|  38|0x00000000c4400000, 0x00000000c4500000, 0x00000000c4500000|100%| E|CS|TAMS 0x00000000c4400000, 0x00000000c4400000| Complete 
|  39|0x00000000c4500000, 0x00000000c4600000, 0x00000000c4600000|100%| E|CS|TAMS 0x00000000c4500000, 0x00000000c4500000| Complete 
|  40|0x00000000c4600000, 0x00000000c4700000, 0x00000000c4700000|100%| E|CS|TAMS 0x00000000c4600000, 0x00000000c4600000| Complete 
|  41|0x00000000c4700000, 0x00000000c4800000, 0x00000000c4800000|100%| E|CS|TAMS 0x00000000c4700000, 0x00000000c4700000| Complete 
|  42|0x00000000c4800000, 0x00000000c4900000, 0x00000000c4900000|100%| E|CS|TAMS 0x00000000c4800000, 0x00000000c4800000| Complete 
|  43|0x00000000c4900000, 0x00000000c4a00000, 0x00000000c4a00000|100%| E|CS|TAMS 0x00000000c4900000, 0x00000000c4900000| Complete 
|  44|0x00000000c4a00000, 0x00000000c4b00000, 0x00000000c4b00000|100%| E|CS|TAMS 0x00000000c4a00000, 0x00000000c4a00000| Complete 
|  45|0x00000000c4b00000, 0x00000000c4c00000, 0x00000000c4c00000|100%| E|CS|TAMS 0x00000000c4b00000, 0x00000000c4b00000| Complete 
|  46|0x00000000c4c00000, 0x00000000c4d00000, 0x00000000c4d00000|100%| E|CS|TAMS 0x00000000c4c00000, 0x00000000c4c00000| Complete 
|  47|0x00000000c4d00000, 0x00000000c4e00000, 0x00000000c4e00000|100%| E|CS|TAMS 0x00000000c4d00000, 0x00000000c4d00000| Complete 
|  48|0x00000000c4e00000, 0x00000000c4f00000, 0x00000000c4f00000|100%| E|CS|TAMS 0x00000000c4e00000, 0x00000000c4e00000| Complete 
|  49|0x00000000c4f00000, 0x00000000c4fe39d0, 0x00000000c5000000| 88%| S|CS|TAMS 0x00000000c4f00000, 0x00000000c4f00000| Complete 
|  50|0x00000000c5000000, 0x00000000c5100000, 0x00000000c5100000|100%| S|CS|TAMS 0x00000000c5000000, 0x00000000c5000000| Complete 
|  51|0x00000000c5100000, 0x00000000c5200000, 0x00000000c5200000|100%| E|CS|TAMS 0x00000000c5100000, 0x00000000c5100000| Complete 
|  52|0x00000000c5200000, 0x00000000c5300000, 0x00000000c5300000|100%| E|CS|TAMS 0x00000000c5200000, 0x00000000c5200000| Complete 
|  53|0x00000000c5300000, 0x00000000c5400000, 0x00000000c5400000|100%| E|  |TAMS 0x00000000c5300000, 0x00000000c5300000| Complete 
|  54|0x00000000c5400000, 0x00000000c5500000, 0x00000000c5500000|100%| E|CS|TAMS 0x00000000c5400000, 0x00000000c5400000| Complete 
|  55|0x00000000c5500000, 0x00000000c5600000, 0x00000000c5600000|100%| E|CS|TAMS 0x00000000c5500000, 0x00000000c5500000| Complete 
|  63|0x00000000c5d00000, 0x00000000c5e00000, 0x00000000c5e00000|100%| E|CS|TAMS 0x00000000c5d00000, 0x00000000c5d00000| Complete 

Card table byte_map: [0x000002ddade60000,0x000002ddae060000] _byte_map_base: 0x000002ddad851000

Marking Bits (Prev, Next): (CMBitMap*) 0x000002dd96dc55e0, (CMBitMap*) 0x000002dd96dc55a0
 Prev Bits: [0x000002ddaf1f0000, 0x000002ddb0178000)
 Next Bits: [0x000002ddae260000, 0x000002ddaf1e8000)

Polling page: 0x000002dd967c0000

Metaspace:

Usage:
  Non-class:     24.58 MB used.
      Class:      3.47 MB used.
       Both:     28.05 MB used.

Virtual space:
  Non-class space:       64.00 MB reserved,      24.75 MB ( 39%) committed,  1 nodes.
      Class space:        1.00 GB reserved,       3.62 MB ( <1%) committed,  1 nodes.
             Both:        1.06 GB reserved,      28.38 MB (  3%) committed. 

Chunk freelists:
   Non-Class:  7.19 MB
       Class:  12.41 MB
        Both:  19.59 MB

MaxMetaspaceSize: unlimited
CompressedClassSpaceSize: 1.00 GB
Initial GC threshold: 21.00 MB
Current GC threshold: 35.31 MB
CDS: on
MetaspaceReclaimPolicy: balanced
 - commit_granule_bytes: 65536.
 - commit_granule_words: 8192.
 - virtual_space_node_default_size: 8388608.
 - enlarge_chunks_in_place: 1.
 - new_chunks_are_fully_committed: 0.
 - uncommit_free_chunks: 1.
 - use_allocation_guard: 0.
 - handle_deallocations: 1.


Internal statistics:

num_allocs_failed_limit: 3.
num_arena_births: 322.
num_arena_deaths: 0.
num_vsnodes_births: 2.
num_vsnodes_deaths: 0.
num_space_committed: 454.
num_space_uncommitted: 0.
num_chunks_returned_to_freelist: 3.
num_chunks_taken_from_freelist: 1087.
num_chunk_merges: 0.
num_chunk_splits: 775.
num_chunks_enlarged: 611.
num_purges: 0.
num_inconsistent_stats: 0.

CodeHeap 'non-profiled nmethods': size=120000Kb used=1126Kb max_used=1126Kb free=118873Kb
 bounds [0x000002dda6110000, 0x000002dda6380000, 0x000002ddad640000]
CodeHeap 'profiled nmethods': size=120000Kb used=5462Kb max_used=5462Kb free=114537Kb
 bounds [0x000002dd9e640000, 0x000002dd9eba0000, 0x000002dda5b70000]
CodeHeap 'non-nmethods': size=5760Kb used=1297Kb max_used=1322Kb free=4462Kb
 bounds [0x000002dda5b70000, 0x000002dda5de0000, 0x000002dda6110000]
 total_blobs=3352 nmethods=2734 adapters=530
 compilation: enabled
              stopped_count=0, restarted_count=0
 full_count=0

Compilation events (20 events):
Event: 17.645 Thread 0x000002dd96e67860 2714       3       java.lang.ModuleLayer::boot (4 bytes)
Event: 17.645 Thread 0x000002dd96e67860 nmethod 2714 0x000002dd9eb8b210 code [0x000002dd9eb8b3a0, 0x000002dd9eb8b498]
Event: 17.645 Thread 0x000002dd96e67860 2715       3       org.apache.maven.surefire.report.ClassNameStackTraceFilter::matches (12 bytes)
Event: 17.645 Thread 0x000002dd96e67860 nmethod 2715 0x000002dd9eb8b510 code [0x000002dd9eb8b6c0, 0x000002dd9eb8b828]
Event: 17.657 Thread 0x000002dd96e67860 2717       3       java.util.stream.Sink::begin (1 bytes)
Event: 17.657 Thread 0x000002dd96e67860 nmethod 2717 0x000002dd9eb8b910 code [0x000002dd9eb8baa0, 0x000002dd9eb8bbb8]
Event: 17.663 Thread 0x000002dd96e67860 2718       3       java.util.regex.ASCII::isType (15 bytes)
Event: 17.664 Thread 0x000002dd96e67860 nmethod 2718 0x000002dd9eb8bc90 code [0x000002dd9eb8be40, 0x000002dd9eb8c078]
Event: 17.664 Thread 0x000002dd96e67860 2719       3       java.util.regex.ASCII::getType (17 bytes)
Event: 17.664 Thread 0x000002dd96e67860 nmethod 2719 0x000002dd9eb8c190 code [0x000002dd9eb8c340, 0x000002dd9eb8c4d8]
Event: 17.668 Thread 0x000002dd96e67860 2720       3       java.lang.StringBuilder::append (6 bytes)
Event: 17.668 Thread 0x000002dd96e67860 nmethod 2720 0x000002dd9eb8c590 code [0x000002dd9eb8c740, 0x000002dd9eb8c8e8]
Event: 17.694 Thread 0x000002dd96e67860 2721       3       io.netty.util.internal.shaded.org.jctools.util.UnsafeRefArrayAccess::lvRefElement (9 bytes)
Event: 17.694 Thread 0x000002dd96e67860 nmethod 2721 0x000002dd9eb8c990 code [0x000002dd9eb8cb20, 0x000002dd9eb8ccf8]
Event: 17.694 Thread 0x000002dd96e67860 2722       3       sun.misc.Unsafe::getObjectVolatile (9 bytes)
Event: 17.694 Thread 0x000002dd96e67860 nmethod 2722 0x000002dd9eb8ce10 code [0x000002dd9eb8cfa0, 0x000002dd9eb8d118]
Event: 17.695 Thread 0x000002dd96e67860 2723       1       java.util.Calendar::getFirstDayOfWeek (5 bytes)
Event: 17.695 Thread 0x000002dd96e67860 nmethod 2723 0x000002dda6229290 code [0x000002dda6229420, 0x000002dda62294f8]
Event: 17.695 Thread 0x000002dd96e67860 2724       1       java.util.Calendar::getMinimalDaysInFirstWeek (5 bytes)
Event: 17.695 Thread 0x000002dd96e67860 nmethod 2724 0x000002dda6229590 code [0x000002dda6229720, 0x000002dda62297f8]

GC Heap History (10 events):
Event: 0.601 GC heap before
{Heap before GC invocations=0 (full 0):
 garbage-first heap   total 65536K, used 16384K [0x00000000c1e00000, 0x0000000100000000)
  region size 1024K, 13 young (13312K), 0 survivors (0K)
 Metaspace       used 1668K, committed 1792K, reserved 1114112K
  class space    used 153K, committed 192K, reserved 1048576K
}
Event: 0.609 GC heap after
{Heap after GC invocations=1 (full 0):
 garbage-first heap   total 65536K, used 9171K [0x00000000c1e00000, 0x0000000100000000)
  region size 1024K, 2 young (2048K), 2 survivors (2048K)
 Metaspace       used 1668K, committed 1792K, reserved 1114112K
  class space    used 153K, committed 192K, reserved 1048576K
}
Event: 1.289 GC heap before
{Heap before GC invocations=1 (full 0):
 garbage-first heap   total 65536K, used 15315K [0x00000000c1e00000, 0x0000000100000000)
  region size 1024K, 9 young (9216K), 2 survivors (2048K)
 Metaspace       used 4977K, committed 5120K, reserved 1114112K
  class space    used 520K, committed 640K, reserved 1048576K
}
Event: 1.295 GC heap after
{Heap after GC invocations=2 (full 0):
 garbage-first heap   total 65536K, used 10314K [0x00000000c1e00000, 0x0000000100000000)
  region size 1024K, 2 young (2048K), 2 survivors (2048K)
 Metaspace       used 4977K, committed 5120K, reserved 1114112K
  class space    used 520K, committed 640K, reserved 1048576K
}
Event: 2.502 GC heap before
{Heap before GC invocations=2 (full 0):
 garbage-first heap   total 65536K, used 27722K [0x00000000c1e00000, 0x0000000100000000)
  region size 1024K, 19 young (19456K), 2 survivors (2048K)
 Metaspace       used 9636K, committed 9920K, reserved 1114112K
  class space    used 1087K, committed 1216K, reserved 1048576K
}
Event: 2.509 GC heap after
{Heap after GC invocations=3 (full 0):
 garbage-first heap   total 65536K, used 11450K [0x00000000c1e00000, 0x0000000100000000)
  region size 1024K, 3 young (3072K), 3 survivors (3072K)
 Metaspace       used 9636K, committed 9920K, reserved 1114112K
  class space    used 1087K, committed 1216K, reserved 1048576K
}
Event: 7.019 GC heap before
{Heap before GC invocations=3 (full 0):
 garbage-first heap   total 65536K, used 40122K [0x00000000c1e00000, 0x0000000100000000)
  region size 1024K, 31 young (31744K), 3 survivors (3072K)
 Metaspace       used 17083K, committed 17408K, reserved 1114112K
  class space    used 2102K, committed 2240K, reserved 1048576K
}
Event: 7.034 GC heap after
{Heap after GC invocations=4 (full 0):
 garbage-first heap   total 65536K, used 13884K [0x00000000c1e00000, 0x0000000100000000)
  region size 1024K, 4 young (4096K), 4 survivors (4096K)
 Metaspace       used 17083K, committed 17408K, reserved 1114112K
  class space    used 2102K, committed 2240K, reserved 1048576K
}
Event: 7.549 GC heap before
{Heap before GC invocations=4 (full 0):
 garbage-first heap   total 65536K, used 26172K [0x00000000c1e00000, 0x0000000100000000)
  region size 1024K, 17 young (17408K), 4 survivors (4096K)
 Metaspace       used 21207K, committed 21504K, reserved 1114112K
  class space    used 2560K, committed 2752K, reserved 1048576K
}
Event: 7.564 GC heap after
{Heap after GC invocations=5 (full 0):
 garbage-first heap   total 65536K, used 15737K [0x00000000c1e00000, 0x0000000100000000)
  region size 1024K, 2 young (2048K), 2 survivors (2048K)
 Metaspace       used 21207K, committed 21504K, reserved 1114112K
  class space    used 2560K, committed 2752K, reserved 1048576K
}

Deoptimization events (20 events):
Event: 7.268 Thread 0x000002dd96d87450 DEOPT PACKING pc=0x000002dda61e76b0 sp=0x000000ff528fa0f0
Event: 7.268 Thread 0x000002dd96d87450 DEOPT UNPACKING pc=0x000002dda5bc23a3 sp=0x000000ff528fa080 mode 2
Event: 7.293 Thread 0x000002dd96d87450 DEOPT PACKING pc=0x000002dd9eac8cd4 sp=0x000000ff528f87d0
Event: 7.294 Thread 0x000002dd96d87450 DEOPT UNPACKING pc=0x000002dda5bc2b43 sp=0x000000ff528f7cf0 mode 0
Event: 7.307 Thread 0x000002dd96d87450 DEOPT PACKING pc=0x000002dd9eab526a sp=0x000000ff528f8ca0
Event: 7.307 Thread 0x000002dd96d87450 DEOPT UNPACKING pc=0x000002dda5bc2b43 sp=0x000000ff528f81b0 mode 0
Event: 7.320 Thread 0x000002dd96d87450 Uncommon trap: trap_request=0xffffff45 fr.pc=0x000002dda61e3d10 relative=0x0000000000000650
Event: 7.320 Thread 0x000002dd96d87450 Uncommon trap: reason=unstable_if action=reinterpret pc=0x000002dda61e3d10 method=java.lang.StringLatin1.regionMatchesCI([BI[BII)Z @ 72 c2
Event: 7.320 Thread 0x000002dd96d87450 DEOPT PACKING pc=0x000002dda61e3d10 sp=0x000000ff528f84e0
Event: 7.320 Thread 0x000002dd96d87450 DEOPT UNPACKING pc=0x000002dda5bc23a3 sp=0x000000ff528f83a8 mode 2
Event: 7.607 Thread 0x000002dd96d87450 Uncommon trap: trap_request=0xffffff45 fr.pc=0x000002dda61fea60 relative=0x00000000000001e0
Event: 7.607 Thread 0x000002dd96d87450 Uncommon trap: reason=unstable_if action=reinterpret pc=0x000002dda61fea60 method=java.util.HashMap.putVal(ILjava/lang/Object;Ljava/lang/Object;ZZ)Ljava/lang/Object; @ 162 c2
Event: 7.607 Thread 0x000002dd96d87450 DEOPT PACKING pc=0x000002dda61fea60 sp=0x000000ff528f8aa0
Event: 7.607 Thread 0x000002dd96d87450 DEOPT UNPACKING pc=0x000002dda5bc23a3 sp=0x000000ff528f8a20 mode 2
Event: 11.465 Thread 0x000002ddf8ae9e30 Uncommon trap: trap_request=0xffffff45 fr.pc=0x000002dda619cb54 relative=0x0000000000000054
Event: 11.465 Thread 0x000002ddf8ae9e30 Uncommon trap: reason=unstable_if action=reinterpret pc=0x000002dda619cb54 method=java.lang.CharacterData.of(I)Ljava/lang/CharacterData; @ 15 c2
Event: 11.465 Thread 0x000002ddf8ae9e30 DEOPT PACKING pc=0x000002dda619cb54 sp=0x000000ff54afdb60
Event: 11.465 Thread 0x000002ddf8ae9e30 DEOPT UNPACKING pc=0x000002dda5bc23a3 sp=0x000000ff54afdae8 mode 2
Event: 17.413 Thread 0x000002ddf8ae9e30 DEOPT PACKING pc=0x000002dd9eab5249 sp=0x000000ff54afcf10
Event: 17.413 Thread 0x000002ddf8ae9e30 DEOPT UNPACKING pc=0x000002dda5bc2b43 sp=0x000000ff54afc420 mode 0

Classes unloaded (0 events):
No events

Classes redefined (0 events):
No events

Internal exceptions (20 events):
Event: 6.913 Thread 0x000002dd96d87450 Exception <a 'java/lang/NoSuchMethodError'{0x00000000c412b240}: 'java.lang.Object java.lang.invoke.DirectMethodHandle$Holder.invokeVirtual(java.lang.Object, java.lang.Object, java.lang.Object)'> (0x00000000c412b240) 
thrown [s\open\src\hotspot\share\interpreter\linkResolver.cpp, line 759]
Event: 7.087 Thread 0x000002dd96d87450 Exception <a 'java/lang/NoClassDefFoundError'{0x00000000c5ca9b00}> (0x00000000c5ca9b00) 
thrown [s\open\src\hotspot\share\oops\instanceKlass.cpp, line 1216]
Event: 7.089 Thread 0x000002dd96d87450 Exception <a 'java/lang/NoClassDefFoundError'{0x00000000c5cbb150}: org/apache/logging/log4j/spi/ExtendedLoggerWrapper> (0x00000000c5cbb150) 
thrown [s\open\src\hotspot\share\classfile\systemDictionary.cpp, line 245]
Event: 7.092 Thread 0x000002dd96d87450 Exception <a 'java/lang/NoClassDefFoundError'{0x00000000c5cc9d30}: org/apache/log4j/Priority> (0x00000000c5cc9d30) 
thrown [s\open\src\hotspot\share\classfile\systemDictionary.cpp, line 245]
Event: 7.313 Thread 0x000002dd96d87450 Exception <a 'sun/nio/fs/WindowsException'{0x00000000c5651fe8}> (0x00000000c5651fe8) 
thrown [s\open\src\hotspot\share\prims\jni.cpp, line 516]
Event: 7.332 Thread 0x000002dd96d87450 Exception <a 'java/lang/NoSuchMethodError'{0x00000000c56733f8}: 'int java.lang.invoke.DirectMethodHandle$Holder.invokeStaticInit(java.lang.Object, java.lang.Object, java.lang.Object, java.lang.Object)'> (0x00000000c56733f8) 
thrown [s\open\src\hotspot\share\interpreter\linkResolver.cpp, line 759]
Event: 7.897 Thread 0x000002dd96d87450 Exception <a 'java/lang/NoSuchMethodError'{0x00000000c4ed1f70}: 'java.lang.Object java.lang.invoke.DirectMethodHandle$Holder.invokeInterface(java.lang.Object, java.lang.Object, java.lang.Object)'> (0x00000000c4ed1f70) 
thrown [s\open\src\hotspot\share\interpreter\linkResolver.cpp, line 759]
Event: 7.897 Thread 0x000002dd96d87450 Exception <a 'java/lang/IncompatibleClassChangeError'{0x00000000c4ed58e0}: Found class java.lang.Object, but interface was expected> (0x00000000c4ed58e0) 
thrown [s\open\src\hotspot\share\interpreter\linkResolver.cpp, line 826]
Event: 7.899 Thread 0x000002dd96d87450 Exception <a 'java/lang/NoSuchMethodError'{0x00000000c4edc2e0}: 'int java.lang.invoke.DirectMethodHandle$Holder.invokeSpecialIFC(java.lang.Object, java.lang.Object, java.lang.Object, java.lang.Object)'> (0x00000000c4edc2e0) 
thrown [s\open\src\hotspot\share\interpreter\linkResolver.cpp, line 759]
Event: 9.196 Thread 0x000002ddf8ae8af0 Exception <a 'java/net/ConnectException'{0x00000000c4c36d10}: Connection refused: no further information> (0x00000000c4c36d10) 
thrown [s\open\src\hotspot\share\prims\jni.cpp, line 535]
Event: 9.196 Thread 0x000002ddf8ae8af0 Exception <a 'java/net/SocketException'{0x00000000c4c37048}: Socket is not connected: shutdown> (0x00000000c4c37048) 
thrown [s\open\src\hotspot\share\prims\jni.cpp, line 535]
Event: 9.273 Thread 0x000002dd96d87450 Exception <a 'java/lang/NoSuchMethodError'{0x00000000c4b24190}: 'java.lang.Object java.lang.invoke.DirectMethodHandle$Holder.newInvokeSpecial(java.lang.Object, java.lang.Object, int, int)'> (0x00000000c4b24190) 
thrown [s\open\src\hotspot\share\interpreter\linkResolver.cpp, line 759]
Event: 9.275 Thread 0x000002dd96d87450 Exception <a 'java/lang/NoSuchMethodError'{0x00000000c4b2eed8}: 'void java.lang.invoke.DirectMethodHandle$Holder.invokeStatic(java.lang.Object, java.lang.Object, int)'> (0x00000000c4b2eed8) 
thrown [s\open\src\hotspot\share\interpreter\linkResolver.cpp, line 759]
Event: 9.391 Thread 0x000002dd96d87450 Exception <a 'java/lang/NoSuchMethodError'{0x00000000c4926018}: 'int java.lang.invoke.DirectMethodHandle$Holder.invokeSpecialIFC(java.lang.Object, java.lang.Object, java.lang.Object)'> (0x00000000c4926018) 
thrown [s\open\src\hotspot\share\interpreter\linkResolver.cpp, line 759]
Event: 9.479 Thread 0x000002dd96d87450 Exception <a 'java/lang/NoSuchMethodError'{0x00000000c48da110}: 'java.lang.Object java.lang.invoke.DirectMethodHandle$Holder.invokeVirtual(java.lang.Object, java.lang.Object, java.lang.Object, java.lang.Object)'> (0x00000000c48da110) 
thrown [s\open\src\hotspot\share\interpreter\linkResolver.cpp, line 759]
Event: 9.532 Thread 0x000002dd96d87450 Exception <a 'java/lang/NoSuchMethodError'{0x00000000c47fdcd8}: 'void java.lang.invoke.DirectMethodHandle$Holder.invokeSpecial(java.lang.Object, java.lang.Object, java.lang.Object, java.lang.Object, java.lang.Object, java.lang.Object)'> (0x00000000c47fdcd8) 
thrown [s\open\src\hotspot\share\interpreter\linkResolver.cpp, line 759]
Event: 17.547 Thread 0x000002dd96d87450 Exception <a 'java/lang/NoSuchMethodError'{0x00000000c3e116e0}: 'java.lang.Object java.lang.invoke.DirectMethodHandle$Holder.invokeSpecialIFC(java.lang.Object, java.lang.Object, java.lang.Object)'> (0x00000000c3e116e0) 
thrown [s\open\src\hotspot\share\interpreter\linkResolver.cpp, line 759]
Event: 17.608 Thread 0x000002dd96d87450 Exception <a 'java/lang/NoSuchMethodError'{0x00000000c3d3d6c8}: 'void java.lang.invoke.DirectMethodHandle$Holder.invokeSpecial(java.lang.Object, java.lang.Object, java.lang.Object, java.lang.Object, java.lang.Object)'> (0x00000000c3d3d6c8) 
thrown [s\open\src\hotspot\share\interpreter\linkResolver.cpp, line 759]
Event: 17.638 Thread 0x000002dd96d87450 Exception <a 'java/lang/IncompatibleClassChangeError'{0x00000000c3d99ec8}: Found class java.lang.Object, but interface was expected> (0x00000000c3d99ec8) 
thrown [s\open\src\hotspot\share\interpreter\linkResolver.cpp, line 826]
Event: 17.638 Thread 0x000002dd96d87450 Exception <a 'java/lang/reflect/InvocationTargetException'{0x00000000c3d9c4d8}> (0x00000000c3d9c4d8) 
thrown [s\open\src\hotspot\share\runtime\reflection.cpp, line 1121]

VM Operations (20 events):
Event: 7.549 Executing VM operation: CollectForMetadataAllocation
Event: 7.564 Executing VM operation: CollectForMetadataAllocation done
Event: 7.583 Executing VM operation: G1Concurrent
Event: 7.587 Executing VM operation: G1Concurrent done
Event: 7.598 Executing VM operation: G1Concurrent
Event: 7.602 Executing VM operation: G1Concurrent done
Event: 7.730 Executing VM operation: HandshakeAllThreads
Event: 7.730 Executing VM operation: HandshakeAllThreads done
Event: 8.745 Executing VM operation: Cleanup
Event: 8.745 Executing VM operation: Cleanup done
Event: 9.224 Executing VM operation: HandshakeAllThreads
Event: 9.224 Executing VM operation: HandshakeAllThreads done
Event: 9.225 Executing VM operation: HandshakeAllThreads
Event: 9.225 Executing VM operation: HandshakeAllThreads done
Event: 9.227 Executing VM operation: HandshakeAllThreads
Event: 9.227 Executing VM operation: HandshakeAllThreads done
Event: 10.228 Executing VM operation: Cleanup
Event: 10.228 Executing VM operation: Cleanup done
Event: 12.239 Executing VM operation: Cleanup
Event: 12.239 Executing VM operation: Cleanup done

Events (20 events):
Event: 17.494 loading class java/util/concurrent/ConcurrentLinkedDeque$AbstractItr done
Event: 17.495 loading class java/util/concurrent/ConcurrentLinkedDeque$Itr done
Event: 17.629 Thread 0x000002ddf8ae8fc0 Thread added: 0x000002ddf8ae8fc0
Event: 17.637 loading class java/util/concurrent/CompletionException
Event: 17.638 loading class java/util/concurrent/CompletionException done
Event: 17.666 loading class java/io/FileWriter
Event: 17.667 loading class java/io/FileWriter done
Event: 17.694 loading class java/net/InetAddress$CachedLocalHost
Event: 17.694 loading class java/net/InetAddress$CachedLocalHost done
Event: 17.695 loading class java/text/FieldPosition$Delegate
Event: 17.695 loading class java/text/FieldPosition$Delegate done
Event: 17.696 loading class sun/util/locale/provider/TimeZoneNameUtility
Event: 17.696 loading class sun/util/locale/provider/TimeZoneNameUtility done
Event: 17.696 loading class sun/util/locale/provider/TimeZoneNameUtility$TimeZoneNameGetter
Event: 17.696 loading class sun/util/locale/provider/TimeZoneNameUtility$TimeZoneNameGetter done
Event: 17.697 loading class sun/util/cldr/CLDRTimeZoneNameProviderImpl
Event: 17.698 loading class sun/util/locale/provider/TimeZoneNameProviderImpl
Event: 17.698 loading class sun/util/locale/provider/TimeZoneNameProviderImpl done
Event: 17.698 loading class sun/util/cldr/CLDRTimeZoneNameProviderImpl done
Event: 17.699 loading class sun/util/locale/provider/BaseLocaleDataMetaInfo


Dynamic libraries:
0x00007ff7a3d60000 - 0x00007ff7a3d70000 	C:\Program Files\Java\jdk-17\bin\java.exe
0x00007ff991010000 - 0x00007ff991208000 	C:\WINDOWS\SYSTEM32\ntdll.dll
0x00007ff98f900000 - 0x00007ff98f9bd000 	C:\WINDOWS\System32\KERNEL32.DLL
0x00007ff98e6f0000 - 0x00007ff98e9e6000 	C:\WINDOWS\System32\KERNELBASE.dll
0x00007ff98ec80000 - 0x00007ff98ed80000 	C:\WINDOWS\System32\ucrtbase.dll
0x00007ff970d60000 - 0x00007ff970d7b000 	C:\Program Files\Java\jdk-17\bin\VCRUNTIME140.dll
0x00007ff970d80000 - 0x00007ff970d99000 	C:\Program Files\Java\jdk-17\bin\jli.dll
0x00007ff98ff30000 - 0x00007ff98ffdf000 	C:\WINDOWS\System32\ADVAPI32.dll
0x00007ff98f9c0000 - 0x00007ff98fa5e000 	C:\WINDOWS\System32\msvcrt.dll
0x00007ff990f20000 - 0x00007ff990fbc000 	C:\WINDOWS\System32\sechost.dll
0x00007ff990b10000 - 0x00007ff990c36000 	C:\WINDOWS\System32\RPCRT4.dll
0x00007ff990750000 - 0x00007ff9908ee000 	C:\WINDOWS\System32\USER32.dll
0x00007ff98ebe0000 - 0x00007ff98ec02000 	C:\WINDOWS\System32\win32u.dll
0x00007ff9772a0000 - 0x00007ff97753a000 	C:\WINDOWS\WinSxS\amd64_microsoft.windows.common-controls_6595b64144ccf1df_6.0.19041.3636_none_60b6a03d71f818d5\COMCTL32.dll
0x00007ff990c40000 - 0x00007ff990c6c000 	C:\WINDOWS\System32\GDI32.dll
0x00007ff98ea20000 - 0x00007ff98eb3a000 	C:\WINDOWS\System32\gdi32full.dll
0x00007ff98eb40000 - 0x00007ff98ebdd000 	C:\WINDOWS\System32\msvcp_win.dll
0x00007ff987430000 - 0x00007ff98743a000 	C:\WINDOWS\SYSTEM32\VERSION.dll
0x00007ff9713c0000 - 0x00007ff9713cc000 	C:\Program Files\Java\jdk-17\bin\vcruntime140_1.dll
0x00007ff970c90000 - 0x00007ff970d1e000 	C:\Program Files\Java\jdk-17\bin\msvcp140.dll
0x00007ff9700b0000 - 0x00007ff970c8e000 	C:\Program Files\Java\jdk-17\bin\server\jvm.dll
0x00007ff990b00000 - 0x00007ff990b08000 	C:\WINDOWS\System32\PSAPI.DLL
0x00007ff9700a0000 - 0x00007ff9700a9000 	C:\WINDOWS\SYSTEM32\WSOCK32.dll
0x00007ff98f070000 - 0x00007ff98f0db000 	C:\WINDOWS\System32\WS2_32.dll
0x00007ff970070000 - 0x00007ff970097000 	C:\WINDOWS\SYSTEM32\WINMM.dll
0x00007ff98c5b0000 - 0x00007ff98c5c2000 	C:\WINDOWS\SYSTEM32\kernel.appcore.dll
0x00007ff970050000 - 0x00007ff97005a000 	C:\Program Files\Java\jdk-17\bin\jimage.dll
0x00007ff97b070000 - 0x00007ff97b254000 	C:\WINDOWS\SYSTEM32\DBGHELP.DLL
0x00007ff97ae40000 - 0x00007ff97ae74000 	C:\WINDOWS\SYSTEM32\dbgcore.DLL
0x00007ff98ee80000 - 0x00007ff98ef02000 	C:\WINDOWS\System32\bcryptPrimitives.dll
0x00007ff970020000 - 0x00007ff970045000 	C:\Program Files\Java\jdk-17\bin\java.dll
0x00007ff96fc10000 - 0x00007ff96fce7000 	C:\Program Files\Java\jdk-17\bin\jsvml.dll
0x00007ff98f0e0000 - 0x00007ff98f824000 	C:\WINDOWS\System32\SHELL32.dll
0x00007ff98c7b0000 - 0x00007ff98cf4b000 	C:\WINDOWS\SYSTEM32\windows.storage.dll
0x00007ff9900f0000 - 0x00007ff990444000 	C:\WINDOWS\System32\combase.dll
0x00007ff98e060000 - 0x00007ff98e08d000 	C:\WINDOWS\SYSTEM32\Wldp.dll
0x00007ff990020000 - 0x00007ff9900cd000 	C:\WINDOWS\System32\SHCORE.dll
0x00007ff98fa60000 - 0x00007ff98fab5000 	C:\WINDOWS\System32\shlwapi.dll
0x00007ff98e620000 - 0x00007ff98e645000 	C:\WINDOWS\SYSTEM32\profapi.dll
0x00007ff96f320000 - 0x00007ff96f339000 	C:\Program Files\Java\jdk-17\bin\net.dll
0x00007ff97e880000 - 0x00007ff97e98a000 	C:\WINDOWS\SYSTEM32\WINHTTP.dll
0x00007ff98ddc0000 - 0x00007ff98de2a000 	C:\WINDOWS\system32\mswsock.dll
0x00007ff96ee60000 - 0x00007ff96ee76000 	C:\Program Files\Java\jdk-17\bin\nio.dll
0x00007ff96ee20000 - 0x00007ff96ee38000 	C:\Program Files\Java\jdk-17\bin\zip.dll
0x00007ff96e130000 - 0x00007ff96e13a000 	C:\Program Files\Java\jdk-17\bin\management.dll
0x00007ff96b030000 - 0x00007ff96b03b000 	C:\Program Files\Java\jdk-17\bin\management_ext.dll
0x00007ff98dfb0000 - 0x00007ff98dfc8000 	C:\WINDOWS\SYSTEM32\CRYPTSP.dll
0x00007ff98d6f0000 - 0x00007ff98d724000 	C:\WINDOWS\system32\rsaenh.dll
0x00007ff98e9f0000 - 0x00007ff98ea17000 	C:\WINDOWS\System32\bcrypt.dll
0x00007ff98dfd0000 - 0x00007ff98dfdc000 	C:\WINDOWS\SYSTEM32\CRYPTBASE.dll
0x00007ff98dab0000 - 0x00007ff98daeb000 	C:\WINDOWS\SYSTEM32\IPHLPAPI.DLL
0x00007ff990fc0000 - 0x00007ff990fc8000 	C:\WINDOWS\System32\NSI.dll
0x00007ff97efb0000 - 0x00007ff97efc7000 	C:\WINDOWS\SYSTEM32\dhcpcsvc6.DLL
0x00007ff980850000 - 0x00007ff98086d000 	C:\WINDOWS\SYSTEM32\dhcpcsvc.DLL
0x00007ff98daf0000 - 0x00007ff98dbba000 	C:\WINDOWS\SYSTEM32\DNSAPI.dll
0x00007ff97c930000 - 0x00007ff97c940000 	C:\Program Files\Java\jdk-17\bin\verify.dll
0x00007ff97d840000 - 0x00007ff97d84a000 	C:\Windows\System32\rasadhlp.dll
0x00007ff97d860000 - 0x00007ff97d8e0000 	C:\WINDOWS\System32\fwpuclnt.dll
0x00007ff98c030000 - 0x00007ff98c0c0000 	C:\WINDOWS\system32\apphelp.dll
0x00007ff97c900000 - 0x00007ff97c90e000 	C:\Program Files\Java\jdk-17\bin\sunmscapi.dll
0x00007ff98ef10000 - 0x00007ff98f06d000 	C:\WINDOWS\System32\CRYPT32.dll
0x00007ff98e0d0000 - 0x00007ff98e0f7000 	C:\WINDOWS\SYSTEM32\ncrypt.dll
0x00007ff98e090000 - 0x00007ff98e0cb000 	C:\WINDOWS\SYSTEM32\NTASN1.dll
0x00007ff96e140000 - 0x00007ff96e147000 	C:\WINDOWS\system32\wshunix.dll
0x00007ff972270000 - 0x00007ff972287000 	C:\WINDOWS\system32\napinsp.dll
0x00007ff972250000 - 0x00007ff97226b000 	C:\WINDOWS\system32\pnrpnsp.dll
0x00007ff972230000 - 0x00007ff972245000 	C:\WINDOWS\system32\wshbth.dll
0x00007ff98a090000 - 0x00007ff98a0ad000 	C:\WINDOWS\system32\NLAapi.dll
0x00007ff972210000 - 0x00007ff972222000 	C:\WINDOWS\System32\winrnr.dll

dbghelp: loaded successfully - version: 4.0.5 - missing functions: none
symbol engine: initialized successfully - sym options: 0x614 - pdb path: .;C:\Program Files\Java\jdk-17\bin;C:\WINDOWS\SYSTEM32;C:\WINDOWS\WinSxS\amd64_microsoft.windows.common-controls_6595b64144ccf1df_6.0.19041.3636_none_60b6a03d71f818d5;C:\Program Files\Java\jdk-17\bin\server

VM Arguments:
java_command: C:\Windows\Temp\surefire10698252466603956418\surefirebooter7498697799341990457.jar C:\Windows\Temp\surefire10698252466603956418 2023-12-07T16-22-20_229-jvmRun1 surefire16868999677127341712tmp surefire_03743311539846772484tmp
java_class_path (initial): C:\Windows\Temp\surefire10698252466603956418\surefirebooter7498697799341990457.jar
Launcher Type: SUN_STANDARD

[Global flags]
     intx CICompilerCount                          = 3                                         {product} {ergonomic}
     uint ConcGCThreads                            = 1                                         {product} {ergonomic}
     uint G1ConcRefinementThreads                  = 4                                         {product} {ergonomic}
   size_t G1HeapRegionSize                         = 1048576                                   {product} {ergonomic}
    uintx GCDrainStackTargetSize                   = 64                                        {product} {ergonomic}
   size_t InitialHeapSize                          = 67108864                                  {product} {ergonomic}
   size_t MarkStackSize                            = 4194304                                   {product} {ergonomic}
   size_t MaxHeapSize                              = 1042284544                                {product} {ergonomic}
   size_t MaxNewSize                               = 624951296                                 {product} {ergonomic}
   size_t MinHeapDeltaBytes                        = 1048576                                   {product} {ergonomic}
   size_t MinHeapSize                              = 8388608                                   {product} {ergonomic}
    uintx NonNMethodCodeHeapSize                   = 5832780                                {pd product} {ergonomic}
    uintx NonProfiledCodeHeapSize                  = 122912730                              {pd product} {ergonomic}
    uintx ProfiledCodeHeapSize                     = 122912730                              {pd product} {ergonomic}
    uintx ReservedCodeCacheSize                    = 251658240                              {pd product} {ergonomic}
     bool SegmentedCodeCache                       = true                                      {product} {ergonomic}
   size_t SoftMaxHeapSize                          = 1042284544                             {manageable} {ergonomic}
     bool UseCompressedClassPointers               = true                           {product lp64_product} {ergonomic}
     bool UseCompressedOops                        = true                           {product lp64_product} {ergonomic}
     bool UseG1GC                                  = true                                      {product} {ergonomic}
     bool UseLargePagesIndividualAllocation        = false                                  {pd product} {ergonomic}

Logging:
Log output configuration:
 #0: stdout all=warning uptime,level,tags
 #1: stderr all=off uptime,level,tags

Environment Variables:
JAVA_HOME=C:\Program Files\Java\jdk-17
PATH=C:\Maven\apache-maven-3.9.2/bin;C:\Program Files\Java\jdk-17/bin;C:\Program Files\Java\jdk-17/bin;C:\Program Files\Common Files\Oracle\Java\javapath;C:\Program Files (x86)\Common Files\Oracle\Java\javapath;C:\WINDOWS\system32;C:\WINDOWS;C:\WINDOWS\System32\Wbem;C:\WINDOWS\System32\WindowsPowerShell\v1.0\;C:\WINDOWS\System32\OpenSSH\;C:\Program Files\Git\cmd;C:\Maven\apache-maven-3.9.2\bin;C:\Program Files\Java\jdk-17\bin;C:\WINDOWS\system32\config\systemprofile\AppData\Local\Microsoft\WindowsApps
USERNAME=DESKTOP-RFGG51U$
OS=Windows_NT
PROCESSOR_IDENTIFIER=Intel64 Family 6 Model 78 Stepping 3, GenuineIntel



---------------  S Y S T E M  ---------------

OS:
 Windows 10 , 64 bit Build 19041 (10.0.19041.3636)
OS uptime: 12 days 2:22 hours

CPU: total 4 (initial active 4) (2 cores per cpu, 2 threads per core) family 6 model 78 stepping 3 microcode 0xcc, cx8, cmov, fxsr, ht, mmx, 3dnowpref, sse, sse2, sse3, ssse3, sse4.1, sse4.2, popcnt, lzcnt, tsc, tscinvbit, avx, avx2, aes, erms, clmul, bmi1, bmi2, adx, fma, vzeroupper, clflush, clflushopt

Memory: 4k page, system-wide physical 3970M (266M free)
TotalPageFile size 16258M (AvailPageFile size 2M)
current process WorkingSet (physical memory assigned to process): 149M, peak: 149M
current process commit charge ("private bytes"): 193M, peak: 194M

vm_info: Java HotSpot(TM) 64-Bit Server VM (17.0.8+9-LTS-211) for windows-amd64 JRE (17.0.8+9-LTS-211), built on Jun 14 2023 10:34:31 by "mach5one" with MS VC++ 17.1 (VS2022)

END.
