#
# There is insufficient memory for the Java Runtime Environment to continue.
# Native memory allocation (malloc) failed to allocate 824048 bytes for Chunk::new
# Possible reasons:
#   The system is out of physical RAM or swap space
#   The process is running with CompressedOops enabled, and the Java Heap may be blocking the growth of the native heap
# Possible solutions:
#   Reduce memory load on the system
#   Increase physical memory or swap space
#   Check if swap backing store is full
#   Decrease Java heap size (-Xmx/-Xms)
#   Decrease number of Java threads
#   Decrease Java thread stack sizes (-Xss)
#   Set larger code cache with -XX:ReservedCodeCacheSize=
#   JVM is running with Unscaled Compressed Oops mode in which the Java heap is
#     placed in the first 4GB address space. The Java Heap base address is the
#     maximum limit for the native heap growth. Please use -XX:HeapBaseMinAddress
#     to set the Java Heap base and to place the Java Heap above 4GB virtual address.
# This output file may be truncated or incomplete.
#
#  Out of Memory Error (arena.cpp:189), pid=7516, tid=15900
#
# JRE version: Java(TM) SE Runtime Environment (17.0.8+9) (build 17.0.8+9-LTS-211)
# Java VM: Java HotSpot(TM) 64-Bit Server VM (17.0.8+9-LTS-211, mixed mode, sharing, tiered, compressed oops, compressed class ptrs, g1 gc, windows-amd64)
# No core dump will be written. Minidumps are not enabled by default on client versions of Windows
#

---------------  S U M M A R Y ------------

Command Line: jenkins.maven3.agent.Maven35Main C:\Maven\apache-maven-3.9.2 C:\ProgramData\Jenkins\war\WEB-INF\lib\remoting-3131.vf2b_b_798b_ce99.jar C:\ProgramData\Jenkins\.jenkins\plugins\maven-plugin\WEB-INF\lib\maven35-interceptor-1.14.jar C:\ProgramData\Jenkins\.jenkins\plugins\maven-plugin\WEB-INF\lib\maven3-interceptor-commons-1.14.jar 53988

Host: Intel(R) Core(TM) i3-6006U CPU @ 2.00GHz, 4 cores, 3G,  Windows 10 , 64 bit Build 19041 (10.0.19041.3636)
Time: Fri Dec  8 18:15:32 2023 India Standard Time elapsed time: 47.841202 seconds (0d 0h 0m 47s)

---------------  T H R E A D  ---------------

Current thread (0x0000016b7f867600):  JavaThread "C2 CompilerThread0" daemon [_thread_in_native, id=15900, stack(0x0000002d28a00000,0x0000002d28b00000)]


Current CompileTask:
C2:  47841 5487       4       org.eclipse.aether.util.graph.transformer.ConflictResolver$State::push (457 bytes)

Stack: [0x0000002d28a00000,0x0000002d28b00000]
Native frames: (J=compiled Java code, j=interpreted, Vv=VM code, C=native code)
V  [jvm.dll+0x677d0a]
V  [jvm.dll+0x7d8c54]
V  [jvm.dll+0x7da3fe]
V  [jvm.dll+0x7daa63]
V  [jvm.dll+0x245c5f]
V  [jvm.dll+0xaaa6b]
V  [jvm.dll+0xab00c]
V  [jvm.dll+0x361e8e]
V  [jvm.dll+0x1bb87a]
V  [jvm.dll+0x218157]
V  [jvm.dll+0x217431]
V  [jvm.dll+0x1a3af0]
V  [jvm.dll+0x2270be]
V  [jvm.dll+0x22535b]
V  [jvm.dll+0x78e7bc]
V  [jvm.dll+0x788bba]
V  [jvm.dll+0x676b35]
C  [ucrtbase.dll+0x21bb2]
C  [KERNEL32.DLL+0x17344]
C  [ntdll.dll+0x526b1]


---------------  P R O C E S S  ---------------

Threads class SMR info:
_java_thread_list=0x0000016b6237f700, length=20, elements={
0x0000016b7f7861c0, 0x0000016b7f848a90, 0x0000016b7f849510, 0x0000016b7f85fc70,
0x0000016b7f860340, 0x0000016b7f862910, 0x0000016b7f863ee0, 0x0000016b7f867600,
0x0000016b1b19ecb0, 0x0000016b1b19f2b0, 0x0000016b1b3c2b40, 0x0000016b1b3c32a0,
0x0000016b1b6b14c0, 0x0000016b1b6b2080, 0x0000016b1b6e0a60, 0x0000016b1b6e0f30,
0x0000016b1b6e1400, 0x0000016b1ba8c7e0, 0x0000016b1ba8ced0, 0x0000016b1b1ee020
}

Java Threads: ( => current thread )
  0x0000016b7f7861c0 JavaThread "main" [_thread_blocked, id=17496, stack(0x0000002d27d00000,0x0000002d27e00000)]
  0x0000016b7f848a90 JavaThread "Reference Handler" daemon [_thread_blocked, id=12804, stack(0x0000002d28400000,0x0000002d28500000)]
  0x0000016b7f849510 JavaThread "Finalizer" daemon [_thread_blocked, id=10804, stack(0x0000002d28500000,0x0000002d28600000)]
  0x0000016b7f85fc70 JavaThread "Signal Dispatcher" daemon [_thread_blocked, id=2552, stack(0x0000002d28600000,0x0000002d28700000)]
  0x0000016b7f860340 JavaThread "Attach Listener" daemon [_thread_blocked, id=21340, stack(0x0000002d28700000,0x0000002d28800000)]
  0x0000016b7f862910 JavaThread "Service Thread" daemon [_thread_blocked, id=16504, stack(0x0000002d28800000,0x0000002d28900000)]
  0x0000016b7f863ee0 JavaThread "Monitor Deflation Thread" daemon [_thread_blocked, id=17008, stack(0x0000002d28900000,0x0000002d28a00000)]
=>0x0000016b7f867600 JavaThread "C2 CompilerThread0" daemon [_thread_in_native, id=15900, stack(0x0000002d28a00000,0x0000002d28b00000)]
  0x0000016b1b19ecb0 JavaThread "C1 CompilerThread0" daemon [_thread_blocked, id=14808, stack(0x0000002d28b00000,0x0000002d28c00000)]
  0x0000016b1b19f2b0 JavaThread "Sweeper thread" daemon [_thread_blocked, id=19508, stack(0x0000002d28c00000,0x0000002d28d00000)]
  0x0000016b1b3c2b40 JavaThread "Notification Thread" daemon [_thread_blocked, id=17444, stack(0x0000002d28d00000,0x0000002d28e00000)]
  0x0000016b1b3c32a0 JavaThread "Common-Cleaner" daemon [_thread_blocked, id=14028, stack(0x0000002d28f00000,0x0000002d29000000)]
  0x0000016b1b6b14c0 JavaThread "RemoteInvocationHandler [#1]" daemon [_thread_blocked, id=16640, stack(0x0000002d29000000,0x0000002d29100000)]
  0x0000016b1b6b2080 JavaThread "Channel reader thread: channel" [_thread_in_native, id=14088, stack(0x0000002d29100000,0x0000002d29200000)]
  0x0000016b1b6e0a60 JavaThread "pool-1-thread-1" [_thread_blocked, id=18844, stack(0x0000002d29200000,0x0000002d29300000)]
  0x0000016b1b6e0f30 JavaThread "pool-1-thread-2" [_thread_blocked, id=10856, stack(0x0000002d29300000,0x0000002d29400000)]
  0x0000016b1b6e1400 JavaThread "pool-1-thread-3 for channel id=846" [_thread_in_vm, id=21968, stack(0x0000002d29400000,0x0000002d29500000)]
  0x0000016b1ba8c7e0 JavaThread "pool-1-thread-4" [_thread_blocked, id=22780, stack(0x0000002d29700000,0x0000002d29800000)]
  0x0000016b1ba8ced0 JavaThread "pool-1-thread-5" [_thread_blocked, id=22784, stack(0x0000002d29800000,0x0000002d29900000)]
  0x0000016b1b1ee020 JavaThread "pool-1-thread-6" [_thread_blocked, id=22788, stack(0x0000002d29900000,0x0000002d29a00000)]

Other Threads:
  0x0000016b7f843a60 VMThread "VM Thread" [stack: 0x0000002d28300000,0x0000002d28400000] [id=1460]
  0x0000016b1b3c3010 WatcherThread [stack: 0x0000002d28e00000,0x0000002d28f00000] [id=13444]
  0x0000016b7f7c3ef0 GCTaskThread "GC Thread#0" [stack: 0x0000002d27e00000,0x0000002d27f00000] [id=20080]
  0x0000016b1b5c0670 GCTaskThread "GC Thread#1" [stack: 0x0000002d29a00000,0x0000002d29b00000] [id=22904]
  0x0000016b1b5c93f0 GCTaskThread "GC Thread#2" [stack: 0x0000002d29b00000,0x0000002d29c00000] [id=22908]
  0x0000016b1b5c96a0 GCTaskThread "GC Thread#3" [stack: 0x0000002d29c00000,0x0000002d29d00000] [id=22912]
  0x0000016b7f7cca70 ConcurrentGCThread "G1 Main Marker" [stack: 0x0000002d27f00000,0x0000002d28000000] [id=19824]
  0x0000016b7f7ce490 ConcurrentGCThread "G1 Conc#0" [stack: 0x0000002d28000000,0x0000002d28100000] [id=11652]
  0x0000016b7f821610 ConcurrentGCThread "G1 Refine#0" [stack: 0x0000002d28100000,0x0000002d28200000] [id=8036]
  0x0000016b7f822030 ConcurrentGCThread "G1 Service" [stack: 0x0000002d28200000,0x0000002d28300000] [id=15248]

Threads with active compile tasks:
C2 CompilerThread0    47959 5487       4       org.eclipse.aether.util.graph.transformer.ConflictResolver$State::push (457 bytes)

VM state: not at safepoint (normal execution)

VM Mutex/Monitor currently owned by a thread: None

Heap address: 0x00000000c1e00000, size: 994 MB, Compressed Oops mode: 32-bit

CDS archive(s) mapped at: [0x0000016b1c000000-0x0000016b1cbd0000-0x0000016b1cbd0000), size 12386304, SharedBaseAddress: 0x0000016b1c000000, ArchiveRelocationMode: 1.
Compressed class space mapped at: 0x0000016b1d000000-0x0000016b5d000000, reserved size: 1073741824
Narrow klass base: 0x0000016b1c000000, Narrow klass shift: 0, Narrow klass range: 0x100000000

GC Precious Log:
 CPUs: 4 total, 4 available
 Memory: 3970M
 Large Page Support: Disabled
 NUMA Support: Disabled
 Compressed Oops: Enabled (32-bit)
 Heap Region Size: 1M
 Heap Min Capacity: 8M
 Heap Initial Capacity: 64M
 Heap Max Capacity: 994M
 Pre-touch: Disabled
 Parallel Workers: 4
 Concurrent Workers: 1
 Concurrent Refinement Workers: 4
 Periodic GC: Disabled

Heap:
 garbage-first heap   total 65536K, used 36739K [0x00000000c1e00000, 0x0000000100000000)
  region size 1024K, 20 young (20480K), 5 survivors (5120K)
 Metaspace       used 23569K, committed 24000K, reserved 1114112K
  class space    used 2593K, committed 2816K, reserved 1048576K

Heap Regions: E=young(eden), S=young(survivor), O=old, HS=humongous(starts), HC=humongous(continues), CS=collection set, F=free, OA=open archive, CA=closed archive, TAMS=top-at-mark-start (previous, next)
|   0|0x00000000c1e00000, 0x00000000c1f00000, 0x00000000c1f00000|100%|HS|  |TAMS 0x00000000c1f00000, 0x00000000c1e00000| Complete 
|   1|0x00000000c1f00000, 0x00000000c2000000, 0x00000000c2000000|100%|HC|  |TAMS 0x00000000c2000000, 0x00000000c1f00000| Complete 
|   2|0x00000000c2000000, 0x00000000c2100000, 0x00000000c2100000|100%|HS|  |TAMS 0x00000000c2100000, 0x00000000c2000000| Complete 
|   3|0x00000000c2100000, 0x00000000c2200000, 0x00000000c2200000|100%|HC|  |TAMS 0x00000000c2200000, 0x00000000c2100000| Complete 
|   4|0x00000000c2200000, 0x00000000c2300000, 0x00000000c2300000|100%| O|  |TAMS 0x00000000c2300000, 0x00000000c2200000| Untracked 
|   5|0x00000000c2300000, 0x00000000c2400000, 0x00000000c2400000|100%| O|  |TAMS 0x00000000c2400000, 0x00000000c2300000| Untracked 
|   6|0x00000000c2400000, 0x00000000c2500000, 0x00000000c2500000|100%| O|  |TAMS 0x00000000c2500000, 0x00000000c2400000| Untracked 
|   7|0x00000000c2500000, 0x00000000c2600000, 0x00000000c2600000|100%| O|  |TAMS 0x00000000c2600000, 0x00000000c2500000| Untracked 
|   8|0x00000000c2600000, 0x00000000c2700000, 0x00000000c2700000|100%| O|  |TAMS 0x00000000c2700000, 0x00000000c2600000| Untracked 
|   9|0x00000000c2700000, 0x00000000c2800000, 0x00000000c2800000|100%| O|  |TAMS 0x00000000c2800000, 0x00000000c2700000| Untracked 
|  10|0x00000000c2800000, 0x00000000c2900000, 0x00000000c2900000|100%| O|  |TAMS 0x00000000c2900000, 0x00000000c2800000| Untracked 
|  11|0x00000000c2900000, 0x00000000c2a00000, 0x00000000c2a00000|100%| O|  |TAMS 0x00000000c2a00000, 0x00000000c2900000| Untracked 
|  12|0x00000000c2a00000, 0x00000000c2b00000, 0x00000000c2b00000|100%| O|  |TAMS 0x00000000c2b00000, 0x00000000c2a00000| Untracked 
|  13|0x00000000c2b00000, 0x00000000c2c00000, 0x00000000c2c00000|100%| O|  |TAMS 0x00000000c2c00000, 0x00000000c2b00000| Untracked 
|  14|0x00000000c2c00000, 0x00000000c2d00000, 0x00000000c2d00000|100%| O|  |TAMS 0x00000000c2d00000, 0x00000000c2c00000| Untracked 
|  15|0x00000000c2d00000, 0x00000000c2e00000, 0x00000000c2e00000|100%| O|  |TAMS 0x00000000c2db6e00, 0x00000000c2d00000| Untracked 
|  16|0x00000000c2e00000, 0x00000000c2f00000, 0x00000000c2f00000|100%| O|  |TAMS 0x00000000c2e00000, 0x00000000c2e00000| Untracked 
|  17|0x00000000c2f00000, 0x00000000c2fc0000, 0x00000000c3000000| 75%| O|  |TAMS 0x00000000c2f00000, 0x00000000c2f00000| Untracked 
|  18|0x00000000c3000000, 0x00000000c3000000, 0x00000000c3100000|  0%| F|  |TAMS 0x00000000c3000000, 0x00000000c3000000| Untracked 
|  19|0x00000000c3100000, 0x00000000c3100000, 0x00000000c3200000|  0%| F|  |TAMS 0x00000000c3100000, 0x00000000c3100000| Untracked 
|  20|0x00000000c3200000, 0x00000000c3200000, 0x00000000c3300000|  0%| F|  |TAMS 0x00000000c3200000, 0x00000000c3200000| Untracked 
|  21|0x00000000c3300000, 0x00000000c3300000, 0x00000000c3400000|  0%| F|  |TAMS 0x00000000c3300000, 0x00000000c3300000| Untracked 
|  22|0x00000000c3400000, 0x00000000c3400000, 0x00000000c3500000|  0%| F|  |TAMS 0x00000000c3400000, 0x00000000c3400000| Untracked 
|  23|0x00000000c3500000, 0x00000000c3500000, 0x00000000c3600000|  0%| F|  |TAMS 0x00000000c3500000, 0x00000000c3500000| Untracked 
|  24|0x00000000c3600000, 0x00000000c3600000, 0x00000000c3700000|  0%| F|  |TAMS 0x00000000c3600000, 0x00000000c3600000| Untracked 
|  25|0x00000000c3700000, 0x00000000c3700000, 0x00000000c3800000|  0%| F|  |TAMS 0x00000000c3700000, 0x00000000c3700000| Untracked 
|  26|0x00000000c3800000, 0x00000000c3820c08, 0x00000000c3900000| 12%| S|CS|TAMS 0x00000000c3800000, 0x00000000c3800000| Complete 
|  27|0x00000000c3900000, 0x00000000c3a00000, 0x00000000c3a00000|100%| S|CS|TAMS 0x00000000c3900000, 0x00000000c3900000| Complete 
|  28|0x00000000c3a00000, 0x00000000c3b00000, 0x00000000c3b00000|100%| S|CS|TAMS 0x00000000c3a00000, 0x00000000c3a00000| Complete 
|  29|0x00000000c3b00000, 0x00000000c3c00000, 0x00000000c3c00000|100%| S|CS|TAMS 0x00000000c3b00000, 0x00000000c3b00000| Complete 
|  30|0x00000000c3c00000, 0x00000000c3d00000, 0x00000000c3d00000|100%| S|CS|TAMS 0x00000000c3c00000, 0x00000000c3c00000| Complete 
|  31|0x00000000c3d00000, 0x00000000c3d00000, 0x00000000c3e00000|  0%| F|  |TAMS 0x00000000c3d00000, 0x00000000c3d00000| Untracked 
|  32|0x00000000c3e00000, 0x00000000c3e00000, 0x00000000c3f00000|  0%| F|  |TAMS 0x00000000c3e00000, 0x00000000c3e00000| Untracked 
|  33|0x00000000c3f00000, 0x00000000c3f00000, 0x00000000c4000000|  0%| F|  |TAMS 0x00000000c3f00000, 0x00000000c3f00000| Untracked 
|  34|0x00000000c4000000, 0x00000000c4000000, 0x00000000c4100000|  0%| F|  |TAMS 0x00000000c4000000, 0x00000000c4000000| Untracked 
|  35|0x00000000c4100000, 0x00000000c4100000, 0x00000000c4200000|  0%| F|  |TAMS 0x00000000c4100000, 0x00000000c4100000| Untracked 
|  36|0x00000000c4200000, 0x00000000c4200000, 0x00000000c4300000|  0%| F|  |TAMS 0x00000000c4200000, 0x00000000c4200000| Untracked 
|  37|0x00000000c4300000, 0x00000000c4300000, 0x00000000c4400000|  0%| F|  |TAMS 0x00000000c4300000, 0x00000000c4300000| Untracked 
|  38|0x00000000c4400000, 0x00000000c4400000, 0x00000000c4500000|  0%| F|  |TAMS 0x00000000c4400000, 0x00000000c4400000| Untracked 
|  39|0x00000000c4500000, 0x00000000c4500000, 0x00000000c4600000|  0%| F|  |TAMS 0x00000000c4500000, 0x00000000c4500000| Untracked 
|  40|0x00000000c4600000, 0x00000000c4600000, 0x00000000c4700000|  0%| F|  |TAMS 0x00000000c4600000, 0x00000000c4600000| Untracked 
|  41|0x00000000c4700000, 0x00000000c4700000, 0x00000000c4800000|  0%| F|  |TAMS 0x00000000c4700000, 0x00000000c4700000| Untracked 
|  42|0x00000000c4800000, 0x00000000c4800000, 0x00000000c4900000|  0%| F|  |TAMS 0x00000000c4800000, 0x00000000c4800000| Untracked 
|  43|0x00000000c4900000, 0x00000000c4900000, 0x00000000c4a00000|  0%| F|  |TAMS 0x00000000c4900000, 0x00000000c4900000| Untracked 
|  44|0x00000000c4a00000, 0x00000000c4a00000, 0x00000000c4b00000|  0%| F|  |TAMS 0x00000000c4a00000, 0x00000000c4a00000| Untracked 
|  45|0x00000000c4b00000, 0x00000000c4b00000, 0x00000000c4c00000|  0%| F|  |TAMS 0x00000000c4b00000, 0x00000000c4b00000| Untracked 
|  46|0x00000000c4c00000, 0x00000000c4c00000, 0x00000000c4d00000|  0%| F|  |TAMS 0x00000000c4c00000, 0x00000000c4c00000| Untracked 
|  47|0x00000000c4d00000, 0x00000000c4d00000, 0x00000000c4e00000|  0%| F|  |TAMS 0x00000000c4d00000, 0x00000000c4d00000| Untracked 
|  48|0x00000000c4e00000, 0x00000000c4e00000, 0x00000000c4f00000|  0%| F|  |TAMS 0x00000000c4e00000, 0x00000000c4e00000| Untracked 
|  49|0x00000000c4f00000, 0x00000000c4f80800, 0x00000000c5000000| 50%| E|  |TAMS 0x00000000c4f00000, 0x00000000c4f00000| Complete 
|  50|0x00000000c5000000, 0x00000000c5100000, 0x00000000c5100000|100%| E|CS|TAMS 0x00000000c5000000, 0x00000000c5000000| Complete 
|  51|0x00000000c5100000, 0x00000000c5200000, 0x00000000c5200000|100%| E|CS|TAMS 0x00000000c5100000, 0x00000000c5100000| Complete 
|  52|0x00000000c5200000, 0x00000000c5300000, 0x00000000c5300000|100%| E|CS|TAMS 0x00000000c5200000, 0x00000000c5200000| Complete 
|  53|0x00000000c5300000, 0x00000000c5400000, 0x00000000c5400000|100%| E|CS|TAMS 0x00000000c5300000, 0x00000000c5300000| Complete 
|  54|0x00000000c5400000, 0x00000000c5500000, 0x00000000c5500000|100%| E|CS|TAMS 0x00000000c5400000, 0x00000000c5400000| Complete 
|  55|0x00000000c5500000, 0x00000000c5600000, 0x00000000c5600000|100%| E|CS|TAMS 0x00000000c5500000, 0x00000000c5500000| Complete 
|  56|0x00000000c5600000, 0x00000000c5700000, 0x00000000c5700000|100%| E|CS|TAMS 0x00000000c5600000, 0x00000000c5600000| Complete 
|  57|0x00000000c5700000, 0x00000000c5800000, 0x00000000c5800000|100%| E|CS|TAMS 0x00000000c5700000, 0x00000000c5700000| Complete 
|  58|0x00000000c5800000, 0x00000000c5900000, 0x00000000c5900000|100%| E|CS|TAMS 0x00000000c5800000, 0x00000000c5800000| Complete 
|  59|0x00000000c5900000, 0x00000000c5a00000, 0x00000000c5a00000|100%| E|CS|TAMS 0x00000000c5900000, 0x00000000c5900000| Complete 
|  60|0x00000000c5a00000, 0x00000000c5b00000, 0x00000000c5b00000|100%| E|CS|TAMS 0x00000000c5a00000, 0x00000000c5a00000| Complete 
|  61|0x00000000c5b00000, 0x00000000c5c00000, 0x00000000c5c00000|100%| E|CS|TAMS 0x00000000c5b00000, 0x00000000c5b00000| Complete 
|  62|0x00000000c5c00000, 0x00000000c5d00000, 0x00000000c5d00000|100%| E|CS|TAMS 0x00000000c5c00000, 0x00000000c5c00000| Complete 
|  63|0x00000000c5d00000, 0x00000000c5e00000, 0x00000000c5e00000|100%| E|CS|TAMS 0x00000000c5d00000, 0x00000000c5d00000| Complete 

Card table byte_map: [0x0000016b169d0000,0x0000016b16bd0000] _byte_map_base: 0x0000016b163c1000

Marking Bits (Prev, Next): (CMBitMap*) 0x0000016b7f7c4540, (CMBitMap*) 0x0000016b7f7c4500
 Prev Bits: [0x0000016b17d60000, 0x0000016b18ce8000)
 Next Bits: [0x0000016b16dd0000, 0x0000016b17d58000)

Polling page: 0x0000016b7f150000

Metaspace:

Usage:
  Non-class:     20.48 MB used.
      Class:      2.53 MB used.
       Both:     23.02 MB used.

Virtual space:
  Non-class space:       64.00 MB reserved,      20.69 MB ( 32%) committed,  1 nodes.
      Class space:        1.00 GB reserved,       2.75 MB ( <1%) committed,  1 nodes.
             Both:        1.06 GB reserved,      23.44 MB (  2%) committed. 

Chunk freelists:
   Non-Class:  11.33 MB
       Class:  13.23 MB
        Both:  24.56 MB

MaxMetaspaceSize: unlimited
CompressedClassSpaceSize: 1.00 GB
Initial GC threshold: 21.00 MB
Current GC threshold: 35.12 MB
CDS: on
MetaspaceReclaimPolicy: balanced
 - commit_granule_bytes: 65536.
 - commit_granule_words: 8192.
 - virtual_space_node_default_size: 8388608.
 - enlarge_chunks_in_place: 1.
 - new_chunks_are_fully_committed: 0.
 - uncommit_free_chunks: 1.
 - use_allocation_guard: 0.
 - handle_deallocations: 1.


Internal statistics:

num_allocs_failed_limit: 3.
num_arena_births: 382.
num_arena_deaths: 0.
num_vsnodes_births: 2.
num_vsnodes_deaths: 0.
num_space_committed: 375.
num_space_uncommitted: 0.
num_chunks_returned_to_freelist: 3.
num_chunks_taken_from_freelist: 1344.
num_chunk_merges: 3.
num_chunk_splits: 841.
num_chunks_enlarged: 522.
num_purges: 0.
num_inconsistent_stats: 0.

CodeHeap 'non-profiled nmethods': size=120000Kb used=2934Kb max_used=2934Kb free=117066Kb
 bounds [0x0000016b0f2a0000, 0x0000016b0f580000, 0x0000016b167d0000]
CodeHeap 'profiled nmethods': size=120000Kb used=12416Kb max_used=12416Kb free=107583Kb
 bounds [0x0000016b077d0000, 0x0000016b08400000, 0x0000016b0ed00000]
CodeHeap 'non-nmethods': size=5760Kb used=1212Kb max_used=1288Kb free=4547Kb
 bounds [0x0000016b0ed00000, 0x0000016b0ef70000, 0x0000016b0f2a0000]
 total_blobs=6088 nmethods=5572 adapters=428
 compilation: enabled
              stopped_count=0, restarted_count=0
 full_count=0

Compilation events (20 events):
Event: 47.485 Thread 0x0000016b1b19ecb0 5574       2       org.eclipse.sisu.inject.MildKeys::tempKey (10 bytes)
Event: 47.485 Thread 0x0000016b1b19ecb0 nmethod 5574 0x0000016b083e5910 code [0x0000016b083e5ac0, 0x0000016b083e5d08]
Event: 47.485 Thread 0x0000016b1b19ecb0 5575       2       jdk.internal.reflect.MethodAccessorImpl::<init> (5 bytes)
Event: 47.486 Thread 0x0000016b1b19ecb0 nmethod 5575 0x0000016b083e5e10 code [0x0000016b083e5fa0, 0x0000016b083e6098]
Event: 47.486 Thread 0x0000016b1b19ecb0 5576   !   2       org.apache.maven.plugin.PluginParameterExpressionEvaluator::evaluate (1306 bytes)
Event: 47.502 Thread 0x0000016b1b19ecb0 nmethod 5576 0x0000016b083e6110 code [0x0000016b083e6c40, 0x0000016b083ea3f8]
Event: 47.502 Thread 0x0000016b1b19ecb0 5577       2       org.apache.maven.plugin.PluginParameterExpressionEvaluator::stripTokens (38 bytes)
Event: 47.503 Thread 0x0000016b1b19ecb0 nmethod 5577 0x0000016b083ed090 code [0x0000016b083ed260, 0x0000016b083ed498]
Event: 47.504 Thread 0x0000016b1b19ecb0 5578       1       java.lang.reflect.Method::getMethodAccessor (5 bytes)
Event: 47.511 Thread 0x0000016b1b19ecb0 nmethod 5578 0x0000016b0f570b90 code [0x0000016b0f570d20, 0x0000016b0f570df8]
Event: 47.511 Thread 0x0000016b1b19ecb0 5580       2       java.lang.reflect.Method::setMethodAccessor (21 bytes)
Event: 47.513 Thread 0x0000016b1b19ecb0 nmethod 5580 0x0000016b083ed610 code [0x0000016b083ed7c0, 0x0000016b083ed9c8]
Event: 47.513 Thread 0x0000016b1b19ecb0 5579       1       jdk.internal.reflect.NativeMethodAccessorImpl::setParent (6 bytes)
Event: 47.513 Thread 0x0000016b1b19ecb0 nmethod 5579 0x0000016b0f570e90 code [0x0000016b0f571020, 0x0000016b0f571138]
Event: 47.642 Thread 0x0000016b7f867600 nmethod 5443 0x0000016b0f571190 code [0x0000016b0f571520, 0x0000016b0f578a80]
Event: 47.643 Thread 0x0000016b7f867600 5567       4       java.lang.Character::isJavaIdentifierPart (5 bytes)
Event: 47.645 Thread 0x0000016b7f867600 nmethod 5567 0x0000016b0f57c810 code [0x0000016b0f57c9a0, 0x0000016b0f57ca98]
Event: 47.645 Thread 0x0000016b7f867600 5536       4       java.util.TreeMap$KeyIterator::next (8 bytes)
Event: 47.652 Thread 0x0000016b7f867600 nmethod 5536 0x0000016b0f57cb90 code [0x0000016b0f57cd20, 0x0000016b0f57d058]
Event: 47.652 Thread 0x0000016b7f867600 5487       4       org.eclipse.aether.util.graph.transformer.ConflictResolver$State::push (457 bytes)

GC Heap History (20 events):
Event: 16.946 GC heap before
{Heap before GC invocations=0 (full 0):
 garbage-first heap   total 65536K, used 17408K [0x00000000c1e00000, 0x0000000100000000)
  region size 1024K, 13 young (13312K), 0 survivors (0K)
 Metaspace       used 4101K, committed 4352K, reserved 1114112K
  class space    used 430K, committed 576K, reserved 1048576K
}
Event: 16.976 GC heap after
{Heap after GC invocations=1 (full 0):
 garbage-first heap   total 65536K, used 7420K [0x00000000c1e00000, 0x0000000100000000)
  region size 1024K, 2 young (2048K), 2 survivors (2048K)
 Metaspace       used 4101K, committed 4352K, reserved 1114112K
  class space    used 430K, committed 576K, reserved 1048576K
}
Event: 21.790 GC heap before
{Heap before GC invocations=1 (full 0):
 garbage-first heap   total 65536K, used 19708K [0x00000000c1e00000, 0x0000000100000000)
  region size 1024K, 15 young (15360K), 2 survivors (2048K)
 Metaspace       used 5607K, committed 5888K, reserved 1114112K
  class space    used 562K, committed 704K, reserved 1048576K
}
Event: 21.796 GC heap after
{Heap after GC invocations=2 (full 0):
 garbage-first heap   total 65536K, used 8535K [0x00000000c1e00000, 0x0000000100000000)
  region size 1024K, 1 young (1024K), 1 survivors (1024K)
 Metaspace       used 5607K, committed 5888K, reserved 1114112K
  class space    used 562K, committed 704K, reserved 1048576K
}
Event: 23.823 GC heap before
{Heap before GC invocations=2 (full 0):
 garbage-first heap   total 65536K, used 31063K [0x00000000c1e00000, 0x0000000100000000)
  region size 1024K, 24 young (24576K), 1 survivors (1024K)
 Metaspace       used 9603K, committed 9920K, reserved 1114112K
  class space    used 1076K, committed 1216K, reserved 1048576K
}
Event: 23.830 GC heap after
{Heap after GC invocations=3 (full 0):
 garbage-first heap   total 65536K, used 10139K [0x00000000c1e00000, 0x0000000100000000)
  region size 1024K, 3 young (3072K), 3 survivors (3072K)
 Metaspace       used 9603K, committed 9920K, reserved 1114112K
  class space    used 1076K, committed 1216K, reserved 1048576K
}
Event: 27.027 GC heap before
{Heap before GC invocations=3 (full 0):
 garbage-first heap   total 65536K, used 40859K [0x00000000c1e00000, 0x0000000100000000)
  region size 1024K, 34 young (34816K), 3 survivors (3072K)
 Metaspace       used 14672K, committed 15040K, reserved 1114112K
  class space    used 1717K, committed 1920K, reserved 1048576K
}
Event: 27.034 GC heap after
{Heap after GC invocations=4 (full 0):
 garbage-first heap   total 65536K, used 11961K [0x00000000c1e00000, 0x0000000100000000)
  region size 1024K, 5 young (5120K), 5 survivors (5120K)
 Metaspace       used 14672K, committed 15040K, reserved 1114112K
  class space    used 1717K, committed 1920K, reserved 1048576K
}
Event: 30.729 GC heap before
{Heap before GC invocations=4 (full 0):
 garbage-first heap   total 65536K, used 45753K [0x00000000c1e00000, 0x0000000100000000)
  region size 1024K, 38 young (38912K), 5 survivors (5120K)
 Metaspace       used 19200K, committed 19520K, reserved 1114112K
  class space    used 2239K, committed 2368K, reserved 1048576K
}
Event: 30.753 GC heap after
{Heap after GC invocations=5 (full 0):
 garbage-first heap   total 65536K, used 14849K [0x00000000c1e00000, 0x0000000100000000)
  region size 1024K, 5 young (5120K), 5 survivors (5120K)
 Metaspace       used 19200K, committed 19520K, reserved 1114112K
  class space    used 2239K, committed 2368K, reserved 1048576K
}
Event: 32.182 GC heap before
{Heap before GC invocations=5 (full 0):
 garbage-first heap   total 65536K, used 46593K [0x00000000c1e00000, 0x0000000100000000)
  region size 1024K, 36 young (36864K), 5 survivors (5120K)
 Metaspace       used 19513K, committed 19776K, reserved 1114112K
  class space    used 2245K, committed 2368K, reserved 1048576K
}
Event: 32.194 GC heap after
{Heap after GC invocations=6 (full 0):
 garbage-first heap   total 65536K, used 16640K [0x00000000c1e00000, 0x0000000100000000)
  region size 1024K, 2 young (2048K), 2 survivors (2048K)
 Metaspace       used 19513K, committed 19776K, reserved 1114112K
  class space    used 2245K, committed 2368K, reserved 1048576K
}
Event: 33.526 GC heap before
{Heap before GC invocations=6 (full 0):
 garbage-first heap   total 65536K, used 48384K [0x00000000c1e00000, 0x0000000100000000)
  region size 1024K, 33 young (33792K), 2 survivors (2048K)
 Metaspace       used 19805K, committed 20160K, reserved 1114112K
  class space    used 2248K, committed 2432K, reserved 1048576K
}
Event: 33.531 GC heap after
{Heap after GC invocations=7 (full 0):
 garbage-first heap   total 65536K, used 18217K [0x00000000c1e00000, 0x0000000100000000)
  region size 1024K, 4 young (4096K), 4 survivors (4096K)
 Metaspace       used 19805K, committed 20160K, reserved 1114112K
  class space    used 2248K, committed 2432K, reserved 1048576K
}
Event: 34.576 GC heap before
{Heap before GC invocations=7 (full 0):
 garbage-first heap   total 65536K, used 48937K [0x00000000c1e00000, 0x0000000100000000)
  region size 1024K, 34 young (34816K), 4 survivors (4096K)
 Metaspace       used 20267K, committed 20608K, reserved 1114112K
  class space    used 2270K, committed 2496K, reserved 1048576K
}
Event: 34.584 GC heap after
{Heap after GC invocations=8 (full 0):
 garbage-first heap   total 65536K, used 19951K [0x00000000c1e00000, 0x0000000100000000)
  region size 1024K, 4 young (4096K), 4 survivors (4096K)
 Metaspace       used 20267K, committed 20608K, reserved 1114112K
  class space    used 2270K, committed 2496K, reserved 1048576K
}
Event: 35.411 GC heap before
{Heap before GC invocations=8 (full 0):
 garbage-first heap   total 65536K, used 33263K [0x00000000c1e00000, 0x0000000100000000)
  region size 1024K, 18 young (18432K), 4 survivors (4096K)
 Metaspace       used 21167K, committed 21504K, reserved 1114112K
  class space    used 2378K, committed 2560K, reserved 1048576K
}
Event: 35.424 GC heap after
{Heap after GC invocations=9 (full 0):
 garbage-first heap   total 65536K, used 20753K [0x00000000c1e00000, 0x0000000100000000)
  region size 1024K, 3 young (3072K), 3 survivors (3072K)
 Metaspace       used 21167K, committed 21504K, reserved 1114112K
  class space    used 2378K, committed 2560K, reserved 1048576K
}
Event: 45.903 GC heap before
{Heap before GC invocations=10 (full 0):
 garbage-first heap   total 65536K, used 50449K [0x00000000c1e00000, 0x0000000100000000)
  region size 1024K, 33 young (33792K), 3 survivors (3072K)
 Metaspace       used 22476K, committed 22848K, reserved 1114112K
  class space    used 2492K, committed 2688K, reserved 1048576K
}
Event: 45.914 GC heap after
{Heap after GC invocations=11 (full 0):
 garbage-first heap   total 65536K, used 22403K [0x00000000c1e00000, 0x0000000100000000)
  region size 1024K, 5 young (5120K), 5 survivors (5120K)
 Metaspace       used 22476K, committed 22848K, reserved 1114112K
  class space    used 2492K, committed 2688K, reserved 1048576K
}

Deoptimization events (20 events):
Event: 47.474 Thread 0x0000016b1b6e1400 Uncommon trap: trap_request=0xffffffde fr.pc=0x0000016b0f3dd138 relative=0x00000000000004d8
Event: 47.474 Thread 0x0000016b1b6e1400 Uncommon trap: reason=class_check action=maybe_recompile pc=0x0000016b0f3dd138 method=com.google.inject.internal.MoreTypes.getRawType(Ljava/lang/reflect/Type;)Ljava/lang/Class; @ 13 c2
Event: 47.474 Thread 0x0000016b1b6e1400 DEOPT PACKING pc=0x0000016b0f3dd138 sp=0x0000002d294fc920
Event: 47.474 Thread 0x0000016b1b6e1400 DEOPT UNPACKING pc=0x0000016b0ed523a3 sp=0x0000002d294fc868 mode 2
Event: 47.475 Thread 0x0000016b1b6e1400 Uncommon trap: trap_request=0xffffffde fr.pc=0x0000016b0f3dd138 relative=0x00000000000004d8
Event: 47.475 Thread 0x0000016b1b6e1400 Uncommon trap: reason=class_check action=maybe_recompile pc=0x0000016b0f3dd138 method=com.google.inject.internal.MoreTypes.getRawType(Ljava/lang/reflect/Type;)Ljava/lang/Class; @ 13 c2
Event: 47.475 Thread 0x0000016b1b6e1400 DEOPT PACKING pc=0x0000016b0f3dd138 sp=0x0000002d294fc920
Event: 47.475 Thread 0x0000016b1b6e1400 DEOPT UNPACKING pc=0x0000016b0ed523a3 sp=0x0000002d294fc868 mode 2
Event: 47.476 Thread 0x0000016b1b6e1400 Uncommon trap: trap_request=0xffffffde fr.pc=0x0000016b0f3dd138 relative=0x00000000000004d8
Event: 47.476 Thread 0x0000016b1b6e1400 Uncommon trap: reason=class_check action=maybe_recompile pc=0x0000016b0f3dd138 method=com.google.inject.internal.MoreTypes.getRawType(Ljava/lang/reflect/Type;)Ljava/lang/Class; @ 13 c2
Event: 47.476 Thread 0x0000016b1b6e1400 DEOPT PACKING pc=0x0000016b0f3dd138 sp=0x0000002d294fc920
Event: 47.476 Thread 0x0000016b1b6e1400 DEOPT UNPACKING pc=0x0000016b0ed523a3 sp=0x0000002d294fc868 mode 2
Event: 47.479 Thread 0x0000016b1b6e1400 Uncommon trap: trap_request=0xffffffde fr.pc=0x0000016b0f3dd138 relative=0x00000000000004d8
Event: 47.479 Thread 0x0000016b1b6e1400 Uncommon trap: reason=class_check action=maybe_recompile pc=0x0000016b0f3dd138 method=com.google.inject.internal.MoreTypes.getRawType(Ljava/lang/reflect/Type;)Ljava/lang/Class; @ 13 c2
Event: 47.479 Thread 0x0000016b1b6e1400 DEOPT PACKING pc=0x0000016b0f3dd138 sp=0x0000002d294fc920
Event: 47.479 Thread 0x0000016b1b6e1400 DEOPT UNPACKING pc=0x0000016b0ed523a3 sp=0x0000002d294fc868 mode 2
Event: 47.486 Thread 0x0000016b1b6e1400 Uncommon trap: trap_request=0xffffffde fr.pc=0x0000016b0f3dc2a4 relative=0x0000000000000084
Event: 47.486 Thread 0x0000016b1b6e1400 Uncommon trap: reason=class_check action=maybe_recompile pc=0x0000016b0f3dc2a4 method=com.google.inject.internal.MoreTypes.getRawType(Ljava/lang/reflect/Type;)Ljava/lang/Class; @ 13 c2
Event: 47.486 Thread 0x0000016b1b6e1400 DEOPT PACKING pc=0x0000016b0f3dc2a4 sp=0x0000002d294fc8c0
Event: 47.486 Thread 0x0000016b1b6e1400 DEOPT UNPACKING pc=0x0000016b0ed523a3 sp=0x0000002d294fc850 mode 2

Classes unloaded (0 events):
No events

Classes redefined (0 events):
No events

Internal exceptions (20 events):
Event: 28.558 Thread 0x0000016b1b6e1400 Exception <a 'java/lang/NullPointerException'{0x00000000c54d31a8}> (0x00000000c54d31a8) 
thrown [s\open\src\hotspot\share\interpreter\linkResolver.cpp, line 1350]
Event: 28.558 Thread 0x0000016b1b6e1400 Exception <a 'java/lang/NullPointerException'{0x00000000c54d3480}> (0x00000000c54d3480) 
thrown [s\open\src\hotspot\share\interpreter\linkResolver.cpp, line 1350]
Event: 28.675 Thread 0x0000016b1b6e1400 Exception <a 'java/lang/NoSuchMethodError'{0x00000000c52032d0}: 'java.lang.Object java.lang.invoke.DirectMethodHandle$Holder.invokeSpecialIFC(java.lang.Object, java.lang.Object, java.lang.Object, java.lang.Object)'> (0x00000000c52032d0) 
thrown [s\open\src\hotspot\share\interpreter\linkResolver.cpp, line 759]
Event: 28.742 Thread 0x0000016b1b6e1400 Exception <a 'java/lang/NoSuchMethodError'{0x00000000c52ea6a8}: 'void java.lang.invoke.DirectMethodHandle$Holder.invokeVirtual(java.lang.Object, java.lang.Object)'> (0x00000000c52ea6a8) 
thrown [s\open\src\hotspot\share\interpreter\linkResolver.cpp, line 759]
Event: 29.550 Thread 0x0000016b1ba8ced0 Exception <a 'java/lang/NoSuchMethodError'{0x00000000c4911868}: static Lhudson/maven/SplittableBuildListener$SendMark;.<clinit>()V> (0x00000000c4911868) 
thrown [s\open\src\hotspot\share\prims\jni.cpp, line 1107]
Event: 34.521 Thread 0x0000016b1b6e1400 Implicit null exception at 0x0000016b0f3a3cec to 0x0000016b0f3a3ef4
Event: 34.521 Thread 0x0000016b1b6e1400 Implicit null exception at 0x0000016b0f42f7ec to 0x0000016b0f42f9f0
Event: 34.999 Thread 0x0000016b1b6e1400 Exception <a 'java/lang/NoSuchMethodError'{0x00000000c5960b30}: 'java.lang.Object java.lang.invoke.DirectMethodHandle$Holder.newInvokeSpecial(java.lang.Object, java.lang.Object, java.lang.Object, java.lang.Object, java.lang.Object, java.lang.Object, java.lang.Object)'> (0x00000000c5960b30) 
thrown [s\open\src\hotspot\share\interpreter\linkResolver.cpp, line 759]
Event: 34.999 Thread 0x0000016b1b6e1400 Exception <a 'java/lang/NoSuchMethodError'{0x00000000c5965440}: 'java.lang.Object java.lang.invoke.Invokers$Holder.linkToTargetMethod(java.lang.Object, java.lang.Object, java.lang.Object, java.lang.Object, java.lang.Object, java.lang.Object, java.lang.Object)'> (0x00000000c5965440) 
thrown [s\open\src\hotspot\share\interpreter\linkResolver.cpp, line 759]
Event: 35.293 Thread 0x0000016b1b6e1400 Exception <a 'java/lang/NoSuchMethodError'{0x00000000c527b130}: 'java.lang.Object java.lang.invoke.DirectMethodHandle$Holder.invokeVirtual(java.lang.Object, java.lang.Object, java.lang.Object)'> (0x00000000c527b130) 
thrown [s\open\src\hotspot\share\interpreter\linkResolver.cpp, line 759]
Event: 35.295 Thread 0x0000016b1b6e1400 Exception <a 'java/lang/NoSuchMethodError'{0x00000000c5282810}: 'void java.lang.invoke.DirectMethodHandle$Holder.invokeSpecial(java.lang.Object, java.lang.Object, java.lang.Object, java.lang.Object, java.lang.Object, java.lang.Object)'> (0x00000000c5282810) 
thrown [s\open\src\hotspot\share\interpreter\linkResolver.cpp, line 759]
Event: 35.297 Thread 0x0000016b1b6e1400 Exception <a 'java/lang/NoSuchMethodError'{0x00000000c528dd80}: 'int java.lang.invoke.DirectMethodHandle$Holder.invokeVirtual(java.lang.Object, java.lang.Object)'> (0x00000000c528dd80) 
thrown [s\open\src\hotspot\share\interpreter\linkResolver.cpp, line 759]
Event: 35.346 Thread 0x0000016b1b6e1400 Implicit null exception at 0x0000016b0f2d4c55 to 0x0000016b0f2d5268
Event: 46.780 Thread 0x0000016b1b6e1400 Exception <a 'java/lang/NoClassDefFoundError'{0x00000000c55e4478}: org/sonatype/aether/metadata/Metadata> (0x00000000c55e4478) 
thrown [s\open\src\hotspot\share\classfile\systemDictionary.cpp, line 245]
Event: 46.785 Thread 0x0000016b1b6e1400 Exception <a 'java/lang/NoClassDefFoundError'{0x00000000c55f4330}: org/sonatype/aether/collection/DependencyCollectionException> (0x00000000c55f4330) 
thrown [s\open\src\hotspot\share\classfile\systemDictionary.cpp, line 245]
Event: 46.959 Thread 0x0000016b1b6e1400 Exception <a 'java/lang/NoClassDefFoundError'{0x00000000c545ed70}: org/sonatype/aether/deployment/DeploymentException> (0x00000000c545ed70) 
thrown [s\open\src\hotspot\share\classfile\systemDictionary.cpp, line 245]
Event: 46.965 Thread 0x0000016b1b6e1400 Exception <a 'java/lang/NoClassDefFoundError'{0x00000000c546ba98}: org/sonatype/aether/installation/InstallationException> (0x00000000c546ba98) 
thrown [s\open\src\hotspot\share\classfile\systemDictionary.cpp, line 245]
Event: 46.988 Thread 0x0000016b1b6e1400 Exception <a 'java/lang/NoClassDefFoundError'{0x00000000c54a4930}: org/sonatype/aether/resolution/ArtifactDescriptorException> (0x00000000c54a4930) 
thrown [s\open\src\hotspot\share\classfile\systemDictionary.cpp, line 245]
Event: 46.991 Thread 0x0000016b1b6e1400 Exception <a 'java/lang/NoClassDefFoundError'{0x00000000c54aec70}: org/sonatype/aether/metadata/Metadata> (0x00000000c54aec70) 
thrown [s\open\src\hotspot\share\classfile\systemDictionary.cpp, line 245]
Event: 47.075 Thread 0x0000016b1b6e1400 Exception <a 'java/lang/NoClassDefFoundError'{0x00000000c54fab60}: org/sonatype/aether/resolution/ArtifactResolutionException> (0x00000000c54fab60) 
thrown [s\open\src\hotspot\share\classfile\systemDictionary.cpp, line 245]

VM Operations (20 events):
Event: 37.542 Executing VM operation: Cleanup
Event: 37.542 Executing VM operation: Cleanup done
Event: 38.543 Executing VM operation: Cleanup
Event: 38.543 Executing VM operation: Cleanup done
Event: 39.544 Executing VM operation: Cleanup
Event: 39.544 Executing VM operation: Cleanup done
Event: 40.544 Executing VM operation: Cleanup
Event: 40.545 Executing VM operation: Cleanup done
Event: 41.549 Executing VM operation: Cleanup
Event: 41.549 Executing VM operation: Cleanup done
Event: 43.556 Executing VM operation: Cleanup
Event: 43.556 Executing VM operation: Cleanup done
Event: 45.556 Executing VM operation: Cleanup
Event: 45.556 Executing VM operation: Cleanup done
Event: 45.903 Executing VM operation: G1CollectForAllocation
Event: 45.914 Executing VM operation: G1CollectForAllocation done
Event: 46.915 Executing VM operation: Cleanup
Event: 46.935 Executing VM operation: Cleanup done
Event: 47.509 Executing VM operation: HandshakeAllThreads
Event: 47.509 Executing VM operation: HandshakeAllThreads done

Events (20 events):
Event: 35.644 loading class java/util/zip/GZIPInputStream done
Event: 36.364 loading class java/io/FileWriter
Event: 36.365 loading class java/io/FileWriter done
Event: 36.512 loading class jdk/internal/reflect/UnsafeIntegerFieldAccessorImpl
Event: 36.513 loading class jdk/internal/reflect/UnsafeIntegerFieldAccessorImpl done
Event: 36.805 loading class sun/nio/fs/WindowsChannelFactory$2
Event: 36.805 loading class sun/nio/fs/WindowsChannelFactory$2 done
Event: 36.806 loading class java/nio/channels/Channels$1
Event: 36.807 loading class java/nio/channels/Channels$1 done
Event: 39.264 loading class jdk/internal/misc/ScopedMemoryAccess$Scope$Handle
Event: 39.264 loading class jdk/internal/misc/ScopedMemoryAccess$Scope$Handle done
Event: 47.353 Thread 0x0000016b1b375730 Thread added: 0x0000016b1b375730
Event: 47.468 loading class java/io/FileReader
Event: 47.504 loading class java/io/FileReader done
Event: 47.769 loading class java/math/MathContext
Event: 47.775 loading class java/math/MathContext done
Event: 47.793 loading class java/lang/ProcessHandle
Event: 47.799 loading class java/lang/ProcessHandle done
Event: 47.799 loading class java/util/concurrent/CompletableFuture
Event: 47.826 loading class java/util/concurrent/CompletionStage


Dynamic libraries:
0x00007ff7a3d60000 - 0x00007ff7a3d70000 	C:\Program Files\Java\jdk-17\bin\java.exe
0x00007ff991010000 - 0x00007ff991208000 	C:\WINDOWS\SYSTEM32\ntdll.dll
0x00007ff98f900000 - 0x00007ff98f9bd000 	C:\WINDOWS\System32\KERNEL32.DLL
0x00007ff98e6f0000 - 0x00007ff98e9e6000 	C:\WINDOWS\System32\KERNELBASE.dll
0x00007ff98ec80000 - 0x00007ff98ed80000 	C:\WINDOWS\System32\ucrtbase.dll
0x00007ff970d80000 - 0x00007ff970d99000 	C:\Program Files\Java\jdk-17\bin\jli.dll
0x00007ff98ff30000 - 0x00007ff98ffdf000 	C:\WINDOWS\System32\ADVAPI32.dll
0x00007ff98f9c0000 - 0x00007ff98fa5e000 	C:\WINDOWS\System32\msvcrt.dll
0x00007ff990f20000 - 0x00007ff990fbc000 	C:\WINDOWS\System32\sechost.dll
0x00007ff970d60000 - 0x00007ff970d7b000 	C:\Program Files\Java\jdk-17\bin\VCRUNTIME140.dll
0x00007ff990b10000 - 0x00007ff990c36000 	C:\WINDOWS\System32\RPCRT4.dll
0x00007ff990750000 - 0x00007ff9908ee000 	C:\WINDOWS\System32\USER32.dll
0x00007ff98ebe0000 - 0x00007ff98ec02000 	C:\WINDOWS\System32\win32u.dll
0x00007ff9772a0000 - 0x00007ff97753a000 	C:\WINDOWS\WinSxS\amd64_microsoft.windows.common-controls_6595b64144ccf1df_6.0.19041.3636_none_60b6a03d71f818d5\COMCTL32.dll
0x00007ff990c40000 - 0x00007ff990c6c000 	C:\WINDOWS\System32\GDI32.dll
0x00007ff98ea20000 - 0x00007ff98eb3a000 	C:\WINDOWS\System32\gdi32full.dll
0x00007ff98eb40000 - 0x00007ff98ebdd000 	C:\WINDOWS\System32\msvcp_win.dll
0x00007ff987430000 - 0x00007ff98743a000 	C:\WINDOWS\SYSTEM32\VERSION.dll
0x00007ff9713c0000 - 0x00007ff9713cc000 	C:\Program Files\Java\jdk-17\bin\vcruntime140_1.dll
0x00007ff970c90000 - 0x00007ff970d1e000 	C:\Program Files\Java\jdk-17\bin\msvcp140.dll
0x00007ff9700b0000 - 0x00007ff970c8e000 	C:\Program Files\Java\jdk-17\bin\server\jvm.dll
0x00007ff990b00000 - 0x00007ff990b08000 	C:\WINDOWS\System32\PSAPI.DLL
0x00007ff9700a0000 - 0x00007ff9700a9000 	C:\WINDOWS\SYSTEM32\WSOCK32.dll
0x00007ff98f070000 - 0x00007ff98f0db000 	C:\WINDOWS\System32\WS2_32.dll
0x00007ff970070000 - 0x00007ff970097000 	C:\WINDOWS\SYSTEM32\WINMM.dll
0x00007ff98c5b0000 - 0x00007ff98c5c2000 	C:\WINDOWS\SYSTEM32\kernel.appcore.dll
0x00007ff970050000 - 0x00007ff97005a000 	C:\Program Files\Java\jdk-17\bin\jimage.dll
0x00007ff97b070000 - 0x00007ff97b254000 	C:\WINDOWS\SYSTEM32\DBGHELP.DLL
0x00007ff97ae40000 - 0x00007ff97ae74000 	C:\WINDOWS\SYSTEM32\dbgcore.DLL
0x00007ff98ee80000 - 0x00007ff98ef02000 	C:\WINDOWS\System32\bcryptPrimitives.dll
0x00007ff970020000 - 0x00007ff970045000 	C:\Program Files\Java\jdk-17\bin\java.dll
0x00007ff96fc10000 - 0x00007ff96fce7000 	C:\Program Files\Java\jdk-17\bin\jsvml.dll
0x00007ff98f0e0000 - 0x00007ff98f824000 	C:\WINDOWS\System32\SHELL32.dll
0x00007ff98c7b0000 - 0x00007ff98cf4b000 	C:\WINDOWS\SYSTEM32\windows.storage.dll
0x00007ff9900f0000 - 0x00007ff990444000 	C:\WINDOWS\System32\combase.dll
0x00007ff98e060000 - 0x00007ff98e08d000 	C:\WINDOWS\SYSTEM32\Wldp.dll
0x00007ff990020000 - 0x00007ff9900cd000 	C:\WINDOWS\System32\SHCORE.dll
0x00007ff98fa60000 - 0x00007ff98fab5000 	C:\WINDOWS\System32\shlwapi.dll
0x00007ff98e620000 - 0x00007ff98e645000 	C:\WINDOWS\SYSTEM32\profapi.dll
0x00007ff96f320000 - 0x00007ff96f339000 	C:\Program Files\Java\jdk-17\bin\net.dll
0x00007ff97e880000 - 0x00007ff97e98a000 	C:\WINDOWS\SYSTEM32\WINHTTP.dll
0x00007ff98ddc0000 - 0x00007ff98de2a000 	C:\WINDOWS\system32\mswsock.dll
0x00007ff96ee60000 - 0x00007ff96ee76000 	C:\Program Files\Java\jdk-17\bin\nio.dll
0x00007ff96ee20000 - 0x00007ff96ee38000 	C:\Program Files\Java\jdk-17\bin\zip.dll
0x00007ff98dab0000 - 0x00007ff98daeb000 	C:\WINDOWS\SYSTEM32\IPHLPAPI.DLL
0x00007ff990fc0000 - 0x00007ff990fc8000 	C:\WINDOWS\System32\NSI.dll
0x00007ff97efb0000 - 0x00007ff97efc7000 	C:\WINDOWS\SYSTEM32\dhcpcsvc6.DLL
0x00007ff980850000 - 0x00007ff98086d000 	C:\WINDOWS\SYSTEM32\dhcpcsvc.DLL
0x00007ff98daf0000 - 0x00007ff98dbba000 	C:\WINDOWS\SYSTEM32\DNSAPI.dll
0x00007ff96b1b0000 - 0x00007ff96b341000 	C:\Program Files\Java\jdk-17\bin\awt.dll
0x00007ff98f830000 - 0x00007ff98f8fd000 	C:\WINDOWS\System32\OLEAUT32.dll
0x00007ff98c030000 - 0x00007ff98c0c0000 	C:\WINDOWS\SYSTEM32\apphelp.dll
0x00007ff97c930000 - 0x00007ff97c940000 	C:\Program Files\Java\jdk-17\bin\verify.dll
0x0000000069ac0000 - 0x0000000069ae4000 	C:\Windows\Temp\jansi-2.4.0-3dac6f757c6abb3-jansi.dll

dbghelp: loaded successfully - version: 4.0.5 - missing functions: none
symbol engine: initialized successfully - sym options: 0x614 - pdb path: .;C:\Program Files\Java\jdk-17\bin;C:\WINDOWS\SYSTEM32;C:\WINDOWS\WinSxS\amd64_microsoft.windows.common-controls_6595b64144ccf1df_6.0.19041.3636_none_60b6a03d71f818d5;C:\Program Files\Java\jdk-17\bin\server;C:\Windows\Temp

VM Arguments:
java_command: jenkins.maven3.agent.Maven35Main C:\Maven\apache-maven-3.9.2 C:\ProgramData\Jenkins\war\WEB-INF\lib\remoting-3131.vf2b_b_798b_ce99.jar C:\ProgramData\Jenkins\.jenkins\plugins\maven-plugin\WEB-INF\lib\maven35-interceptor-1.14.jar C:\ProgramData\Jenkins\.jenkins\plugins\maven-plugin\WEB-INF\lib\maven3-interceptor-commons-1.14.jar 53988
java_class_path (initial): C:\ProgramData\Jenkins\.jenkins\plugins\maven-plugin\WEB-INF\lib\maven35-agent-1.14.jar;C:\Maven\apache-maven-3.9.2\boot\plexus-classworlds-2.7.0.jar;C:\Maven\apache-maven-3.9.2/conf/logging
Launcher Type: SUN_STANDARD

[Global flags]
     intx CICompilerCount                          = 3                                         {product} {ergonomic}
     uint ConcGCThreads                            = 1                                         {product} {ergonomic}
     uint G1ConcRefinementThreads                  = 4                                         {product} {ergonomic}
   size_t G1HeapRegionSize                         = 1048576                                   {product} {ergonomic}
    uintx GCDrainStackTargetSize                   = 64                                        {product} {ergonomic}
   size_t InitialHeapSize                          = 67108864                                  {product} {ergonomic}
   size_t MarkStackSize                            = 4194304                                   {product} {ergonomic}
   size_t MaxHeapSize                              = 1042284544                                {product} {ergonomic}
   size_t MaxNewSize                               = 624951296                                 {product} {ergonomic}
   size_t MinHeapDeltaBytes                        = 1048576                                   {product} {ergonomic}
   size_t MinHeapSize                              = 8388608                                   {product} {ergonomic}
    uintx NonNMethodCodeHeapSize                   = 5832780                                {pd product} {ergonomic}
    uintx NonProfiledCodeHeapSize                  = 122912730                              {pd product} {ergonomic}
    uintx ProfiledCodeHeapSize                     = 122912730                              {pd product} {ergonomic}
    uintx ReservedCodeCacheSize                    = 251658240                              {pd product} {ergonomic}
     bool SegmentedCodeCache                       = true                                      {product} {ergonomic}
   size_t SoftMaxHeapSize                          = 1042284544                             {manageable} {ergonomic}
     bool UseCompressedClassPointers               = true                           {product lp64_product} {ergonomic}
     bool UseCompressedOops                        = true                           {product lp64_product} {ergonomic}
     bool UseG1GC                                  = true                                      {product} {ergonomic}
     bool UseLargePagesIndividualAllocation        = false                                  {pd product} {ergonomic}

Logging:
Log output configuration:
 #0: stdout all=warning uptime,level,tags
 #1: stderr all=off uptime,level,tags

Environment Variables:
JAVA_HOME=C:\Program Files\Java\jdk-17
PATH=C:\Maven\apache-maven-3.9.2/bin;C:\Program Files\Java\jdk-17/bin;C:\Program Files\Java\jdk-17/bin;C:\Program Files\Common Files\Oracle\Java\javapath;C:\Program Files (x86)\Common Files\Oracle\Java\javapath;C:\WINDOWS\system32;C:\WINDOWS;C:\WINDOWS\System32\Wbem;C:\WINDOWS\System32\WindowsPowerShell\v1.0\;C:\WINDOWS\System32\OpenSSH\;C:\Program Files\Git\cmd;C:\Maven\apache-maven-3.9.2\bin;C:\Program Files\Java\jdk-17\bin;C:\WINDOWS\system32\config\systemprofile\AppData\Local\Microsoft\WindowsApps
USERNAME=DESKTOP-RFGG51U$
OS=Windows_NT
PROCESSOR_IDENTIFIER=Intel64 Family 6 Model 78 Stepping 3, GenuineIntel



---------------  S Y S T E M  ---------------

OS:
 Windows 10 , 64 bit Build 19041 (10.0.19041.3636)
OS uptime: 13 days 4:15 hours

CPU: total 4 (initial active 4) (2 cores per cpu, 2 threads per core) family 6 model 78 stepping 3 microcode 0xcc, cx8, cmov, fxsr, ht, mmx, 3dnowpref, sse, sse2, sse3, ssse3, sse4.1, sse4.2, popcnt, lzcnt, tsc, tscinvbit, avx, avx2, aes, erms, clmul, bmi1, bmi2, adx, fma, vzeroupper, clflush, clflushopt

Memory: 4k page, system-wide physical 3970M (84M free)
TotalPageFile size 16258M (AvailPageFile size 8M)
current process WorkingSet (physical memory assigned to process): 151M, peak: 157M
current process commit charge ("private bytes"): 201M, peak: 208M

vm_info: Java HotSpot(TM) 64-Bit Server VM (17.0.8+9-LTS-211) for windows-amd64 JRE (17.0.8+9-LTS-211), built on Jun 14 2023 10:34:31 by "mach5one" with MS VC++ 17.1 (VS2022)

END.
